Attaching 6 probes...
Tracing latency of network stack funtions. Hit Ctrl-C to end.
@iplocal[pass]: 2400106

@udpqueue[pass]: 2359245

@udplib[pass]: 2321173

@iplocal[pass]: 2321690

@udpqueue[pass]: 2321647

@udplib[pass]: 2321588

@iplocal[pass]: 2318200

@udpqueue[pass]: 2318219

@udplib[pass]: 2318179

@iplocal[pass]: 2317868

@udpqueue[pass]: 2317852

@udplib[pass]: 2317809

@iplocal[pass]: 2318054

@udpqueue[pass]: 2318059

@udplib[pass]: 2318019

@iplocal[pass]: 2318573

@udpqueue[pass]: 2318593

@udplib[pass]: 2318554

@iplocal[pass]: 2321657

@udpqueue[pass]: 2321631

@udplib[pass]: 2321603

@iplocal[pass]: 2322134

@udpqueue[pass]: 2322143

@udplib[pass]: 2322105

@iplocal[pass]: 2321934

@udpqueue[pass]: 2321911

@udplib[pass]: 2321868

@iplocal[pass]: 2322053

@udpqueue[pass]: 2322070

@udplib[pass]: 2322074

@iplocal[pass]: 2322688

@udpqueue[pass]: 2322648

@udplib[pass]: 2322602

ran for 59234345 qs 


@begin: 16941121670813

@iplocal[pass]: 1635632

@udplib[pass]: 1778073

@udpqueue[pass]: 1699427