Attaching 6 probes...
Tracing latency of network stack funtions. Hit Ctrl-C to end.
@iplocal[pass]: 2585482

@udpqueue[pass]: 2540393

@udplib[pass]: 2496927

@iplocal[pass]: 2494796

@udpqueue[pass]: 2494775

@udplib[pass]: 2804940

@iplocal[pass]: 2494494

@udpqueue[pass]: 2494517

@udplib[pass]: 2494486

@iplocal[pass]: 2495259

@udpqueue[pass]: 2495231

@udplib[pass]: 2495195

@iplocal[pass]: 2804821

@udpqueue[pass]: 2494422

@udplib[pass]: 2494379

@iplocal[pass]: 2496314

@udpqueue[pass]: 2496324

@udplib[pass]: 2496328

@iplocal[pass]: 2494966

@udpqueue[pass]: 2494954

@udplib[pass]: 2494915

@iplocal[pass]: 2494088

@udpqueue[pass]: 2494099

@udplib[pass]: 2494055

@iplocal[pass]: 2497627

@udpqueue[pass]: 2497614

@udplib[pass]: 2497570

@iplocal[pass]: 2499577

@udpqueue[pass]: 2499601

@udplib[pass]: 2499551

@iplocal[pass]: 2497706

@udpqueue[pass]: 2497675

@udplib[pass]: 2497634

ran for 59238627 qs 


@begin: 17307497375780

@iplocal[pass]: 1742315

@udplib[pass]: 1909743

@udpqueue[pass]: 1829378