Attaching 6 probes...
Tracing latency of network stack funtions. Hit Ctrl-C to end.
@iplocal[pass]: 2147613

@udpqueue[pass]: 2108076

@udplib[pass]: 2070661

@iplocal[pass]: 2120277

@udpqueue[pass]: 2455733

@udplib[pass]: 2120219

@iplocal[pass]: 2121519

@udpqueue[pass]: 2415256

@udplib[pass]: 2121540

@iplocal[pass]: 2120076

@udpqueue[pass]: 2120069

@udplib[pass]: 2120034

@iplocal[pass]: 2121532

@udpqueue[pass]: 2121524

@udplib[pass]: 2121521

@iplocal[pass]: 2121386

@udpqueue[pass]: 2121403

@udplib[pass]: 2121356

@iplocal[pass]: 2124434

@udpqueue[pass]: 2124414

@udplib[pass]: 2124374

@iplocal[pass]: 2122256

@udpqueue[pass]: 2122271

@udplib[pass]: 2122235

@iplocal[pass]: 2121573

@udpqueue[pass]: 2121545

@udplib[pass]: 2121506

@iplocal[pass]: 2414941

@udpqueue[pass]: 2125301

@udplib[pass]: 2125255

@iplocal[pass]: 2124555

@udpqueue[pass]: 2124534

@udplib[pass]: 2124501

ran for 59231492 qs 


@begin: 17216424513436

@iplocal[pass]: 1787190

@udplib[pass]: 1650246

@udpqueue[pass]: 1570350