Attaching 6 probes...
Tracing latency of network stack funtions. Hit Ctrl-C to end.
@iplocal[pass]: 2643874

@udpqueue[pass]: 2596188

@udplib[pass]: 2552982

@iplocal[pass]: 2552929

@udpqueue[pass]: 2552911

@udplib[pass]: 2552869

@iplocal[pass]: 2545369

@udpqueue[pass]: 2545393

@udplib[pass]: 2545365

@iplocal[pass]: 2541584

@udpqueue[pass]: 2541552

@udplib[pass]: 2865610

@iplocal[pass]: 2542827

@udpqueue[drop]: 7
@udpqueue[pass]: 2542833

@udplib[pass]: 2542811

@iplocal[pass]: 2545571

@udpqueue[pass]: 2545582

@udplib[pass]: 2545540

@iplocal[pass]: 2544972

@udpqueue[pass]: 2544950

@udplib[pass]: 2544913

@iplocal[pass]: 2543255

@udpqueue[pass]: 2543272

@udplib[pass]: 2543222

@iplocal[pass]: 2536681

@udpqueue[pass]: 2536648

@udplib[pass]: 2536599

@iplocal[pass]: 2866586

@udpqueue[pass]: 2548627

@udplib[pass]: 2548591

@iplocal[pass]: 2545227

@udpqueue[pass]: 2545193

@udplib[pass]: 2545144