Attaching 6 probes...
Tracing latency of network stack funtions. Hit Ctrl-C to end.
@iplocal[pass]: 2125416

@udpqueue[pass]: 2085938

@udplib[pass]: 2049305

@iplocal[pass]: 1714557

@udpqueue[pass]: 1714486

@udplib[pass]: 1714448

@iplocal[pass]: 2044678

@udpqueue[pass]: 2044706

@udplib[pass]: 2044713

@iplocal[pass]: 2331904

@udpqueue[pass]: 2050964

@udplib[pass]: 2050932

@iplocal[pass]: 2332648

@udpqueue[pass]: 2331312

@udplib[pass]: 2051183

@iplocal[pass]: 2051997

@udpqueue[pass]: 2052005

@udplib[pass]: 2051964

@iplocal[pass]: 2048623

@udpqueue[pass]: 2048593

@udplib[pass]: 2048563

@iplocal[pass]: 2046774

@udpqueue[pass]: 2046779

@udplib[pass]: 2046740

@iplocal[pass]: 2044589

@udpqueue[pass]: 2044559

@udplib[pass]: 2044525

@iplocal[pass]: 2044976

@udpqueue[pass]: 2044986

@udplib[pass]: 2044949

@iplocal[pass]: 2334601

@udpqueue[pass]: 2053922

@udplib[pass]: 2053889

ran for 59182810 qs 


@begin: 17672393196077

@iplocal[pass]: 1370466

@udplib[pass]: 1370391

@udpqueue[pass]: 1370447