Attaching 6 probes...
Tracing latency of network stack funtions. Hit Ctrl-C to end.
@iplocal[pass]: 2692139

@udpqueue[pass]: 2637621

@udplib[pass]: 2588573

@iplocal[pass]: 2593860

@udpqueue[pass]: 3066505

@udplib[pass]: 2593791

@iplocal[pass]: 2585059

@udpqueue[pass]: 2585079

@udplib[pass]: 2585035

@iplocal[pass]: 2588961

@udpqueue[drop]: 6
@udpqueue[pass]: 2588948

@udplib[pass]: 2588887

@iplocal[pass]: 2590548

@udpqueue[pass]: 2590542

@udplib[pass]: 3240545

@iplocal[pass]: 2585499

@udpqueue[pass]: 2585519

@udplib[pass]: 2585441

@iplocal[pass]: 2582007

@udpqueue[pass]: 3230569

@udplib[pass]: 2581938

@iplocal[pass]: 2591854

@udpqueue[pass]: 2591878

@udplib[pass]: 2591828

@iplocal[pass]: 2585678

@udpqueue[pass]: 3457000

@udplib[pass]: 3011868

@iplocal[pass]: 2586042

@udpqueue[pass]: 2586070

@udplib[pass]: 2586034

@iplocal[pass]: 2594370

@udpqueue[pass]: 2594343

@udplib[pass]: 2594266