Attaching 6 probes...
Tracing latency of network stack funtions. Hit Ctrl-C to end.
@iplocal[pass]: 2504231

@udpqueue[pass]: 2459985

@udplib[pass]: 2418218

@iplocal[pass]: 2422235

@udpqueue[pass]: 2422212

@udplib[pass]: 2422176

@iplocal[pass]: 2422215

@udpqueue[pass]: 2422234

@udplib[pass]: 2422198

@iplocal[pass]: 2434835

@udpqueue[drop]: 4
@udpqueue[pass]: 2434794

@udplib[pass]: 2434770

@iplocal[pass]: 2445900

@udpqueue[pass]: 2445906

@udplib[pass]: 2445856

@iplocal[pass]: 2430346

@udpqueue[pass]: 2430369

@udplib[pass]: 2430334

@iplocal[pass]: 2441747

@udpqueue[pass]: 2441715

@udplib[pass]: 2441711

@iplocal[pass]: 2438544

@udpqueue[pass]: 2438561

@udplib[pass]: 2438514

@iplocal[pass]: 2440464

@udpqueue[drop]: 7
@udpqueue[pass]: 2440428

@udplib[pass]: 2440411

@iplocal[pass]: 2442584

@udpqueue[pass]: 2442587

@udplib[pass]: 2442553

@iplocal[pass]: 2441036

@udpqueue[pass]: 2441003

@udplib[pass]: 2441003