Attaching 6 probes...
Tracing latency of network stack funtions. Hit Ctrl-C to end.
@iplocal[0]: 1555488

@udpqueue[0]: 1555517

@udplib[0]: 1555544

@iplocal[0]: 1829444

@udpqueue[0]: 1829404

@udplib[0]: 1829383

@iplocal[0]: 1832727

@udpqueue[0]: 1832728

@udplib[0]: 1832707

@iplocal[0]: 1828223

@udpqueue[0]: 1828232

@udplib[0]: 1828210

@iplocal[0]: 1843488

@udpqueue[0]: 1843445

@udplib[0]: 1843414

@iplocal[0]: 1845643

@udpqueue[0]: 1845650

@udplib[0]: 1845632

@iplocal[0]: 1834968

@udpqueue[0]: 1834928

@udplib[0]: 1834902

@iplocal[0]: 1831130

@udpqueue[0]: 1831141

@udplib[0]: 1831114

@iplocal[0]: 1833505

@udpqueue[0]: 1833468

@udplib[0]: 1833439

@iplocal[0]: 1838318

@udpqueue[0]: 1838323

@udplib[0]: 1838291

@iplocal[0]: 406215

@udpqueue[0]: 406144

@udplib[0]: 406104