Attaching 6 probes...
Tracing latency of network stack funtions. Hit Ctrl-C to end.
@iplocal[0]: 1661002

@udpqueue[0]: 1661024

@udplib[0]: 1661048

@iplocal[0]: 1918618

@udpqueue[0]: 1918609

@udplib[0]: 1918609

@iplocal[0]: 1909098

@udpqueue[0]: 1909075

@udplib[0]: 1909077

@iplocal[0]: 1911486

@udpqueue[0]: 1911492

@udplib[0]: 1911491

@iplocal[0]: 1902702

@udpqueue[0]: 1902664

@udplib[0]: 1902680

@iplocal[0]: 1899120

@udpqueue[0]: 1899116

@udplib[0]: 1899110

@iplocal[0]: 1916126

@udpqueue[0]: 1916092

@udplib[0]: 1916096

@iplocal[0]: 1922808

@udpqueue[0]: 1922809

@udplib[0]: 1922802

@iplocal[0]: 1915974

@udpqueue[0]: 1915942

@udplib[0]: 1915920

@iplocal[0]: 1917686

@udpqueue[0]: 1917688

@udplib[0]: 1917664

@iplocal[0]: 1914419

@udpqueue[0]: 1914384

@udplib[0]: 1914361

@iplocal[0]: 1910392

@udpqueue[0]: 1910389

@udplib[0]: 1910358

@iplocal[0]: 1906828

@udpqueue[0]: 1906795

@udplib[0]: 1906784

@iplocal[0]: 1909168

@udpqueue[0]: 1909173

@udplib[0]: 1909149

@iplocal[0]: 1907464

@udpqueue[0]: 1907436

@udplib[0]: 1907408

@iplocal[0]: 1913014

@udpqueue[0]: 1913020

@udplib[0]: 1912994

@iplocal[0]: 1913811

@udpqueue[0]: 1913762

@udplib[0]: 1913740

@iplocal[0]: 1912440

@udpqueue[0]: 1912453

@udplib[0]: 1912435

@iplocal[0]: 1910332

@udpqueue[0]: 1910296

@udplib[0]: 1910270

@iplocal[0]: 3828703

@udpqueue[0]: 1918397

@udplib[0]: 1918375

@iplocal[0]: 1912798

@udpqueue[0]: 1912768

@udplib[0]: 1912758

@iplocal[0]: 1915578

@udpqueue[0]: 1915575

@udplib[0]: 1915557

@iplocal[0]: 1904069

@udpqueue[0]: 1904077

@udplib[0]: 1904054

@iplocal[0]: 1902562

@udpqueue[0]: 1902528

@udplib[0]: 1902509

@iplocal[0]: 1904760

@udpqueue[0]: 1904762

@udplib[0]: 1904729

@iplocal[0]: 1912587

@udpqueue[0]: 1912551

@udplib[0]: 1912544

@iplocal[0]: 1911665

@udpqueue[0]: 1911668

@udplib[0]: 1911645

@iplocal[0]: 1891073

@udpqueue[4294967295]: 692
@udpqueue[0]: 1890348

@udplib[0]: 1891016

@iplocal[0]: 1860168

@udpqueue[0]: 1860165

@udplib[0]: 1860149

@iplocal[0]: 1850912

@udpqueue[0]: 1850863

@udplib[0]: 1850836

@iplocal[0]: 1868452

@udpqueue[0]: 1868464

@udplib[0]: 1868448

@iplocal[0]: 1913444

@udpqueue[0]: 1913400

@udplib[0]: 1913376

@iplocal[0]: 1937058

@udpqueue[0]: 1937056

@udplib[0]: 1937020

@iplocal[0]: 1927905

@udpqueue[0]: 1927872

@udplib[0]: 1927842

@iplocal[0]: 1926987

@udpqueue[0]: 1926977

@udplib[0]: 1926949

@iplocal[0]: 1927732

@udpqueue[0]: 1927744

@udplib[0]: 1927736

@iplocal[0]: 1929885

@udpqueue[0]: 1929843

@udplib[0]: 1929816

@iplocal[0]: 1928464

@udpqueue[0]: 1928466

@udplib[0]: 1928445

@iplocal[0]: 1926143

@udpqueue[0]: 1926089

@udplib[0]: 1926052

@iplocal[0]: 1937220

@udpqueue[0]: 1937232

@udplib[0]: 1937222

@iplocal[0]: 1920052

@udpqueue[0]: 1920016

@udplib[0]: 1919998

@iplocal[0]: 1926032

@udpqueue[0]: 1926032

@udplib[0]: 1926016

@iplocal[0]: 1927565

@udpqueue[4294967295]: 1
@udpqueue[0]: 1927520

@udplib[0]: 1927511

@iplocal[0]: 1937872

@udpqueue[0]: 1937875

@udplib[0]: 1937855

@iplocal[0]: 1939082

@udpqueue[0]: 1939052

@udplib[0]: 3876924

@iplocal[0]: 1923470

@udpqueue[0]: 1923470

@udplib[0]: 1923453

@iplocal[0]: 1914894

@udpqueue[0]: 1914853

@udplib[0]: 1914824

@iplocal[0]: 1926016

@udpqueue[0]: 1926024

@udplib[0]: 1926008

@iplocal[0]: 1926437

@udpqueue[0]: 1926404

@udplib[0]: 1926376

@iplocal[0]: 1926318

@udpqueue[0]: 1926320

@udplib[0]: 1926296

@iplocal[0]: 1927505

@udpqueue[0]: 1927457

@udplib[0]: 1927428

@iplocal[0]: 1923987

@udpqueue[0]: 1924000

@udplib[0]: 1923981

@iplocal[0]: 1918107

@udpqueue[0]: 1918099

@udplib[0]: 1918073

@iplocal[0]: 1923822

@udpqueue[0]: 1923797

@udplib[0]: 1923776

@iplocal[0]: 1921904

@udpqueue[0]: 1921906

@udplib[0]: 1921872

@iplocal[0]: 1923831

@udpqueue[0]: 1923792

@udplib[0]: 1923775

@iplocal[0]: 1920067

@udpqueue[0]: 1920075

@udplib[0]: 1920048

@iplocal[0]: 1917598

@udpqueue[0]: 1917566

@udplib[0]: 1917544

@iplocal[0]: 1920560

@udpqueue[0]: 1920560

@udplib[0]: 1920534