Attaching 6 probes...
Tracing latency of network stack funtions. Hit Ctrl-C to end.
@iplocal[0]: 2676763

@udpqueue[0]: 2629962

@udplib[0]: 2586411

@iplocal[0]: 2592513

@udpqueue[0]: 2592381

@udplib[0]: 2592384

@iplocal[0]: 2638271

@udpqueue[4294967295]: 223
@udpqueue[0]: 2638064

@udplib[0]: 2638309

@iplocal[0]: 2647650

@udpqueue[0]: 2647535

@udplib[0]: 2647537

@iplocal[0]: 2999990

@udpqueue[0]: 2648458

@udplib[0]: 2648382

@iplocal[0]: 2645082

@udpqueue[0]: 2645092

@udplib[0]: 2645012

@iplocal[0]: 2643674

@udpqueue[0]: 2643649

@udplib[0]: 2643582

@iplocal[0]: 2639733

@udpqueue[0]: 2639735

@udplib[0]: 2639655

@iplocal[0]: 2634975

@udpqueue[0]: 2634947

@udplib[0]: 2634868

@iplocal[0]: 2640137

@udpqueue[0]: 2640152

@udplib[0]: 2998212

@iplocal[0]: 2634087

@udpqueue[0]: 2634062

@udplib[0]: 2633994