Attaching 6 probes...
Tracing latency of network stack funtions. Hit Ctrl-C to end.
@iplocal[0]: 2273238

@udpqueue[0]: 2233356

@udplib[0]: 2197819

@iplocal[0]: 2197363

@udpqueue[0]: 2197284

@udplib[0]: 2197291

@iplocal[0]: 2197406

@udpqueue[0]: 2197412

@udplib[0]: 2197375

@iplocal[0]: 2197475

@udpqueue[0]: 2475266

@udplib[0]: 2197455

@iplocal[0]: 2196544

@udpqueue[0]: 2196513

@udplib[0]: 2471382

@iplocal[0]: 2196568

@udpqueue[0]: 2196580

@udplib[0]: 2196540

@iplocal[0]: 2195755

@udpqueue[0]: 2195721

@udplib[0]: 2467032

@iplocal[0]: 2197137

@udpqueue[0]: 2197157

@udplib[0]: 2197124

@iplocal[0]: 2196608

@udpqueue[0]: 2196568

@udplib[0]: 2471661

@iplocal[0]: 2196859

@udpqueue[0]: 2471462

@udplib[0]: 2474529

@iplocal[0]: 2196679

@udpqueue[0]: 2196645

@udplib[0]: 2471596

ran for 59161743 qs 


@begin: 13136302266120

@iplocal[0]: 1499816

@udplib[0]: 1657854

@udpqueue[0]: 1579729