Attaching 6 probes...
Tracing latency of network stack funtions. Hit Ctrl-C to end.
@iplocal[0]: 2584139

@udpqueue[0]: 2538212

@udplib[0]: 2496457

@iplocal[0]: 2495464

@udpqueue[0]: 2495395

@udplib[0]: 2495456

@iplocal[0]: 2491597

@udpqueue[0]: 2491555

@udplib[0]: 2491560

@iplocal[0]: 2490598

@udpqueue[0]: 2490567

@udplib[0]: 2490537

@iplocal[0]: 2485817

@udpqueue[0]: 2485839

@udplib[0]: 2485818

@iplocal[0]: 2509691

@udpqueue[0]: 2509691

@udplib[0]: 2509660

@iplocal[0]: 2509401

@udpqueue[0]: 2509389

@udplib[0]: 2509355

@iplocal[0]: 2499541

@udpqueue[0]: 2499540

@udplib[0]: 2499513

@iplocal[0]: 2489919

@udpqueue[0]: 2489894

@udplib[0]: 2489875

@iplocal[0]: 2508693

@udpqueue[0]: 2508698

@udplib[0]: 2508655

@iplocal[0]: 2515753

@udpqueue[0]: 2515745

@udplib[0]: 2515714

ran for 59261863 qs 


@begin: 12665542131461

@iplocal[0]: 1771065

@udplib[0]: 1939809

@udpqueue[0]: 1854976