Attaching 6 probes...
Tracing latency of network stack funtions. Hit Ctrl-C to end.
@iplocal[0]: 2531127

@udpqueue[0]: 2488191

@udplib[0]: 2447171

@iplocal[0]: 2445661

@udpqueue[0]: 2445624

@udplib[0]: 2445602

@iplocal[0]: 2448946

@udpqueue[0]: 2448953

@udplib[0]: 2762309

@iplocal[0]: 2445958

@udpqueue[0]: 2445935

@udplib[0]: 2445880

@iplocal[0]: 2445855

@udpqueue[0]: 2445880

@udplib[0]: 2445844

@iplocal[0]: 2747521

@udpqueue[0]: 2448546

@udplib[0]: 2448509

@iplocal[0]: 2748950

@udpqueue[0]: 2445938

@udplib[0]: 2445898

@iplocal[0]: 2453360

@udpqueue[0]: 2453374

@udplib[0]: 2453342

@iplocal[0]: 2451191

@udpqueue[4294967295]: 669
@udpqueue[0]: 2450500

@udplib[0]: 2451143

@iplocal[0]: 2454656

@udpqueue[4294967295]: 1
@udpqueue[0]: 2454665

@udplib[0]: 2454639

@iplocal[0]: 2451158

@udpqueue[0]: 2451115

@udplib[0]: 2451087

ran for 59238662 qs 


@begin: 10745529341779

@iplocal[0]: 1721227

@udplib[0]: 1888004

@udpqueue[0]: 2119593