Attaching 6 probes...
Tracing latency of network stack funtions. Hit Ctrl-C to end.
@iplocal[0]: 2531863

@udpqueue[4294967295]: 49
@udpqueue[0]: 2484045

@udplib[0]: 2440526

@iplocal[0]: 2438405

@udpqueue[0]: 2438298

@udplib[0]: 2438278

@iplocal[0]: 2439443

@udpqueue[0]: 2794065

@udplib[0]: 2439431

@iplocal[0]: 2438359

@udpqueue[4294967295]: 21
@udpqueue[0]: 2438311

@udplib[0]: 2438338

@iplocal[0]: 2440286

@udpqueue[0]: 2440285

@udplib[0]: 2440243

@iplocal[0]: 2438086

@udpqueue[0]: 2438104

@udplib[0]: 2438072

@iplocal[0]: 2432643

@udpqueue[0]: 2432599

@udplib[0]: 2432570

@iplocal[0]: 2438633

@udpqueue[4294967295]: 33
@udpqueue[0]: 2438610

@udplib[0]: 2438627

@iplocal[0]: 2438836

@udpqueue[0]: 2793417

@udplib[0]: 2438764

@iplocal[0]: 2438226

@udpqueue[0]: 3148672

@udplib[0]: 2438202

@iplocal[0]: 2439201

@udpqueue[0]: 2439168

@udplib[0]: 2439131