Attaching 6 probes...
Tracing latency of network stack funtions. Hit Ctrl-C to end.
@iplocal[0]: 2278002

@udpqueue[0]: 2230801

@udplib[0]: 2191420

@iplocal[0]: 2195672

@udpqueue[0]: 2195592

@udplib[0]: 2195584

@iplocal[0]: 2197282

@udpqueue[0]: 2197280

@udplib[0]: 2197273

@iplocal[0]: 2204076

@udpqueue[0]: 2204042

@udplib[0]: 2204043

@iplocal[0]: 2196591

@udpqueue[0]: 2196602

@udplib[0]: 2196609

@iplocal[0]: 2196421

@udpqueue[0]: 2196426

@udplib[0]: 2196423

@iplocal[0]: 2199508

@udpqueue[0]: 2199466

@udplib[0]: 2199477

@iplocal[0]: 2195564

@udpqueue[0]: 2195564

@udplib[0]: 2195473

@iplocal[0]: 2195903

@udpqueue[0]: 2195866

@udplib[0]: 2195831

@iplocal[0]: 2203656

@udpqueue[0]: 2203668

@udplib[0]: 2203666

@iplocal[0]: 2205744

@udpqueue[0]: 2205709

@udplib[0]: 2205708