Attaching 6 probes...
Tracing latency of network stack funtions. Hit Ctrl-C to end.
@iplocal[0]: 2484524

@udpqueue[4294967295]: 1
@udpqueue[0]: 2434210

@udplib[0]: 2390013

@iplocal[0]: 2036169

@udpqueue[4294967295]: 220
@udpqueue[0]: 2035861

@udplib[0]: 2036086

@iplocal[0]: 2554331

@udpqueue[0]: 2554332

@udplib[0]: 2554306

@iplocal[0]: 2553302

@udpqueue[0]: 2553275

@udplib[0]: 2553237

@iplocal[0]: 2752203

@udpqueue[0]: 2553068

@udplib[0]: 2553001

@iplocal[0]: 2552892

@udpqueue[0]: 2552897

@udplib[0]: 2552859

@iplocal[0]: 2902790

@udpqueue[0]: 2555407

@udplib[0]: 2555336

@iplocal[0]: 2544189

@udpqueue[0]: 2544196

@udplib[0]: 2884009

@iplocal[0]: 2547947

@udpqueue[0]: 2547922

@udplib[0]: 2547891

@iplocal[0]: 2550397

@udpqueue[0]: 2550406

@udplib[0]: 2897768

@iplocal[0]: 2107148

@udpqueue[4294967295]: 1
@udpqueue[0]: 2107155

@udplib[0]: 2107199

ran for 59222118 qs 


@begin: 12853221926497

@iplocal[0]: 1785960

@udplib[0]: 1950099

@udpqueue[0]: 1869781