Attaching 6 probes...
Tracing latency of network stack funtions. Hit Ctrl-C to end.
@iplocal[0]: 2711576

@udpqueue[4294967295]: 22
@udpqueue[0]: 2661583

@udplib[0]: 2616677

@iplocal[0]: 2618207

@udpqueue[0]: 2618108

@udplib[0]: 2943948

@iplocal[0]: 2613733

@udpqueue[0]: 2613751

@udplib[0]: 2613695

@iplocal[0]: 2614322

@udpqueue[0]: 2940973

@udplib[0]: 2614214

@iplocal[0]: 2614323

@udpqueue[0]: 2614340

@udplib[0]: 2614275

@iplocal[0]: 2621463

@udpqueue[0]: 2621478

@udplib[0]: 2621449

@iplocal[0]: 2622565

@udpqueue[0]: 2622527

@udplib[0]: 2622498

@iplocal[0]: 2621672

@udpqueue[0]: 2942917

@udplib[0]: 2621650

@iplocal[0]: 2948443

@udpqueue[0]: 2619797

@udplib[0]: 2619716

@iplocal[0]: 2619360

@udpqueue[0]: 2619378

@udplib[0]: 2619339

@iplocal[0]: 2621284

@udpqueue[4294967295]: 19
@udpqueue[0]: 2621253

@udplib[0]: 2621297

ran for 59246725 qs 


@begin: 11291613273817

@iplocal[0]: 1824071

@udplib[0]: 1994836

@udpqueue[0]: 1907780