Attaching 6 probes...
Tracing latency of network stack funtions. Hit Ctrl-C to end.
@iplocal[0]: 2095797

@udpqueue[0]: 2056639

@udplib[0]: 2020851

@iplocal[0]: 2038799

@udpqueue[0]: 2038765

@udplib[0]: 2038768

@iplocal[0]: 2035628

@udpqueue[0]: 2035631

@udplib[0]: 2035609

@iplocal[0]: 2037439

@udpqueue[0]: 2037408

@udplib[0]: 2037361

@iplocal[0]: 2038428

@udpqueue[0]: 2038439

@udplib[0]: 2038413

@iplocal[0]: 2037347

@udpqueue[0]: 2037366

@udplib[0]: 2037336

@iplocal[0]: 2037521

@udpqueue[4294967295]: 8
@udpqueue[0]: 2037483

@udplib[0]: 2231035

@iplocal[0]: 2038984

@udpqueue[0]: 2038986

@udplib[0]: 2038985

@iplocal[0]: 2038260

@udpqueue[0]: 2038232

@udplib[0]: 2038210

@iplocal[0]: 2037663

@udpqueue[0]: 2037665

@udplib[0]: 2037643

@iplocal[0]: 2241278

@udpqueue[0]: 2039334

@udplib[0]: 2039311

ran for 59275436 qs 


@begin: 10108412581546

@iplocal[0]: 1446982

@udplib[0]: 1598946

@udpqueue[0]: 1520300