Attaching 6 probes...
Tracing latency of network stack funtions. Hit Ctrl-C to end.
@iplocal[0]: 2083786

@udpqueue[0]: 2044084

@udplib[0]: 2006938

@iplocal[0]: 2204812

@udpqueue[0]: 2007023

@udplib[0]: 2006993

@iplocal[0]: 2006448

@udpqueue[0]: 2006468

@udplib[0]: 2006355

@iplocal[0]: 2005031

@udpqueue[0]: 2005013

@udplib[0]: 2004965

@iplocal[0]: 2005788

@udpqueue[0]: 2005799

@udplib[0]: 2005794

@iplocal[0]: 2328044

@udpqueue[0]: 2004519

@udplib[0]: 2330077

@iplocal[0]: 2005341

@udpqueue[0]: 2005310

@udplib[0]: 2005237

@iplocal[0]: 2006743

@udpqueue[0]: 2006756

@udplib[0]: 2006758

@iplocal[0]: 2006375

@udpqueue[0]: 2006345

@udplib[0]: 2006272

@iplocal[0]: 2328200

@udpqueue[0]: 2005577

@udplib[0]: 2005535

@iplocal[0]: 2009246

@udpqueue[0]: 2009208

@udplib[0]: 2009168

ran for 59219958 qs 


@begin: 9464308044915

@iplocal[0]: 1398067

@udplib[0]: 1554257

@udpqueue[0]: 1475531