Attaching 6 probes...
Tracing latency of network stack funtions. Hit Ctrl-C to end.
@iplocal[0]: 2258104

@udpqueue[0]: 2219591

@udplib[0]: 2182896

@iplocal[0]: 2094609

@udpqueue[0]: 2089034

@udplib[0]: 1817829

@iplocal[0]: 2185285

@udpqueue[0]: 2185252

@udplib[0]: 2185218

@iplocal[0]: 2450514

@udpqueue[0]: 2182908

@udplib[0]: 2182869

@iplocal[0]: 2183005

@udpqueue[0]: 2182973

@udplib[0]: 2182942

@iplocal[0]: 2463344

@udpqueue[0]: 2182587

@udplib[0]: 2182551

@iplocal[0]: 2741972

@udpqueue[0]: 2184895

@udplib[0]: 2184867

@iplocal[0]: 2184454

@udpqueue[0]: 2184466

@udplib[0]: 2184436

@iplocal[0]: 2185672

@udpqueue[0]: 2185634

@udplib[0]: 2185610

@iplocal[0]: 2454946

@udpqueue[0]: 2179333

@udplib[0]: 2179299

@iplocal[0]: 2184156

@udpqueue[0]: 2184122

@udplib[0]: 2184074