Attaching 6 probes...
Tracing latency of network stack funtions. Hit Ctrl-C to end.
@iplocal[0]: 2454174

@udpqueue[0]: 2409496

@udplib[0]: 2369656

@iplocal[0]: 2369967

@udpqueue[0]: 2369926

@udplib[0]: 2369917

@iplocal[0]: 2368240

@udpqueue[0]: 2368209

@udplib[0]: 2368167

@iplocal[0]: 2365396

@udpqueue[0]: 2365402

@udplib[0]: 2365375

@iplocal[0]: 2371812

@udpqueue[0]: 2371776

@udplib[0]: 2371730

@iplocal[0]: 2370757

@udpqueue[0]: 2370759

@udplib[0]: 2370731

@iplocal[0]: 2372108

@udpqueue[0]: 2670759

@udplib[0]: 2372030

@iplocal[0]: 2370158

@udpqueue[0]: 2370173

@udplib[0]: 2370138

@iplocal[0]: 2370139

@udpqueue[0]: 2370106

@udplib[0]: 2668844

@iplocal[0]: 2366302

@udpqueue[0]: 2366312

@udplib[0]: 2366267

@iplocal[0]: 2372580

@udpqueue[0]: 2372550

@udplib[0]: 2372503