Attaching 6 probes...
Tracing latency of network stack funtions. Hit Ctrl-C to end.
@iplocal[0]: 2378768

@udpqueue[0]: 2335077

@udplib[0]: 2293833

@iplocal[0]: 2285527

@udpqueue[0]: 2285405

@udplib[0]: 2285394

@iplocal[0]: 2297871

@udpqueue[0]: 2297890

@udplib[0]: 2297766

@iplocal[0]: 2297490

@udpqueue[0]: 2297459

@udplib[0]: 2297386

@iplocal[0]: 2297566

@udpqueue[0]: 2297570

@udplib[0]: 2297488

@iplocal[0]: 2604018

@udpqueue[0]: 2296072

@udplib[0]: 2296007

@iplocal[0]: 2286549

@udpqueue[0]: 2286519

@udplib[0]: 2286455

@iplocal[0]: 2604632

@udpqueue[0]: 2276500

@udplib[0]: 2276440

@iplocal[0]: 2298973

@udpqueue[0]: 2298943

@udplib[0]: 2298813

@iplocal[0]: 2290097

@udpqueue[0]: 2290105

@udplib[0]: 2290049

@iplocal[0]: 2296194

@udpqueue[0]: 2296153

@udplib[0]: 2296118

ran for 59247158 qs 


@begin: 10199428850367

@iplocal[0]: 1609390

@udplib[0]: 1771010

@udpqueue[0]: 1682186