Attaching 6 probes...
Tracing latency of network stack funtions. Hit Ctrl-C to end.
@iplocal[0]: 2604512

@udpqueue[0]: 2558555

@udplib[0]: 2516261

@iplocal[0]: 2522363

@udpqueue[0]: 2522314

@udplib[0]: 2835304

@iplocal[0]: 2510080

@udpqueue[0]: 2510108

@udplib[0]: 2510112

@iplocal[0]: 2521849

@udpqueue[0]: 2521820

@udplib[0]: 2521818

@iplocal[0]: 2519803

@udpqueue[0]: 2519804

@udplib[0]: 2519790

@iplocal[0]: 2489290

@udpqueue[0]: 2489311

@udplib[0]: 2489309

@iplocal[0]: 2502910

@udpqueue[0]: 2502878

@udplib[0]: 2502806

@iplocal[0]: 2500778

@udpqueue[0]: 2500796

@udplib[0]: 2500730

@iplocal[0]: 2521979

@udpqueue[0]: 2521939

@udplib[0]: 2521894

@iplocal[0]: 2513102

@udpqueue[0]: 2513121

@udplib[0]: 2513121

@iplocal[0]: 2522448

@udpqueue[0]: 2522416

@udplib[0]: 2836796

ran for 59246558 qs 


@begin: 11657677438463

@iplocal[0]: 1764372

@udplib[0]: 1926624

@udpqueue[0]: 1846093