Attaching 6 probes...
Tracing latency of network stack funtions. Hit Ctrl-C to end.
@iplocal[0]: 2305281

@udpqueue[0]: 2263826

@udplib[0]: 2227686

@iplocal[0]: 2229432

@udpqueue[0]: 2229396

@udplib[0]: 2229389

@iplocal[0]: 2235913

@udpqueue[0]: 2235919

@udplib[0]: 2235885

@iplocal[0]: 2234369

@udpqueue[0]: 2234352

@udplib[0]: 2234315

@iplocal[0]: 2234430

@udpqueue[0]: 2234428

@udplib[0]: 2234384

@iplocal[0]: 2234849

@udpqueue[0]: 2234867

@udplib[0]: 2234836

@iplocal[0]: 2234686

@udpqueue[0]: 2517091

@udplib[0]: 2234616

@iplocal[0]: 2236809

@udpqueue[0]: 2236829

@udplib[0]: 2236806

@iplocal[0]: 2235991

@udpqueue[0]: 2235945

@udplib[0]: 2235901

@iplocal[0]: 2237043

@udpqueue[0]: 2237060

@udplib[0]: 2237032

@iplocal[0]: 2234612

@udpqueue[0]: 2234579

@udplib[0]: 2234551

ran for 59278958 qs 


@begin: 11200693058375

@iplocal[0]: 1589242

@udplib[0]: 1733287

@udpqueue[0]: 1661136