Attaching 6 probes...
Tracing latency of network stack funtions. Hit Ctrl-C to end.
@iplocal[0]: 2452675

@udpqueue[4294967295]: 5
@udpqueue[0]: 2409234

@udplib[0]: 2368542

@iplocal[0]: 1968454

@udpqueue[0]: 1968364

@udplib[0]: 1968361

@iplocal[0]: 2360627

@udpqueue[0]: 2360644

@udplib[0]: 2360577

@iplocal[0]: 2365774

@udpqueue[0]: 2365733

@udplib[0]: 2365701

@iplocal[0]: 2369680

@udpqueue[0]: 2369693

@udplib[0]: 2369660

@iplocal[0]: 2704722

@udpqueue[0]: 2372683

@udplib[0]: 2372639

@iplocal[0]: 2372951

@udpqueue[0]: 2372920

@udplib[0]: 2372886

@iplocal[0]: 2361591

@udpqueue[0]: 2361619

@udplib[0]: 2361557

@iplocal[0]: 2368710

@udpqueue[0]: 2368682

@udplib[0]: 2368655

@iplocal[0]: 2364686

@udpqueue[0]: 2364696

@udplib[0]: 2364672

@iplocal[0]: 2370769

@udpqueue[0]: 2370741

@udplib[0]: 2370702

ran for 59210343 qs 


@begin: 10654805655571

@iplocal[0]: 1654141

@udplib[0]: 1809939

@udpqueue[0]: 1730671