Attaching 6 probes...
Tracing latency of network stack funtions. Hit Ctrl-C to end.
@iplocal[0]: 2372051

@udpqueue[0]: 2324613

@udplib[0]: 2283040

@iplocal[0]: 2280426

@udpqueue[0]: 2280384

@udplib[0]: 2280374

@iplocal[0]: 2281992

@udpqueue[0]: 2282011

@udplib[0]: 2643467

@iplocal[0]: 2281391

@udpqueue[0]: 2281360

@udplib[0]: 2281365

@iplocal[0]: 2278636

@udpqueue[0]: 2278653

@udplib[0]: 2278648

@iplocal[0]: 2277756

@udpqueue[0]: 2277760

@udplib[0]: 2277759

@iplocal[0]: 2283461

@udpqueue[0]: 2283422

@udplib[0]: 2283414

@iplocal[0]: 2283049

@udpqueue[0]: 2283072

@udplib[0]: 2283084

@iplocal[0]: 2283645

@udpqueue[0]: 2283613

@udplib[0]: 2283537

@iplocal[0]: 2283730

@udpqueue[0]: 2283738

@udplib[0]: 2283789

@iplocal[0]: 2282239

@udpqueue[0]: 2282095

@udplib[0]: 2282012

ran for 59240049 qs 


@begin: 9832171965884

@iplocal[0]: 1594385

@udplib[0]: 1768104

@udpqueue[0]: 1676147