Attaching 6 probes...
Tracing latency of network stack funtions. Hit Ctrl-C to end.
@iplocal[0]: 2361664

@udpqueue[0]: 2316433

@udplib[0]: 2276434

@iplocal[0]: 2282667

@udpqueue[0]: 2282628

@udplib[0]: 2282618

@iplocal[0]: 2623341

@udpqueue[0]: 2290586

@udplib[0]: 2290588

@iplocal[0]: 2291302

@udpqueue[0]: 2291270

@udplib[0]: 2291273

@iplocal[0]: 2292121

@udpqueue[0]: 2292116

@udplib[0]: 2292067

@iplocal[0]: 2294852

@udpqueue[0]: 2294876

@udplib[0]: 2294859

@iplocal[0]: 2291694

@udpqueue[0]: 2291653

@udplib[0]: 2291615

@iplocal[0]: 2291860

@udpqueue[0]: 2291862

@udplib[0]: 2291830

@iplocal[0]: 2292270

@udpqueue[0]: 2292234

@udplib[0]: 2292199

@iplocal[0]: 2292526

@udpqueue[0]: 2292540

@udplib[0]: 2292521

@iplocal[0]: 2292524

@udpqueue[0]: 2292492

@udplib[0]: 2292470