Attaching 12 probes...
Tracing latency of network stack funtions. Hit Ctrl-C to end.
@q1[openssl]: count 472, average 2586, total 1220916
@q1[ksoftirqd/169]: count 61, average 2662, total 162399
@q1[kworker/169:2]: count 2, average 8951, total 17903

@q2[ksoftirqd/169]: count 139, average 702, total 97620
@q2[openssl]: count 916, average 1092, total 1001085
@q2[kworker/169:2]: count 4, average 2943, total 11773


@q4[openssl]: count 27772, average 957, total 26597883
@q4[ksoftirqd/169]: count 3499, average 976, total 3416343
@q4[kworker/169:2]: count 51, average 1211, total 61785

@q5[openssl]: count 217515, average 436, total 94916108
@q5[ksoftirqd/169]: count 27259, average 442, total 12061408
@q5[kworker/169:2]: count 385, average 455, total 175538

@uc: count 3877, average 26625, total 103228802

@q1[openssl]: count 845, average 2423, total 2047629
@q1[ksoftirqd/169]: count 134, average 2568, total 344239

@q2[openssl]: count 1562, average 648, total 1012180
@q2[ksoftirqd/169]: count 218, average 668, total 145735


@q4[openssl]: count 39379, average 958, total 37751211
@q4[ksoftirqd/169]: count 2689, average 960, total 2581616

@q5[ksoftirqd/169]: count 20744, average 431, total 8949562
@q5[openssl]: count 308669, average 435, total 134283474

@uc: count 2167, average 6046, total 13103265

@q1[openssl]: count 830, average 2417, total 2006165
@q1[ksoftirqd/169]: count 120, average 2516, total 302036
@q1[kworker/169:2]: count 2, average 9137, total 18274

@q2[openssl]: count 1564, average 640, total 1001091
@q2[ksoftirqd/169]: count 216, average 667, total 144285
@q2[kworker/169:2]: count 3, average 4001, total 12003


@q4[openssl]: count 38945, average 958, total 37324675
@q4[ksoftirqd/169]: count 2579, average 962, total 2483395
@q4[kworker/169:2]: count 84, average 1380, total 115959

@q5[ksoftirqd/169]: count 19877, average 434, total 8633473
@q5[openssl]: count 305149, average 435, total 132758036
@q5[kworker/169:2]: count 656, average 474, total 311307

@uc: count 2367, average 6694, total 15846416

@q1[openssl]: count 846, average 2435, total 2060519
@q1[ksoftirqd/169]: count 131, average 2552, total 334442
@q1[kworker/169:2]: count 1, average 17744, total 17744

@q2[openssl]: count 1542, average 639, total 985577
@q2[ksoftirqd/169]: count 225, average 718, total 161594
@q2[kworker/169:2]: count 1, average 13986, total 13986


@q4[ksoftirqd/169]: count 2666, average 960, total 2559377
@q4[openssl]: count 39183, average 961, total 37664215
@q4[kworker/169:2]: count 45, average 1757, total 79068

@q5[ksoftirqd/169]: count 20555, average 431, total 8873653
@q5[openssl]: count 307057, average 435, total 133642050
@q5[kworker/169:2]: count 354, average 521, total 184573

@uc: count 1920, average 5755, total 11049860

@q1[openssl]: count 883, average 2428, total 2144582
@q1[ksoftirqd/169]: count 126, average 2651, total 334151

@q2[openssl]: count 1591, average 642, total 1021455
@q2[ksoftirqd/169]: count 206, average 689, total 142116


@q4[openssl]: count 40182, average 959, total 38541091
@q4[ksoftirqd/169]: count 2416, average 962, total 2325359

@q5[ksoftirqd/169]: count 18615, average 432, total 8044698
@q5[openssl]: count 314940, average 434, total 136911576

@uc: count 1871, average 5684, total 10634813

@q1[openssl]: count 942, average 2506, total 2361192
@q1[ksoftirqd/169]: count 134, average 2616, total 350648

@q2[openssl]: count 1638, average 636, total 1042941
@q2[ksoftirqd/169]: count 191, average 721, total 137792
@q2[kworker/169:2]: count 1, average 13105, total 13105


@q4[ksoftirqd/169]: count 2420, average 954, total 2309578
@q4[openssl]: count 40438, average 960, total 38826638
@q4[kworker/169:2]: count 46, average 1611, total 74108

@q5[ksoftirqd/169]: count 18677, average 432, total 8070660
@q5[openssl]: count 316929, average 434, total 137735891
@q5[kworker/169:2]: count 364, average 486, total 177267

@uc: count 1835, average 5877, total 10784700

@q1[openssl]: count 895, average 2482, total 2221834
@q1[ksoftirqd/169]: count 128, average 2687, total 344008
@q1[kworker/169:2]: count 2, average 10695, total 21390

@q2[openssl]: count 1590, average 646, total 1028646
@q2[ksoftirqd/169]: count 199, average 683, total 135977
@q2[kworker/169:2]: count 2, average 6588, total 13176


@q4[openssl]: count 40001, average 958, total 38332976
@q4[ksoftirqd/169]: count 2479, average 966, total 2395721
@q4[kworker/169:2]: count 84, average 1379, total 115838

@q5[ksoftirqd/169]: count 19129, average 432, total 8279020
@q5[openssl]: count 313508, average 435, total 136396004
@q5[kworker/169:2]: count 662, average 479, total 317165

@uc: count 2348, average 6362, total 14939607

@q1[openssl]: count 982, average 2500, total 2455272
@q1[ksoftirqd/169]: count 143, average 2750, total 393359
@q1[kworker/169:2]: count 2, average 9502, total 19005

@q2[openssl]: count 1627, average 650, total 1057614
@q2[ksoftirqd/169]: count 217, average 670, total 145583
@q2[kworker/169:2]: count 2, average 5560, total 11120


@q4[openssl]: count 40364, average 959, total 38722471
@q4[ksoftirqd/169]: count 2797, average 973, total 2723243
@q4[kworker/169:2]: count 2, average 11782, total 23565

@q5[ksoftirqd/169]: count 21617, average 432, total 9350903
@q5[openssl]: count 316338, average 437, total 138312585
@q5[kworker/169:2]: count 14, average 1507, total 21101

@uc: count 2203, average 6170, total 13594649

@q1[openssl]: count 866, average 2486, total 2153395
@q1[ksoftirqd/169]: count 134, average 2668, total 357529

@q2[openssl]: count 1562, average 641, total 1001621
@q2[ksoftirqd/169]: count 216, average 727, total 157160


@q4[openssl]: count 39828, average 959, total 38210080
@q4[ksoftirqd/169]: count 2668, average 989, total 2638669

@q5[ksoftirqd/169]: count 20617, average 431, total 8901360
@q5[openssl]: count 312321, average 434, total 135676368

@uc: count 2021, average 7696, total 15555004

@q1[openssl]: count 920, average 2443, total 2248216
@q1[ksoftirqd/169]: count 128, average 2677, total 342680

@q2[openssl]: count 1636, average 646, total 1057594
@q2[ksoftirqd/169]: count 191, average 722, total 138086


@q4[ksoftirqd/169]: count 2399, average 959, total 2303010
@q4[openssl]: count 40317, average 960, total 38708842

@q5[ksoftirqd/169]: count 18530, average 432, total 8005908
@q5[openssl]: count 315872, average 434, total 137320243

@uc: count 2287, average 11881, total 27173233

@q1[openssl]: count 911, average 2465, total 2246159
@q1[ksoftirqd/169]: count 120, average 2538, total 304571
@q1[kworker/169:2]: count 1, average 18565, total 18565

@q2[openssl]: count 1628, average 638, total 1038721
@q2[ksoftirqd/169]: count 198, average 664, total 131529
@q2[kworker/169:2]: count 3, average 5410, total 16231


@q4[openssl]: count 39600, average 958, total 37946827
@q4[ksoftirqd/169]: count 2777, average 976, total 2710572
@q4[kworker/169:2]: count 87, average 1390, total 120974

@q5[ksoftirqd/169]: count 21485, average 433, total 9308910
@q5[openssl]: count 310206, average 434, total 134824238
@q5[kworker/169:2]: count 686, average 488, total 335061

@uc: count 2853, average 9360, total 26704382

@q1[openssl]: count 895, average 2491, total 2229915
@q1[ksoftirqd/169]: count 119, average 2603, total 309853

@q2[openssl]: count 1594, average 641, total 1021771
@q2[ksoftirqd/169]: count 194, average 715, total 138757


@q4[openssl]: count 40067, average 962, total 38552441
@q4[ksoftirqd/169]: count 2547, average 964, total 2457590

@q5[ksoftirqd/169]: count 19686, average 432, total 8519815
@q5[openssl]: count 314128, average 434, total 136589531

@uc: count 1960, average 6423, total 12589644

@q1[openssl]: count 905, average 2494, total 2257402
@q1[ksoftirqd/169]: count 137, average 2795, total 382967
@q1[kworker/169:2]: count 1, average 7765, total 7765

@q2[openssl]: count 1608, average 638, total 1027015
@q2[ksoftirqd/169]: count 201, average 713, total 143344
@q2[kworker/169:2]: count 1, average 5561, total 5561


@q4[openssl]: count 80352, average 481, total 38689014
@q4[ksoftirqd/169]: count 2569, average 969, total 2491713
@q4[kworker/169:2]: count 43, average 1087, total 46768

@q5[ksoftirqd/169]: count 19852, average 431, total 8572119
@q5[openssl]: count 315841, average 434, total 137308542
@q5[kworker/169:2]: count 338, average 460, total 155638

@uc: count 2049, average 6992, total 14327198

@q1[openssl]: count 910, average 2492, total 2268579
@q1[ksoftirqd/169]: count 150, average 2606, total 390925

@q2[openssl]: count 1570, average 642, total 1009482
@q2[ksoftirqd/169]: count 228, average 687, total 156694
@q2[kworker/169:2]: count 2, average 6387, total 12774


@q4[ksoftirqd/169]: count 2718, average 952, total 2588458
@q4[openssl]: count 40267, average 959, total 38651817
@q4[kworker/169:2]: count 49, average 1611, total 78958

@q5[ksoftirqd/169]: count 20946, average 431, total 9039574
@q5[openssl]: count 315641, average 435, total 137352142
@q5[kworker/169:2]: count 388, average 504, total 195631

@uc: count 2218, average 6698, total 14857153

@q1[openssl]: count 919, average 2489, total 2287865
@q1[ksoftirqd/169]: count 135, average 2724, total 367859
@q1[kworker/169:2]: count 1, average 16571, total 16571

@q2[openssl]: count 1600, average 643, total 1029875
@q2[ksoftirqd/169]: count 199, average 675, total 134343
@q2[kworker/169:2]: count 1, average 12653, total 12653


@q4[openssl]: count 40247, average 959, total 38626487
@q4[ksoftirqd/169]: count 2528, average 963, total 2434548
@q4[kworker/169:2]: count 46, average 1737, total 79921

@q5[ksoftirqd/169]: count 19544, average 432, total 8459927
@q5[openssl]: count 315562, average 435, total 137323167
@q5[kworker/169:2]: count 363, average 505, total 183568

@uc: count 2437, average 6704, total 16338519

@q1[openssl]: count 958, average 2547, total 2440139
@q1[ksoftirqd/169]: count 143, average 2681, total 383400

@q2[openssl]: count 1628, average 639, total 1041317
@q2[ksoftirqd/169]: count 209, average 708, total 148062


@q4[openssl]: count 40281, average 962, total 38760856
@q4[ksoftirqd/169]: count 2630, average 977, total 2569990

@q5[ksoftirqd/169]: count 20307, average 431, total 8753081
@q5[openssl]: count 315767, average 434, total 137268601

@uc: count 1903, average 7061, total 13437759

@q1[openssl]: count 915, average 2495, total 2282938
@q1[ksoftirqd/169]: count 144, average 2600, total 374416

@q2[openssl]: count 1605, average 648, total 1040705
@q2[ksoftirqd/169]: count 215, average 675, total 145239


@q4[ksoftirqd/169]: count 2574, average 953, total 2455544
@q4[openssl]: count 40442, average 962, total 38929531

@q5[ksoftirqd/169]: count 19819, average 432, total 8562623
@q5[openssl]: count 317039, average 435, total 137975553

@uc: count 1907, average 6178, total 11782944

@q1[openssl]: count 902, average 2530, total 2282751
@q1[ksoftirqd/169]: count 146, average 2667, total 389521
@q1[kworker/169:2]: count 1, average 18534, total 18534

@q2[openssl]: count 1584, average 647, total 1026041
@q2[ksoftirqd/169]: count 220, average 673, total 148197
@q2[kworker/169:2]: count 1, average 14788, total 14788


@q4[openssl]: count 40399, average 959, total 38777482
@q4[ksoftirqd/169]: count 2577, average 964, total 2485752
@q4[kworker/169:2]: count 53, average 1841, total 97583

@q5[ksoftirqd/169]: count 19859, average 433, total 8601238
@q5[openssl]: count 316867, average 434, total 137742367
@q5[kworker/169:2]: count 420, average 517, total 217328

@uc: count 1981, average 6908, total 13685870

@q1[openssl]: count 899, average 2525, total 2270352
@q1[ksoftirqd/169]: count 158, average 2611, total 412652

@q2[openssl]: count 1573, average 644, total 1013785
@q2[ksoftirqd/169]: count 235, average 687, total 161563
@q2[kworker/169:2]: count 1, average 24997, total 24997


@q4[ksoftirqd/169]: count 2573, average 951, total 2447267
@q4[openssl]: count 40381, average 960, total 38794135
@q4[kworker/169:2]: count 49, average 1715, total 84061

@q5[ksoftirqd/169]: count 19776, average 431, total 8533983
@q5[openssl]: count 316763, average 434, total 137753933
@q5[kworker/169:2]: count 389, average 520, total 202547

@uc: count 2618, average 7609, total 19921504

@q1[openssl]: count 956, average 2520, total 2410030
@q1[ksoftirqd/169]: count 144, average 2762, total 397774

@q2[openssl]: count 1634, average 639, total 1044408
@q2[ksoftirqd/169]: count 217, average 710, total 154278
@q2[kworker/169:2]: count 2, average 6998, total 13996


@q4[openssl]: count 40265, average 958, total 38611235
@q4[ksoftirqd/169]: count 2949, average 1005, total 2964870
@q4[kworker/169:2]: count 50, average 1690, total 84511

@q5[ksoftirqd/169]: count 22832, average 430, total 9834146
@q5[openssl]: count 315557, average 434, total 137163751
@q5[kworker/169:2]: count 395, average 514, total 203402

@uc: count 1918, average 7179, total 13769831

@q1[openssl]: count 910, average 2487, total 2263313
@q1[ksoftirqd/169]: count 128, average 2696, total 345159
@q1[kworker/169:2]: count 3, average 6435, total 19306

@q2[openssl]: count 1621, average 641, total 1040642
@q2[ksoftirqd/169]: count 189, average 674, total 127571
@q2[kworker/169:2]: count 3, average 2551, total 7655


@q4[openssl]: count 40234, average 959, total 38586177
@q4[ksoftirqd/169]: count 2411, average 967, total 2332927
@q4[kworker/169:2]: count 84, average 1079, total 90711

@q5[ksoftirqd/169]: count 18639, average 431, total 8050377
@q5[openssl]: count 315300, average 434, total 136966053
@q5[kworker/169:2]: count 660, average 445, total 293925

@uc: count 2331, average 11016, total 25678853

@q1[openssl]: count 901, average 2482, total 2236652
@q1[ksoftirqd/169]: count 139, average 2607, total 362442
@q1[kworker/169:2]: count 1, average 19687, total 19687

@q2[openssl]: count 1606, average 643, total 1034259
@q2[ksoftirqd/169]: count 207, average 700, total 145100
@q2[kworker/169:2]: count 1, average 13245, total 13245


@q4[ksoftirqd/169]: count 2389, average 954, total 2280963
@q4[openssl]: count 40247, average 960, total 38673439
@q4[kworker/169:2]: count 1, average 38893, total 38893

@q5[ksoftirqd/169]: count 18388, average 431, total 7933722
@q5[openssl]: count 315497, average 434, total 137052300
@q5[kworker/169:2]: count 7, average 5330, total 37310

@uc: count 2205, average 6810, total 15017073

@q1[openssl]: count 928, average 2466, total 2288768
@q1[ksoftirqd/169]: count 124, average 2662, total 330116

@q2[openssl]: count 1602, average 647, total 1037885
@q2[ksoftirqd/169]: count 197, average 677, total 133396


@q4[openssl]: count 39893, average 961, total 38348621
@q4[ksoftirqd/169]: count 2603, average 971, total 2529311

@q5[ksoftirqd/169]: count 20157, average 432, total 8708612
@q5[openssl]: count 312582, average 435, total 135982844

@uc: count 2723, average 13704, total 37317399

@q1[openssl]: count 903, average 2515, total 2271942
@q1[ksoftirqd/169]: count 150, average 2687, total 403169

@q2[openssl]: count 1566, average 644, total 1009763
@q2[ksoftirqd/169]: count 217, average 694, total 150787


@q4[openssl]: count 40170, average 958, total 38521778
@q4[ksoftirqd/169]: count 2954, average 992, total 2932420

@q5[ksoftirqd/169]: count 22872, average 431, total 9873540
@q5[openssl]: count 315045, average 434, total 136958844

@uc: count 2112, average 6850, total 14468387

@q1[openssl]: count 947, average 2511, total 2378128
@q1[ksoftirqd/169]: count 146, average 2633, total 384475
@q1[kworker/169:2]: count 1, average 20448, total 20448

@q2[openssl]: count 1613, average 641, total 1034751
@q2[ksoftirqd/169]: count 223, average 668, total 148979
@q2[kworker/169:2]: count 3, average 3663, total 10990


@q4[ksoftirqd/169]: count 2549, average 957, total 2440617
@q4[openssl]: count 40492, average 958, total 38810653
@q4[kworker/169:2]: count 50, average 1517, total 75877

@q5[ksoftirqd/169]: count 19640, average 431, total 8470720
@q5[openssl]: count 317377, average 434, total 138050161
@q5[kworker/169:2]: count 392, average 481, total 188785

@uc: count 2138, average 6510, total 13919928

@q1[openssl]: count 927, average 2449, total 2270845
@q1[ksoftirqd/169]: count 129, average 2610, total 336770

@q2[openssl]: count 1612, average 640, total 1032409
@q2[ksoftirqd/169]: count 204, average 671, total 137053


@q4[openssl]: count 40217, average 959, total 38586224
@q4[ksoftirqd/169]: count 2623, average 960, total 2518993

@q5[ksoftirqd/169]: count 20276, average 431, total 8758668
@q5[openssl]: count 315175, average 434, total 137067968

@uc: count 1975, average 6187, total 12219751

@q1[openssl]: count 956, average 2524, total 2413145
@q1[ksoftirqd/169]: count 133, average 2574, total 342343

@q2[openssl]: count 1617, average 640, total 1035485
@q2[ksoftirqd/169]: count 206, average 671, total 138379


@q4[ksoftirqd/169]: count 2529, average 962, total 2434315
@q4[openssl]: count 40475, average 962, total 38939176

@q5[ksoftirqd/169]: count 19524, average 431, total 8429677
@q5[openssl]: count 317297, average 434, total 137887018

@uc: count 2396, average 6928, total 16600374

@q1[openssl]: count 933, average 2503, total 2335582
@q1[ksoftirqd/169]: count 142, average 2604, total 369849

@q2[openssl]: count 1609, average 646, total 1039753
@q2[ksoftirqd/169]: count 211, average 687, total 145150


@q4[openssl]: count 40457, average 959, total 38836547
@q4[ksoftirqd/169]: count 2710, average 978, total 2651269

@q5[ksoftirqd/169]: count 20936, average 431, total 9038630
@q5[openssl]: count 317169, average 434, total 137871237

@uc: count 1915, average 7065, total 13530474

@q1[openssl]: count 868, average 2467, total 2141964
@q1[ksoftirqd/169]: count 139, average 2670, total 371227

@q2[openssl]: count 1579, average 646, total 1021282
@q2[ksoftirqd/169]: count 212, average 668, total 141659
@q2[kworker/169:2]: count 1, average 13846, total 13846


@q4[openssl]: count 39804, average 960, total 38214721
@q4[ksoftirqd/169]: count 2789, average 985, total 2747375
@q4[kworker/169:2]: count 48, average 1733, total 83208

@q5[ksoftirqd/169]: count 21552, average 431, total 9297392
@q5[openssl]: count 312141, average 434, total 135705296
@q5[kworker/169:2]: count 381, average 513, total 195590

@uc: count 2057, average 8428, total 17336940

@q1[openssl]: count 925, average 2535, total 2345673
@q1[ksoftirqd/169]: count 138, average 2628, total 362709
@q1[kworker/169:2]: count 1, average 12483, total 12483

@q2[openssl]: count 1575, average 650, total 1023794
@q2[ksoftirqd/169]: count 206, average 678, total 139757
@q2[kworker/169:2]: count 4, average 3158, total 12634


@q4[openssl]: count 40172, average 958, total 38505207
@q4[ksoftirqd/169]: count 2756, average 977, total 2694770
@q4[kworker/169:2]: count 89, average 1324, total 117879

@q5[ksoftirqd/169]: count 21323, average 431, total 9210116
@q5[openssl]: count 315039, average 434, total 136779484
@q5[kworker/169:2]: count 698, average 474, total 331463

@uc: count 2410, average 5838, total 14071317

@q1[openssl]: count 876, average 2441, total 2139128
@q1[ksoftirqd/169]: count 133, average 2643, total 351541

@q2[openssl]: count 1574, average 642, total 1011461
@q2[ksoftirqd/169]: count 218, average 664, total 144817
@q2[kworker/169:2]: count 1, average 14668, total 14668


@q4[ksoftirqd/169]: count 2569, average 954, total 2452879
@q4[openssl]: count 39725, average 960, total 38145626
@q4[kworker/169:2]: count 48, average 1796, total 86245

@q5[ksoftirqd/169]: count 19784, average 432, total 8564043
@q5[openssl]: count 311396, average 434, total 135348855
@q5[kworker/169:2]: count 379, average 521, total 197789

@uc: count 2367, average 6809, total 16116980

@q1[openssl]: count 914, average 2503, total 2288286
@q1[ksoftirqd/169]: count 116, average 2634, total 305651

@q2[openssl]: count 1609, average 646, total 1040115
@q2[ksoftirqd/169]: count 191, average 676, total 129238
@q2[kworker/169:2]: count 2, average 7428, total 14857


@q4[ksoftirqd/169]: count 2378, average 958, total 2279434
@q4[openssl]: count 40035, average 960, total 38470901
@q4[kworker/169:2]: count 41, average 1902, total 78018

@q5[openssl]: count 625276, average 218, total 136533917
@q5[ksoftirqd/169]: count 18366, average 432, total 7946521
@q5[kworker/169:2]: count 324, average 539, total 174949

@uc: count 1925, average 6611, total 12726449

@q1[openssl]: count 872, average 2450, total 2137242
@q1[ksoftirqd/169]: count 110, average 2538, total 279242

@q2[openssl]: count 1603, average 640, total 1026760
@q2[ksoftirqd/169]: count 192, average 696, total 133737
@q2[kworker/169:2]: count 1, average 13986, total 13986


@q4[openssl]: count 39884, average 960, total 38303688
@q4[ksoftirqd/169]: count 2326, average 970, total 2257400
@q4[kworker/169:2]: count 48, average 1753, total 84188

@q5[ksoftirqd/169]: count 17937, average 432, total 7766639
@q5[openssl]: count 312621, average 435, total 136028705
@q5[kworker/169:2]: count 379, average 527, total 199761

@uc: count 1931, average 6211, total 11995030

@q1[openssl]: count 867, average 2388, total 2071178
@q1[ksoftirqd/169]: count 115, average 2535, total 291567

@q2[openssl]: count 1606, average 641, total 1030437
@q2[ksoftirqd/169]: count 195, average 661, total 129087
@q2[kworker/169:2]: count 2, average 5596, total 11192


@q4[openssl]: count 39426, average 960, total 37852843
@q4[ksoftirqd/169]: count 2406, average 961, total 2312273
@q4[kworker/169:2]: count 41, average 1104, total 45296

@q5[ksoftirqd/169]: count 18564, average 432, total 8036919
@q5[openssl]: count 308818, average 434, total 134201162
@q5[kworker/169:2]: count 324, average 451, total 146370

@uc: count 2708, average 17036, total 46134353

@q1[openssl]: count 874, average 2406, total 2102936
@q1[ksoftirqd/169]: count 113, average 2629, total 297093

@q2[openssl]: count 1577, average 636, total 1004131
@q2[ksoftirqd/169]: count 192, average 733, total 140910
@q2[kworker/169:2]: count 1, average 13275, total 13275


@q4[ksoftirqd/169]: count 2192, average 957, total 2099018
@q4[openssl]: count 39785, average 961, total 38240763
@q4[kworker/169:2]: count 10, average 4481, total 44816

@q5[ksoftirqd/169]: count 16907, average 432, total 7319909
@q5[openssl]: count 311715, average 434, total 135515880
@q5[kworker/169:2]: count 79, average 817, total 64553

@uc: count 2508, average 6987, total 17524348

@q1[openssl]: count 928, average 2520, total 2339362
@q1[ksoftirqd/169]: count 140, average 2706, total 378858

@q2[openssl]: count 1589, average 644, total 1024756
@q2[ksoftirqd/169]: count 212, average 720, total 152739


@q4[openssl]: count 40103, average 964, total 38668000
@q4[ksoftirqd/169]: count 2499, average 971, total 2426992

@q5[ksoftirqd/169]: count 19256, average 432, total 8331761
@q5[openssl]: count 314330, average 436, total 137302792

@uc: count 2098, average 6063, total 12721893

@q1[openssl]: count 947, average 2510, total 2377509
@q1[ksoftirqd/169]: count 135, average 2706, total 365369
@q1[kworker/169:2]: count 1, average 17593, total 17593

@q2[openssl]: count 1599, average 644, total 1030569
@q2[ksoftirqd/169]: count 199, average 672, total 133759
@q2[kworker/169:2]: count 2, average 4788, total 9577


@q4[openssl]: count 40429, average 961, total 38869637
@q4[ksoftirqd/169]: count 2561, average 965, total 2471665
@q4[kworker/169:2]: count 52, average 1698, total 88327

@q5[ksoftirqd/169]: count 19824, average 432, total 8581624
@q5[kworker/169:2]: count 411, average 556, total 228768
@q5[openssl]: count 316937, average 868, total 275412648

@uc: count 2154, average 7442, total 16031504

@q1[openssl]: count 878, average 2453, total 2154503
@q1[ksoftirqd/169]: count 134, average 2663, total 356922

@q2[openssl]: count 1582, average 639, total 1011689
@q2[ksoftirqd/169]: count 199, average 670, total 133330
@q2[kworker/169:2]: count 2, average 11035, total 22071


@q4[openssl]: count 40197, average 961, total 38668068
@q4[ksoftirqd/169]: count 2397, average 967, total 2319645
@q4[kworker/169:2]: count 54, average 1654, total 89322

@q5[ksoftirqd/169]: count 18483, average 431, total 7970004
@q5[openssl]: count 315119, average 434, total 136933956
@q5[kworker/169:2]: count 425, average 506, total 215364

@uc: count 2049, average 6765, total 13862295

@q1[openssl]: count 889, average 2518, total 2238667
@q1[ksoftirqd/169]: count 137, average 2616, total 358406
@q1[kworker/169:2]: count 2, average 10494, total 20989

@q2[openssl]: count 1578, average 647, total 1021600
@q2[ksoftirqd/169]: count 216, average 729, total 157632
@q2[kworker/169:2]: count 3, average 4872, total 14618


@q4[openssl]: count 39829, average 961, total 38294113
@q4[ksoftirqd/169]: count 2751, average 966, total 2659440
@q4[kworker/169:2]: count 87, average 1369, total 119136

@q5[ksoftirqd/169]: count 21252, average 432, total 9191180
@q5[openssl]: count 312293, average 434, total 135757054
@q5[kworker/169:2]: count 684, average 477, total 326625

@uc: count 2490, average 6780, total 16883756

@q1[openssl]: count 934, average 2492, total 2328119
@q1[ksoftirqd/169]: count 128, average 2666, total 341374

@q2[openssl]: count 1591, average 639, total 1017403
@q2[ksoftirqd/169]: count 204, average 715, total 146043


@q4[openssl]: count 40477, average 960, total 38861559
@q4[ksoftirqd/169]: count 2448, average 966, total 2365797

@q5[ksoftirqd/169]: count 18901, average 431, total 8156148
@q5[openssl]: count 317282, average 434, total 137862076

@uc: count 1923, average 7009, total 13478678

@q1[openssl]: count 948, average 2504, total 2374497
@q1[ksoftirqd/169]: count 140, average 2755, total 385811

@q2[openssl]: count 1621, average 638, total 1035620
@q2[ksoftirqd/169]: count 210, average 712, total 149670


@q4[ksoftirqd/169]: count 2357, average 954, total 2250319
@q4[openssl]: count 40594, average 961, total 39028067

@q5[ksoftirqd/169]: count 18143, average 432, total 7846621
@q5[openssl]: count 318186, average 434, total 138251260

@uc: count 1924, average 6686, total 12865740

@q1[openssl]: count 871, average 2477, total 2157543
@q1[ksoftirqd/169]: count 126, average 2570, total 323860

@q2[openssl]: count 1575, average 645, total 1016624
@q2[ksoftirqd/169]: count 209, average 670, total 140209


@q4[openssl]: count 40021, average 961, total 38490321
@q4[ksoftirqd/169]: count 2546, average 982, total 2500303
@q4[kworker/169:2]: count 2, average 18875, total 37751

@q5[ksoftirqd/169]: count 19644, average 433, total 8510671
@q5[openssl]: count 313793, average 434, total 136444712
@q5[kworker/169:2]: count 16, average 2477, total 39644

@uc: count 1902, average 6277, total 11939990

@q1[openssl]: count 889, average 2502, total 2225108
@q1[ksoftirqd/169]: count 138, average 2674, total 369127

@q2[openssl]: count 1606, average 652, total 1048026
@q2[ksoftirqd/169]: count 202, average 671, total 135638


@q4[ksoftirqd/169]: count 2309, average 961, total 2221151
@q4[openssl]: count 40452, average 962, total 38919031
@q4[kworker/169:2]: count 1, average 39354, total 39354

@q5[ksoftirqd/169]: count 17781, average 433, total 7706580
@q5[openssl]: count 317225, average 435, total 138028536
@q5[kworker/169:2]: count 8, average 4760, total 38083

@uc: count 2427, average 7075, total 17172848

@q1[openssl]: count 933, average 2523, total 2354079
@q1[ksoftirqd/169]: count 148, average 2607, total 385928
@q1[kworker/169:2]: count 2, average 10510, total 21020

@q2[openssl]: count 1625, average 646, total 1051060
@q2[ksoftirqd/169]: count 217, average 663, total 144071
@q2[kworker/169:2]: count 3, average 5406, total 16220


@q4[openssl]: count 81102, average 482, total 39095187
@q4[ksoftirqd/169]: count 2587, average 963, total 2492221
@q4[kworker/169:2]: count 90, average 1393, total 125390

@q5[ksoftirqd/169]: count 19914, average 432, total 8613560
@q5[openssl]: count 318646, average 434, total 138495161
@q5[kworker/169:2]: count 707, average 482, total 340938

@uc: count 2113, average 8411, total 17772858

@q1[openssl]: count 938, average 2464, total 2311612
@q1[ksoftirqd/169]: count 139, average 2674, total 371789

@q2[openssl]: count 1617, average 641, total 1037036
@q2[ksoftirqd/169]: count 209, average 694, total 145170


@q4[ksoftirqd/169]: count 2639, average 953, total 2517350
@q4[openssl]: count 40165, average 961, total 38630969
@q4[kworker/169:2]: count 1, average 37610, total 37610

@q5[ksoftirqd/169]: count 20398, average 432, total 8823854
@q5[openssl]: count 314700, average 435, total 136904785
@q5[kworker/169:2]: count 8, average 4238, total 33904

@uc: count 2265, average 11264, total 25514681

@q1[openssl]: count 955, average 2518, total 2405019
@q1[ksoftirqd/169]: count 141, average 2660, total 375175

@q2[openssl]: count 1618, average 644, total 1042026
@q2[ksoftirqd/169]: count 211, average 670, total 141510
@q2[kworker/169:2]: count 2, average 8225, total 16451


@q4[openssl]: count 40283, average 962, total 38753870
@q4[ksoftirqd/169]: count 2685, average 972, total 2611112
@q4[kworker/169:2]: count 50, average 1739, total 86968

@q5[ksoftirqd/169]: count 20740, average 434, total 9004605
@q5[openssl]: count 315801, average 434, total 137367142
@q5[kworker/169:2]: count 393, average 526, total 206874

@uc: count 2337, average 9741, total 22766867

@q1[openssl]: count 918, average 2465, total 2262913
@q1[ksoftirqd/169]: count 132, average 2671, total 352639

@q2[openssl]: count 1596, average 646, total 1031115
@q2[ksoftirqd/169]: count 205, average 693, total 142224
@q2[kworker/169:2]: count 2, average 7218, total 14437


@q4[openssl]: count 39892, average 961, total 38360350
@q4[ksoftirqd/169]: count 2690, average 987, total 2655233
@q4[kworker/169:2]: count 56, average 1650, total 92446

@q5[ksoftirqd/169]: count 20814, average 432, total 8999497
@q5[openssl]: count 312556, average 434, total 135843662
@q5[kworker/169:2]: count 440, average 511, total 225032

@uc: count 2546, average 7820, total 19912022

@q1[openssl]: count 913, average 2537, total 2316714
@q1[ksoftirqd/169]: count 155, average 2752, total 426600
@q1[kworker/169:2]: count 2, average 11732, total 23464

@q2[openssl]: count 1568, average 648, total 1016164
@q2[ksoftirqd/169]: count 233, average 671, total 156359
@q2[kworker/169:2]: count 2, average 7655, total 15310


@q4[openssl]: count 39793, average 961, total 38258402
@q4[ksoftirqd/169]: count 3116, average 1003, total 3125883
@q4[kworker/169:2]: count 2, average 19907, total 39814

@q5[ksoftirqd/169]: count 24132, average 432, total 10440762
@q5[openssl]: count 312007, average 434, total 135555033
@q5[kworker/169:2]: count 14, average 2645, total 37041

@uc: count 1928, average 7618, total 14688642

@q1[openssl]: count 909, average 2485, total 2259449
@q1[ksoftirqd/169]: count 127, average 2574, total 326921

@q2[openssl]: count 1582, average 642, total 1016802
@q2[ksoftirqd/169]: count 203, average 705, total 143152
@q2[kworker/169:2]: count 2, average 8842, total 17684


@q4[openssl]: count 40054, average 961, total 38492386
@q4[ksoftirqd/169]: count 2684, average 976, total 2621119
@q4[kworker/169:2]: count 55, average 1664, total 91562

@q5[ksoftirqd/169]: count 20740, average 431, total 8955885
@q5[openssl]: count 313944, average 435, total 136567091
@q5[kworker/169:2]: count 434, average 505, total 219235

@uc: count 2173, average 7748, total 16837856

@q1[openssl]: count 880, average 2483, total 2185242
@q1[ksoftirqd/169]: count 133, average 2594, total 345089

@q2[openssl]: count 1590, average 640, total 1018998
@q2[ksoftirqd/169]: count 204, average 689, total 140741


@q4[ksoftirqd/169]: count 2564, average 959, total 2459039
@q4[openssl]: count 40127, average 962, total 38623764

@q5[ksoftirqd/169]: count 19783, average 431, total 8544686
@q5[openssl]: count 314629, average 434, total 136817130

@uc: count 2028, average 6718, total 13625297

@q1[openssl]: count 892, average 2472, total 2205896
@q1[ksoftirqd/169]: count 143, average 2571, total 367771
@q1[kworker/169:2]: count 2, average 11291, total 22582

@q2[openssl]: count 1604, average 636, total 1020454
@q2[ksoftirqd/169]: count 212, average 700, total 148413
@q2[kworker/169:2]: count 3, average 4622, total 13866


@q4[ksoftirqd/169]: count 2455, average 956, total 2348341
@q4[openssl]: count 40268, average 960, total 38680823
@q4[kworker/169:2]: count 93, average 1378, total 128198

@q5[ksoftirqd/169]: count 18887, average 432, total 8160140
@q5[openssl]: count 315685, average 434, total 137188234
@q5[kworker/169:2]: count 733, average 483, total 354156

@uc: count 2780, average 5822, total 16185865

@q1[openssl]: count 922, average 2513, total 2317681
@q1[ksoftirqd/169]: count 130, average 2652, total 344822

@q2[openssl]: count 1600, average 649, total 1038962
@q2[ksoftirqd/169]: count 203, average 677, total 137499


@q4[openssl]: count 40524, average 960, total 38912096
@q4[ksoftirqd/169]: count 2486, average 981, total 2438928

@q5[ksoftirqd/169]: count 19204, average 431, total 8284480
@q5[openssl]: count 317721, average 434, total 138040715

@uc: count 1923, average 7260, total 13961670

@q1[openssl]: count 908, average 2488, total 2259868
@q1[ksoftirqd/169]: count 131, average 2680, total 351092

@q2[openssl]: count 1571, average 644, total 1012864
@q2[ksoftirqd/169]: count 200, average 671, total 134378
@q2[kworker/169:2]: count 2, average 6918, total 13837


@q4[openssl]: count 40127, average 960, total 38560585
@q4[ksoftirqd/169]: count 2606, average 990, total 2580323
@q4[kworker/169:2]: count 47, average 1712, total 80493

@q5[ksoftirqd/169]: count 20154, average 431, total 8694214
@q5[openssl]: count 314608, average 434, total 136671145
@q5[kworker/169:2]: count 369, average 509, total 187957

@uc: count 1956, average 7917, total 15485957

@q1[openssl]: count 931, average 2487, total 2315973
@q1[ksoftirqd/169]: count 148, average 2599, total 384728
@q1[kworker/169:2]: count 1, average 16301, total 16301

@q2[openssl]: count 1615, average 644, total 1040767
@q2[ksoftirqd/169]: count 211, average 661, total 139641
@q2[kworker/169:2]: count 2, average 5560, total 11121


@q4[openssl]: count 40302, average 962, total 38799156
@q4[ksoftirqd/169]: count 2602, average 972, total 2529151
@q4[kworker/169:2]: count 53, average 1648, total 87375

@q5[ksoftirqd/169]: count 20064, average 432, total 8668878
@q5[openssl]: count 315890, average 434, total 137248862
@q5[kworker/169:2]: count 414, average 513, total 212685

@uc: count 2141, average 6868, total 14706320

@q1[openssl]: count 892, average 2483, total 2215412
@q1[ksoftirqd/169]: count 129, average 2614, total 337320

@q2[openssl]: count 1600, average 643, total 1030361
@q2[ksoftirqd/169]: count 205, average 684, total 140337


@q4[ksoftirqd/169]: count 2662, average 960, total 2557054
@q4[openssl]: count 40103, average 964, total 38663664
@q4[kworker/169:2]: count 1, average 39814, total 39814

@q5[ksoftirqd/169]: count 20569, average 434, total 8941493
@q5[openssl]: count 314425, average 434, total 136631261
@q5[kworker/169:2]: count 8, average 4881, total 39054

@uc: count 2451, average 7091, total 17381435

@q1[openssl]: count 906, average 2456, total 2225345
@q1[ksoftirqd/169]: count 129, average 2629, total 339208
@q1[kworker/169:2]: count 2, average 8991, total 17983

@q2[openssl]: count 1606, average 638, total 1025707
@q2[ksoftirqd/169]: count 209, average 724, total 151336
@q2[kworker/169:2]: count 3, average 3520, total 10560


@q4[openssl]: count 40018, average 959, total 38414540
@q4[ksoftirqd/169]: count 2662, average 981, total 2612550
@q4[kworker/169:2]: count 40, average 1647, total 65896

@q5[ksoftirqd/169]: count 20558, average 432, total 8884755
@q5[openssl]: count 313599, average 434, total 136350695
@q5[kworker/169:2]: count 310, average 502, total 155926

@uc: count 1926, average 6597, total 12706712

@q1[openssl]: count 914, average 2484, total 2270389
@q1[ksoftirqd/169]: count 133, average 2578, total 342935
@q1[kworker/169:2]: count 1, average 19086, total 19086

@q2[openssl]: count 1618, average 643, total 1040738
@q2[ksoftirqd/169]: count 207, average 679, total 140571
@q2[kworker/169:2]: count 3, average 4738, total 14216


@q4[openssl]: count 40071, average 961, total 38544435
@q4[ksoftirqd/169]: count 2645, average 977, total 2585302
@q4[kworker/169:2]: count 89, average 1290, total 114865

@q5[openssl]: count 627662, average 217, total 136547520
@q5[ksoftirqd/169]: count 20419, average 432, total 8821614
@q5[kworker/169:2]: count 702, average 463, total 325506

@uc: count 1928, average 6660, total 12842035

@q1[openssl]: count 553, average 2476, total 1369271
@q1[ksoftirqd/169]: count 116, average 2712, total 314660
@q1[swapper/169]: count 218, average 2792, total 608775
@q1[kworker/169:2]: count 5, average 5560, total 27802

@q2[openssl]: count 975, average 642, total 626456
@q2[swapper/169]: count 332, average 689, total 228827
@q2[ksoftirqd/169]: count 187, average 721, total 134924
@q2[kworker/169:2]: count 7, average 2207, total 15449


@q4[openssl]: count 24394, average 961, total 23449730
@q4[swapper/169]: count 8280, average 1061, total 8790458
@q4[ksoftirqd/169]: count 10121, average 1418, total 14358785
@q4[kworker/169:2]: count 24, average 2232, total 53589

@q5[openssl]: count 191168, average 434, total 83089823
@q5[swapper/169]: count 64960, average 474, total 30850859
@q5[kworker/169:2]: count 170, average 577, total 98178
@q5[ksoftirqd/169]: count 79997, average 629, total 50372194

@uc: count 14163, average 3792, total 53716890