Attaching 12 probes...
Tracing latency of network stack funtions. Hit Ctrl-C to end.
@q1[swapper/169]: count 262, average 3104, total 813321
@q1[ksoftirqd/169]: count 90, average 4807, total 432715

@q2[ksoftirqd/169]: count 153, average 1307, total 200052
@q2[swapper/169]: count 538, average 3126, total 1681863
@q2[iperf]: count 2, average 13570, total 27141


@q4[swapper/169]: count 17257, average 1348, total 23268751
@q4[ksoftirqd/169]: count 6543, average 1518, total 9937295
@q4[iperf]: count 38, average 1714, total 65157
@q4[kworker/169:0]: count 17, average 3035, total 51599

@q5[swapper/169]: count 135323, average 597, total 80829977
@q5[ksoftirqd/169]: count 51646, average 673, total 34791353
@q5[iperf]: count 300, average 734, total 220231
@q5[kworker/169:0]: count 135, average 888, total 119898

@uc: count 16841, average 5111, total 86085322

@q1[swapper/169]: count 357, average 3358, total 1198998
@q1[ksoftirqd/169]: count 189, average 4303, total 813294
@q1[iperf]: count 2, average 22402, total 44804

@q2[swapper/169]: count 731, average 856, total 626010
@q2[ksoftirqd/169]: count 284, average 1076, total 305755
@q2[iperf]: count 6, average 6336, total 38020


@q4[swapper/169]: count 26725, average 1415, total 37823474
@q4[ksoftirqd/169]: count 5568, average 1579, total 8792041
@q4[iperf]: count 78, average 1831, total 142860

@q5[swapper/169]: count 210753, average 622, total 131278355
@q5[ksoftirqd/169]: count 43693, average 689, total 30137048
@q5[iperf]: count 610, average 748, total 456803

@uc: count 23877, average 2389, total 57047883

@q1[swapper/169]: count 403, average 3038, total 1224444
@q1[ksoftirqd/169]: count 196, average 4099, total 803552
@q1[iperf]: count 4, average 11777, total 47109

@q2[swapper/169]: count 840, average 803, total 675216
@q2[ksoftirqd/169]: count 299, average 1031, total 308300
@q2[iperf]: count 9, average 3198, total 28783


@q4[swapper/169]: count 27036, average 1347, total 36442111
@q4[ksoftirqd/169]: count 5266, average 1523, total 8022240
@q4[iperf]: count 137, average 1568, total 214863

@q5[swapper/169]: count 212776, average 594, total 126558068
@q5[ksoftirqd/169]: count 41224, average 672, total 27732034
@q5[iperf]: count 1074, average 717, total 770592

@uc: count 20697, average 2776, total 57470880

@q1[swapper/169]: count 512, average 3080, total 1577443
@q1[ksoftirqd/169]: count 149, average 4931, total 734737
@q1[kworker/169:0]: count 2, average 17462, total 34925
@q1[iperf]: count 1, average 41328, total 41328

@q2[swapper/169]: count 933, average 789, total 737020
@q2[ksoftirqd/169]: count 243, average 1215, total 295397
@q2[kworker/169:0]: count 2, average 6898, total 13796
@q2[iperf]: count 2, average 8190, total 16381


@q4[swapper/169]: count 27785, average 1371, total 38108059
@q4[ksoftirqd/169]: count 4608, average 1572, total 7247513
@q4[iperf]: count 57, average 1650, total 94068
@q4[kworker/169:0]: count 7, average 2798, total 19588

@q5[swapper/169]: count 218398, average 606, total 132355855
@q5[kworker/169:0]: count 47, average 673, total 31657
@q5[ksoftirqd/169]: count 36232, average 691, total 25053306
@q5[iperf]: count 451, average 725, total 327298

@uc: count 22080, average 2399, total 52975416

@q1[swapper/169]: count 432, average 3345, total 1445117
@q1[ksoftirqd/169]: count 180, average 4347, total 782630
@q1[iperf]: count 3, average 15616, total 46848

@q2[swapper/169]: count 816, average 851, total 695114
@q2[ksoftirqd/169]: count 278, average 1091, total 303574
@q2[iperf]: count 6, average 3954, total 23725
@q2[kworker/169:0]: count 1, average 8897, total 8897


@q4[swapper/169]: count 26566, average 1406, total 37361603
@q4[ksoftirqd/169]: count 5707, average 1571, total 8970653
@q4[iperf]: count 126, average 1601, total 201737
@q4[kworker/169:0]: count 12, average 1667, total 20007

@q5[swapper/169]: count 209152, average 619, total 129562105
@q5[kworker/169:0]: count 95, average 646, total 61371
@q5[ksoftirqd/169]: count 44845, average 688, total 30863241
@q5[iperf]: count 993, average 718, total 713837

@uc: count 23633, average 2688, total 63542571

@q1[swapper/169]: count 393, average 3276, total 1287778
@q1[ksoftirqd/169]: count 199, average 4114, total 818721
@q1[iperf]: count 1, average 38212, total 38212

@q2[swapper/169]: count 783, average 832, total 652230
@q2[ksoftirqd/169]: count 300, average 1046, total 313882
@q2[iperf]: count 1, average 19576, total 19576


@q4[swapper/169]: count 27199, average 1383, total 37620213
@q4[ksoftirqd/169]: count 5171, average 1558, total 8057298
@q4[iperf]: count 37, average 1965, total 72721

@q5[swapper/169]: count 214183, average 608, total 130259678
@q5[ksoftirqd/169]: count 40477, average 685, total 27752895
@q5[iperf]: count 292, average 759, total 221691

@uc: count 22191, average 2491, total 55284615

@q1[swapper/169]: count 491, average 2966, total 1456529
@q1[iperf]: count 478, average 3880, total 1855097
@q1[ksoftirqd/169]: count 151, average 4257, total 642948
@q1[kworker/169:0]: count 1, average 27943, total 27943

@q2[swapper/169]: count 948, average 792, total 751027
@q2[ksoftirqd/169]: count 233, average 1073, total 250222
@q2[iperf]: count 482, average 1078, total 520057
@q2[kworker/169:0]: count 3, average 6438, total 19316


@q4[swapper/169]: count 27126, average 1332, total 36142784
@q4[iperf]: count 538, average 1368, total 736348
@q4[kworker/169:0]: count 38, average 1389, total 52798
@q4[ksoftirqd/169]: count 4932, average 1553, total 7659694

@q5[kworker/169:0]: count 297, average 461, total 136930
@q5[swapper/169]: count 213060, average 585, total 124764270
@q5[ksoftirqd/169]: count 38732, average 681, total 26394228
@q5[iperf]: count 3088, average 717, total 2216734

@uc: count 19179, average 3532, total 67755093

@q1[swapper/169]: count 415, average 3289, total 1365030
@q1[ksoftirqd/169]: count 161, average 4768, total 767728
@q1[iperf]: count 5, average 9530, total 47650

@q2[swapper/169]: count 813, average 816, total 664051
@q2[ksoftirqd/169]: count 257, average 1182, total 304030
@q2[iperf]: count 6, average 3142, total 18857


@q4[swapper/169]: count 26981, average 1393, total 37600978
@q4[iperf]: count 118, average 1558, total 183905
@q4[ksoftirqd/169]: count 5299, average 1576, total 8351833

@q5[swapper/169]: count 212386, average 609, total 129552146
@q5[ksoftirqd/169]: count 41720, average 688, total 28740028
@q5[iperf]: count 924, average 694, total 641955

@uc: count 22157, average 2396, total 53102596

@q1[swapper/169]: count 473, average 2890, total 1367117
@q1[ksoftirqd/169]: count 183, average 4344, total 795092
@q1[iperf]: count 4, average 13433, total 53732

@q2[swapper/169]: count 923, average 760, total 701959
@q2[ksoftirqd/169]: count 281, average 1115, total 313445
@q2[iperf]: count 10, average 2987, total 29877


@q4[swapper/169]: count 27178, average 1345, total 36555403
@q4[ksoftirqd/169]: count 5158, average 1563, total 8062791
@q4[iperf]: count 140, average 1616, total 226278

@q5[swapper/169]: count 213590, average 590, total 126184291
@q5[ksoftirqd/169]: count 40368, average 683, total 27598677
@q5[iperf]: count 1094, average 719, total 786993

@uc: count 21009, average 2898, total 60889067

@q1[swapper/169]: count 472, average 3094, total 1460658
@q1[ksoftirqd/169]: count 178, average 4398, total 782982
@q1[iperf]: count 3, average 14524, total 43572
@q1[kworker/169:0]: count 2, average 20744, total 41488

@q2[swapper/169]: count 914, average 797, total 728473
@q2[ksoftirqd/169]: count 281, average 1067, total 300088
@q2[iperf]: count 7, average 4512, total 31590
@q2[kworker/169:0]: count 3, average 6372, total 19116


@q4[swapper/169]: count 27210, average 1357, total 36930894
@q4[ksoftirqd/169]: count 5106, average 1539, total 7861366
@q4[iperf]: count 150, average 1623, total 243471
@q4[kworker/169:0]: count 9, average 2616, total 23544

@q5[swapper/169]: count 213856, average 597, total 127694073
@q5[kworker/169:0]: count 60, average 677, total 40657
@q5[ksoftirqd/169]: count 40039, average 680, total 27249836
@q5[iperf]: count 1179, average 722, total 851860

@uc: count 21464, average 3202, total 68734183

@q1[swapper/169]: count 399, average 3103, total 1238171
@q1[ksoftirqd/169]: count 200, average 4942, total 988536
@q1[iperf]: count 3, average 15642, total 46928

@q2[swapper/169]: count 708, average 797, total 564533
@q2[ksoftirqd/169]: count 297, average 1208, total 358948
@q2[iperf]: count 8, average 4012, total 32100


@q4[swapper/169]: count 26143, average 1454, total 38035175
@q4[iperf]: count 195, average 1601, total 312359
@q4[ksoftirqd/169]: count 6057, average 1619, total 9810766

@q5[swapper/169]: count 205883, average 637, total 131345296
@q5[ksoftirqd/169]: count 47696, average 710, total 33888243
@q5[iperf]: count 1535, average 715, total 1097660

@uc: count 25295, average 2947, total 74546943

@q1[swapper/169]: count 410, average 3005, total 1232082
@q1[ksoftirqd/169]: count 190, average 4432, total 842126
@q1[iperf]: count 9, average 4896, total 44071

@q2[swapper/169]: count 842, average 776, total 654052
@q2[ksoftirqd/169]: count 282, average 1123, total 316844
@q2[iperf]: count 14, average 1788, total 25045


@q4[swapper/169]: count 27049, average 1352, total 36579662
@q4[iperf]: count 213, average 1528, total 325592
@q4[ksoftirqd/169]: count 5170, average 1550, total 8015120

@q5[swapper/169]: count 212949, average 594, total 126592760
@q5[ksoftirqd/169]: count 40504, average 677, total 27447000
@q5[iperf]: count 1671, average 715, total 1194783

@uc: count 20761, average 2739, total 56874506

@q1[swapper/169]: count 434, average 3341, total 1450060
@q1[ksoftirqd/169]: count 185, average 4077, total 754429
@q1[iperf]: count 2, average 22958, total 45916

@q2[swapper/169]: count 884, average 836, total 739435
@q2[ksoftirqd/169]: count 292, average 1008, total 294584
@q2[iperf]: count 5, average 7103, total 35517


@q4[swapper/169]: count 27017, average 1367, total 36956821
@q4[ksoftirqd/169]: count 5360, average 1553, total 8326863
@q4[iperf]: count 79, average 1769, total 139811

@q5[swapper/169]: count 212506, average 599, total 127501509
@q5[ksoftirqd/169]: count 41968, average 679, total 28511206
@q5[iperf]: count 621, average 741, total 460730

@uc: count 21501, average 2706, total 58192330

@q1[swapper/169]: count 402, average 3245, total 1304564
@q1[ksoftirqd/169]: count 170, average 4567, total 776520
@q1[iperf]: count 3, average 15642, total 46927

@q2[swapper/169]: count 790, average 826, total 652902
@q2[ksoftirqd/169]: count 262, average 1108, total 290312
@q2[iperf]: count 8, average 3580, total 28643


@q4[swapper/169]: count 27091, average 1399, total 37905872
@q4[ksoftirqd/169]: count 5171, average 1576, total 8154454
@q4[iperf]: count 127, average 1615, total 205158

@q5[swapper/169]: count 213407, average 612, total 130658504
@q5[ksoftirqd/169]: count 40659, average 691, total 28108767
@q5[iperf]: count 993, average 719, total 714011

@uc: count 22814, average 2451, total 55929701

@q1[swapper/169]: count 586, average 2845, total 1667559
@q1[ksoftirqd/169]: count 153, average 4291, total 656642
@q1[iperf]: count 3, average 16404, total 49213
@q1[kworker/169:0]: count 1, average 39153, total 39153

@q2[swapper/169]: count 1086, average 759, total 824650
@q2[ksoftirqd/169]: count 244, average 1043, total 254682
@q2[iperf]: count 6, average 4740, total 28443
@q2[kworker/169:0]: count 3, average 6823, total 20469


@q4[swapper/169]: count 27781, average 1312, total 36459055
@q4[ksoftirqd/169]: count 4631, average 1552, total 7188494
@q4[iperf]: count 119, average 1633, total 194415
@q4[kworker/169:0]: count 17, average 1944, total 33052

@q5[swapper/169]: count 217674, average 577, total 125765585
@q5[kworker/169:0]: count 131, average 609, total 79846
@q5[ksoftirqd/169]: count 36309, average 679, total 24677658
@q5[iperf]: count 934, average 721, total 674057

@uc: count 19179, average 2565, total 49207463

@q1[swapper/169]: count 358, average 3290, total 1177838
@q1[ksoftirqd/169]: count 204, average 4112, total 839005
@q1[iperf]: count 11, average 5273, total 58009

@q2[swapper/169]: count 711, average 842, total 599248
@q2[ksoftirqd/169]: count 312, average 1035, total 323033
@q2[iperf]: count 16, average 1815, total 29045
@q2[kworker/169:0]: count 1, average 16210, total 16210


@q4[swapper/169]: count 26395, average 1394, total 36820446
@q4[iperf]: count 254, average 1532, total 389222
@q4[ksoftirqd/169]: count 5726, average 1550, total 8875319
@q4[kworker/169:0]: count 19, average 2325, total 44176

@q5[swapper/169]: count 208120, average 611, total 127214769
@q5[ksoftirqd/169]: count 44858, average 682, total 30609352
@q5[iperf]: count 1987, average 713, total 1418576
@q5[kworker/169:0]: count 150, average 776, total 116456

@uc: count 22445, average 3097, total 69513339

@q1[swapper/169]: count 534, average 3104, total 1657631
@q1[ksoftirqd/169]: count 160, average 4579, total 732671
@q1[iperf]: count 2, average 23344, total 46688

@q2[swapper/169]: count 1006, average 789, total 794028
@q2[ksoftirqd/169]: count 262, average 1171, total 306925
@q2[iperf]: count 4, average 5575, total 22302
@q2[kworker/169:0]: count 1, average 31399, total 31399


@q4[swapper/169]: count 27338, average 1326, total 36251539
@q4[ksoftirqd/169]: count 5051, average 1557, total 7866472
@q4[iperf]: count 100, average 1717, total 171713
@q4[kworker/169:0]: count 13, average 1800, total 23405

@q5[kworker/169:0]: count 101, average 503, total 50825
@q5[swapper/169]: count 214594, average 584, total 125421818
@q5[ksoftirqd/169]: count 39645, average 683, total 27093009
@q5[iperf]: count 789, average 724, total 571327

@uc: count 20076, average 2715, total 54525588

@q1[swapper/169]: count 491, average 3088, total 1516263
@q1[iperf]: count 176, average 4050, total 712929
@q1[ksoftirqd/169]: count 146, average 4460, total 651217

@q2[swapper/169]: count 966, average 787, total 760597
@q2[ksoftirqd/169]: count 240, average 1098, total 263655
@q2[iperf]: count 178, average 1151, total 204925


@q4[swapper/169]: count 27759, average 1341, total 37231210
@q4[iperf]: count 232, average 1399, total 324740
@q4[ksoftirqd/169]: count 4520, average 1557, total 7042130
@q4[kworker/169:0]: count 7, average 2948, total 20640

@q5[swapper/169]: count 218141, average 590, total 128807531
@q5[kworker/169:0]: count 56, average 640, total 35876
@q5[ksoftirqd/169]: count 35490, average 680, total 24165882
@q5[iperf]: count 1421, average 724, total 1029068

@uc: count 20264, average 2511, total 50895859

@q1[swapper/169]: count 404, average 3231, total 1305422
@q1[ksoftirqd/169]: count 182, average 4183, total 761374
@q1[iperf]: count 3, average 16066, total 48200

@q2[swapper/169]: count 788, average 837, total 659988
@q2[ksoftirqd/169]: count 270, average 1058, total 285739
@q2[iperf]: count 5, average 5305, total 26529


@q4[swapper/169]: count 27278, average 1372, total 37448602
@q4[ksoftirqd/169]: count 5018, average 1577, total 7913469
@q4[iperf]: count 106, average 1651, total 175063

@q5[swapper/169]: count 214878, average 603, total 129620151
@q5[ksoftirqd/169]: count 39316, average 692, total 27224137
@q5[iperf]: count 832, average 726, total 604253

@uc: count 21905, average 2553, total 55925145

@q1[swapper/169]: count 405, average 3194, total 1293784
@q1[ksoftirqd/169]: count 191, average 4222, total 806528
@q1[iperf]: count 2, average 18434, total 36869

@q2[swapper/169]: count 830, average 812, total 674109
@q2[ksoftirqd/169]: count 297, average 1126, total 334502
@q2[iperf]: count 3, average 6950, total 20850


@q4[swapper/169]: count 27215, average 1375, total 37440821
@q4[ksoftirqd/169]: count 5188, average 1542, total 8002961
@q4[iperf]: count 38, average 1913, total 72724

@q5[swapper/169]: count 214250, average 601, total 128767838
@q5[ksoftirqd/169]: count 40605, average 679, total 27605231
@q5[iperf]: count 296, average 771, total 228235

@uc: count 21127, average 2536, total 53595062

@q1[swapper/169]: count 542, average 2976, total 1613500
@q1[ksoftirqd/169]: count 159, average 4613, total 733520
@q1[kworker/169:0]: count 8, average 7063, total 56506
@q1[iperf]: count 4, average 14908, total 59632

@q2[swapper/169]: count 1019, average 790, total 805729
@q2[ksoftirqd/169]: count 264, average 1130, total 298320
@q2[kworker/169:0]: count 11, average 2168, total 23853
@q2[iperf]: count 9, average 2319, total 20878


@q4[swapper/169]: count 27133, average 1333, total 36172310
@q4[iperf]: count 126, average 1574, total 198346
@q4[kworker/169:0]: count 25, average 1582, total 39560
@q4[ksoftirqd/169]: count 5214, average 1586, total 8270359

@q5[kworker/169:0]: count 171, average 556, total 95172
@q5[swapper/169]: count 212899, average 585, total 124613366
@q5[ksoftirqd/169]: count 40987, average 692, total 28380095
@q5[iperf]: count 986, average 717, total 707343

@uc: count 21264, average 4406, total 93698090

@q1[swapper/169]: count 314, average 3101, total 973810
@q1[ksoftirqd/169]: count 205, average 4457, total 913841
@q1[iperf]: count 2, average 22016, total 44033

@q2[swapper/169]: count 632, average 816, total 515939
@q2[ksoftirqd/169]: count 318, average 1168, total 371683
@q2[iperf]: count 5, average 3703, total 18515
@q2[kworker/169:0]: count 2, average 10259, total 20519


@q4[kworker/169:0]: count 34, average 1418, total 48232
@q4[swapper/169]: count 26229, average 1429, total 37499023
@q4[ksoftirqd/169]: count 6002, average 1597, total 9589991
@q4[iperf]: count 97, average 1632, total 158373

@q5[kworker/169:0]: count 266, average 484, total 128942
@q5[swapper/169]: count 206935, average 628, total 129977108
@q5[ksoftirqd/169]: count 47100, average 700, total 32988783
@q5[iperf]: count 765, average 726, total 556133

@uc: count 24225, average 2485, total 60220216

@q1[swapper/169]: count 512, average 2945, total 1508115
@q1[ksoftirqd/169]: count 173, average 4205, total 727549
@q1[kworker/169:0]: count 1, average 38994, total 38994
@q1[iperf]: count 1, average 41618, total 41618

@q2[swapper/169]: count 990, average 794, total 787026
@q2[ksoftirqd/169]: count 265, average 1079, total 285968
@q2[kworker/169:0]: count 3, average 9501, total 28503
@q2[iperf]: count 2, average 10835, total 21671


@q4[swapper/169]: count 27639, average 1331, total 36808006
@q4[ksoftirqd/169]: count 4792, average 1552, total 7441796
@q4[iperf]: count 64, average 1716, total 109835
@q4[kworker/169:0]: count 12, average 2443, total 29317

@q5[swapper/169]: count 217032, average 585, total 127034504
@q5[kworker/169:0]: count 87, average 606, total 52731
@q5[ksoftirqd/169]: count 37580, average 684, total 25705396
@q5[iperf]: count 505, average 732, total 369776

@uc: count 20162, average 2586, total 52155396

@q1[swapper/169]: count 435, average 3405, total 1481226
@q1[ksoftirqd/169]: count 160, average 4943, total 790923
@q1[kworker/169:0]: count 1, average 37230, total 37230

@q2[swapper/169]: count 832, average 851, total 708103
@q2[ksoftirqd/169]: count 263, average 1179, total 310266
@q2[kworker/169:0]: count 2, average 10981, total 21962
@q2[iperf]: count 2, average 16726, total 33452


@q4[swapper/169]: count 27355, average 1413, total 38670856
@q4[ksoftirqd/169]: count 4911, average 1586, total 7789898
@q4[kworker/169:0]: count 55, average 1734, total 95400
@q4[iperf]: count 70, average 1739, total 121799

@q5[swapper/169]: count 215431, average 617, total 133133443
@q5[kworker/169:0]: count 432, average 649, total 280536
@q5[ksoftirqd/169]: count 38562, average 693, total 26729178
@q5[iperf]: count 555, average 732, total 406340

@uc: count 23370, average 2478, total 57911945

@q1[swapper/169]: count 415, average 3063, total 1271529
@q1[ksoftirqd/169]: count 168, average 4304, total 723117
@q1[iperf]: count 9, average 4749, total 42749

@q2[swapper/169]: count 815, average 811, total 661554
@q2[ksoftirqd/169]: count 251, average 1082, total 271825
@q2[iperf]: count 14, average 1728, total 24195


@q4[swapper/169]: count 26911, average 1350, total 36353692
@q4[iperf]: count 263, average 1486, total 390851
@q4[ksoftirqd/169]: count 5256, average 1576, total 8288198

@q5[swapper/169]: count 211742, average 595, total 126006763
@q5[ksoftirqd/169]: count 41288, average 687, total 28383210
@q5[iperf]: count 2058, average 691, total 1423529

@uc: count 20866, average 3066, total 63986487

@q1[swapper/169]: count 434, average 2904, total 1260370
@q1[ksoftirqd/169]: count 183, average 4188, total 766513
@q1[iperf]: count 6, average 9639, total 57838

@q2[swapper/169]: count 887, average 770, total 683077
@q2[ksoftirqd/169]: count 283, average 1107, total 313404
@q2[iperf]: count 10, average 2643, total 26432


@q4[swapper/169]: count 27430, average 1308, total 35892100
@q4[ksoftirqd/169]: count 4867, average 1525, total 7424311
@q4[iperf]: count 167, average 1573, total 262780

@q5[swapper/169]: count 215816, average 575, total 124305873
@q5[ksoftirqd/169]: count 38079, average 673, total 25647016
@q5[iperf]: count 1307, average 717, total 937399

@uc: count 18227, average 3081, total 56164125

@q1[swapper/169]: count 416, average 3104, total 1291580
@q1[ksoftirqd/169]: count 168, average 4283, total 719669
@q1[iperf]: count 1, average 39795, total 39795

@q2[swapper/169]: count 823, average 824, total 678919
@q2[ksoftirqd/169]: count 264, average 1085, total 286582
@q2[iperf]: count 4, average 5596, total 22384


@q4[swapper/169]: count 26922, average 1366, total 36781698
@q4[ksoftirqd/169]: count 5383, average 1555, total 8372436
@q4[iperf]: count 95, average 1618, total 153723

@q5[swapper/169]: count 211946, average 598, total 126935439
@q5[ksoftirqd/169]: count 42286, average 685, total 28973622
@q5[iperf]: count 748, average 728, total 544818

@uc: count 21284, average 2356, total 50164298

@q1[swapper/169]: count 482, average 3070, total 1479938
@q1[ksoftirqd/169]: count 135, average 4428, total 597836
@q1[iperf]: count 2, average 14818, total 29636
@q1[kworker/169:0]: count 2, average 24922, total 49845

@q2[swapper/169]: count 947, average 811, total 768218
@q2[ksoftirqd/169]: count 222, average 1119, total 248473
@q2[iperf]: count 3, average 5450, total 16350
@q2[kworker/169:0]: count 4, average 8110, total 32441


@q4[swapper/169]: count 27272, average 1334, total 36404240
@q4[ksoftirqd/169]: count 5083, average 1571, total 7988352
@q4[iperf]: count 79, average 1669, total 131916
@q4[kworker/169:0]: count 22, average 2157, total 47469

@q5[swapper/169]: count 214406, average 585, total 125527074
@q5[kworker/169:0]: count 169, average 680, total 114928
@q5[ksoftirqd/169]: count 40011, average 683, total 27330845
@q5[iperf]: count 623, average 737, total 459422

@uc: count 20052, average 2429, total 48716695

@q1[swapper/169]: count 373, average 3175, total 1184333
@q1[ksoftirqd/169]: count 187, average 4171, total 779977
@q1[iperf]: count 4, average 10026, total 40105

@q2[swapper/169]: count 774, average 806, total 623933
@q2[ksoftirqd/169]: count 283, average 1056, total 299105
@q2[iperf]: count 6, average 2935, total 17614


@q4[swapper/169]: count 26705, average 1383, total 36955080
@q4[ksoftirqd/169]: count 5603, average 1571, total 8805604
@q4[iperf]: count 96, average 1651, total 158565

@q5[swapper/169]: count 210343, average 606, total 127617106
@q5[ksoftirqd/169]: count 43948, average 686, total 30190140
@q5[iperf]: count 755, average 725, total 547976

@uc: count 22498, average 2617, total 58878941

@q1[swapper/169]: count 476, average 3037, total 1445641
@q1[ksoftirqd/169]: count 177, average 4276, total 756986
@q1[iperf]: count 4, average 11461, total 45847
@q1[kworker/169:0]: count 1, average 40647, total 40647

@q2[swapper/169]: count 882, average 794, total 701042
@q2[ksoftirqd/169]: count 273, average 1056, total 288418
@q2[iperf]: count 6, average 3524, total 21149
@q2[kworker/169:0]: count 1, average 30818, total 30818


@q4[swapper/169]: count 27356, average 1353, total 37034296
@q4[ksoftirqd/169]: count 4996, average 1539, total 7692685
@q4[iperf]: count 98, average 1606, total 157467
@q4[kworker/169:0]: count 1, average 20428, total 20428

@q5[swapper/169]: count 215161, average 594, total 127890171
@q5[ksoftirqd/169]: count 39157, average 679, total 26622340
@q5[iperf]: count 769, average 688, total 529770
@q5[kworker/169:0]: count 5, average 3961, total 19808

@uc: count 20938, average 2765, total 57908244

@q1[swapper/169]: count 398, average 3240, total 1289605
@q1[ksoftirqd/169]: count 177, average 4501, total 796695
@q1[iperf]: count 4, average 12636, total 50546

@q2[swapper/169]: count 775, average 821, total 636513
@q2[ksoftirqd/169]: count 271, average 1096, total 297042
@q2[iperf]: count 5, average 4250, total 21250


@q4[swapper/169]: count 26457, average 1387, total 36721198
@q4[ksoftirqd/169]: count 5760, average 1569, total 9040211
@q4[iperf]: count 175, average 1593, total 278895

@q5[swapper/169]: count 208321, average 610, total 127229123
@q5[ksoftirqd/169]: count 45319, average 689, total 31261633
@q5[iperf]: count 1382, average 716, total 990425

@uc: count 22475, average 2938, total 66046082

@q1[swapper/169]: count 426, average 3094, total 1318302
@q1[ksoftirqd/169]: count 203, average 4628, total 939625
@q1[iperf]: count 1, average 43271, total 43271

@q2[swapper/169]: count 830, average 807, total 670046
@q2[ksoftirqd/169]: count 290, average 1097, total 318149
@q2[iperf]: count 3, average 8713, total 26140


@q4[swapper/169]: count 27271, average 1367, total 37291527
@q4[ksoftirqd/169]: count 5113, average 1605, total 8210194
@q4[iperf]: count 48, average 1880, total 90258

@q5[swapper/169]: count 214634, average 608, total 130654418
@q5[ksoftirqd/169]: count 40085, average 708, total 28395662
@q5[iperf]: count 377, average 747, total 281994

@uc: count 22431, average 3503, total 78594027

@q1[swapper/169]: count 386, average 3193, total 1232875
@q1[ksoftirqd/169]: count 189, average 4156, total 785587
@q1[iperf]: count 5, average 6293, total 31469

@q2[swapper/169]: count 793, average 806, total 639786
@q2[ksoftirqd/169]: count 287, average 1109, total 318389
@q2[iperf]: count 8, average 2599, total 20799


@q4[swapper/169]: count 26988, average 1374, total 37099983
@q4[ksoftirqd/169]: count 5284, average 1540, total 8141052
@q4[iperf]: count 138, average 1577, total 217744

@q5[ksoftirqd/169]: count 41399, average 679, total 28136088
@q5[iperf]: count 1081, average 716, total 774734
@q5[swapper/169]: count 212609, average 1218, total 258986051

@uc: count 22166, average 2921, total 64767696

@q1[swapper/169]: count 378, average 3276, total 1238485
@q1[ksoftirqd/169]: count 171, average 4789, total 818942
@q1[iperf]: count 5, average 8456, total 42280

@q2[swapper/169]: count 754, average 828, total 624816
@q2[ksoftirqd/169]: count 271, average 1179, total 319684
@q2[iperf]: count 8, average 3034, total 24275


@q4[swapper/169]: count 26853, average 1418, total 38083792
@q4[ksoftirqd/169]: count 5428, average 1563, total 8487107
@q4[iperf]: count 95, average 1653, total 157038

@q5[swapper/169]: count 211625, average 622, total 131743640
@q5[ksoftirqd/169]: count 42692, average 687, total 29367261
@q5[iperf]: count 742, average 727, total 539967

@uc: count 23914, average 2499, total 59772985

@q1[swapper/169]: count 445, average 3347, total 1489581
@q1[ksoftirqd/169]: count 169, average 4360, total 736877
@q1[iperf]: count 4, average 7569, total 30276
@q1[kworker/169:0]: count 1, average 38522, total 38522

@q2[swapper/169]: count 828, average 832, total 689373
@q2[ksoftirqd/169]: count 258, average 1165, total 300593
@q2[iperf]: count 6, average 3176, total 19056
@q2[kworker/169:0]: count 2, average 13360, total 26721


@q4[swapper/169]: count 27199, average 1416, total 38526712
@q4[ksoftirqd/169]: count 5077, average 1578, total 8015730
@q4[iperf]: count 124, average 1593, total 197622
@q4[kworker/169:0]: count 13, average 2383, total 30980

@q5[kworker/169:0]: count 97, average 609, total 59162
@q5[swapper/169]: count 214173, average 622, total 133285436
@q5[ksoftirqd/169]: count 39868, average 690, total 27523635
@q5[iperf]: count 972, average 720, total 700632

@uc: count 23665, average 2711, total 64160221

@q1[swapper/169]: count 415, average 2940, total 1220219
@q1[ksoftirqd/169]: count 196, average 4245, total 832029
@q1[iperf]: count 3, average 15916, total 47749

@q2[swapper/169]: count 861, average 777, total 669537
@q2[ksoftirqd/169]: count 297, average 1091, total 324172
@q2[iperf]: count 5, average 6670, total 33353


@q4[swapper/169]: count 27073, average 1332, total 36068340
@q4[ksoftirqd/169]: count 5302, average 1536, total 8145195
@q4[iperf]: count 82, average 1753, total 143805

@q5[swapper/169]: count 213026, average 587, total 125153477
@q5[ksoftirqd/169]: count 41527, average 675, total 28052674
@q5[iperf]: count 643, average 714, total 459371

@uc: count 20433, average 2598, total 53096098

@q1[swapper/169]: count 507, average 3299, total 1672655
@q1[ksoftirqd/169]: count 156, average 4405, total 687326
@q1[iperf]: count 1, average 40977, total 40977
@q1[kworker/169:0]: count 1, average 44163, total 44163

@q2[swapper/169]: count 966, average 824, total 796818
@q2[ksoftirqd/169]: count 250, average 1084, total 271075
@q2[iperf]: count 4, average 8814, total 35257
@q2[kworker/169:0]: count 1, average 18765, total 18765


@q4[swapper/169]: count 27510, average 1372, total 37771120
@q4[ksoftirqd/169]: count 4836, average 1567, total 7580345
@q4[iperf]: count 89, average 1754, total 156131
@q4[kworker/169:0]: count 21, average 2594, total 54492

@q5[swapper/169]: count 216253, average 603, total 130539742
@q5[ksoftirqd/169]: count 37970, average 690, total 26231551
@q5[iperf]: count 702, average 735, total 516157
@q5[kworker/169:0]: count 166, average 816, total 135527

@uc: count 22311, average 2637, total 58846845

@q1[swapper/169]: count 356, average 3414, total 1215482
@q1[ksoftirqd/169]: count 176, average 4553, total 801502
@q1[iperf]: count 4, average 12784, total 51137

@q2[swapper/169]: count 683, average 872, total 596210
@q2[ksoftirqd/169]: count 268, average 1162, total 311511
@q2[iperf]: count 8, average 2534, total 20279


@q4[swapper/169]: count 26862, average 1450, total 38962033
@q4[iperf]: count 136, average 1513, total 205876
@q4[ksoftirqd/169]: count 5338, average 1571, total 8387682

@q5[ksoftirqd/169]: count 41985, average 687, total 28854317
@q5[iperf]: count 1068, average 690, total 737979
@q5[swapper/169]: count 211963, average 1252, total 265446626

@uc: count 24872, average 2367, total 58877092

@q1[swapper/169]: count 565, average 2839, total 1604263
@q1[ksoftirqd/169]: count 171, average 4032, total 689571
@q1[iperf]: count 4, average 13024, total 52099
@q1[kworker/169:0]: count 2, average 20473, total 40946

@q2[swapper/169]: count 1078, average 741, total 799282
@q2[ksoftirqd/169]: count 268, average 1122, total 300816
@q2[iperf]: count 7, average 2363, total 16542
@q2[kworker/169:0]: count 5, average 5277, total 26388


@q4[swapper/169]: count 27868, average 1313, total 36604884
@q4[iperf]: count 106, average 1479, total 156791
@q4[kworker/169:0]: count 50, average 1494, total 74713
@q4[ksoftirqd/169]: count 4529, average 1557, total 7055795

@q5[kworker/169:0]: count 383, average 548, total 210004
@q5[iperf]: count 828, average 654, total 542218
@q5[ksoftirqd/169]: count 35423, average 681, total 24125823
@q5[swapper/169]: count 218459, average 1794, total 392022125

@uc: count 19667, average 2731, total 53719854

@q1[swapper/169]: count 444, average 2947, total 1308511
@q1[ksoftirqd/169]: count 163, average 4558, total 742977

@q2[swapper/169]: count 913, average 782, total 714503
@q2[ksoftirqd/169]: count 250, average 1061, total 265352


@q4[swapper/169]: count 27933, average 1329, total 37127900
@q4[ksoftirqd/169]: count 4510, average 1570, total 7084742
@q4[iperf]: count 8, average 4315, total 34526

@q5[swapper/169]: count 219669, average 583, total 128258673
@q5[ksoftirqd/169]: count 35351, average 689, total 24372988
@q5[iperf]: count 64, average 987, total 63199

@uc: count 20053, average 2366, total 47450113

@q1[swapper/169]: count 365, average 3156, total 1152165
@q1[ksoftirqd/169]: count 170, average 4837, total 822318
@q1[iperf]: count 2, average 23358, total 46717

@q2[swapper/169]: count 700, average 830, total 581642
@q2[ksoftirqd/169]: count 273, average 1204, total 328712
@q2[iperf]: count 5, average 6614, total 33072


@q4[swapper/169]: count 26316, average 1421, total 37409105
@q4[ksoftirqd/169]: count 5936, average 1592, total 9451983
@q4[iperf]: count 118, average 1671, total 197231

@q5[swapper/169]: count 207476, average 623, total 129341972
@q5[ksoftirqd/169]: count 46728, average 698, total 32626565
@q5[iperf]: count 931, average 726, total 676504

@uc: count 23943, average 2599, total 62248520

@q1[swapper/169]: count 492, average 3088, total 1519609
@q1[ksoftirqd/169]: count 166, average 4080, total 677384
@q1[kworker/169:0]: count 1, average 37550, total 37550
@q1[iperf]: count 1, average 40296, total 40296

@q2[swapper/169]: count 993, average 780, total 775030
@q2[ksoftirqd/169]: count 256, average 1112, total 284911
@q2[iperf]: count 4, average 7363, total 29455
@q2[kworker/169:0]: count 3, average 9304, total 27912


@q4[swapper/169]: count 28067, average 1312, total 36840183
@q4[ksoftirqd/169]: count 4328, average 1555, total 6731695
@q4[iperf]: count 61, average 1800, total 109837
@q4[kworker/169:0]: count 17, average 2229, total 37902

@q5[kworker/169:0]: count 127, average 567, total 72042
@q5[swapper/169]: count 220625, average 578, total 127732135
@q5[ksoftirqd/169]: count 33831, average 682, total 23084014
@q5[iperf]: count 476, average 740, total 352549

@uc: count 19893, average 4134, total 82244559

@q1[swapper/169]: count 363, average 2973, total 1079554
@q1[ksoftirqd/169]: count 197, average 4181, total 823740
@q1[iperf]: count 6, average 9902, total 59412

@q2[swapper/169]: count 765, average 771, total 590573
@q2[ksoftirqd/169]: count 299, average 1109, total 331770
@q2[iperf]: count 10, average 3638, total 36381


@q4[swapper/169]: count 26327, average 1380, total 36331373
@q4[ksoftirqd/169]: count 5919, average 1565, total 9263533
@q4[iperf]: count 177, average 1659, total 293663

@q5[swapper/169]: count 207269, average 605, total 125595667
@q5[ksoftirqd/169]: count 46438, average 691, total 32115300
@q5[iperf]: count 1388, average 739, total 1026665

@uc: count 21730, average 2720, total 59105878

@q1[swapper/169]: count 417, average 3218, total 1342305
@q1[ksoftirqd/169]: count 161, average 4562, total 734577
@q1[iperf]: count 2, average 21930, total 43861

@q2[swapper/169]: count 805, average 824, total 663644
@q2[ksoftirqd/169]: count 258, average 1101, total 284176
@q2[iperf]: count 5, average 4737, total 23686


@q4[swapper/169]: count 27164, average 1382, total 37564079
@q4[ksoftirqd/169]: count 5137, average 1559, total 8012412
@q4[iperf]: count 89, average 1681, total 149617

@q5[ksoftirqd/169]: count 40413, average 684, total 27682592
@q5[iperf]: count 695, average 734, total 510184
@q5[swapper/169]: count 213916, average 1194, total 255577659

@uc: count 22033, average 2387, total 52594708

@q1[swapper/169]: count 424, average 3231, total 1370255
@q1[ksoftirqd/169]: count 191, average 4714, total 900518
@q1[kworker/169:0]: count 2, average 20238, total 40476

@q2[swapper/169]: count 828, average 818, total 678131
@q2[ksoftirqd/169]: count 290, average 1190, total 345195
@q2[kworker/169:0]: count 2, average 9968, total 19937


@q4[swapper/169]: count 26702, average 1397, total 37329261
@q4[ksoftirqd/169]: count 5719, average 1598, total 9139840
@q4[kworker/169:0]: count 2, average 9097, total 18194

@q5[swapper/169]: count 210222, average 614, total 129173474
@q5[ksoftirqd/169]: count 44929, average 694, total 31201445
@q5[kworker/169:0]: count 7, average 2365, total 16561

@uc: count 23556, average 2382, total 56120696

@q1[swapper/169]: count 468, average 3233, total 1513456
@q1[ksoftirqd/169]: count 178, average 4111, total 731783
@q1[iperf]: count 4, average 12170, total 48682

@q2[swapper/169]: count 961, average 808, total 776730
@q2[ksoftirqd/169]: count 276, average 1036, total 286040
@q2[iperf]: count 8, average 3633, total 29065
@q2[kworker/169:0]: count 2, average 5951, total 11902


@q4[swapper/169]: count 27725, average 1330, total 36882733
@q4[ksoftirqd/169]: count 4604, average 1535, total 7069423
@q4[iperf]: count 128, average 1604, total 205405
@q4[kworker/169:0]: count 10, average 2430, total 24306

@q5[swapper/169]: count 217916, average 585, total 127609786
@q5[ksoftirqd/169]: count 36011, average 675, total 24331663
@q5[iperf]: count 1001, average 704, total 705523
@q5[kworker/169:0]: count 78, average 849, total 66266

@uc: count 19592, average 2904, total 56898238

@q1[swapper/169]: count 434, average 3512, total 1524210
@q1[ksoftirqd/169]: count 184, average 4463, total 821293
@q1[kworker/169:0]: count 2, average 24266, total 48532

@q2[swapper/169]: count 831, average 873, total 726073
@q2[ksoftirqd/169]: count 295, average 1104, total 325960
@q2[kworker/169:0]: count 3, average 5513, total 16541
@q2[iperf]: count 2, average 9788, total 19577


@q4[swapper/169]: count 27036, average 1405, total 37998889
@q4[ksoftirqd/169]: count 5269, average 1562, total 8232058
@q4[iperf]: count 80, average 1689, total 135121
@q4[kworker/169:0]: count 21, average 2587, total 54341

@q5[swapper/169]: count 212978, average 614, total 130864155
@q5[ksoftirqd/169]: count 41344, average 686, total 28387208
@q5[iperf]: count 634, average 727, total 461205
@q5[kworker/169:0]: count 164, average 800, total 131345

@uc: count 22757, average 2364, total 53812776

@q1[swapper/169]: count 342, average 3421, total 1170201
@q1[ksoftirqd/169]: count 206, average 4433, total 913300
@q1[iperf]: count 6, average 6069, total 36419

@q2[swapper/169]: count 639, average 871, total 557010
@q2[ksoftirqd/169]: count 319, average 1075, total 343174
@q2[iperf]: count 11, average 2207, total 24287


@q4[swapper/169]: count 25883, average 1448, total 37492752
@q4[iperf]: count 170, average 1550, total 263579
@q4[ksoftirqd/169]: count 6310, average 1571, total 9919297

@q5[swapper/169]: count 204154, average 632, total 129041301
@q5[ksoftirqd/169]: count 49615, average 685, total 33991865
@q5[iperf]: count 1327, average 715, total 949087

@uc: count 24690, average 2548, total 62931408

@q1[swapper/169]: count 465, average 2794, total 1299403
@q1[ksoftirqd/169]: count 200, average 4324, total 864885
@q1[iperf]: count 4, average 7714, total 30859
@q1[kworker/169:0]: count 1, average 36148, total 36148

@q2[swapper/169]: count 925, average 765, total 708071
@q2[ksoftirqd/169]: count 299, average 1116, total 333966
@q2[iperf]: count 5, average 2873, total 14365
@q2[kworker/169:0]: count 1, average 14096, total 14096


@q4[swapper/169]: count 26906, average 1340, total 36059531
@q4[ksoftirqd/169]: count 5541, average 1565, total 8675024
@q4[iperf]: count 43, average 1737, total 74692
@q4[kworker/169:0]: count 1, average 15429, total 15429

@q5[swapper/169]: count 211389, average 589, total 124607277
@q5[ksoftirqd/169]: count 43377, average 686, total 29761974
@q5[iperf]: count 335, average 733, total 245763
@q5[kworker/169:0]: count 5, average 2939, total 14699

@uc: count 20972, average 2826, total 59274623

@q1[swapper/169]: count 479, average 3061, total 1466343
@q1[ksoftirqd/169]: count 155, average 4582, total 710260
@q1[iperf]: count 2, average 22847, total 45695

@q2[swapper/169]: count 982, average 802, total 788031
@q2[ksoftirqd/169]: count 245, average 1091, total 267536
@q2[iperf]: count 2, average 11231, total 22462
@q2[kworker/169:0]: count 1, average 17303, total 17303


@q4[swapper/169]: count 27802, average 1324, total 36817884
@q4[ksoftirqd/169]: count 4595, average 1559, total 7164702
@q4[iperf]: count 59, average 1840, total 108613
@q4[kworker/169:0]: count 10, average 2538, total 25388

@q5[swapper/169]: count 218459, average 580, total 126922765
@q5[kworker/169:0]: count 76, average 608, total 46249
@q5[ksoftirqd/169]: count 36039, average 687, total 24775978
@q5[iperf]: count 464, average 745, total 345997

@uc: count 19663, average 2526, total 49672344

@q1[swapper/169]: count 564, average 2871, total 1619329
@q1[ksoftirqd/169]: count 157, average 4788, total 751806
@q1[iperf]: count 3, average 16140, total 48421
@q1[kworker/169:0]: count 2, average 16306, total 32612

@q2[swapper/169]: count 1054, average 754, total 795059
@q2[ksoftirqd/169]: count 258, average 1170, total 301887
@q2[iperf]: count 8, average 3827, total 30617
@q2[kworker/169:0]: count 2, average 6852, total 13705


@q4[swapper/169]: count 27229, average 1339, total 36480348
@q4[iperf]: count 108, average 1582, total 170948
@q4[ksoftirqd/169]: count 5165, average 1586, total 8192317
@q4[kworker/169:0]: count 18, average 1868, total 33638

@q5[kworker/169:0]: count 137, average 511, total 70017
@q5[swapper/169]: count 213464, average 588, total 125597265
@q5[ksoftirqd/169]: count 40624, average 692, total 28123405
@q5[iperf]: count 844, average 722, total 609707

@uc: count 20319, average 2554, total 51897512

@q1[swapper/169]: count 376, average 3053, total 1148293
@q1[ksoftirqd/169]: count 200, average 4425, total 885132
@q1[iperf]: count 1, average 42049, total 42049

@q2[swapper/169]: count 754, average 836, total 630628
@q2[ksoftirqd/169]: count 316, average 1083, total 342505
@q2[iperf]: count 2, average 11637, total 23274
@q2[kworker/169:0]: count 2, average 12834, total 25669


@q4[swapper/169]: count 26552, average 1381, total 36670485
@q4[kworker/169:0]: count 34, average 1501, total 51034
@q4[ksoftirqd/169]: count 5758, average 1581, total 9106392
@q4[iperf]: count 66, average 1777, total 117287

@q5[kworker/169:0]: count 265, average 492, total 130578
@q5[swapper/169]: count 209226, average 607, total 127034105
@q5[ksoftirqd/169]: count 45145, average 689, total 31132679
@q5[iperf]: count 522, average 734, total 383597

@uc: count 22438, average 3202, total 71862382

@q1[swapper/169]: count 454, average 2808, total 1274997
@q1[ksoftirqd/169]: count 193, average 4356, total 840793
@q1[iperf]: count 4, average 7877, total 31509
@q1[kworker/169:0]: count 2, average 11887, total 23775

@q2[swapper/169]: count 906, average 791, total 716741
@q2[ksoftirqd/169]: count 293, average 1062, total 311179
@q2[iperf]: count 8, average 2509, total 20078
@q2[kworker/169:0]: count 2, average 4443, total 8887


@q4[swapper/169]: count 26910, average 1352, total 36393323
@q4[ksoftirqd/169]: count 5435, average 1564, total 8502089
@q4[iperf]: count 131, average 1665, total 218144
@q4[kworker/169:0]: count 2, average 5415, total 10831

@q5[swapper/169]: count 211458, average 592, total 125314486
@q5[ksoftirqd/169]: count 42620, average 689, total 29391447
@q5[iperf]: count 1030, average 727, total 748956
@q5[kworker/169:0]: count 7, average 1976, total 13836

@uc: count 21400, average 4097, total 87683186

@q1[swapper/169]: count 414, average 3107, total 1286385
@q1[ksoftirqd/169]: count 153, average 4500, total 688558
@q1[iperf]: count 1, average 42971, total 42971

@q2[swapper/169]: count 815, average 825, total 672398
@q2[ksoftirqd/169]: count 250, average 1083, total 270913
@q2[iperf]: count 4, average 7844, total 31378


@q4[swapper/169]: count 27346, average 1377, total 37668621
@q4[ksoftirqd/169]: count 4974, average 1562, total 7773153
@q4[iperf]: count 88, average 1715, total 150954

@q5[swapper/169]: count 215284, average 603, total 129934744
@q5[ksoftirqd/169]: count 39095, average 685, total 26817353
@q5[iperf]: count 693, average 737, total 510952

@uc: count 21726, average 2572, total 55895160

@q1[swapper/169]: count 556, average 3037, total 1688604
@q1[ksoftirqd/169]: count 144, average 4314, total 621355
@q1[kworker/169:0]: count 10, average 6764, total 67648
@q1[iperf]: count 4, average 13194, total 52779

@q2[swapper/169]: count 1084, average 786, total 853057
@q2[ksoftirqd/169]: count 226, average 1051, total 237591
@q2[kworker/169:0]: count 11, average 2071, total 22781
@q2[iperf]: count 6, average 3932, total 23594


@q4[swapper/169]: count 27928, average 1295, total 36181814
@q4[ksoftirqd/169]: count 4454, average 1558, total 6940790
@q4[kworker/169:0]: count 35, average 1626, total 56928
@q4[iperf]: count 105, average 1671, total 175548

@q5[swapper/169]: count 219112, average 573, total 125602468
@q5[kworker/169:0]: count 247, average 615, total 152025
@q5[ksoftirqd/169]: count 34918, average 683, total 23880240
@q5[iperf]: count 825, average 729, total 602182

@uc: count 18607, average 2959, total 55060357

@q1[swapper/169]: count 585, average 3047, total 1782941
@q1[ksoftirqd/169]: count 183, average 4223, total 772950
@q1[kworker/169:2]: count 1, average 44163, total 44163

@q2[swapper/169]: count 1105, average 790, total 873843
@q2[ksoftirqd/169]: count 268, average 1136, total 304626
@q2[kworker/169:2]: count 4, average 6715, total 26860


@q4[swapper/169]: count 28375, average 1323, total 37545472
@q4[ksoftirqd/169]: count 4101, average 1567, total 6428704
@q4[kworker/169:2]: count 17, average 1884, total 32039
@q4[kworker/169:0]: count 21, average 2549, total 53542
@q4[iperf]: count 8, average 3801, total 30408

@q5[swapper/169]: count 222643, average 579, total 129063441
@q5[ksoftirqd/169]: count 32041, average 687, total 22039494
@q5[kworker/169:2]: count 131, average 695, total 91150
@q5[kworker/169:0]: count 167, average 804, total 134317
@q5[iperf]: count 64, average 926, total 59322

@uc: count 19471, average 2569, total 50029573

@q1[swapper/169]: count 532, average 3265, total 1737311
@q1[ksoftirqd/169]: count 158, average 4350, total 687444
@q1[iperf]: count 2, average 8301, total 16602
@q1[kworker/169:2]: count 2, average 20749, total 41498

@q2[swapper/169]: count 988, average 827, total 817199
@q2[ksoftirqd/169]: count 268, average 1068, total 286395
@q2[iperf]: count 2, average 5420, total 10840
@q2[kworker/169:2]: count 4, average 6692, total 26770


@q4[swapper/169]: count 27497, average 1357, total 37318555
@q4[ksoftirqd/169]: count 4925, average 1561, total 7688196
@q4[iperf]: count 43, average 1686, total 72536
@q4[kworker/169:2]: count 15, average 2151, total 32268

@q5[kworker/169:2]: count 108, average 590, total 63778
@q5[ksoftirqd/169]: count 38659, average 686, total 26555763
@q5[iperf]: count 338, average 732, total 247693
@q5[swapper/169]: count 215880, average 1195, total 258020396

@uc: count 21661, average 2690, total 58273577

@q1[swapper/169]: count 404, average 3615, total 1460512
@q1[ksoftirqd/169]: count 168, average 4802, total 806859
@q1[iperf]: count 3, average 6612, total 19837
@q1[kworker/169:2]: count 7, average 9631, total 67417

@q2[swapper/169]: count 763, average 875, total 667929
@q2[ksoftirqd/169]: count 267, average 1240, total 331209
@q2[iperf]: count 5, average 3041, total 15209
@q2[kworker/169:2]: count 7, average 3070, total 21490


@q4[swapper/169]: count 26416, average 1446, total 38213628
@q4[ksoftirqd/169]: count 5802, average 1603, total 9306262
@q4[iperf]: count 139, average 1614, total 224477
@q4[kworker/169:2]: count 26, average 2308, total 60033

@q5[swapper/169]: count 208327, average 630, total 131272851
@q5[iperf]: count 1099, average 722, total 793801
@q5[kworker/169:2]: count 196, average 781, total 153212
@q5[ksoftirqd/169]: count 45654, average 1279, total 58392563

@uc: count 24824, average 2544, total 63171724