Attaching 12 probes...
Tracing latency of network stack funtions. Hit Ctrl-C to end.
@q1[ksoftirqd/169]: count 56, average 2656, total 148750
@q1[swapper/169]: count 233, average 2842, total 662206

@q2[swapper/169]: count 365, average 747, total 272976
@q2[ksoftirqd/169]: count 109, average 22761, total 2480987


@q4[swapper/169]: count 14894, average 1024, total 15255699
@q4[ksoftirqd/169]: count 17697, average 1336, total 23646604

@q5[swapper/169]: count 117311, average 461, total 54167163
@q5[ksoftirqd/169]: count 140323, average 594, total 83399579

@uc: count 21831, average 3866, total 84409880

@q1[swapper/169]: count 451, average 2751, total 1241094
@q1[ksoftirqd/169]: count 127, average 2754, total 349808

@q2[ksoftirqd/169]: count 198, average 699, total 138514
@q2[swapper/169]: count 662, average 705, total 466773
@q2[iperf]: count 2, average 16471, total 32943


@q4[swapper/169]: count 21622, average 1034, total 22362605
@q4[ksoftirqd/169]: count 22639, average 1427, total 32320287
@q4[iperf]: count 16, average 2234, total 35758

@q5[swapper/169]: count 170212, average 464, total 79022072
@q5[iperf]: count 123, average 582, total 71676
@q5[ksoftirqd/169]: count 179529, average 635, total 114044768

@uc: count 32125, average 1790, total 57511957

@q1[ksoftirqd/169]: count 133, average 2739, total 364364
@q1[swapper/169]: count 470, average 2756, total 1295429
@q1[iperf]: count 3, average 15909, total 47729

@q2[swapper/169]: count 729, average 656, total 478269
@q2[ksoftirqd/169]: count 211, average 785, total 165837
@q2[iperf]: count 4, average 6818, total 27272


@q4[swapper/169]: count 22590, average 1034, total 23362479
@q4[ksoftirqd/169]: count 21601, average 1425, total 30787314
@q4[iperf]: count 210, average 1458, total 306205

@q5[swapper/169]: count 177651, average 463, total 82345678
@q5[ksoftirqd/169]: count 171216, average 634, total 108561058
@q5[iperf]: count 1663, average 654, total 1088644

@uc: count 30193, average 1803, total 54467234

@q1[swapper/169]: count 390, average 2609, total 1017605
@q1[ksoftirqd/169]: count 135, average 2996, total 404574

@q2[swapper/169]: count 618, average 647, total 399980
@q2[ksoftirqd/169]: count 198, average 816, total 161576


@q4[swapper/169]: count 19687, average 1062, total 20912109
@q4[ksoftirqd/169]: count 23598, average 1463, total 34529730

@q5[swapper/169]: count 154834, average 476, total 73790849
@q5[ksoftirqd/169]: count 187124, average 647, total 121193240

@uc: count 32167, average 1785, total 57445586

@q1[swapper/169]: count 415, average 2735, total 1135362
@q1[ksoftirqd/169]: count 123, average 2755, total 338885

@q2[swapper/169]: count 640, average 657, total 420867
@q2[ksoftirqd/169]: count 194, average 815, total 158138


@q4[swapper/169]: count 20311, average 1048, total 21305539
@q4[ksoftirqd/169]: count 23087, average 1460, total 33708731
@q4[iperf]: count 80, average 1832, total 146637

@q5[swapper/169]: count 159828, average 470, total 75198491
@q5[ksoftirqd/169]: count 183025, average 650, total 119045448
@q5[iperf]: count 637, average 790, total 503770

@uc: count 33227, average 1616, total 53714858

@q1[ksoftirqd/169]: count 114, average 2672, total 304629
@q1[swapper/169]: count 398, average 2690, total 1070805

@q2[swapper/169]: count 652, average 651, total 424937
@q2[ksoftirqd/169]: count 170, average 846, total 143836


@q4[swapper/169]: count 20381, average 1050, total 21405188
@q4[ksoftirqd/169]: count 22820, average 1479, total 33755011

@q5[swapper/169]: count 160295, average 471, total 75575648
@q5[ksoftirqd/169]: count 181020, average 657, total 119060253

@uc: count 35233, average 1616, total 56966180

@q1[ksoftirqd/169]: count 143, average 2703, total 386604
@q1[swapper/169]: count 418, average 2725, total 1139154

@q2[swapper/169]: count 645, average 697, total 449590
@q2[ksoftirqd/169]: count 204, average 719, total 146716


@q4[swapper/169]: count 20208, average 1053, total 21279106
@q4[ksoftirqd/169]: count 23424, average 1453, total 34056349

@q5[swapper/169]: count 158958, average 472, total 75129056
@q5[ksoftirqd/169]: count 185750, average 649, total 120609420

@uc: count 33477, average 1541, total 51602027

@q1[swapper/169]: count 469, average 2712, total 1272303
@q1[ksoftirqd/169]: count 129, average 2822, total 364162

@q2[swapper/169]: count 716, average 656, total 470343
@q2[ksoftirqd/169]: count 183, average 846, total 154933


@q4[swapper/169]: count 21433, average 1029, total 22061423
@q4[ksoftirqd/169]: count 22166, average 1461, total 32402017

@q5[swapper/169]: count 168443, average 462, total 77923387
@q5[ksoftirqd/169]: count 175764, average 650, total 114330552

@uc: count 30684, average 1665, total 51112435

@q1[ksoftirqd/169]: count 116, average 2790, total 323753
@q1[swapper/169]: count 457, average 2816, total 1287053
@q1[iperf]: count 1, average 43252, total 43252

@q2[swapper/169]: count 696, average 691, total 481624
@q2[ksoftirqd/169]: count 182, average 712, total 129736
@q2[iperf]: count 4, average 5648, total 22592


@q4[swapper/169]: count 21635, average 1035, total 22407247
@q4[iperf]: count 48, average 1235, total 59292
@q4[ksoftirqd/169]: count 22417, average 1437, total 32213486

@q5[swapper/169]: count 170281, average 465, total 79193268
@q5[iperf]: count 377, average 466, total 175847
@q5[ksoftirqd/169]: count 177794, average 640, total 113961549

@uc: count 32468, average 1552, total 50406748

@q1[ksoftirqd/169]: count 154, average 2715, total 418253
@q1[swapper/169]: count 447, average 2792, total 1248293
@q1[iperf]: count 1, average 39364, total 39364

@q2[swapper/169]: count 654, average 654, total 427927
@q2[ksoftirqd/169]: count 223, average 800, total 178502
@q2[iperf]: count 4, average 8636, total 34544


@q4[swapper/169]: count 20709, average 1043, total 21607389
@q4[ksoftirqd/169]: count 22902, average 1438, total 32950879
@q4[iperf]: count 116, average 1454, total 168759

@q5[swapper/169]: count 162882, average 468, total 76385522
@q5[iperf]: count 910, average 640, total 583237
@q5[ksoftirqd/169]: count 181558, average 641, total 116510297

@uc: count 31888, average 1890, total 60292203

@q1[swapper/169]: count 461, average 2667, total 1229566
@q1[ksoftirqd/169]: count 135, average 2769, total 373818

@q2[swapper/169]: count 710, average 664, total 471694
@q2[ksoftirqd/169]: count 199, average 774, total 154090
@q2[iperf]: count 2, average 16301, total 32602


@q4[swapper/169]: count 22729, average 1028, total 23382633
@q4[ksoftirqd/169]: count 21765, average 1423, total 30972775
@q4[iperf]: count 20, average 2075, total 41507

@q5[swapper/169]: count 178910, average 462, total 82671618
@q5[iperf]: count 154, average 545, total 84019
@q5[ksoftirqd/169]: count 172555, average 631, total 108996373

@uc: count 31286, average 2580, total 80721303

@q1[swapper/169]: count 457, average 2762, total 1262680
@q1[ksoftirqd/169]: count 135, average 3048, total 411505
@q1[iperf]: count 2, average 20197, total 40395

@q2[swapper/169]: count 669, average 656, total 439521
@q2[ksoftirqd/169]: count 208, average 762, total 158587
@q2[iperf]: count 5, average 4099, total 20498


@q4[swapper/169]: count 21640, average 1039, total 22503668
@q4[iperf]: count 38, average 1271, total 48335
@q4[ksoftirqd/169]: count 22330, average 1435, total 32057570

@q5[iperf]: count 289, average 465, total 134508
@q5[swapper/169]: count 170348, average 466, total 79501436
@q5[ksoftirqd/169]: count 176979, average 641, total 113581819

@uc: count 31798, average 1880, total 59798675

@q1[swapper/169]: count 495, average 2745, total 1358933
@q1[ksoftirqd/169]: count 132, average 2908, total 383899

@q2[swapper/169]: count 714, average 652, total 465677
@q2[ksoftirqd/169]: count 197, average 804, total 158415


@q4[swapper/169]: count 21479, average 1035, total 22232237
@q4[ksoftirqd/169]: count 22477, average 1436, total 32292724

@q5[swapper/169]: count 168904, average 464, total 78433229
@q5[ksoftirqd/169]: count 178194, average 639, total 114032137

@uc: count 28712, average 1743, total 50059616

@q1[ksoftirqd/169]: count 136, average 2652, total 360673
@q1[swapper/169]: count 489, average 2711, total 1325752
@q1[kworker/169:2]: count 1, average 40416, total 40416

@q2[swapper/169]: count 729, average 656, total 478546
@q2[ksoftirqd/169]: count 207, average 824, total 170702
@q2[iperf]: count 2, average 14357, total 28714
@q2[kworker/169:2]: count 1, average 26139, total 26139


@q4[ksoftirqd/169]: count 44281, average 704, total 31188411
@q4[swapper/169]: count 22218, average 1037, total 23050689
@q4[kworker/169:2]: count 46, average 1325, total 60973
@q4[iperf]: count 14, average 2203, total 30847

@q5[swapper/169]: count 174703, average 465, total 81363460
@q5[kworker/169:2]: count 366, average 472, total 172983
@q5[iperf]: count 108, average 587, total 63429
@q5[ksoftirqd/169]: count 172771, average 638, total 110265901

@uc: count 30104, average 1718, total 51730983

@q1[swapper/169]: count 495, average 2753, total 1363037
@q1[ksoftirqd/169]: count 130, average 2827, total 367519

@q2[swapper/169]: count 727, average 681, total 495242
@q2[ksoftirqd/169]: count 193, average 692, total 133693


@q4[swapper/169]: count 22355, average 1030, total 23028966
@q4[ksoftirqd/169]: count 22139, average 1420, total 31456972

@q5[swapper/169]: count 175716, average 461, total 81127968
@q5[ksoftirqd/169]: count 175580, average 630, total 110674727

@uc: count 30836, average 1605, total 49494367

@q1[ksoftirqd/169]: count 138, average 2670, total 368563
@q1[swapper/169]: count 474, average 2775, total 1315585

@q2[swapper/169]: count 675, average 652, total 440190
@q2[ksoftirqd/169]: count 207, average 812, total 168181


@q4[swapper/169]: count 21259, average 1041, total 22135221
@q4[ksoftirqd/169]: count 22794, average 1440, total 32825667

@q5[ksoftirqd/169]: count 356325, average 324, total 115699027
@q5[swapper/169]: count 167176, average 467, total 78089995

@uc: count 30743, average 1565, total 48122144

@q1[ksoftirqd/169]: count 126, average 2689, total 338937
@q1[swapper/169]: count 500, average 2762, total 1381401

@q2[swapper/169]: count 723, average 652, total 471673
@q2[ksoftirqd/169]: count 200, average 821, total 164205
@q2[iperf]: count 2, average 15109, total 30218


@q4[swapper/169]: count 22510, average 1036, total 23340629
@q4[ksoftirqd/169]: count 21726, average 1416, total 30773012
@q4[iperf]: count 16, average 2069, total 33114

@q5[swapper/169]: count 177106, average 464, total 82181867
@q5[ksoftirqd/169]: count 172227, average 630, total 108583970
@q5[iperf]: count 126, average 643, total 81096

@uc: count 31086, average 1632, total 50760830

@q1[swapper/169]: count 462, average 2707, total 1250692
@q1[ksoftirqd/169]: count 138, average 3021, total 417031

@q2[swapper/169]: count 640, average 648, total 415204
@q2[ksoftirqd/169]: count 208, average 788, total 164056
@q2[iperf]: count 2, average 10775, total 21550


@q4[swapper/169]: count 20387, average 1046, total 21331148
@q4[ksoftirqd/169]: count 23442, average 1441, total 33784594
@q4[iperf]: count 27, average 1550, total 41850

@q5[swapper/169]: count 160267, average 469, total 75194042
@q5[iperf]: count 210, average 498, total 104633
@q5[ksoftirqd/169]: count 185864, average 641, total 119218024

@uc: count 32867, average 1703, total 56000746

@q1[swapper/169]: count 463, average 2724, total 1261321
@q1[ksoftirqd/169]: count 142, average 2837, total 402908
@q1[iperf]: count 1, average 39845, total 39845

@q2[swapper/169]: count 709, average 665, total 471685
@q2[ksoftirqd/169]: count 217, average 790, total 171616
@q2[iperf]: count 4, average 7123, total 28495


@q4[swapper/169]: count 22424, average 1036, total 23241747
@q4[iperf]: count 33, average 1396, total 46092
@q4[ksoftirqd/169]: count 21839, average 1425, total 31125846

@q5[swapper/169]: count 176433, average 464, total 82010889
@q5[iperf]: count 256, average 491, total 125820
@q5[ksoftirqd/169]: count 173053, average 633, total 109645996

@uc: count 30249, average 1677, total 50750833

@q1[swapper/169]: count 447, average 2688, total 1201870
@q1[ksoftirqd/169]: count 133, average 3021, total 401900

@q2[swapper/169]: count 669, average 656, total 438960
@q2[ksoftirqd/169]: count 202, average 817, total 165091


@q4[swapper/169]: count 21078, average 1040, total 21929878
@q4[ksoftirqd/169]: count 22888, average 1449, total 33168193

@q5[swapper/169]: count 165836, average 466, total 77428315
@q5[ksoftirqd/169]: count 181459, average 644, total 116951579

@uc: count 32188, average 1606, total 51700366

@q1[swapper/169]: count 459, average 2693, total 1236345
@q1[ksoftirqd/169]: count 134, average 2919, total 391246
@q1[iperf]: count 1, average 40376, total 40376

@q2[swapper/169]: count 691, average 662, total 457712
@q2[ksoftirqd/169]: count 214, average 812, total 173895
@q2[iperf]: count 4, average 4265, total 17062


@q4[swapper/169]: count 22233, average 1038, total 23089261
@q4[iperf]: count 35, average 1269, total 44422
@q4[ksoftirqd/169]: count 22175, average 1407, total 31217444

@q5[iperf]: count 272, average 456, total 124302
@q5[swapper/169]: count 174959, average 466, total 81623839
@q5[ksoftirqd/169]: count 175797, average 626, total 110144754

@uc: count 31039, average 2175, total 67522920

@q1[ksoftirqd/169]: count 136, average 2822, total 383814
@q1[swapper/169]: count 398, average 2891, total 1150868

@q2[swapper/169]: count 631, average 666, total 420451
@q2[ksoftirqd/169]: count 216, average 804, total 173680


@q4[swapper/169]: count 21489, average 1037, total 22287422
@q4[ksoftirqd/169]: count 22705, average 1379, total 31328238

@q5[swapper/169]: count 169343, average 465, total 78913203
@q5[ksoftirqd/169]: count 179987, average 620, total 111722729

@uc: count 47079, average 1598, total 75278088

@q1[ksoftirqd/169]: count 136, average 2805, total 381606
@q1[swapper/169]: count 451, average 2866, total 1292864

@q2[swapper/169]: count 668, average 653, total 436390
@q2[ksoftirqd/169]: count 224, average 809, total 181426
@q2[iperf]: count 2, average 15394, total 30789


@q4[swapper/169]: count 21894, average 1034, total 22658103
@q4[ksoftirqd/169]: count 22445, average 1402, total 31477691
@q4[iperf]: count 26, average 2009, total 52253

@q5[swapper/169]: count 172296, average 464, total 80066998
@q5[iperf]: count 201, average 570, total 114763
@q5[ksoftirqd/169]: count 177955, average 621, total 110620977

@uc: count 31181, average 1831, total 57112859

@q1[swapper/169]: count 444, average 2659, total 1180876
@q1[ksoftirqd/169]: count 144, average 2962, total 426611
@q1[iperf]: count 1, average 39014, total 39014

@q2[swapper/169]: count 673, average 654, total 440434
@q2[ksoftirqd/169]: count 207, average 791, total 163737
@q2[iperf]: count 3, average 9922, total 29766


@q4[swapper/169]: count 20890, average 1031, total 21538895
@q4[ksoftirqd/169]: count 23377, average 1426, total 33356520
@q4[iperf]: count 35, average 1470, total 51466

@q5[swapper/169]: count 164277, average 463, total 76063560
@q5[iperf]: count 270, average 498, total 134712
@q5[ksoftirqd/169]: count 185346, average 1234, total 228724037

@uc: count 33010, average 1659, total 54794461

@q1[swapper/169]: count 476, average 2725, total 1297308
@q1[ksoftirqd/169]: count 143, average 2799, total 400357
@q1[iperf]: count 1, average 40977, total 40977

@q2[swapper/169]: count 705, average 650, total 458931
@q2[ksoftirqd/169]: count 212, average 813, total 172394
@q2[iperf]: count 1, average 22592, total 22592


@q4[swapper/169]: count 21751, average 1028, total 22378590
@q4[ksoftirqd/169]: count 22612, average 1410, total 31895007
@q4[iperf]: count 52, average 1558, total 81066

@q5[swapper/169]: count 171087, average 461, total 78955309
@q5[iperf]: count 413, average 619, total 255773
@q5[ksoftirqd/169]: count 179231, average 627, total 112449558

@uc: count 28976, average 1757, total 50923962

@q1[swapper/169]: count 410, average 2701, total 1107601
@q1[ksoftirqd/169]: count 141, average 3020, total 425822

@q2[swapper/169]: count 633, average 660, total 418391
@q2[ksoftirqd/169]: count 218, average 807, total 175946
@q2[iperf]: count 2, average 11847, total 23694


@q4[swapper/169]: count 20957, average 1045, total 21905899
@q4[ksoftirqd/169]: count 23169, average 1430, total 33140240
@q4[iperf]: count 15, average 2048, total 30725

@q5[swapper/169]: count 164973, average 468, total 77357116
@q5[iperf]: count 116, average 563, total 65313
@q5[ksoftirqd/169]: count 183723, average 637, total 117079126

@uc: count 33410, average 1614, total 53944427

@q1[swapper/169]: count 470, average 2697, total 1268001
@q1[ksoftirqd/169]: count 136, average 2995, total 407336
@q1[iperf]: count 2, average 10960, total 21921

@q2[swapper/169]: count 699, average 663, total 463855
@q2[ksoftirqd/169]: count 203, average 818, total 166077
@q2[iperf]: count 3, average 4154, total 12463


@q4[swapper/169]: count 21533, average 1039, total 22386273
@q4[iperf]: count 32, average 1178, total 37721
@q4[ksoftirqd/169]: count 22371, average 1433, total 32079957
@q4[kworker/169:2]: count 1, average 21210, total 21210

@q5[iperf]: count 245, average 457, total 112027
@q5[swapper/169]: count 169414, average 466, total 78949139
@q5[ksoftirqd/169]: count 177289, average 638, total 113258363
@q5[kworker/169:2]: count 8, average 2874, total 22994

@uc: count 31042, average 1739, total 53999020

@q1[swapper/169]: count 427, average 2800, total 1195969
@q1[ksoftirqd/169]: count 153, average 2802, total 428830

@q2[swapper/169]: count 628, average 719, total 452093
@q2[ksoftirqd/169]: count 233, average 762, total 177724


@q4[swapper/169]: count 21062, average 1042, total 21949437
@q4[ksoftirqd/169]: count 22934, average 1423, total 32647699
@q4[iperf]: count 80, average 1805, total 144457

@q5[swapper/169]: count 165753, average 467, total 77571009
@q5[ksoftirqd/169]: count 181792, average 630, total 114650047
@q5[iperf]: count 636, average 742, total 472385

@uc: count 31938, average 1621, total 51780220

@q1[swapper/169]: count 509, average 2696, total 1372310
@q1[ksoftirqd/169]: count 145, average 2860, total 414706

@q2[swapper/169]: count 729, average 678, total 494774
@q2[ksoftirqd/169]: count 209, average 832, total 174087


@q4[swapper/169]: count 21811, average 1040, total 22696179
@q4[ksoftirqd/169]: count 22033, average 1444, total 31829942

@q5[swapper/169]: count 171435, average 466, total 79974110
@q5[ksoftirqd/169]: count 174648, average 642, total 112176444

@uc: count 30082, average 1603, total 48241946

@q1[swapper/169]: count 459, average 2774, total 1273646
@q1[ksoftirqd/169]: count 118, average 2919, total 344544

@q2[swapper/169]: count 655, average 665, total 436196
@q2[ksoftirqd/169]: count 178, average 837, total 149067
@q2[iperf]: count 1, average 29205, total 29205


@q4[swapper/169]: count 20596, average 1036, total 21344319
@q4[ksoftirqd/169]: count 23467, average 1440, total 33810604
@q4[iperf]: count 15, average 2207, total 33115

@q5[swapper/169]: count 162069, average 465, total 75435571
@q5[iperf]: count 118, average 588, total 69391
@q5[ksoftirqd/169]: count 186123, average 645, total 120135771

@uc: count 33407, average 1824, total 60964696

@q1[swapper/169]: count 449, average 2666, total 1197318
@q1[ksoftirqd/169]: count 135, average 2984, total 402895
@q1[iperf]: count 1, average 38934, total 38934

@q2[swapper/169]: count 660, average 662, total 437373
@q2[ksoftirqd/169]: count 200, average 798, total 159756
@q2[iperf]: count 1, average 26490, total 26490


@q4[swapper/169]: count 21557, average 1040, total 22423186
@q4[ksoftirqd/169]: count 22559, average 1442, total 32544587
@q4[iperf]: count 29, average 1570, total 45548

@q5[swapper/169]: count 169640, average 466, total 79155004
@q5[iperf]: count 227, average 510, total 115816
@q5[ksoftirqd/169]: count 178889, average 644, total 115334610

@uc: count 31181, average 1864, total 58149627

@q1[swapper/169]: count 453, average 2745, total 1243896
@q1[ksoftirqd/169]: count 132, average 2996, total 395595
@q1[iperf]: count 1, average 39584, total 39584

@q2[swapper/169]: count 673, average 661, total 445026
@q2[ksoftirqd/169]: count 208, average 804, total 167402
@q2[iperf]: count 1, average 27131, total 27131


@q4[swapper/169]: count 22246, average 1034, total 23023275
@q4[ksoftirqd/169]: count 22282, average 1416, total 31564412
@q4[iperf]: count 24, average 1755, total 42140

@q5[swapper/169]: count 175132, average 464, total 81372441
@q5[iperf]: count 189, average 512, total 96802
@q5[ksoftirqd/169]: count 176679, average 633, total 111880516

@uc: count 32119, average 2733, total 87783045

@q1[ksoftirqd/169]: count 145, average 2651, total 384514
@q1[swapper/169]: count 451, average 2797, total 1261881

@q2[swapper/169]: count 664, average 664, total 441064
@q2[ksoftirqd/169]: count 232, average 790, total 183424
@q2[iperf]: count 2, average 15003, total 30007


@q4[swapper/169]: count 21664, average 1038, total 22500894
@q4[iperf]: count 90, average 1762, total 158608
@q4[ksoftirqd/169]: count 22274, average 2847, total 63424727

@q5[swapper/169]: count 170555, average 466, total 79527272
@q5[ksoftirqd/169]: count 176450, average 638, total 112651941
@q5[iperf]: count 710, average 742, total 527305

@uc: count 31274, average 1768, total 55310000

@q1[swapper/169]: count 491, average 2681, total 1316857
@q1[ksoftirqd/169]: count 135, average 3052, total 412131
@q1[iperf]: count 1, average 39324, total 39324

@q2[swapper/169]: count 715, average 659, total 471800
@q2[ksoftirqd/169]: count 207, average 810, total 167871
@q2[iperf]: count 2, average 13715, total 27431


@q4[swapper/169]: count 22140, average 1024, total 22692638
@q4[iperf]: count 50, average 1280, total 64042
@q4[ksoftirqd/169]: count 21965, average 1403, total 30836343

@q5[swapper/169]: count 174078, average 461, total 80388735
@q5[iperf]: count 393, average 473, total 185926
@q5[ksoftirqd/169]: count 174122, average 629, total 109647626

@uc: count 31498, average 2278, total 71768050

@q1[swapper/169]: count 447, average 2735, total 1222569
@q1[ksoftirqd/169]: count 127, average 2965, total 376593

@q2[swapper/169]: count 666, average 661, total 440472
@q2[ksoftirqd/169]: count 193, average 824, total 159163


@q4[swapper/169]: count 21076, average 1031, total 21747685
@q4[ksoftirqd/169]: count 23397, average 1418, total 33186923

@q5[swapper/169]: count 165878, average 465, total 77200390
@q5[ksoftirqd/169]: count 185538, average 636, total 118080611

@uc: count 32061, average 1924, total 61694847

@q1[swapper/169]: count 472, average 2696, total 1272904
@q1[ksoftirqd/169]: count 133, average 2940, total 391149
@q1[iperf]: count 1, average 39284, total 39284

@q2[swapper/169]: count 692, average 660, total 457056
@q2[ksoftirqd/169]: count 206, average 807, total 166414
@q2[iperf]: count 1, average 30397, total 30397


@q4[swapper/169]: count 21287, average 1030, total 21940883
@q4[ksoftirqd/169]: count 22738, average 1427, total 32451740
@q4[iperf]: count 16, average 2457, total 39327

@q5[swapper/169]: count 167364, average 463, total 77614258
@q5[iperf]: count 124, average 575, total 71417
@q5[ksoftirqd/169]: count 180305, average 637, total 114963642

@uc: count 30329, average 2372, total 71969711

@q1[ksoftirqd/169]: count 120, average 2769, total 332394
@q1[swapper/169]: count 464, average 2779, total 1289618

@q2[swapper/169]: count 689, average 658, total 453679
@q2[ksoftirqd/169]: count 188, average 770, total 144817
@q2[iperf]: count 2, average 10840, total 21680


@q4[swapper/169]: count 21269, average 1034, total 22007728
@q4[ksoftirqd/169]: count 22543, average 1446, total 32603910
@q4[iperf]: count 25, average 1456, total 36408

@q5[swapper/169]: count 167291, average 465, total 77815174
@q5[iperf]: count 193, average 482, total 93114
@q5[ksoftirqd/169]: count 178737, average 644, total 115257085

@uc: count 34600, average 1475, total 51049185

@q1[swapper/169]: count 481, average 2776, total 1335432
@q1[ksoftirqd/169]: count 132, average 2802, total 369906

@q2[ksoftirqd/169]: count 197, average 688, total 135675
@q2[swapper/169]: count 707, average 691, total 488582
@q2[iperf]: count 1, average 28864, total 28864


@q4[swapper/169]: count 21847, average 1031, total 22539520
@q4[ksoftirqd/169]: count 21615, average 1451, total 31379775
@q4[iperf]: count 95, average 1586, total 150670

@q5[swapper/169]: count 171804, average 463, total 79667359
@q5[ksoftirqd/169]: count 171391, average 650, total 111428997
@q5[iperf]: count 752, average 665, total 500823

@uc: count 31753, average 2030, total 64480304

@q1[swapper/169]: count 419, average 2675, total 1120875
@q1[ksoftirqd/169]: count 144, average 2928, total 421725
@q1[iperf]: count 1, average 39023, total 39023

@q2[swapper/169]: count 682, average 665, total 454048
@q2[ksoftirqd/169]: count 212, average 819, total 173749
@q2[iperf]: count 4, average 6877, total 27511


@q4[swapper/169]: count 21148, average 1045, total 22110655
@q4[ksoftirqd/169]: count 22191, average 1446, total 32102980
@q4[iperf]: count 16, average 1892, total 30287

@q5[ksoftirqd/169]: count 347287, average 327, total 113695418
@q5[swapper/169]: count 166372, average 469, total 78103812
@q5[iperf]: count 119, average 552, total 65730

@uc: count 33134, average 1695, total 56193183

@q1[swapper/169]: count 429, average 2539, total 1089416
@q1[ksoftirqd/169]: count 131, average 2906, total 380738

@q2[swapper/169]: count 664, average 681, total 452339
@q2[ksoftirqd/169]: count 205, average 696, total 142839


@q4[swapper/169]: count 20347, average 1042, total 21217567
@q4[ksoftirqd/169]: count 22789, average 1472, total 33548745
@q4[iperf]: count 80, average 1734, total 138795

@q5[swapper/169]: count 159935, average 467, total 74812591
@q5[ksoftirqd/169]: count 180688, average 655, total 118431655
@q5[iperf]: count 637, average 734, total 468129

@uc: count 30824, average 1757, total 54182970

@q1[swapper/169]: count 358, average 2685, total 961352
@q1[ksoftirqd/169]: count 130, average 2893, total 376090

@q2[swapper/169]: count 593, average 659, total 390970
@q2[ksoftirqd/169]: count 206, average 825, total 169954
@q2[iperf]: count 2, average 7809, total 15619
@q2[kworker/169:2]: count 2, average 15569, total 31139


@q4[swapper/169]: count 19499, average 1067, total 20817296
@q4[kworker/169:2]: count 48, average 1418, total 68109
@q4[ksoftirqd/169]: count 23425, average 1474, total 34549716
@q4[iperf]: count 17, average 1707, total 29024

@q5[swapper/169]: count 153458, average 477, total 73232358
@q5[kworker/169:2]: count 379, average 481, total 182648
@q5[iperf]: count 133, average 515, total 68622
@q5[ksoftirqd/169]: count 185760, average 657, total 122100817

@uc: count 33796, average 1585, total 53577358

@q1[swapper/169]: count 447, average 2625, total 1173751
@q1[ksoftirqd/169]: count 141, average 2912, total 410714
@q1[iperf]: count 1, average 39184, total 39184

@q2[swapper/169]: count 692, average 659, total 456174
@q2[ksoftirqd/169]: count 217, average 750, total 162789
@q2[iperf]: count 3, average 10336, total 31008


@q4[swapper/169]: count 21383, average 1038, total 22216296
@q4[ksoftirqd/169]: count 22073, average 1449, total 31989288
@q4[iperf]: count 32, average 1505, total 48163

@q5[swapper/169]: count 168185, average 465, total 78367736
@q5[iperf]: count 246, average 498, total 122641
@q5[ksoftirqd/169]: count 174912, average 646, total 113077155

@uc: count 33015, average 2179, total 71965063

@q1[swapper/169]: count 466, average 2602, total 1212605
@q1[ksoftirqd/169]: count 147, average 2923, total 429790

@q2[swapper/169]: count 728, average 648, total 472169
@q2[ksoftirqd/169]: count 198, average 804, total 159201
@q2[iperf]: count 3, average 10703, total 32110


@q4[swapper/169]: count 22412, average 1043, total 23387782
@q4[ksoftirqd/169]: count 21203, average 1461, total 30993859
@q4[iperf]: count 31, average 1625, total 50384

@q5[swapper/169]: count 176183, average 468, total 82503009
@q5[iperf]: count 242, average 504, total 122207
@q5[ksoftirqd/169]: count 168055, average 650, total 109387914

@uc: count 29318, average 2006, total 58832274

@q1[ksoftirqd/169]: count 154, average 2763, total 425568
@q1[swapper/169]: count 479, average 2787, total 1335255

@q2[swapper/169]: count 705, average 658, total 464255
@q2[ksoftirqd/169]: count 217, average 759, total 164823
@q2[iperf]: count 2, average 13655, total 27311


@q4[swapper/169]: count 22142, average 1030, total 22808377
@q4[ksoftirqd/169]: count 22053, average 1427, total 31480653
@q4[iperf]: count 32, average 1461, total 46782

@q5[swapper/169]: count 174199, average 462, total 80644494
@q5[iperf]: count 250, average 493, total 123356
@q5[ksoftirqd/169]: count 174759, average 636, total 111221978

@uc: count 30081, average 1658, total 49884610

@q1[ksoftirqd/169]: count 116, average 2772, total 321623
@q1[swapper/169]: count 458, average 2786, total 1276140

@q2[swapper/169]: count 684, average 690, total 472632
@q2[ksoftirqd/169]: count 187, average 713, total 133448


@q4[swapper/169]: count 21827, average 1033, total 22551861
@q4[ksoftirqd/169]: count 22262, average 1443, total 32131429

@q5[swapper/169]: count 171768, average 463, total 79594617
@q5[ksoftirqd/169]: count 176538, average 642, total 113487755

@uc: count 31802, average 1636, total 52044916

@q1[swapper/169]: count 475, average 2712, total 1288231
@q1[ksoftirqd/169]: count 128, average 2960, total 378992

@q2[swapper/169]: count 711, average 651, total 462877
@q2[ksoftirqd/169]: count 195, average 811, total 158170


@q4[swapper/169]: count 21853, average 1031, total 22545897
@q4[ksoftirqd/169]: count 22287, average 1436, total 32020917
@q4[iperf]: count 80, average 1893, total 151462

@q5[swapper/169]: count 171850, average 462, total 79552839
@q5[ksoftirqd/169]: count 176751, average 639, total 113074575
@q5[iperf]: count 636, average 782, total 497851

@uc: count 30345, average 1739, total 52779738

@q1[swapper/169]: count 502, average 2785, total 1398522
@q1[ksoftirqd/169]: count 145, average 3005, total 435725

@q2[swapper/169]: count 723, average 661, total 478128
@q2[ksoftirqd/169]: count 210, average 801, total 168303
@q2[iperf]: count 2, average 15083, total 30167


@q4[swapper/169]: count 22919, average 1033, total 23697224
@q4[ksoftirqd/169]: count 21288, average 1424, total 30330019
@q4[iperf]: count 53, average 1502, total 79653

@q5[swapper/169]: count 180333, average 463, total 83588950
@q5[iperf]: count 421, average 577, total 242941
@q5[ksoftirqd/169]: count 168701, average 633, total 106952265

@uc: count 28250, average 1806, total 51046005

@q1[swapper/169]: count 476, average 2671, total 1271824
@q1[ksoftirqd/169]: count 152, average 3033, total 461123

@q2[swapper/169]: count 692, average 656, total 454494
@q2[ksoftirqd/169]: count 218, average 805, total 175637


@q4[swapper/169]: count 21897, average 1036, total 22707172
@q4[ksoftirqd/169]: count 22251, average 1419, total 31578266

@q5[swapper/169]: count 172200, average 466, total 80367402
@q5[ksoftirqd/169]: count 176349, average 633, total 111719580

@uc: count 30633, average 2039, total 62464285

@q1[swapper/169]: count 494, average 2738, total 1352875
@q1[ksoftirqd/169]: count 133, average 3062, total 407247
@q1[iperf]: count 1, average 38212, total 38212

@q2[swapper/169]: count 697, average 656, total 457512
@q2[ksoftirqd/169]: count 196, average 821, total 161058
@q2[iperf]: count 4, average 3747, total 14989


@q4[swapper/169]: count 21781, average 1033, total 22515947
@q4[ksoftirqd/169]: count 22125, average 1445, total 31979769
@q4[iperf]: count 15, average 1573, total 23596

@q5[swapper/169]: count 171325, average 463, total 79326473
@q5[iperf]: count 112, average 500, total 56076
@q5[ksoftirqd/169]: count 175476, average 643, total 112972365

@uc: count 31210, average 1610, total 50273296

@q1[swapper/169]: count 434, average 2730, total 1185101
@q1[ksoftirqd/169]: count 132, average 2913, total 384546
@q1[iperf]: count 3, average 15225, total 45675

@q2[swapper/169]: count 674, average 658, total 443529
@q2[ksoftirqd/169]: count 212, average 810, total 171878
@q2[iperf]: count 5, average 5862, total 29314


@q4[swapper/169]: count 21363, average 1036, total 22145189
@q4[iperf]: count 45, average 1338, total 60233
@q4[ksoftirqd/169]: count 22435, average 1431, total 32119838

@q5[swapper/169]: count 168140, average 465, total 78231863
@q5[iperf]: count 347, average 474, total 164747
@q5[ksoftirqd/169]: count 177849, average 636, total 113147107

@uc: count 30855, average 2010, total 62043339

@q1[swapper/169]: count 460, average 2732, total 1256754
@q1[ksoftirqd/169]: count 122, average 3025, total 369148

@q2[swapper/169]: count 680, average 654, total 444977
@q2[ksoftirqd/169]: count 194, average 827, total 160483


@q4[swapper/169]: count 21474, average 1042, total 22395007
@q4[ksoftirqd/169]: count 22804, average 1433, total 32697157

@q5[swapper/169]: count 169002, average 467, total 78977633
@q5[ksoftirqd/169]: count 180822, average 638, total 115527976

@uc: count 32132, average 1560, total 50155052

@q1[ksoftirqd/169]: count 123, average 2751, total 338382
@q1[swapper/169]: count 517, average 2813, total 1454742

@q2[swapper/169]: count 746, average 652, total 486434
@q2[ksoftirqd/169]: count 186, average 835, total 155390


@q4[swapper/169]: count 22829, average 1034, total 23608416
@q4[ksoftirqd/169]: count 21074, average 1453, total 30638685
@q4[iperf]: count 80, average 1788, total 143061

@q5[swapper/169]: count 348598, average 238, total 83201077
@q5[ksoftirqd/169]: count 167110, average 647, total 108281332
@q5[iperf]: count 636, average 736, total 468330

@uc: count 28753, average 1652, total 47523224

@q1[ksoftirqd/169]: count 128, average 2761, total 353466
@q1[swapper/169]: count 480, average 2774, total 1331785
@q1[iperf]: count 1, average 34414, total 34414

@q2[swapper/169]: count 732, average 657, total 481629
@q2[ksoftirqd/169]: count 198, average 832, total 164850
@q2[iperf]: count 1, average 16010, total 16010


@q4[swapper/169]: count 23375, average 1032, total 24138666
@q4[iperf]: count 31, average 1381, total 42818
@q4[ksoftirqd/169]: count 21154, average 1430, total 30254053

@q5[swapper/169]: count 183963, average 461, total 84928496
@q5[iperf]: count 244, average 480, total 117263
@q5[ksoftirqd/169]: count 167703, average 636, total 106681993

@uc: count 30403, average 2538, total 77188346

@q1[swapper/169]: count 464, average 2677, total 1242244
@q1[ksoftirqd/169]: count 129, average 3005, total 387690
@q1[iperf]: count 1, average 36498, total 36498

@q2[swapper/169]: count 686, average 666, total 457013
@q2[ksoftirqd/169]: count 201, average 819, total 164813
@q2[iperf]: count 1, average 25988, total 25988


@q4[swapper/169]: count 21675, average 1039, total 22541062
@q4[ksoftirqd/169]: count 22541, average 1421, total 32042543
@q4[iperf]: count 101, average 1584, total 160051

@q5[swapper/169]: count 170519, average 465, total 79421926
@q5[ksoftirqd/169]: count 178684, average 634, total 113301130
@q5[iperf]: count 800, average 671, total 537590

@uc: count 31850, average 1818, total 57916081

@q1[ksoftirqd/169]: count 147, average 2604, total 382920
@q1[swapper/169]: count 481, average 2787, total 1340773

@q2[ksoftirqd/169]: count 215, average 684, total 147084
@q2[swapper/169]: count 685, average 695, total 476145


@q4[swapper/169]: count 22213, average 1038, total 23063495
@q4[ksoftirqd/169]: count 22110, average 1414, total 31279059
@q4[iperf]: count 72, average 1895, total 136450

@q5[swapper/169]: count 174804, average 465, total 81318695
@q5[ksoftirqd/169]: count 175225, average 630, total 110473823
@q5[iperf]: count 573, average 829, total 475026

@uc: count 28648, average 2251, total 64498968

@q1[swapper/169]: count 461, average 2766, total 1275367
@q1[ksoftirqd/169]: count 119, average 2777, total 330487
@q1[iperf]: count 1, average 39965, total 39965

@q2[swapper/169]: count 697, average 664, total 463325
@q2[ksoftirqd/169]: count 177, average 846, total 149861
@q2[iperf]: count 4, average 5851, total 23405


@q4[swapper/169]: count 21812, average 1041, total 22706490
@q4[ksoftirqd/169]: count 22258, average 1443, total 32129531
@q4[iperf]: count 22, average 1634, total 35958

@q5[swapper/169]: count 171656, average 465, total 79931676
@q5[iperf]: count 169, average 509, total 86186
@q5[ksoftirqd/169]: count 176543, average 642, total 113367750

@uc: count 30529, average 1728, total 52769413

@q1[swapper/169]: count 465, average 2721, total 1265531
@q1[ksoftirqd/169]: count 137, average 2768, total 379243
@q1[iperf]: count 1, average 36809, total 36809

@q2[swapper/169]: count 679, average 652, total 442951
@q2[ksoftirqd/169]: count 212, average 796, total 168771
@q2[iperf]: count 2, average 9963, total 19927


@q4[swapper/169]: count 21713, average 1045, total 22691358
@q4[ksoftirqd/169]: count 22416, average 1419, total 31820525
@q4[iperf]: count 27, average 1494, total 40357

@q5[swapper/169]: count 170808, average 468, total 79949516
@q5[iperf]: count 210, average 483, total 101591
@q5[ksoftirqd/169]: count 177726, average 633, total 112560067

@uc: count 32945, average 1745, total 57505074

@q1[swapper/169]: count 444, average 2788, total 1238298
@q1[ksoftirqd/169]: count 130, average 2806, total 364884
@q1[kworker/169:2]: count 1, average 42870, total 42870

@q2[swapper/169]: count 660, average 664, total 438786
@q2[ksoftirqd/169]: count 195, average 814, total 158828
@q2[iperf]: count 1, average 17162, total 17162
@q2[kworker/169:2]: count 1, average 28554, total 28554


@q4[swapper/169]: count 21603, average 1045, total 22578932
@q4[kworker/169:2]: count 52, average 1335, total 69460
@q4[ksoftirqd/169]: count 22260, average 1450, total 32287897
@q4[iperf]: count 13, average 1971, total 25627

@q5[swapper/169]: count 170046, average 467, total 79485438
@q5[kworker/169:2]: count 411, average 469, total 192865
@q5[iperf]: count 102, average 544, total 55508
@q5[ksoftirqd/169]: count 176546, average 644, total 113852290

@uc: count 31348, average 1845, total 57853011