Attaching 12 probes...
Tracing latency of network stack funtions. Hit Ctrl-C to end.
@q1[swapper/169]: count 196, average 2648, total 519167
@q1[ksoftirqd/169]: count 60, average 3336, total 200201

@q2[swapper/169]: count 338, average 660, total 223367
@q2[ksoftirqd/169]: count 102, average 1692, total 172684


@q4[swapper/169]: count 13652, average 1024, total 13979783
@q4[ksoftirqd/169]: count 18202, average 1312, total 23885062

@q5[swapper/169]: count 107469, average 461, total 49568802
@q5[ksoftirqd/169]: count 144399, average 590, total 85261723

@uc: count 22551, average 4882, total 110100399

@q1[swapper/169]: count 456, average 2671, total 1218001
@q1[ksoftirqd/169]: count 114, average 2847, total 324613
@q1[iperf]: count 3, average 14179, total 42539

@q2[swapper/169]: count 723, average 675, total 488582
@q2[ksoftirqd/169]: count 187, average 706, total 132169
@q2[iperf]: count 3, average 5581, total 16743


@q4[swapper/169]: count 20999, average 1016, total 21350605
@q4[ksoftirqd/169]: count 22745, average 1438, total 32726135
@q4[iperf]: count 151, average 1470, total 222111

@q5[swapper/169]: count 164968, average 459, total 75754897
@q5[ksoftirqd/169]: count 180463, average 641, total 115677901
@q5[iperf]: count 1195, average 669, total 799542

@uc: count 29682, average 2083, total 61843347

@q1[swapper/169]: count 463, average 2619, total 1212743
@q1[ksoftirqd/169]: count 130, average 3007, total 390967

@q2[swapper/169]: count 714, average 650, total 464360
@q2[ksoftirqd/169]: count 204, average 801, total 163604


@q4[swapper/169]: count 22621, average 1030, total 23322091
@q4[ksoftirqd/169]: count 21830, average 1408, total 30753577

@q5[swapper/169]: count 177959, average 465, total 82777558
@q5[ksoftirqd/169]: count 173090, average 627, total 108634140

@uc: count 29565, average 1738, total 51410268

@q1[swapper/169]: count 513, average 2698, total 1384235
@q1[ksoftirqd/169]: count 125, average 2779, total 347410

@q2[swapper/169]: count 776, average 659, total 511993
@q2[ksoftirqd/169]: count 185, average 847, total 156815
@q2[iperf]: count 2, average 8060, total 16120


@q4[swapper/169]: count 23268, average 1023, total 23818248
@q4[iperf]: count 34, average 1302, total 44283
@q4[ksoftirqd/169]: count 21249, average 1404, total 29848696

@q5[swapper/169]: count 182895, average 460, total 84173130
@q5[iperf]: count 267, average 465, total 124178
@q5[ksoftirqd/169]: count 168545, average 624, total 105288635

@uc: count 27919, average 1813, total 50629456

@q1[swapper/169]: count 468, average 2648, total 1239653
@q1[ksoftirqd/169]: count 111, average 3007, total 333805

@q2[swapper/169]: count 722, average 654, total 472618
@q2[ksoftirqd/169]: count 180, average 847, total 152614
@q2[iperf]: count 2, average 7003, total 14007


@q4[swapper/169]: count 22220, average 1021, total 22700323
@q4[ksoftirqd/169]: count 22121, average 1436, total 31768308
@q4[iperf]: count 21, average 1459, total 30651

@q5[swapper/169]: count 174776, average 460, total 80419901
@q5[iperf]: count 165, average 494, total 81636
@q5[ksoftirqd/169]: count 175449, average 640, total 112301626

@uc: count 29831, average 1662, total 49588599

@q1[swapper/169]: count 427, average 2777, total 1185856
@q1[ksoftirqd/169]: count 124, average 2855, total 354139

@q2[swapper/169]: count 667, average 659, total 440118
@q2[ksoftirqd/169]: count 186, average 846, total 157425


@q4[swapper/169]: count 21540, average 1014, total 21860051
@q4[ksoftirqd/169]: count 23358, average 1408, total 32899737

@q5[swapper/169]: count 169548, average 458, total 77658038
@q5[ksoftirqd/169]: count 185293, average 628, total 116398337

@uc: count 30909, average 1728, total 53431038

@q1[swapper/169]: count 472, average 2672, total 1261371
@q1[ksoftirqd/169]: count 118, average 3011, total 355389
@q1[iperf]: count 2, average 21215, total 42430

@q2[swapper/169]: count 734, average 656, total 481615
@q2[ksoftirqd/169]: count 193, average 826, total 159526
@q2[iperf]: count 5, average 3967, total 19836


@q4[swapper/169]: count 23999, average 1017, total 24418946
@q4[iperf]: count 47, average 1183, total 55638
@q4[ksoftirqd/169]: count 21070, average 1386, total 29203858

@q5[iperf]: count 364, average 456, total 166131
@q5[swapper/169]: count 188919, average 459, total 86782804
@q5[ksoftirqd/169]: count 167102, average 618, total 103318384

@uc: count 28526, average 1865, total 53224688

@q1[swapper/169]: count 455, average 2757, total 1254521
@q1[ksoftirqd/169]: count 117, average 2815, total 329468
@q1[iperf]: count 1, average 39675, total 39675
@q1[kworker/169:1]: count 1, average 39815, total 39815

@q2[swapper/169]: count 713, average 654, total 466572
@q2[ksoftirqd/169]: count 197, average 844, total 166341
@q2[iperf]: count 4, average 5092, total 20369
@q2[kworker/169:1]: count 1, average 25969, total 25969


@q4[swapper/169]: count 22385, average 1021, total 22872727
@q4[kworker/169:1]: count 50, average 1348, total 67437
@q4[ksoftirqd/169]: count 22546, average 1389, total 31338552
@q4[iperf]: count 25, average 1497, total 37426

@q5[ksoftirqd/169]: count 345968, average 320, total 110933547
@q5[swapper/169]: count 176097, average 460, total 81113255
@q5[kworker/169:1]: count 396, average 487, total 193133
@q5[iperf]: count 192, average 495, total 95222

@uc: count 30187, average 1615, total 48759077

@q1[swapper/169]: count 499, average 2661, total 1328099
@q1[ksoftirqd/169]: count 117, average 2989, total 349714

@q2[swapper/169]: count 745, average 655, total 488229
@q2[ksoftirqd/169]: count 179, average 799, total 143039
@q2[iperf]: count 1, average 5470, total 5470


@q4[swapper/169]: count 22617, average 1018, total 23029130
@q4[iperf]: count 30, average 1239, total 37190
@q4[ksoftirqd/169]: count 22241, average 1411, total 31399895

@q5[iperf]: count 238, average 449, total 106911
@q5[swapper/169]: count 177818, average 461, total 82046104
@q5[ksoftirqd/169]: count 176421, average 630, total 111194668

@uc: count 30062, average 2048, total 61586343

@q1[swapper/169]: count 516, average 2665, total 1375628
@q1[ksoftirqd/169]: count 116, average 3023, total 350707

@q2[swapper/169]: count 781, average 652, total 509634
@q2[ksoftirqd/169]: count 178, average 853, total 151885


@q4[swapper/169]: count 23118, average 1011, total 23372951
@q4[ksoftirqd/169]: count 21742, average 1408, total 30628764

@q5[swapper/169]: count 181737, average 457, total 83230762
@q5[ksoftirqd/169]: count 172468, average 627, total 108161988

@uc: count 28176, average 2498, total 70405183

@q1[swapper/169]: count 518, average 2779, total 1439523
@q1[ksoftirqd/169]: count 119, average 2850, total 339266

@q2[swapper/169]: count 795, average 658, total 523708
@q2[ksoftirqd/169]: count 184, average 856, total 157564


@q4[swapper/169]: count 23652, average 1009, total 23866142
@q4[ksoftirqd/169]: count 21241, average 1398, total 29704403

@q5[swapper/169]: count 185953, average 456, total 84928179
@q5[ksoftirqd/169]: count 168454, average 623, total 105041166

@uc: count 28231, average 2883, total 81408992

@q1[ksoftirqd/169]: count 118, average 2692, total 317733
@q1[swapper/169]: count 505, average 2754, total 1391028

@q2[swapper/169]: count 775, average 656, total 508620
@q2[ksoftirqd/169]: count 186, average 844, total 157023


@q4[swapper/169]: count 23654, average 1018, total 24093261
@q4[ksoftirqd/169]: count 21247, average 1405, total 29856989

@q5[swapper/169]: count 186058, average 460, total 85614733
@q5[ksoftirqd/169]: count 168464, average 627, total 105663795

@uc: count 28314, average 2056, total 58228301

@q1[swapper/169]: count 521, average 2688, total 1400548
@q1[ksoftirqd/169]: count 121, average 3007, total 363957

@q2[swapper/169]: count 788, average 658, total 518695
@q2[ksoftirqd/169]: count 186, average 831, total 154568
@q2[kworker/169:1]: count 1, average 29165, total 29165


@q4[swapper/169]: count 24285, average 1015, total 24662334
@q4[kworker/169:1]: count 59, average 1294, total 76395
@q4[ksoftirqd/169]: count 20674, average 1395, total 28848968

@q5[swapper/169]: count 191050, average 459, total 87856518
@q5[kworker/169:1]: count 467, average 478, total 223275
@q5[ksoftirqd/169]: count 163964, average 623, total 102244337

@uc: count 27600, average 2182, total 60240213

@q1[swapper/169]: count 461, average 2754, total 1269649
@q1[ksoftirqd/169]: count 123, average 2852, total 350893
@q1[iperf]: count 4, average 5372, total 21490

@q2[swapper/169]: count 707, average 662, total 468157
@q2[ksoftirqd/169]: count 195, average 835, total 162980
@q2[iperf]: count 7, average 1974, total 13818


@q4[iperf]: count 89, average 995, total 88617
@q4[swapper/169]: count 22668, average 1020, total 23139751
@q4[ksoftirqd/169]: count 22037, average 1396, total 30768140

@q5[iperf]: count 690, average 436, total 300856
@q5[swapper/169]: count 178424, average 461, total 82266929
@q5[ksoftirqd/169]: count 174737, average 622, total 108824848

@uc: count 31181, average 1824, total 56892108

@q1[swapper/169]: count 503, average 2708, total 1362521
@q1[ksoftirqd/169]: count 115, average 2916, total 335412

@q2[swapper/169]: count 755, average 657, total 496220
@q2[ksoftirqd/169]: count 179, average 828, total 148272


@q4[swapper/169]: count 23520, average 1018, total 23945263
@q4[ksoftirqd/169]: count 21295, average 1413, total 30095450

@q5[swapper/169]: count 185090, average 458, total 84839841
@q5[ksoftirqd/169]: count 168787, average 628, total 106149146

@uc: count 30081, average 1614, total 48555330

@q1[swapper/169]: count 423, average 2753, total 1164695
@q1[ksoftirqd/169]: count 123, average 2758, total 339296

@q2[swapper/169]: count 674, average 660, total 445229
@q2[ksoftirqd/169]: count 204, average 824, total 168142


@q4[swapper/169]: count 22344, average 1022, total 22851322
@q4[ksoftirqd/169]: count 22825, average 1391, total 31754498

@q5[swapper/169]: count 175902, average 460, total 80978725
@q5[ksoftirqd/169]: count 181004, average 619, total 112067604

@uc: count 30580, average 1725, total 52771297

@q1[swapper/169]: count 506, average 2721, total 1377316
@q1[ksoftirqd/169]: count 113, average 2907, total 328545
@q1[iperf]: count 1, average 39474, total 39474

@q2[swapper/169]: count 774, average 681, total 527510
@q2[ksoftirqd/169]: count 170, average 748, total 127257
@q2[iperf]: count 2, average 13595, total 27191


@q4[swapper/169]: count 24071, average 1011, total 24351763
@q4[ksoftirqd/169]: count 20899, average 1402, total 29304428
@q4[iperf]: count 41, average 1431, total 58672

@q5[swapper/169]: count 189391, average 455, total 86268174
@q5[iperf]: count 324, average 490, total 158910
@q5[ksoftirqd/169]: count 165774, average 623, total 103418251

@uc: count 28372, average 1609, total 45652174

@q1[swapper/169]: count 495, average 2744, total 1358465
@q1[ksoftirqd/169]: count 111, average 2796, total 310448
@q1[iperf]: count 1, average 38162, total 38162

@q2[swapper/169]: count 765, average 686, total 524830
@q2[ksoftirqd/169]: count 173, average 706, total 122303
@q2[iperf]: count 5, average 3350, total 16751


@q4[swapper/169]: count 23427, average 1013, total 23736400
@q4[ksoftirqd/169]: count 21401, average 1407, total 30129946
@q4[iperf]: count 113, average 1496, total 169075

@q5[swapper/169]: count 184344, average 457, total 84278416
@q5[ksoftirqd/169]: count 169748, average 627, total 106532055
@q5[iperf]: count 889, average 669, total 595490

@uc: count 29329, average 1786, total 52391124

@q1[swapper/169]: count 462, average 2712, total 1253395
@q1[ksoftirqd/169]: count 120, average 2941, total 352932
@q1[iperf]: count 2, average 20974, total 41948

@q2[swapper/169]: count 726, average 660, total 479686
@q2[ksoftirqd/169]: count 188, average 831, total 156318
@q2[iperf]: count 2, average 14367, total 28734


@q4[swapper/169]: count 22901, average 1014, total 23238051
@q4[iperf]: count 60, average 1255, total 75334
@q4[ksoftirqd/169]: count 22131, average 1402, total 31047573

@q5[swapper/169]: count 180199, average 457, total 82448458
@q5[iperf]: count 471, average 469, total 221236
@q5[ksoftirqd/169]: count 175451, average 625, total 109672251

@uc: count 30294, average 1708, total 51757136

@q1[swapper/169]: count 488, average 2814, total 1373614
@q1[ksoftirqd/169]: count 118, average 2925, total 345196

@q2[swapper/169]: count 794, average 694, total 551658
@q2[ksoftirqd/169]: count 182, average 739, total 134574
@q2[iperf]: count 2, average 6286, total 12573


@q4[swapper/169]: count 24252, average 1015, total 24637981
@q4[iperf]: count 30, average 1300, total 39023
@q4[ksoftirqd/169]: count 20474, average 1405, total 28776880

@q5[swapper/169]: count 190837, average 457, total 87343335
@q5[iperf]: count 235, average 473, total 111329
@q5[ksoftirqd/169]: count 162425, average 625, total 101662972

@uc: count 29899, average 1665, total 49782217

@q1[swapper/169]: count 434, average 2682, total 1164162
@q1[ksoftirqd/169]: count 135, average 2994, total 404262
@q1[iperf]: count 7, average 7929, total 55503

@q2[swapper/169]: count 673, average 656, total 441763
@q2[ksoftirqd/169]: count 205, average 825, total 169144
@q2[iperf]: count 12, average 2609, total 31308


@q4[swapper/169]: count 21720, average 1020, total 22155584
@q4[iperf]: count 150, average 1023, total 153592
@q4[ksoftirqd/169]: count 23127, average 1397, total 32312985

@q5[iperf]: count 1161, average 442, total 513961
@q5[swapper/169]: count 170951, average 459, total 78618902
@q5[ksoftirqd/169]: count 183373, average 621, total 113941523

@uc: count 30346, average 1946, total 59053527

@q1[ksoftirqd/169]: count 123, average 2766, total 340267
@q1[swapper/169]: count 435, average 2770, total 1205325
@q1[iperf]: count 3, average 14614, total 43843

@q2[swapper/169]: count 671, average 694, total 465765
@q2[ksoftirqd/169]: count 198, average 700, total 138752
@q2[iperf]: count 5, average 3676, total 18384


@q4[swapper/169]: count 21806, average 1015, total 22151572
@q4[iperf]: count 87, average 1051, total 91489
@q4[ksoftirqd/169]: count 23127, average 1377, total 31856923

@q5[iperf]: count 681, average 438, total 298648
@q5[swapper/169]: count 171718, average 458, total 78685160
@q5[ksoftirqd/169]: count 183424, average 614, total 112740630

@uc: count 29272, average 2793, total 81762937

@q1[swapper/169]: count 437, average 2671, total 1167468
@q1[ksoftirqd/169]: count 134, average 2968, total 397775

@q2[swapper/169]: count 705, average 659, total 465277
@q2[ksoftirqd/169]: count 218, average 821, total 179086
@q2[iperf]: count 2, average 14817, total 29635


@q4[swapper/169]: count 22139, average 1029, total 22788597
@q4[ksoftirqd/169]: count 22871, average 1384, total 31653688
@q4[iperf]: count 15, average 2396, total 35947

@q5[swapper/169]: count 174219, average 463, total 80707904
@q5[iperf]: count 117, average 617, total 72202
@q5[ksoftirqd/169]: count 181277, average 617, total 111861760

@uc: count 30979, average 1583, total 49058573

@q1[ksoftirqd/169]: count 115, average 2729, total 313839
@q1[swapper/169]: count 480, average 2758, total 1323946
@q1[iperf]: count 2, average 20188, total 40376

@q2[swapper/169]: count 730, average 677, total 494430
@q2[ksoftirqd/169]: count 181, average 706, total 127804
@q2[iperf]: count 3, average 7280, total 21841


@q4[swapper/169]: count 22668, average 1014, total 23007789
@q4[ksoftirqd/169]: count 22262, average 1401, total 31196350
@q4[iperf]: count 25, average 1566, total 39169

@q5[swapper/169]: count 178287, average 457, total 81511749
@q5[iperf]: count 191, average 512, total 97807
@q5[ksoftirqd/169]: count 176586, average 626, total 110579961

@uc: count 29185, average 1811, total 52866723

@q1[ksoftirqd/169]: count 110, average 2698, total 296830
@q1[swapper/169]: count 478, average 2742, total 1310747
@q1[iperf]: count 1, average 38613, total 38613

@q2[swapper/169]: count 766, average 656, total 502686
@q2[ksoftirqd/169]: count 176, average 846, total 149030
@q2[iperf]: count 3, average 7794, total 23383


@q4[swapper/169]: count 23446, average 1013, total 23760120
@q4[iperf]: count 53, average 1213, total 64336
@q4[ksoftirqd/169]: count 21377, average 1404, total 30014646

@q5[ksoftirqd/169]: count 346163, average 306, total 106038799
@q5[swapper/169]: count 184439, average 460, total 84900282
@q5[iperf]: count 415, average 464, total 192571

@uc: count 28836, average 1704, total 49149306

@q1[swapper/169]: count 441, average 2712, total 1196034
@q1[ksoftirqd/169]: count 119, average 2970, total 353472

@q2[swapper/169]: count 680, average 655, total 445822
@q2[ksoftirqd/169]: count 197, average 819, total 161418


@q4[swapper/169]: count 22292, average 1022, total 22799615
@q4[ksoftirqd/169]: count 22924, average 1394, total 31973245

@q5[swapper/169]: count 175460, average 461, total 80900440
@q5[ksoftirqd/169]: count 181784, average 619, total 112667353

@uc: count 28997, average 1842, total 53427292

@q1[swapper/169]: count 476, average 2738, total 1303599
@q1[ksoftirqd/169]: count 118, average 2909, total 343353
@q1[iperf]: count 2, average 14882, total 29765

@q2[swapper/169]: count 758, average 688, total 521799
@q2[ksoftirqd/169]: count 180, average 709, total 127656
@q2[iperf]: count 3, average 5413, total 16241


@q4[swapper/169]: count 23827, average 1017, total 24235799
@q4[iperf]: count 125, average 1385, total 173201
@q4[ksoftirqd/169]: count 21191, average 1390, total 29464561

@q5[swapper/169]: count 187486, average 457, total 85787256
@q5[iperf]: count 986, average 614, total 605703
@q5[ksoftirqd/169]: count 168108, average 618, total 104020822

@uc: count 28306, average 1850, total 52380071

@q1[swapper/169]: count 466, average 2730, total 1272606
@q1[ksoftirqd/169]: count 121, average 2993, total 362190

@q2[swapper/169]: count 737, average 656, total 484167
@q2[ksoftirqd/169]: count 195, average 818, total 159613


@q4[swapper/169]: count 23352, average 1023, total 23903959
@q4[ksoftirqd/169]: count 21815, average 1381, total 30139535

@q5[swapper/169]: count 183878, average 461, total 84845697
@q5[ksoftirqd/169]: count 172961, average 615, total 106469059

@uc: count 29877, average 2703, total 80763273

@q1[swapper/169]: count 490, average 2724, total 1334947
@q1[ksoftirqd/169]: count 117, average 3013, total 352578
@q1[iperf]: count 3, average 13962, total 41888

@q2[swapper/169]: count 745, average 656, total 489014
@q2[ksoftirqd/169]: count 180, average 828, total 149149
@q2[iperf]: count 3, average 6475, total 19427


@q4[swapper/169]: count 23106, average 1023, total 23639539
@q4[ksoftirqd/169]: count 21664, average 1415, total 30655338
@q4[iperf]: count 18, average 1798, total 32380

@q5[swapper/169]: count 181718, average 460, total 83729926
@q5[iperf]: count 132, average 548, total 72429
@q5[ksoftirqd/169]: count 171827, average 628, total 107908233

@uc: count 29311, average 1661, total 48713188

@q1[swapper/169]: count 516, average 2661, total 1373449
@q1[ksoftirqd/169]: count 115, average 3203, total 368451
@q1[iperf]: count 2, average 4724, total 9448

@q2[swapper/169]: count 766, average 649, total 497367
@q2[ksoftirqd/169]: count 181, average 840, total 152086
@q2[iperf]: count 3, average 2748, total 8244


@q4[iperf]: count 52, average 1015, total 52831
@q4[swapper/169]: count 23175, average 1019, total 23629975
@q4[ksoftirqd/169]: count 21594, average 1404, total 30323891

@q5[iperf]: count 404, average 451, total 182285
@q5[swapper/169]: count 182208, average 460, total 83833462
@q5[ksoftirqd/169]: count 171275, average 624, total 106996934

@uc: count 30099, average 1751, total 52705927

@q1[ksoftirqd/169]: count 110, average 2771, total 304897
@q1[swapper/169]: count 494, average 2773, total 1370027

@q2[swapper/169]: count 783, average 654, total 512379
@q2[ksoftirqd/169]: count 164, average 856, total 140428
@q2[iperf]: count 2, average 10630, total 21260


@q4[swapper/169]: count 23692, average 1007, total 23860887
@q4[ksoftirqd/169]: count 21213, average 1407, total 29851965
@q4[iperf]: count 24, average 1536, total 36879

@q5[swapper/169]: count 186343, average 453, total 84591618
@q5[iperf]: count 188, average 496, total 93376
@q5[ksoftirqd/169]: count 168282, average 626, total 105362271

@uc: count 29824, average 1684, total 50234563

@q1[swapper/169]: count 487, average 2674, total 1302330
@q1[ksoftirqd/169]: count 120, average 2924, total 350886

@q2[swapper/169]: count 735, average 655, total 481968
@q2[ksoftirqd/169]: count 190, average 807, total 153431
@q2[iperf]: count 1, average 30097, total 30097


@q4[swapper/169]: count 23298, average 1018, total 23723617
@q4[ksoftirqd/169]: count 21490, average 1411, total 30336592
@q4[iperf]: count 31, average 1589, total 49278

@q5[swapper/169]: count 183326, average 459, total 84195780
@q5[iperf]: count 244, average 513, total 125323
@q5[ksoftirqd/169]: count 170391, average 627, total 106972134

@uc: count 29654, average 2623, total 77802882

@q1[ksoftirqd/169]: count 123, average 2623, total 322693
@q1[swapper/169]: count 461, average 2836, total 1307442
@q1[iperf]: count 2, average 19572, total 39144

@q2[swapper/169]: count 730, average 654, total 477536
@q2[ksoftirqd/169]: count 197, average 749, total 147620
@q2[iperf]: count 5, average 4348, total 21740


@q4[swapper/169]: count 23068, average 1027, total 23703457
@q4[iperf]: count 159, average 1312, total 208629
@q4[ksoftirqd/169]: count 21334, average 1415, total 30206744

@q5[swapper/169]: count 181468, average 463, total 84078087
@q5[iperf]: count 1256, average 579, total 727608
@q5[ksoftirqd/169]: count 169148, average 628, total 106343240

@uc: count 28114, average 1834, total 51581480

@q1[swapper/169]: count 450, average 2696, total 1213313
@q1[ksoftirqd/169]: count 120, average 2807, total 336892

@q2[swapper/169]: count 719, average 655, total 471169
@q2[ksoftirqd/169]: count 193, average 836, total 161421


@q4[swapper/169]: count 22295, average 1013, total 22602716
@q4[ksoftirqd/169]: count 22675, average 1400, total 31756708
@q4[iperf]: count 80, average 2026, total 162135

@q5[swapper/169]: count 175442, average 457, total 80281803
@q5[ksoftirqd/169]: count 179843, average 623, total 112063221
@q5[iperf]: count 636, average 778, total 494970

@uc: count 30087, average 1772, total 53325849

@q1[swapper/169]: count 478, average 2747, total 1313378
@q1[ksoftirqd/169]: count 124, average 2817, total 349400
@q1[iperf]: count 2, average 20223, total 40446

@q2[swapper/169]: count 729, average 660, total 481785
@q2[ksoftirqd/169]: count 203, average 821, total 166740
@q2[iperf]: count 6, average 3257, total 19547


@q4[swapper/169]: count 22538, average 1012, total 22817001
@q4[iperf]: count 37, average 1279, total 47328
@q4[ksoftirqd/169]: count 22206, average 1409, total 31293966

@q5[swapper/169]: count 177254, average 456, total 80987141
@q5[iperf]: count 278, average 476, total 132475
@q5[ksoftirqd/169]: count 176045, average 622, total 109667934

@uc: count 28771, average 1769, total 50921314

@q1[swapper/169]: count 493, average 2699, total 1330907
@q1[ksoftirqd/169]: count 120, average 2888, total 346650
@q1[iperf]: count 1, average 40085, total 40085

@q2[swapper/169]: count 722, average 684, total 494250
@q2[ksoftirqd/169]: count 181, average 705, total 127671
@q2[iperf]: count 1, average 26961, total 26961


@q4[swapper/169]: count 22051, average 1029, total 22695172
@q4[ksoftirqd/169]: count 21756, average 1442, total 31393376
@q4[iperf]: count 1, average 20458, total 20458

@q5[swapper/169]: count 173392, average 464, total 80588013
@q5[ksoftirqd/169]: count 172558, average 640, total 110594745
@q5[iperf]: count 6, average 3693, total 22161

@uc: count 31312, average 1675, total 52473088

@q1[swapper/169]: count 479, average 2725, total 1305592
@q1[ksoftirqd/169]: count 120, average 3041, total 364981

@q2[swapper/169]: count 732, average 654, total 479241
@q2[ksoftirqd/169]: count 186, average 825, total 153483
@q2[iperf]: count 2, average 16481, total 32962


@q4[swapper/169]: count 22872, average 1019, total 23325779
@q4[ksoftirqd/169]: count 21989, average 1392, total 30619589
@q4[iperf]: count 27, average 1766, total 47684

@q5[ksoftirqd/169]: count 346978, average 312, total 108258733
@q5[swapper/169]: count 180002, average 459, total 82791716
@q5[iperf]: count 212, average 526, total 111669

@uc: count 29959, average 1821, total 54570326

@q1[swapper/169]: count 457, average 2733, total 1249351
@q1[ksoftirqd/169]: count 115, average 2795, total 321500

@q2[swapper/169]: count 761, average 668, total 508922
@q2[ksoftirqd/169]: count 191, average 731, total 139637
@q2[iperf]: count 2, average 14176, total 28353


@q4[swapper/169]: count 23311, average 1014, total 23644217
@q4[ksoftirqd/169]: count 21684, average 1394, total 30232056
@q4[iperf]: count 16, average 2071, total 33145

@q5[swapper/169]: count 183434, average 457, total 83927174
@q5[iperf]: count 122, average 564, total 68905
@q5[ksoftirqd/169]: count 171963, average 620, total 106738888

@uc: count 29916, average 1650, total 49373369

@q1[swapper/169]: count 483, average 2693, total 1301069
@q1[ksoftirqd/169]: count 125, average 2977, total 372184
@q1[iperf]: count 3, average 15171, total 45514

@q2[swapper/169]: count 733, average 655, total 480201
@q2[ksoftirqd/169]: count 188, average 795, total 149565
@q2[iperf]: count 5, average 5907, total 29535


@q4[swapper/169]: count 23093, average 1019, total 23550239
@q4[iperf]: count 72, average 1202, total 86573
@q4[ksoftirqd/169]: count 21883, average 1399, total 30623658

@q5[iperf]: count 563, average 459, total 258699
@q5[swapper/169]: count 181676, average 459, total 83458354
@q5[ksoftirqd/169]: count 173524, average 623, total 108268071

@uc: count 29793, average 1908, total 56859200

@q1[swapper/169]: count 492, average 2669, total 1313397
@q1[ksoftirqd/169]: count 126, average 2778, total 350050

@q2[swapper/169]: count 756, average 651, total 492347
@q2[ksoftirqd/169]: count 184, average 814, total 149784
@q2[iperf]: count 1, average 17663, total 17663


@q4[swapper/169]: count 22927, average 1013, total 23227019
@q4[ksoftirqd/169]: count 21968, average 1399, total 30744520
@q4[iperf]: count 10, average 2457, total 24575

@q5[swapper/169]: count 180285, average 458, total 82637284
@q5[iperf]: count 78, average 575, total 44911
@q5[ksoftirqd/169]: count 174192, average 625, total 108974374

@uc: count 30905, average 2038, total 62989627

@q1[swapper/169]: count 473, average 2745, total 1298712
@q1[ksoftirqd/169]: count 132, average 3016, total 398140
@q1[iperf]: count 1, average 41959, total 41959

@q2[swapper/169]: count 710, average 662, total 470226
@q2[ksoftirqd/169]: count 198, average 822, total 162881
@q2[iperf]: count 3, average 10376, total 31129


@q4[swapper/169]: count 22630, average 1019, total 23069183
@q4[ksoftirqd/169]: count 22294, average 1400, total 31227493
@q4[iperf]: count 20, average 2031, total 40627

@q5[swapper/169]: count 178084, average 460, total 82068622
@q5[iperf]: count 155, average 553, total 85750
@q5[ksoftirqd/169]: count 176813, average 626, total 110762385

@uc: count 31516, average 1973, total 62212506

@q1[ksoftirqd/169]: count 118, average 2713, total 320207
@q1[swapper/169]: count 455, average 2791, total 1270120

@q2[swapper/169]: count 724, average 658, total 477101
@q2[ksoftirqd/169]: count 192, average 831, total 159560
@q2[iperf]: count 2, average 16065, total 32130


@q4[swapper/169]: count 23508, average 1017, total 23928351
@q4[ksoftirqd/169]: count 21554, average 1397, total 30131411
@q4[iperf]: count 16, average 2319, total 37110

@q5[swapper/169]: count 185135, average 458, total 84835260
@q5[iperf]: count 126, average 567, total 71466
@q5[ksoftirqd/169]: count 170905, average 621, total 106165560

@uc: count 30178, average 2135, total 64442762

@q1[swapper/169]: count 468, average 2755, total 1289481
@q1[ksoftirqd/169]: count 111, average 3053, total 338932

@q2[swapper/169]: count 751, average 662, total 497215
@q2[ksoftirqd/169]: count 183, average 804, total 147174
@q2[iperf]: count 2, average 13540, total 27080


@q4[swapper/169]: count 23780, average 1011, total 24051575
@q4[ksoftirqd/169]: count 21411, average 1399, total 29960553
@q4[iperf]: count 19, average 2018, total 38359

@q5[swapper/169]: count 187202, average 455, total 85298112
@q5[iperf]: count 148, average 542, total 80284
@q5[ksoftirqd/169]: count 169816, average 622, total 105778705

@uc: count 30140, average 2252, total 67880485

@q1[swapper/169]: count 481, average 2731, total 1314004
@q1[ksoftirqd/169]: count 119, average 2905, total 345695
@q1[iperf]: count 1, average 40196, total 40196

@q2[swapper/169]: count 750, average 684, total 513110
@q2[ksoftirqd/169]: count 191, average 715, total 136695
@q2[iperf]: count 3, average 9998, total 29996


@q4[swapper/169]: count 23453, average 1020, total 23936885
@q4[iperf]: count 46, average 1334, total 61399
@q4[ksoftirqd/169]: count 21637, average 1388, total 30051103

@q5[swapper/169]: count 184501, average 459, total 84709417
@q5[iperf]: count 359, average 478, total 171897
@q5[ksoftirqd/169]: count 171638, average 618, total 106230018

@uc: count 29311, average 1707, total 50043180

@q1[swapper/169]: count 474, average 2659, total 1260780
@q1[ksoftirqd/169]: count 124, average 3008, total 373011

@q2[swapper/169]: count 753, average 660, total 497471
@q2[ksoftirqd/169]: count 192, average 805, total 154584


@q4[swapper/169]: count 22971, average 1016, total 23340750
@q4[ksoftirqd/169]: count 22080, average 1399, total 30900485
@q4[iperf]: count 80, average 1823, total 145864

@q5[swapper/169]: count 180694, average 457, total 82729790
@q5[ksoftirqd/169]: count 175049, average 622, total 108928046
@q5[iperf]: count 637, average 740, total 471977

@uc: count 28488, average 1774, total 50550251

@q1[swapper/169]: count 452, average 2789, total 1260770
@q1[ksoftirqd/169]: count 127, average 2792, total 354606
@q1[iperf]: count 3, average 11505, total 34516

@q2[swapper/169]: count 703, average 658, total 463268
@q2[ksoftirqd/169]: count 188, average 848, total 159478
@q2[iperf]: count 5, average 1803, total 9018


@q4[swapper/169]: count 22720, average 1018, total 23141723
@q4[iperf]: count 42, average 1068, total 44880
@q4[ksoftirqd/169]: count 22263, average 1382, total 30772654

@q5[iperf]: count 322, average 443, total 142909
@q5[swapper/169]: count 178852, average 458, total 81921332
@q5[ksoftirqd/169]: count 176586, average 614, total 108570883

@uc: count 29878, average 2000, total 59781324

@q1[swapper/169]: count 477, average 2727, total 1300964
@q1[ksoftirqd/169]: count 127, average 2860, total 363285
@q1[iperf]: count 1, average 39414, total 39414

@q2[swapper/169]: count 743, average 650, total 483301
@q2[ksoftirqd/169]: count 204, average 815, total 166301
@q2[iperf]: count 4, average 6023, total 24094


@q4[swapper/169]: count 23234, average 1014, total 23575859
@q4[ksoftirqd/169]: count 21824, average 1394, total 30429750
@q4[iperf]: count 111, average 1481, total 164409

@q5[swapper/169]: count 182813, average 457, total 83591043
@q5[ksoftirqd/169]: count 172990, average 620, total 107306257
@q5[iperf]: count 876, average 645, total 565336

@uc: count 28085, average 1796, total 50456675

@q1[ksoftirqd/169]: count 119, average 2684, total 319499
@q1[swapper/169]: count 498, average 2713, total 1351226
@q1[iperf]: count 1, average 39534, total 39534

@q2[swapper/169]: count 769, average 647, total 497981
@q2[ksoftirqd/169]: count 184, average 827, total 152193
@q2[iperf]: count 4, average 3188, total 12753
@q2[kworker/169:1]: count 1, average 5781, total 5781


@q4[swapper/169]: count 23267, average 1019, total 23710106
@q4[kworker/169:1]: count 45, average 1089, total 49043
@q4[iperf]: count 25, average 1314, total 32872
@q4[ksoftirqd/169]: count 21241, average 1407, total 29899805

@q5[swapper/169]: count 182926, average 458, total 83904981
@q5[kworker/169:1]: count 355, average 463, total 164513
@q5[iperf]: count 192, average 482, total 92654
@q5[ksoftirqd/169]: count 168474, average 627, total 105681351

@uc: count 28703, average 1678, total 48178892

@q1[swapper/169]: count 447, average 2686, total 1200784
@q1[ksoftirqd/169]: count 122, average 2766, total 337508
@q1[iperf]: count 1, average 41729, total 41729

@q2[swapper/169]: count 703, average 648, total 455779
@q2[ksoftirqd/169]: count 204, average 820, total 167441
@q2[iperf]: count 1, average 25648, total 25648


@q4[swapper/169]: count 21822, average 1021, total 22288888
@q4[ksoftirqd/169]: count 22620, average 1418, total 32092961
@q4[iperf]: count 1, average 21340, total 21340

@q5[swapper/169]: count 171605, average 460, total 79049162
@q5[ksoftirqd/169]: count 179361, average 633, total 113555581
@q5[iperf]: count 7, average 2885, total 20197

@uc: count 31383, average 1601, total 50253723

@q1[ksoftirqd/169]: count 121, average 2712, total 328185
@q1[swapper/169]: count 466, average 2787, total 1299155
@q1[iperf]: count 1, average 39344, total 39344

@q2[swapper/169]: count 710, average 653, total 464106
@q2[ksoftirqd/169]: count 180, average 832, total 149851
@q2[iperf]: count 4, average 8025, total 32101


@q4[swapper/169]: count 21847, average 1019, total 22271870
@q4[iperf]: count 52, average 1352, total 70342
@q4[ksoftirqd/169]: count 22376, average 1425, total 31906058

@q5[swapper/169]: count 171838, average 458, total 78716564
@q5[iperf]: count 406, average 475, total 192852
@q5[ksoftirqd/169]: count 177475, average 634, total 112536230

@uc: count 31391, average 1728, total 54251827

@q1[swapper/169]: count 513, average 2667, total 1368204
@q1[ksoftirqd/169]: count 130, average 2751, total 357684
@q1[iperf]: count 1, average 40566, total 40566

@q2[swapper/169]: count 793, average 652, total 517559
@q2[ksoftirqd/169]: count 206, average 789, total 162733
@q2[iperf]: count 4, average 5430, total 21720


@q4[swapper/169]: count 23043, average 1018, total 23463188
@q4[iperf]: count 60, average 1184, total 71069
@q4[ksoftirqd/169]: count 21030, average 1411, total 29693492

@q5[swapper/169]: count 181063, average 459, total 83134103
@q5[iperf]: count 469, average 460, total 215820
@q5[ksoftirqd/169]: count 166666, average 627, total 104581755

@uc: count 28248, average 1779, total 50265124

@q1[swapper/169]: count 496, average 2712, total 1345156
@q1[ksoftirqd/169]: count 125, average 2759, total 344959
@q1[iperf]: count 2, average 10149, total 20298

@q2[swapper/169]: count 738, average 681, total 502893
@q2[ksoftirqd/169]: count 185, average 725, total 134153
@q2[iperf]: count 2, average 3907, total 7814


@q4[swapper/169]: count 23124, average 1021, total 23616653
@q4[ksoftirqd/169]: count 21305, average 1423, total 30325170
@q4[iperf]: count 19, average 1496, total 28441

@q5[swapper/169]: count 181861, average 460, total 83802995
@q5[iperf]: count 147, average 495, total 72874
@q5[ksoftirqd/169]: count 168940, average 634, total 107254339

@uc: count 30158, average 1635, total 49316756

@q1[swapper/169]: count 485, average 2719, total 1318761
@q1[ksoftirqd/169]: count 112, average 2937, total 328971
@q1[iperf]: count 3, average 14614, total 43843

@q2[swapper/169]: count 758, average 678, total 514185
@q2[ksoftirqd/169]: count 173, average 717, total 124169
@q2[iperf]: count 6, average 2354, total 14126


@q4[swapper/169]: count 22551, average 1025, total 23119283
@q4[iperf]: count 45, average 1181, total 53187
@q4[ksoftirqd/169]: count 21505, average 1433, total 30830636

@q5[iperf]: count 342, average 457, total 156488
@q5[swapper/169]: count 177246, average 462, total 81936536
@q5[ksoftirqd/169]: count 170585, average 642, total 109565391

@uc: count 30035, average 2412, total 72452700

@q1[swapper/169]: count 496, average 2650, total 1314795
@q1[ksoftirqd/169]: count 118, average 2965, total 349885

@q2[swapper/169]: count 731, average 646, total 472250
@q2[ksoftirqd/169]: count 175, average 821, total 143819


@q4[swapper/169]: count 21680, average 1032, total 22384733
@q4[ksoftirqd/169]: count 22030, average 1451, total 31972132

@q5[swapper/169]: count 170413, average 467, total 79631864
@q5[ksoftirqd/169]: count 174728, average 647, total 113183656

@uc: count 31074, average 2025, total 62942142

@q1[ksoftirqd/169]: count 110, average 2684, total 295326
@q1[swapper/169]: count 447, average 2730, total 1220441

@q2[swapper/169]: count 721, average 652, total 470274
@q2[ksoftirqd/169]: count 172, average 838, total 144175


@q4[swapper/169]: count 22303, average 1023, total 22822201
@q4[ksoftirqd/169]: count 22232, average 1416, total 31494519

@q5[swapper/169]: count 175418, average 461, total 80928467
@q5[ksoftirqd/169]: count 176338, average 631, total 111361829

@uc: count 31518, average 1650, total 52019329

@q1[swapper/169]: count 471, average 2689, total 1266980
@q1[ksoftirqd/169]: count 126, average 2958, total 372784

@q2[swapper/169]: count 749, average 651, total 488158
@q2[ksoftirqd/169]: count 207, average 807, total 167228
@q2[iperf]: count 2, average 15263, total 30527


@q4[swapper/169]: count 23454, average 1013, total 23763614
@q4[iperf]: count 48, average 1368, total 65693
@q4[ksoftirqd/169]: count 21558, average 1398, total 30151642

@q5[swapper/169]: count 184528, average 456, total 84237793
@q5[iperf]: count 378, average 490, total 185412
@q5[ksoftirqd/169]: count 170922, average 621, total 106216040

@uc: count 28783, average 1736, total 49974494

@q1[ksoftirqd/169]: count 127, average 2752, total 349510
@q1[swapper/169]: count 431, average 2772, total 1194913

@q2[swapper/169]: count 690, average 655, total 452241
@q2[ksoftirqd/169]: count 209, average 779, total 162923


@q4[swapper/169]: count 22488, average 1020, total 22954780
@q4[ksoftirqd/169]: count 22568, average 1394, total 31471138

@q5[swapper/169]: count 177075, average 460, total 81518289
@q5[ksoftirqd/169]: count 178924, average 620, total 111005223

@uc: count 30991, average 1617, total 50127474

@q1[swapper/169]: count 482, average 2718, total 1310302
@q1[ksoftirqd/169]: count 127, average 3150, total 400090

@q2[swapper/169]: count 750, average 654, total 490942
@q2[ksoftirqd/169]: count 195, average 814, total 158921


@q4[swapper/169]: count 23534, average 1018, total 23967139
@q4[ksoftirqd/169]: count 21372, average 1394, total 29796088

@q5[swapper/169]: count 185209, average 458, total 84991216
@q5[ksoftirqd/169]: count 169457, average 619, total 105001518

@uc: count 29285, average 1710, total 50079783