Attaching 12 probes...
Tracing latency of network stack funtions. Hit Ctrl-C to end.
@q1[swapper/169]: count 193, average 2687, total 518770
@q1[ksoftirqd/169]: count 62, average 3394, total 210487
@q1[iperf]: count 1, average 35738, total 35738

@q2[ksoftirqd/169]: count 107, average 1002, total 107282
@q2[swapper/169]: count 342, average 1718, total 587636
@q2[iperf]: count 1, average 19988, total 19988


@q4[swapper/169]: count 13500, average 1020, total 13782848
@q4[ksoftirqd/169]: count 19150, average 1314, total 25172272
@q4[iperf]: count 15, average 2158, total 32383

@q5[swapper/169]: count 106402, average 457, total 48630763
@q5[iperf]: count 118, average 569, total 67204
@q5[ksoftirqd/169]: count 151919, average 590, total 89714940

@uc: count 21605, average 4863, total 105085794

@q1[ksoftirqd/169]: count 131, average 2707, total 354627
@q1[swapper/169]: count 439, average 2730, total 1198596

@q2[swapper/169]: count 675, average 677, total 457316
@q2[ksoftirqd/169]: count 195, average 689, total 134387


@q4[swapper/169]: count 21126, average 1041, total 22008783
@q4[ksoftirqd/169]: count 22577, average 1439, total 32500619

@q5[swapper/169]: count 166109, average 468, total 77827098
@q5[ksoftirqd/169]: count 179060, average 648, total 116164443

@uc: count 31367, average 2088, total 65524144

@q1[swapper/169]: count 428, average 2658, total 1138006
@q1[ksoftirqd/169]: count 135, average 2958, total 399412

@q2[swapper/169]: count 658, average 650, total 427718
@q2[ksoftirqd/169]: count 207, average 808, total 167336
@q2[iperf]: count 2, average 13795, total 27591


@q4[swapper/169]: count 20037, average 1031, total 20668573
@q4[iperf]: count 31, average 1490, total 46199
@q4[ksoftirqd/169]: count 23596, average 2831, total 66820954

@q5[swapper/169]: count 157576, average 464, total 73187686
@q5[iperf]: count 245, average 502, total 123063
@q5[ksoftirqd/169]: count 187120, average 653, total 122345008

@uc: count 31268, average 1887, total 59007398

@q1[swapper/169]: count 454, average 2605, total 1183096
@q1[ksoftirqd/169]: count 144, average 2886, total 415615

@q2[swapper/169]: count 692, average 653, total 452181
@q2[ksoftirqd/169]: count 221, average 789, total 174432


@q4[swapper/169]: count 21545, average 1037, total 22342417
@q4[ksoftirqd/169]: count 21953, average 1446, total 31758621
@q4[iperf]: count 80, average 1725, total 138077

@q5[swapper/169]: count 169446, average 465, total 78889300
@q5[ksoftirqd/169]: count 173944, average 646, total 112534422
@q5[iperf]: count 637, average 723, total 461171

@uc: count 31032, average 1817, total 56403925

@q1[swapper/169]: count 439, average 2674, total 1174022
@q1[ksoftirqd/169]: count 138, average 2901, total 400464

@q2[swapper/169]: count 680, average 657, total 447050
@q2[ksoftirqd/169]: count 194, average 808, total 156901


@q4[swapper/169]: count 21510, average 1028, total 22128270
@q4[ksoftirqd/169]: count 22732, average 1435, total 32635028

@q5[swapper/169]: count 169249, average 462, total 78205015
@q5[ksoftirqd/169]: count 180260, average 641, total 115666577

@uc: count 32449, average 1590, total 51610881

@q1[swapper/169]: count 485, average 2648, total 1284325
@q1[ksoftirqd/169]: count 150, average 2898, total 434759
@q1[iperf]: count 4, average 10930, total 43722

@q2[swapper/169]: count 713, average 651, total 464573
@q2[ksoftirqd/169]: count 225, average 793, total 178436
@q2[iperf]: count 7, average 2782, total 19478


@q4[iperf]: count 99, average 1011, total 100117
@q4[swapper/169]: count 22627, average 1029, total 23297832
@q4[ksoftirqd/169]: count 21779, average 1400, total 30503515

@q5[iperf]: count 762, average 434, total 331406
@q5[swapper/169]: count 177989, average 462, total 82274223
@q5[ksoftirqd/169]: count 172606, average 626, total 108134747

@uc: count 29588, average 1665, total 49288170

@q1[swapper/169]: count 490, average 2668, total 1307351
@q1[ksoftirqd/169]: count 136, average 2819, total 383441
@q1[iperf]: count 1, average 39674, total 39674

@q2[swapper/169]: count 726, average 651, total 472962
@q2[ksoftirqd/169]: count 200, average 795, total 159053
@q2[iperf]: count 3, average 9187, total 27563


@q4[swapper/169]: count 22891, average 1023, total 23439270
@q4[ksoftirqd/169]: count 21242, average 1427, total 30319879
@q4[iperf]: count 27, average 1829, total 49383

@q5[swapper/169]: count 180099, average 460, total 82913141
@q5[iperf]: count 208, average 504, total 104898
@q5[ksoftirqd/169]: count 168361, average 638, total 107462893

@uc: count 31312, average 1656, total 51854909

@q1[swapper/169]: count 474, average 2762, total 1309578
@q1[ksoftirqd/169]: count 140, average 2771, total 387944

@q2[swapper/169]: count 695, average 652, total 453615
@q2[ksoftirqd/169]: count 215, average 792, total 170413


@q4[swapper/169]: count 22186, average 1031, total 22877393
@q4[ksoftirqd/169]: count 21977, average 1422, total 31259280

@q5[swapper/169]: count 174517, average 463, total 80805978
@q5[ksoftirqd/169]: count 174209, average 633, total 110423615

@uc: count 29965, average 2129, total 63801364

@q1[swapper/169]: count 458, average 2653, total 1215311
@q1[ksoftirqd/169]: count 160, average 2949, total 471927

@q2[swapper/169]: count 679, average 657, total 446683
@q2[ksoftirqd/169]: count 236, average 793, total 187294


@q4[ksoftirqd/169]: count 44267, average 709, total 31421328
@q4[swapper/169]: count 22225, average 1026, total 22803514

@q5[swapper/169]: count 174884, average 460, total 80620136
@q5[ksoftirqd/169]: count 176652, average 630, total 111317647

@uc: count 30868, average 1663, total 51339979

@q1[swapper/169]: count 497, average 2662, total 1323055
@q1[ksoftirqd/169]: count 140, average 2946, total 412533

@q2[swapper/169]: count 716, average 650, total 465978
@q2[ksoftirqd/169]: count 205, average 786, total 161201


@q4[swapper/169]: count 22328, average 1027, total 22938428
@q4[ksoftirqd/169]: count 21945, average 1422, total 31214700

@q5[swapper/169]: count 175633, average 462, total 81157095
@q5[ksoftirqd/169]: count 173938, average 638, total 111137181

@uc: count 31003, average 1637, total 50751943

@q1[ksoftirqd/169]: count 143, average 2703, total 386552
@q1[swapper/169]: count 493, average 2853, total 1406743

@q2[ksoftirqd/169]: count 218, average 694, total 151340
@q2[swapper/169]: count 720, average 697, total 502061
@q2[iperf]: count 1, average 17093, total 17093


@q4[swapper/169]: count 23281, average 1030, total 24001685
@q4[ksoftirqd/169]: count 21728, average 1395, total 30328868
@q4[iperf]: count 21, average 1646, total 34574

@q5[swapper/169]: count 183284, average 461, total 84611002
@q5[iperf]: count 166, average 509, total 84651
@q5[ksoftirqd/169]: count 172216, average 629, total 108346357

@uc: count 31174, average 2617, total 81603170

@q1[swapper/169]: count 459, average 2732, total 1254280
@q1[ksoftirqd/169]: count 145, average 2927, total 424435
@q1[iperf]: count 2, average 21410, total 42820

@q2[swapper/169]: count 683, average 654, total 447027
@q2[ksoftirqd/169]: count 217, average 784, total 170152
@q2[iperf]: count 2, average 13851, total 27702


@q4[swapper/169]: count 21579, average 1024, total 22102943
@q4[ksoftirqd/169]: count 22754, average 1418, total 32278793
@q4[iperf]: count 32, average 1482, total 47438

@q5[swapper/169]: count 169828, average 460, total 78287473
@q5[iperf]: count 250, average 498, total 124730
@q5[ksoftirqd/169]: count 180425, average 635, total 114602391

@uc: count 30601, average 2076, total 63544567

@q1[ksoftirqd/169]: count 134, average 2763, total 370316
@q1[swapper/169]: count 478, average 2808, total 1342590

@q2[swapper/169]: count 705, average 653, total 460862
@q2[ksoftirqd/169]: count 208, average 774, total 161098


@q4[swapper/169]: count 22455, average 1030, total 23131861
@q4[ksoftirqd/169]: count 22249, average 1403, total 31237261
@q4[iperf]: count 80, average 1801, total 144086

@q5[swapper/169]: count 176728, average 462, total 81734990
@q5[ksoftirqd/169]: count 176372, average 627, total 110729454
@q5[iperf]: count 637, average 740, total 471852

@uc: count 31370, average 1648, total 51721169

@q1[ksoftirqd/169]: count 139, average 2696, total 374857
@q1[swapper/169]: count 470, average 2763, total 1298882

@q2[swapper/169]: count 674, average 649, total 437687
@q2[ksoftirqd/169]: count 205, average 807, total 165540


@q4[swapper/169]: count 21275, average 1030, total 21928324
@q4[ksoftirqd/169]: count 22761, average 1436, total 32696522

@q5[swapper/169]: count 167378, average 463, total 77599512
@q5[ksoftirqd/169]: count 180417, average 643, total 116175940

@uc: count 33015, average 1543, total 50953277

@q1[ksoftirqd/169]: count 150, average 2700, total 405031
@q1[swapper/169]: count 487, average 2776, total 1352015

@q2[swapper/169]: count 732, average 652, total 477895
@q2[ksoftirqd/169]: count 226, average 786, total 177647
@q2[iperf]: count 1, average 16010, total 16010


@q4[swapper/169]: count 22615, average 1022, total 23119969
@q4[ksoftirqd/169]: count 21775, average 1412, total 30749765
@q4[iperf]: count 18, average 1719, total 30950

@q5[swapper/169]: count 177905, average 458, total 81628943
@q5[iperf]: count 143, average 513, total 73459
@q5[ksoftirqd/169]: count 172577, average 630, total 108892350

@uc: count 29417, average 2092, total 61550396

@q1[swapper/169]: count 456, average 2654, total 1210567
@q1[ksoftirqd/169]: count 148, average 2956, total 437628

@q2[swapper/169]: count 661, average 650, total 429945
@q2[ksoftirqd/169]: count 218, average 781, total 170430


@q4[swapper/169]: count 21341, average 1039, total 22189822
@q4[ksoftirqd/169]: count 22649, average 1429, total 32374240

@q5[swapper/169]: count 167910, average 467, total 78443704
@q5[ksoftirqd/169]: count 179510, average 644, total 115758679

@uc: count 32584, average 2033, total 66274660

@q1[swapper/169]: count 454, average 2669, total 1211767
@q1[ksoftirqd/169]: count 142, average 2951, total 419096

@q2[swapper/169]: count 692, average 661, total 457867
@q2[ksoftirqd/169]: count 214, average 782, total 167509


@q4[swapper/169]: count 21860, average 1036, total 22662132
@q4[ksoftirqd/169]: count 22143, average 1426, total 31590487
@q4[iperf]: count 80, average 1924, total 153979

@q5[swapper/169]: count 172041, average 464, total 79977570
@q5[ksoftirqd/169]: count 175503, average 642, total 112692420
@q5[iperf]: count 637, average 799, total 509152

@uc: count 31459, average 1979, total 62261472

@q1[ksoftirqd/169]: count 142, average 2650, total 376436
@q1[swapper/169]: count 391, average 2737, total 1070437
@q1[iperf]: count 1, average 39865, total 39865

@q2[ksoftirqd/169]: count 210, average 691, total 145316
@q2[swapper/169]: count 612, average 694, total 425145
@q2[iperf]: count 5, average 6728, total 33644


@q4[swapper/169]: count 20579, average 1031, total 21230168
@q4[ksoftirqd/169]: count 23658, average 1434, total 33927733
@q4[iperf]: count 213, average 1474, total 314036

@q5[swapper/169]: count 162044, average 463, total 75054076
@q5[ksoftirqd/169]: count 187576, average 637, total 119557159
@q5[iperf]: count 1688, average 669, total 1129565

@uc: count 31132, average 1773, total 55226831

@q1[swapper/169]: count 456, average 2669, total 1217516
@q1[ksoftirqd/169]: count 143, average 2697, total 385774
@q1[iperf]: count 1, average 27993, total 27993

@q2[swapper/169]: count 695, average 679, total 472290
@q2[ksoftirqd/169]: count 225, average 684, total 153935
@q2[iperf]: count 1, average 12944, total 12944
@q2[kworker/169:2]: count 2, average 14547, total 29094


@q4[swapper/169]: count 22302, average 1024, total 22849068
@q4[kworker/169:2]: count 59, average 1365, total 80535
@q4[ksoftirqd/169]: count 22003, average 1418, total 31217442
@q4[iperf]: count 22, average 1505, total 33131

@q5[swapper/169]: count 175428, average 460, total 80846847
@q5[kworker/169:2]: count 466, average 482, total 224822
@q5[iperf]: count 174, average 499, total 86991
@q5[ksoftirqd/169]: count 174428, average 640, total 111722479

@uc: count 30513, average 2087, total 63687358

@q1[swapper/169]: count 457, average 2702, total 1235162
@q1[ksoftirqd/169]: count 152, average 2721, total 413630

@q2[swapper/169]: count 716, average 656, total 469929
@q2[ksoftirqd/169]: count 224, average 779, total 174636


@q4[swapper/169]: count 22708, average 1027, total 23331567
@q4[ksoftirqd/169]: count 21522, average 1426, total 30699071
@q4[iperf]: count 16, average 2235, total 35772

@q5[swapper/169]: count 178708, average 461, total 82493287
@q5[iperf]: count 128, average 570, total 73016
@q5[ksoftirqd/169]: count 170511, average 642, total 109573950

@uc: count 29912, average 2087, total 62448794

@q1[ksoftirqd/169]: count 139, average 2586, total 359493
@q1[swapper/169]: count 449, average 2750, total 1234844

@q2[ksoftirqd/169]: count 226, average 692, total 156481
@q2[swapper/169]: count 678, average 697, total 473152


@q4[swapper/169]: count 22310, average 1032, total 23030632
@q4[ksoftirqd/169]: count 22227, average 1407, total 31276185

@q5[swapper/169]: count 175566, average 463, total 81311178
@q5[ksoftirqd/169]: count 176167, average 629, total 110947226

@uc: count 30403, average 2106, total 64033389

@q1[ksoftirqd/169]: count 139, average 2589, total 359989
@q1[swapper/169]: count 426, average 2727, total 1161868
@q1[iperf]: count 1, average 38833, total 38833

@q2[ksoftirqd/169]: count 217, average 677, total 146969
@q2[swapper/169]: count 632, average 685, total 433507
@q2[iperf]: count 1, average 23855, total 23855


@q4[swapper/169]: count 20566, average 1035, total 21303356
@q4[ksoftirqd/169]: count 23652, average 1417, total 33529845
@q4[iperf]: count 103, average 1582, total 162967

@q5[swapper/169]: count 161781, average 464, total 75216781
@q5[ksoftirqd/169]: count 187538, average 634, total 118980429
@q5[iperf]: count 818, average 662, total 541723

@uc: count 31921, average 1872, total 59771845

@q1[swapper/169]: count 443, average 2654, total 1175749
@q1[ksoftirqd/169]: count 147, average 3015, total 443286

@q2[swapper/169]: count 675, average 653, total 440855
@q2[ksoftirqd/169]: count 220, average 784, total 172698


@q4[swapper/169]: count 22063, average 1031, total 22758489
@q4[ksoftirqd/169]: count 22320, average 1427, total 31864548

@q5[swapper/169]: count 173629, average 463, total 80405082
@q5[ksoftirqd/169]: count 176956, average 637, total 112873099

@uc: count 31566, average 1534, total 48432346

@q1[ksoftirqd/169]: count 138, average 2601, total 358990
@q1[swapper/169]: count 454, average 2735, total 1241766

@q2[swapper/169]: count 683, average 653, total 446240
@q2[ksoftirqd/169]: count 215, average 796, total 171302


@q4[swapper/169]: count 21727, average 1030, total 22388319
@q4[ksoftirqd/169]: count 22325, average 1423, total 31783346
@q4[iperf]: count 80, average 1882, total 150633

@q5[swapper/169]: count 170914, average 463, total 79210156
@q5[ksoftirqd/169]: count 176957, average 637, total 112736124
@q5[iperf]: count 637, average 774, total 493468

@uc: count 32726, average 1698, total 55586267

@q1[ksoftirqd/169]: count 145, average 2596, total 376449
@q1[swapper/169]: count 473, average 2763, total 1307195

@q2[swapper/169]: count 702, average 654, total 459306
@q2[ksoftirqd/169]: count 228, average 793, total 180814


@q4[swapper/169]: count 22599, average 1030, total 23295433
@q4[ksoftirqd/169]: count 21994, average 1406, total 30943770

@q5[swapper/169]: count 177863, average 462, total 82270560
@q5[ksoftirqd/169]: count 174288, average 629, total 109640769

@uc: count 30461, average 1588, total 48391367

@q1[ksoftirqd/169]: count 136, average 2721, total 370178
@q1[swapper/169]: count 456, average 2731, total 1245507
@q1[iperf]: count 1, average 39164, total 39164

@q2[swapper/169]: count 683, average 682, total 466270
@q2[ksoftirqd/169]: count 202, average 686, total 138695
@q2[iperf]: count 4, average 5861, total 23445


@q4[swapper/169]: count 21689, average 1025, total 22243581
@q4[ksoftirqd/169]: count 22519, average 1415, total 31873739
@q4[iperf]: count 31, average 1519, total 47091

@q5[swapper/169]: count 170577, average 460, total 78593634
@q5[iperf]: count 237, average 489, total 116076
@q5[ksoftirqd/169]: count 178589, average 634, total 113388992

@uc: count 32371, average 1854, total 60020716

@q1[swapper/169]: count 456, average 2623, total 1196452
@q1[ksoftirqd/169]: count 141, average 2919, total 411700

@q2[swapper/169]: count 661, average 657, total 434809
@q2[ksoftirqd/169]: count 204, average 788, total 160913


@q4[swapper/169]: count 21118, average 1042, total 22020603
@q4[ksoftirqd/169]: count 22581, average 1439, total 32495956
@q4[iperf]: count 80, average 1743, total 139460

@q5[swapper/169]: count 166125, average 468, total 77821799
@q5[ksoftirqd/169]: count 179043, average 643, total 115281034
@q5[iperf]: count 636, average 726, total 462308

@uc: count 31619, average 1733, total 54826543

@q1[swapper/169]: count 432, average 2610, total 1127578
@q1[ksoftirqd/169]: count 146, average 2898, total 423157

@q2[swapper/169]: count 640, average 649, total 415444
@q2[ksoftirqd/169]: count 212, average 803, total 170357
@q2[iperf]: count 2, average 16030, total 32060


@q4[swapper/169]: count 20591, average 1048, total 21590105
@q4[ksoftirqd/169]: count 22905, average 1451, total 33245950
@q4[iperf]: count 36, average 1556, total 56049

@q5[swapper/169]: count 161970, average 471, total 76322510
@q5[iperf]: count 284, average 502, total 142684
@q5[ksoftirqd/169]: count 181586, average 650, total 118151487

@uc: count 33270, average 1753, total 58337025

@q1[swapper/169]: count 460, average 2657, total 1222248
@q1[ksoftirqd/169]: count 146, average 2920, total 426425

@q2[swapper/169]: count 672, average 659, total 443341
@q2[ksoftirqd/169]: count 217, average 702, total 152347


@q4[swapper/169]: count 21202, average 1036, total 21969402
@q4[ksoftirqd/169]: count 22639, average 1444, total 32692042

@q5[swapper/169]: count 166823, average 464, total 77519907
@q5[ksoftirqd/169]: count 179410, average 646, total 115908718

@uc: count 32416, average 1585, total 51403266

@q1[swapper/169]: count 469, average 2693, total 1263350
@q1[ksoftirqd/169]: count 138, average 2777, total 383336

@q2[ksoftirqd/169]: count 206, average 685, total 141286
@q2[swapper/169]: count 684, average 689, total 471796


@q4[swapper/169]: count 21541, average 1035, total 22296543
@q4[ksoftirqd/169]: count 21932, average 1458, total 31997406

@q5[swapper/169]: count 169368, average 465, total 78767856
@q5[ksoftirqd/169]: count 173863, average 652, total 113453417

@uc: count 32599, average 1619, total 52791202

@q1[swapper/169]: count 460, average 2645, total 1216900
@q1[ksoftirqd/169]: count 118, average 2958, total 349083
@q1[iperf]: count 2, average 19732, total 39465

@q2[swapper/169]: count 758, average 689, total 522410
@q2[ksoftirqd/169]: count 198, average 705, total 139709
@q2[iperf]: count 6, average 3720, total 22324


@q4[swapper/169]: count 20746, average 1037, total 21518345
@q4[iperf]: count 51, average 1217, total 62092
@q4[ksoftirqd/169]: count 22691, average 1442, total 32725407

@q5[iperf]: count 392, average 461, total 180931
@q5[swapper/169]: count 162999, average 467, total 76186141
@q5[ksoftirqd/169]: count 179955, average 645, total 116193891

@uc: count 32593, average 1780, total 58024006

@q1[swapper/169]: count 550, average 2666, total 1466430
@q1[ksoftirqd/169]: count 133, average 2843, total 378214
@q1[kworker/169:2]: count 4, average 12005, total 48021
@q1[iperf]: count 1, average 39143, total 39143

@q2[swapper/169]: count 902, average 654, total 590588
@q2[ksoftirqd/169]: count 211, average 803, total 169638
@q2[iperf]: count 3, average 2578, total 7735
@q2[kworker/169:2]: count 6, average 4658, total 27953


@q4[swapper/169]: count 23176, average 1024, total 23753592
@q4[iperf]: count 107, average 1418, total 151770
@q4[ksoftirqd/169]: count 21013, average 1420, total 29845351
@q4[kworker/169:2]: count 88, average 1655, total 145648

@q5[swapper/169]: count 181953, average 461, total 83969815
@q5[ksoftirqd/169]: count 166547, average 639, total 106576405
@q5[iperf]: count 846, average 644, total 544918
@q5[kworker/169:2]: count 685, average 657, total 450543

@uc: count 29257, average 3025, total 88505468

@q1[swapper/169]: count 453, average 2744, total 1243255
@q1[ksoftirqd/169]: count 117, average 2746, total 321339

@q2[swapper/169]: count 697, average 661, total 461192
@q2[ksoftirqd/169]: count 185, average 825, total 152677
@q2[kworker/169:2]: count 1, average 30547, total 30547


@q4[swapper/169]: count 21584, average 1031, total 22264547
@q4[kworker/169:2]: count 59, average 1333, total 78651
@q4[ksoftirqd/169]: count 22655, average 1423, total 32259488

@q5[swapper/169]: count 169819, average 463, total 78784467
@q5[kworker/169:2]: count 468, average 475, total 222746
@q5[ksoftirqd/169]: count 179697, average 638, total 114732395

@uc: count 32972, average 1948, total 64260428

@q1[ksoftirqd/169]: count 135, average 2739, total 369769
@q1[swapper/169]: count 486, average 2752, total 1337749

@q2[swapper/169]: count 732, average 653, total 478726
@q2[ksoftirqd/169]: count 212, average 788, total 167236
@q2[iperf]: count 2, average 14071, total 28143


@q4[swapper/169]: count 23293, average 1026, total 23913274
@q4[ksoftirqd/169]: count 20961, average 1431, total 29999746
@q4[iperf]: count 11, average 2770, total 30479

@q5[swapper/169]: count 183243, average 460, total 84388954
@q5[iperf]: count 84, average 631, total 53059
@q5[ksoftirqd/169]: count 166099, average 641, total 106532322

@uc: count 30452, average 1611, total 49066096

@q1[swapper/169]: count 496, average 2634, total 1306888
@q1[ksoftirqd/169]: count 135, average 2944, total 397460
@q1[iperf]: count 1, average 27963, total 27963

@q2[swapper/169]: count 718, average 654, total 470151
@q2[ksoftirqd/169]: count 203, average 798, total 162068
@q2[iperf]: count 2, average 5280, total 10560


@q4[swapper/169]: count 22252, average 1035, total 23049912
@q4[ksoftirqd/169]: count 21837, average 1426, total 31159930
@q4[iperf]: count 22, average 1531, total 33694

@q5[swapper/169]: count 174979, average 464, total 81329912
@q5[iperf]: count 172, average 499, total 85944
@q5[ksoftirqd/169]: count 173119, average 637, total 110389638

@uc: count 30682, average 1787, total 54851807

@q1[ksoftirqd/169]: count 132, average 2634, total 347794
@q1[swapper/169]: count 465, average 2778, total 1291943

@q2[swapper/169]: count 700, average 652, total 456671
@q2[ksoftirqd/169]: count 205, average 803, total 164691
@q2[iperf]: count 2, average 12358, total 24717


@q4[swapper/169]: count 22149, average 1028, total 22780213
@q4[ksoftirqd/169]: count 22167, average 1422, total 31531908
@q4[iperf]: count 19, average 1780, total 33829

@q5[swapper/169]: count 174266, average 461, total 80462711
@q5[iperf]: count 147, average 517, total 76019
@q5[ksoftirqd/169]: count 175698, average 637, total 112038276

@uc: count 31130, average 1718, total 53508119

@q1[swapper/169]: count 478, average 2614, total 1249553
@q1[ksoftirqd/169]: count 136, average 2888, total 392878
@q1[iperf]: count 2, average 20102, total 40205

@q2[swapper/169]: count 719, average 654, total 470249
@q2[ksoftirqd/169]: count 207, average 797, total 165023
@q2[iperf]: count 3, average 6923, total 20770


@q4[swapper/169]: count 22638, average 1034, total 23411917
@q4[iperf]: count 44, average 1287, total 56657
@q4[ksoftirqd/169]: count 21695, average 1412, total 30646540

@q5[swapper/169]: count 178045, average 464, total 82634194
@q5[iperf]: count 345, average 466, total 160855
@q5[ksoftirqd/169]: count 171986, average 631, total 108648291

@uc: count 30160, average 1706, total 51481057

@q1[ksoftirqd/169]: count 156, average 2642, total 412262
@q1[swapper/169]: count 461, average 2715, total 1251672
@q1[iperf]: count 1, average 39465, total 39465

@q2[ksoftirqd/169]: count 234, average 690, total 161503
@q2[swapper/169]: count 687, average 692, total 475466
@q2[iperf]: count 1, average 25228, total 25228


@q4[swapper/169]: count 21779, average 1033, total 22501926
@q4[ksoftirqd/169]: count 22139, average 1432, total 31716426
@q4[iperf]: count 32, average 1608, total 51478

@q5[swapper/169]: count 171281, average 464, total 79509188
@q5[iperf]: count 251, average 499, total 125333
@q5[ksoftirqd/169]: count 175442, average 642, total 112805213

@uc: count 30877, average 1756, total 54220227

@q1[swapper/169]: count 436, average 2621, total 1142969
@q1[ksoftirqd/169]: count 143, average 2897, total 414373

@q2[swapper/169]: count 682, average 651, total 444642
@q2[ksoftirqd/169]: count 205, average 748, total 153405


@q4[swapper/169]: count 21758, average 1033, total 22485392
@q4[ksoftirqd/169]: count 22279, average 1432, total 31906709
@q4[iperf]: count 80, average 1821, total 145716

@q5[swapper/169]: count 171127, average 464, total 79489737
@q5[ksoftirqd/169]: count 176651, average 642, total 113443468
@q5[iperf]: count 637, average 770, total 490498

@uc: count 31483, average 1847, total 58162819

@q1[ksoftirqd/169]: count 137, average 2683, total 367643
@q1[swapper/169]: count 441, average 2692, total 1187524
@q1[iperf]: count 2, average 20693, total 41387

@q2[swapper/169]: count 688, average 653, total 449412
@q2[ksoftirqd/169]: count 220, average 792, total 174353
@q2[iperf]: count 2, average 13596, total 27192


@q4[swapper/169]: count 21522, average 1039, total 22371824
@q4[iperf]: count 47, average 1341, total 63057
@q4[ksoftirqd/169]: count 22559, average 1422, total 32081608

@q5[swapper/169]: count 169284, average 466, total 79012407
@q5[iperf]: count 368, average 473, total 174409
@q5[ksoftirqd/169]: count 178781, average 637, total 113992771

@uc: count 31852, average 1705, total 54312662

@q1[ksoftirqd/169]: count 125, average 2663, total 332949
@q1[swapper/169]: count 503, average 2754, total 1385719

@q2[swapper/169]: count 741, average 673, total 498849
@q2[ksoftirqd/169]: count 180, average 688, total 123912
@q2[iperf]: count 2, average 14778, total 29556


@q4[swapper/169]: count 22997, average 1032, total 23752429
@q4[ksoftirqd/169]: count 21275, average 1425, total 30334773
@q4[iperf]: count 19, average 1975, total 37541

@q5[swapper/169]: count 180875, average 463, total 83812911
@q5[iperf]: count 148, average 537, total 79534
@q5[ksoftirqd/169]: count 168709, average 637, total 107615536

@uc: count 29932, average 1553, total 46510350

@q1[swapper/169]: count 458, average 2696, total 1235087
@q1[ksoftirqd/169]: count 137, average 2705, total 370708
@q1[iperf]: count 1, average 35086, total 35086

@q2[swapper/169]: count 680, average 678, total 461497
@q2[ksoftirqd/169]: count 205, average 681, total 139783
@q2[iperf]: count 1, average 11221, total 11221


@q4[swapper/169]: count 21854, average 1035, total 22638139
@q4[ksoftirqd/169]: count 22399, average 1424, total 31906343
@q4[iperf]: count 24, average 1488, total 35719

@q5[swapper/169]: count 171875, average 464, total 79907099
@q5[iperf]: count 188, average 473, total 88966
@q5[ksoftirqd/169]: count 177586, average 637, total 113193553

@uc: count 32933, average 1815, total 59792287

@q1[ksoftirqd/169]: count 144, average 2677, total 385511
@q1[swapper/169]: count 451, average 2725, total 1229408
@q1[iperf]: count 1, average 26320, total 26320

@q2[swapper/169]: count 666, average 684, total 455723
@q2[ksoftirqd/169]: count 216, average 690, total 149215
@q2[iperf]: count 2, average 7143, total 14287


@q4[swapper/169]: count 21998, average 1036, total 22799682
@q4[iperf]: count 31, average 1297, total 40224
@q4[ksoftirqd/169]: count 22616, average 1397, total 31614836

@q5[swapper/169]: count 173079, average 464, total 80404441
@q5[iperf]: count 242, average 467, total 113254
@q5[ksoftirqd/169]: count 179294, average 627, total 112467253

@uc: count 31536, average 2108, total 66486917

@q1[ksoftirqd/169]: count 143, average 2611, total 373476
@q1[swapper/169]: count 472, average 2715, total 1281832

@q2[swapper/169]: count 716, average 653, total 467604
@q2[ksoftirqd/169]: count 221, average 795, total 175841
@q2[iperf]: count 2, average 16230, total 32460


@q4[swapper/169]: count 22284, average 1025, total 22861263
@q4[ksoftirqd/169]: count 21887, average 1421, total 31103923
@q4[iperf]: count 102, average 1608, total 164023

@q5[swapper/169]: count 175332, average 461, total 80842730
@q5[iperf]: count 808, average 670, total 541638
@q5[ksoftirqd/169]: count 173426, average 1285, total 222989899

@uc: count 30271, average 1931, total 58475598

@q1[ksoftirqd/169]: count 144, average 2586, total 372502
@q1[swapper/169]: count 472, average 2767, total 1306308
@q1[iperf]: count 2, average 20643, total 41287

@q2[swapper/169]: count 697, average 662, total 461649
@q2[ksoftirqd/169]: count 216, average 690, total 149184
@q2[iperf]: count 3, average 7878, total 23635


@q4[swapper/169]: count 22473, average 1042, total 23431116
@q4[ksoftirqd/169]: count 21767, average 1424, total 30998634
@q4[iperf]: count 30, average 1560, total 46826

@q5[swapper/169]: count 176767, average 468, total 82784721
@q5[iperf]: count 231, average 502, total 116159
@q5[ksoftirqd/169]: count 172535, average 637, total 109949953

@uc: count 30255, average 1651, total 49980826

@q1[swapper/169]: count 486, average 2675, total 1300292
@q1[ksoftirqd/169]: count 134, average 2783, total 372974

@q2[swapper/169]: count 723, average 658, total 476147
@q2[ksoftirqd/169]: count 209, average 797, total 166757
@q2[iperf]: count 2, average 13716, total 27432


@q4[swapper/169]: count 22493, average 1025, total 23061960
@q4[ksoftirqd/169]: count 21633, average 1425, total 30839114
@q4[iperf]: count 35, average 1468, total 51394

@q5[swapper/169]: count 176943, average 460, total 81512828
@q5[iperf]: count 276, average 494, total 136519
@q5[ksoftirqd/169]: count 171502, average 638, total 109454871

@uc: count 29426, average 1842, total 54221198

@q1[swapper/169]: count 428, average 2624, total 1123205
@q1[ksoftirqd/169]: count 144, average 2936, total 422819

@q2[swapper/169]: count 657, average 653, total 429029
@q2[ksoftirqd/169]: count 218, average 779, total 170011
@q2[iperf]: count 2, average 14502, total 29004


@q4[swapper/169]: count 21705, average 1039, total 22552439
@q4[ksoftirqd/169]: count 22538, average 1432, total 32281923
@q4[iperf]: count 27, average 1623, total 43836

@q5[swapper/169]: count 170843, average 467, total 79848535
@q5[iperf]: count 211, average 508, total 107377
@q5[ksoftirqd/169]: count 178617, average 639, total 114296980

@uc: count 31803, average 1593, total 50665377

@q1[swapper/169]: count 457, average 2626, total 1200304
@q1[ksoftirqd/169]: count 138, average 2887, total 398501

@q2[ksoftirqd/169]: count 213, average 678, total 144463
@q2[swapper/169]: count 706, average 683, total 482737


@q4[swapper/169]: count 22447, average 1038, total 23313960
@q4[ksoftirqd/169]: count 21798, average 1416, total 30868537
@q4[iperf]: count 80, average 1719, total 137573

@q5[swapper/169]: count 176643, average 465, total 82256464
@q5[ksoftirqd/169]: count 172755, average 634, total 109575740
@q5[iperf]: count 636, average 728, total 463415

@uc: count 32689, average 1681, total 54953783

@q1[ksoftirqd/169]: count 146, average 2640, total 385583
@q1[swapper/169]: count 482, average 2706, total 1304386
@q1[iperf]: count 1, average 39033, total 39033

@q2[swapper/169]: count 691, average 689, total 476480
@q2[ksoftirqd/169]: count 228, average 693, total 158156
@q2[iperf]: count 4, average 7849, total 31398


@q4[swapper/169]: count 22371, average 1039, total 23255576
@q4[ksoftirqd/169]: count 21746, average 1412, total 30705930
@q4[iperf]: count 39, average 1457, total 56849

@q5[swapper/169]: count 175954, average 465, total 81994113
@q5[iperf]: count 300, average 486, total 145947
@q5[ksoftirqd/169]: count 172330, average 631, total 108841907

@uc: count 30907, average 1699, total 52512654

@q1[swapper/169]: count 515, average 2672, total 1376431
@q1[ksoftirqd/169]: count 153, average 2699, total 413042

@q2[swapper/169]: count 719, average 672, total 483837
@q2[ksoftirqd/169]: count 220, average 689, total 151660


@q4[swapper/169]: count 22030, average 1033, total 22768269
@q4[ksoftirqd/169]: count 21575, average 1446, total 31215087

@q5[swapper/169]: count 173081, average 464, total 80384924
@q5[ksoftirqd/169]: count 170981, average 646, total 110520149

@uc: count 30126, average 1676, total 50507274

@q1[ksoftirqd/169]: count 136, average 2662, total 362149
@q1[swapper/169]: count 492, average 2712, total 1334770

@q2[swapper/169]: count 696, average 686, total 477715
@q2[ksoftirqd/169]: count 220, average 687, total 151332


@q4[swapper/169]: count 22013, average 1038, total 22860733
@q4[ksoftirqd/169]: count 21549, average 1450, total 31246341

@q5[swapper/169]: count 173094, average 464, total 80455743
@q5[ksoftirqd/169]: count 170799, average 646, total 110465294

@uc: count 30724, average 1569, total 48235003

@q1[swapper/169]: count 448, average 2683, total 1202051
@q1[ksoftirqd/169]: count 144, average 2742, total 394856

@q2[swapper/169]: count 652, average 655, total 427127
@q2[ksoftirqd/169]: count 211, average 815, total 172088


@q4[swapper/169]: count 20356, average 1044, total 21256792
@q4[ksoftirqd/169]: count 23230, average 1440, total 33453762
@q4[iperf]: count 96, average 1602, total 153872

@q5[swapper/169]: count 160065, average 469, total 75139178
@q5[ksoftirqd/169]: count 184217, average 644, total 118775913
@q5[iperf]: count 765, average 676, total 517849

@uc: count 31917, average 1826, total 58299472

@q1[swapper/169]: count 434, average 2724, total 1182596
@q1[ksoftirqd/169]: count 137, average 3003, total 411523
@q1[iperf]: count 2, average 19712, total 39424

@q2[swapper/169]: count 661, average 663, total 438646
@q2[ksoftirqd/169]: count 214, average 794, total 170122
@q2[iperf]: count 3, average 6655, total 19967


@q4[swapper/169]: count 20973, average 1036, total 21748308
@q4[iperf]: count 52, average 1259, total 65485
@q4[ksoftirqd/169]: count 22847, average 1445, total 33020764

@q5[swapper/169]: count 165091, average 464, total 76663893
@q5[iperf]: count 405, average 469, total 190118
@q5[ksoftirqd/169]: count 181090, average 1296, total 234693842

@uc: count 32090, average 2277, total 73086475

@q1[swapper/169]: count 464, average 2615, total 1213592
@q1[ksoftirqd/169]: count 146, average 2959, total 432116

@q2[swapper/169]: count 687, average 681, total 468452
@q2[ksoftirqd/169]: count 215, average 694, total 149282


@q4[swapper/169]: count 21836, average 1044, total 22803691
@q4[ksoftirqd/169]: count 21978, average 1436, total 31567524
@q4[iperf]: count 80, average 1858, total 148677

@q5[swapper/169]: count 171736, average 467, total 80350839
@q5[ksoftirqd/169]: count 174220, average 643, total 112037432
@q5[iperf]: count 637, average 732, total 466788

@uc: count 31174, average 2158, total 67280374

@q1[ksoftirqd/169]: count 124, average 2630, total 326121
@q1[swapper/169]: count 465, average 2657, total 1235814
@q1[iperf]: count 1, average 48091, total 48091

@q2[swapper/169]: count 704, average 686, total 483481
@q2[ksoftirqd/169]: count 197, average 688, total 135554
@q2[iperf]: count 3, average 9277, total 27832


@q4[swapper/169]: count 21870, average 1030, total 22539435
@q4[iperf]: count 38, average 1431, total 54388
@q4[ksoftirqd/169]: count 22356, average 1434, total 32067384

@q5[swapper/169]: count 171903, average 462, total 79447515
@q5[iperf]: count 299, average 470, total 140699
@q5[ksoftirqd/169]: count 177277, average 640, total 113554454

@uc: count 30535, average 1711, total 52265063

@q1[ksoftirqd/169]: count 130, average 2666, total 346597
@q1[swapper/169]: count 484, average 2741, total 1326744
@q1[iperf]: count 3, average 13345, total 40036

@q2[swapper/169]: count 723, average 661, total 478426
@q2[ksoftirqd/169]: count 211, average 793, total 167415
@q2[iperf]: count 4, average 4643, total 18575


@q4[swapper/169]: count 22519, average 1022, total 23031659
@q4[iperf]: count 57, average 1186, total 67648
@q4[ksoftirqd/169]: count 21476, average 1419, total 30488119

@q5[iperf]: count 441, average 456, total 201481
@q5[swapper/169]: count 177169, average 458, total 81269879
@q5[ksoftirqd/169]: count 170196, average 634, total 107927214

@uc: count 29978, average 2076, total 62246130

@q1[swapper/169]: count 413, average 2669, total 1102411
@q1[ksoftirqd/169]: count 136, average 2992, total 406938
@q1[iperf]: count 1, average 42159, total 42159

@q2[swapper/169]: count 647, average 656, total 424804
@q2[ksoftirqd/169]: count 216, average 794, total 171510
@q2[iperf]: count 3, average 8740, total 26221


@q4[swapper/169]: count 21296, average 1041, total 22177599
@q4[iperf]: count 134, average 1404, total 188141
@q4[ksoftirqd/169]: count 23059, average 1425, total 32859841

@q5[swapper/169]: count 167629, average 465, total 78033500
@q5[iperf]: count 1063, average 609, total 647603
@q5[ksoftirqd/169]: count 182867, average 637, total 116510220

@uc: count 31260, average 1829, total 57183036

@q1[swapper/169]: count 466, average 2666, total 1242380
@q1[ksoftirqd/169]: count 128, average 2901, total 371350

@q2[swapper/169]: count 708, average 651, total 461591
@q2[ksoftirqd/169]: count 203, average 792, total 160787
@q2[iperf]: count 2, average 13916, total 27833


@q4[swapper/169]: count 22300, average 1031, total 23012301
@q4[ksoftirqd/169]: count 21819, average 1428, total 31173136
@q4[iperf]: count 95, average 1683, total 159941

@q5[swapper/169]: count 175469, average 463, total 81294298
@q5[ksoftirqd/169]: count 172982, average 639, total 110572790
@q5[iperf]: count 752, average 717, total 539349

@uc: count 30603, average 1718, total 52576369