Attaching 12 probes...
Tracing latency of network stack funtions. Hit Ctrl-C to end.
@q1[swapper/169]: count 392, average 3537, total 1386742
@q1[ksoftirqd/169]: count 81, average 4257, total 344829
@q1[kworker/169:2]: count 2, average 20293, total 40586
@q1[iperf]: count 1, average 40926, total 40926

@q2[swapper/169]: count 644, average 2548, total 1641169
@q2[kworker/169:2]: count 3, average 8269, total 24807
@q2[iperf]: count 1, average 20368, total 20368
@q2[ksoftirqd/169]: count 143, average 57033, total 8155852


@q4[swapper/169]: count 17657, average 1481, total 26154627
@q4[ksoftirqd/169]: count 3140, average 1598, total 5018534
@q4[kworker/169:2]: count 13, average 3318, total 43141
@q4[iperf]: count 1, average 18475, total 18475

@q5[swapper/169]: count 138078, average 647, total 89386304
@q5[ksoftirqd/169]: count 24500, average 714, total 17509981
@q5[kworker/169:2]: count 99, average 905, total 89606
@q5[iperf]: count 7, average 2785, total 19497

@uc: count 17395, average 5300, total 92204014

@q1[swapper/169]: count 701, average 4231, total 2966008
@q1[ksoftirqd/169]: count 189, average 4373, total 826506
@q1[iperf]: count 2, average 21676, total 43352

@q2[swapper/169]: count 902, average 1096, total 988788
@q2[ksoftirqd/169]: count 265, average 1115, total 295488
@q2[iperf]: count 5, average 5929, total 29647


@q4[ksoftirqd/169]: count 2965, average 1635, total 4849585
@q4[swapper/169]: count 25157, average 1643, total 41334760
@q4[iperf]: count 38, average 1929, total 73312

@q5[swapper/169]: count 197867, average 709, total 140444171
@q5[ksoftirqd/169]: count 22949, average 713, total 16369021
@q5[iperf]: count 289, average 772, total 223110

@uc: count 28111, average 2310, total 64938623

@q1[swapper/169]: count 648, average 4266, total 2764705
@q1[ksoftirqd/169]: count 206, average 4486, total 924203
@q1[iperf]: count 5, average 9978, total 49894

@q2[swapper/169]: count 882, average 1110, total 979089
@q2[ksoftirqd/169]: count 282, average 1182, total 333469
@q2[iperf]: count 9, average 3926, total 35337


@q4[iperf]: count 123, average 1602, total 197109
@q4[ksoftirqd/169]: count 3071, average 1629, total 5004054
@q4[swapper/169]: count 24953, average 1641, total 40966486

@q5[swapper/169]: count 196291, average 710, total 139535018
@q5[ksoftirqd/169]: count 23799, average 712, total 16957560
@q5[iperf]: count 951, average 729, total 693580

@uc: count 27899, average 2514, total 70153993

@q1[swapper/169]: count 694, average 4295, total 2980905
@q1[ksoftirqd/169]: count 182, average 4363, total 794079
@q1[iperf]: count 5, average 9299, total 46496

@q2[swapper/169]: count 899, average 1102, total 990822
@q2[ksoftirqd/169]: count 250, average 1213, total 303495
@q2[iperf]: count 10, average 2339, total 23391


@q4[iperf]: count 75, average 1590, total 119324
@q4[ksoftirqd/169]: count 3026, average 1641, total 4966016
@q4[swapper/169]: count 25039, average 1654, total 41417336

@q5[swapper/169]: count 196941, average 714, total 140645584
@q5[iperf]: count 574, average 731, total 419937
@q5[ksoftirqd/169]: count 23475, average 1436, total 33715333

@uc: count 28450, average 2583, total 73514650

@q1[swapper/169]: count 724, average 3865, total 2798976
@q1[ksoftirqd/169]: count 171, average 4328, total 740105
@q1[iperf]: count 8, average 8170, total 65363
@q1[kworker/169:2]: count 2, average 9859, total 19718

@q2[swapper/169]: count 994, average 1000, total 994366
@q2[ksoftirqd/169]: count 253, average 1205, total 305062
@q2[iperf]: count 11, average 2695, total 29645
@q2[kworker/169:2]: count 3, average 3783, total 11351


@q4[swapper/169]: count 25270, average 1579, total 39918917
@q4[iperf]: count 113, average 1612, total 182220
@q4[ksoftirqd/169]: count 2829, average 1641, total 4643358
@q4[kworker/169:2]: count 8, average 1736, total 13895

@q5[kworker/169:2]: count 57, average 604, total 34472
@q5[swapper/169]: count 198229, average 689, total 136675424
@q5[ksoftirqd/169]: count 21889, average 715, total 15659150
@q5[iperf]: count 863, average 728, total 628305

@uc: count 26464, average 2958, total 78296783

@q1[ksoftirqd/169]: count 191, average 4239, total 809745
@q1[swapper/169]: count 589, average 4258, total 2508184
@q1[iperf]: count 11, average 5910, total 65011

@q2[ksoftirqd/169]: count 272, average 1119, total 304636
@q2[swapper/169]: count 838, average 1124, total 942497
@q2[iperf]: count 15, average 1958, total 29384


@q4[iperf]: count 152, average 1562, total 237495
@q4[ksoftirqd/169]: count 3141, average 1632, total 5127349
@q4[swapper/169]: count 24856, average 1634, total 40618951

@q5[swapper/169]: count 195642, average 714, total 139697356
@q5[ksoftirqd/169]: count 24320, average 715, total 17388871
@q5[iperf]: count 1163, average 726, total 844416

@uc: count 28207, average 2861, total 80706107

@q1[swapper/169]: count 726, average 3711, total 2694526
@q1[ksoftirqd/169]: count 189, average 4341, total 820528
@q1[iperf]: count 8, average 6922, total 55377
@q1[kworker/169:2]: count 2, average 18985, total 37971

@q2[swapper/169]: count 1033, average 972, total 1005092
@q2[ksoftirqd/169]: count 272, average 1160, total 315766
@q2[iperf]: count 14, average 2305, total 32272
@q2[kworker/169:2]: count 3, average 5750, total 17252


@q4[swapper/169]: count 24702, average 1541, total 38080048
@q4[iperf]: count 138, average 1585, total 218777
@q4[ksoftirqd/169]: count 3414, average 1630, total 5565810
@q4[kworker/169:2]: count 8, average 2728, total 21831

@q5[swapper/169]: count 193463, average 670, total 129697150
@q5[kworker/169:2]: count 52, average 679, total 35316
@q5[ksoftirqd/169]: count 26525, average 712, total 18894142
@q5[iperf]: count 1060, average 722, total 766355

@uc: count 24481, average 2699, total 66092772

@q1[iperf]: count 12, average 3884, total 46616
@q1[swapper/169]: count 704, average 4118, total 2899740
@q1[ksoftirqd/169]: count 201, average 4322, total 868741

@q2[swapper/169]: count 932, average 1064, total 992128
@q2[ksoftirqd/169]: count 277, average 1189, total 329373
@q2[iperf]: count 19, average 1513, total 28752
@q2[kworker/169:2]: count 1, average 28053, total 28053


@q4[iperf]: count 142, average 1520, total 215934
@q4[swapper/169]: count 24707, average 1621, total 40058090
@q4[ksoftirqd/169]: count 3284, average 1630, total 5353330
@q4[kworker/169:2]: count 55, average 2006, total 110350

@q5[swapper/169]: count 194138, average 699, total 135855268
@q5[ksoftirqd/169]: count 25441, average 711, total 18093593
@q5[iperf]: count 1073, average 719, total 772536
@q5[kworker/169:2]: count 437, average 756, total 330641

@uc: count 27057, average 2718, total 73543071

@q1[swapper/169]: count 729, average 4091, total 2983016
@q1[ksoftirqd/169]: count 206, average 4455, total 917852
@q1[iperf]: count 5, average 8928, total 44643
@q1[kworker/169:2]: count 2, average 23383, total 46767

@q2[swapper/169]: count 979, average 1059, total 1036785
@q2[ksoftirqd/169]: count 284, average 1174, total 333471
@q2[iperf]: count 8, average 3362, total 26901
@q2[kworker/169:2]: count 4, average 8709, total 34836


@q4[swapper/169]: count 24678, average 1607, total 39677064
@q4[ksoftirqd/169]: count 3413, average 1640, total 5597885
@q4[iperf]: count 71, average 1650, total 117179
@q4[kworker/169:2]: count 27, average 2557, total 69058
@q4[kworker/169:0]: count 1, average 9858, total 9858

@q5[swapper/169]: count 193764, average 696, total 134930259
@q5[ksoftirqd/169]: count 26431, average 711, total 18813220
@q5[iperf]: count 547, average 731, total 400193
@q5[kworker/169:2]: count 209, average 846, total 176900
@q5[kworker/169:0]: count 8, average 1721, total 13774

@uc: count 27292, average 2771, total 75646638

@q1[swapper/169]: count 660, average 4289, total 2830831
@q1[ksoftirqd/169]: count 182, average 4336, total 789179
@q1[iperf]: count 12, average 4840, total 58089

@q2[swapper/169]: count 854, average 1121, total 957861
@q2[ksoftirqd/169]: count 255, average 1124, total 286705
@q2[iperf]: count 15, average 1837, total 27561


@q4[iperf]: count 165, average 1537, total 253642
@q4[ksoftirqd/169]: count 3317, average 1637, total 5432731
@q4[swapper/169]: count 24660, average 1654, total 40797484

@q5[ksoftirqd/169]: count 25781, average 714, total 18412825
@q5[swapper/169]: count 194056, average 714, total 138630860
@q5[iperf]: count 1262, average 721, total 910202

@uc: count 28306, average 2993, total 84720398

@q1[swapper/169]: count 663, average 4117, total 2729789
@q1[ksoftirqd/169]: count 159, average 4448, total 707376
@q1[iperf]: count 6, average 9496, total 56977

@q2[swapper/169]: count 898, average 1045, total 938480
@q2[ksoftirqd/169]: count 239, average 1193, total 285167
@q2[iperf]: count 8, average 3573, total 28585


@q4[swapper/169]: count 25342, average 1596, total 40446886
@q4[ksoftirqd/169]: count 2712, average 1618, total 4388837
@q4[iperf]: count 101, average 1736, total 175386

@q5[swapper/169]: count 199223, average 692, total 137953812
@q5[ksoftirqd/169]: count 21011, average 710, total 14924366
@q5[iperf]: count 783, average 766, total 599926

@uc: count 26823, average 3356, total 90022788

@q1[swapper/169]: count 724, average 4022, total 2912033
@q1[iperf]: count 16, average 4172, total 66765
@q1[ksoftirqd/169]: count 177, average 4306, total 762307
@q1[kworker/169:0]: count 2, average 6652, total 13304

@q2[swapper/169]: count 949, average 1069, total 1015111
@q2[ksoftirqd/169]: count 258, average 1128, total 291101
@q2[iperf]: count 25, average 1436, total 35916
@q2[kworker/169:0]: count 3, average 4014, total 12042


@q4[iperf]: count 215, average 1528, total 328717
@q4[swapper/169]: count 24520, average 1636, total 40127383
@q4[ksoftirqd/169]: count 3445, average 1637, total 5641905
@q4[kworker/169:0]: count 16, average 1694, total 27110

@q5[kworker/169:0]: count 120, average 638, total 76619
@q5[swapper/169]: count 192439, average 709, total 136557870
@q5[ksoftirqd/169]: count 26801, average 714, total 19153152
@q5[iperf]: count 1652, average 715, total 1182571

@uc: count 27789, average 2796, total 77719775

@q1[ksoftirqd/169]: count 172, average 4267, total 734083
@q1[swapper/169]: count 644, average 4384, total 2823913
@q1[iperf]: count 6, average 7869, total 47217

@q2[ksoftirqd/169]: count 257, average 1119, total 287704
@q2[swapper/169]: count 851, average 1145, total 975156
@q2[iperf]: count 11, average 2363, total 25999


@q4[ksoftirqd/169]: count 3107, average 1632, total 5072376
@q4[swapper/169]: count 24963, average 1641, total 40988750
@q4[iperf]: count 64, average 1684, total 107812

@q5[ksoftirqd/169]: count 24101, average 713, total 17191162
@q5[swapper/169]: count 196530, average 713, total 140280993
@q5[iperf]: count 487, average 737, total 359332

@uc: count 28539, average 2628, total 75017876

@q1[ksoftirqd/169]: count 177, average 4270, total 755833
@q1[swapper/169]: count 604, average 4316, total 2607021
@q1[iperf]: count 10, average 6815, total 68159

@q2[ksoftirqd/169]: count 259, average 1123, total 291043
@q2[swapper/169]: count 846, average 1132, total 958268
@q2[iperf]: count 15, average 1957, total 29369


@q4[iperf]: count 138, average 1549, total 213844
@q4[ksoftirqd/169]: count 3004, average 1638, total 4922586
@q4[swapper/169]: count 24989, average 1640, total 40982287

@q5[ksoftirqd/169]: count 23316, average 714, total 16653550
@q5[swapper/169]: count 196752, average 715, total 140687238
@q5[iperf]: count 1064, average 723, total 769982

@uc: count 28106, average 2918, total 82034075

@q1[swapper/169]: count 583, average 4237, total 2470283
@q1[ksoftirqd/169]: count 191, average 4485, total 856758
@q1[iperf]: count 4, average 13357, total 53430

@q2[swapper/169]: count 834, average 1105, total 922174
@q2[ksoftirqd/169]: count 276, average 1202, total 331770
@q2[iperf]: count 7, average 5113, total 35797


@q4[ksoftirqd/169]: count 3013, average 1636, total 4931385
@q4[swapper/169]: count 25022, average 1641, total 41081002
@q4[iperf]: count 94, average 1677, total 157685

@q5[ksoftirqd/169]: count 23317, average 714, total 16670530
@q5[swapper/169]: count 197025, average 715, total 140983881
@q5[iperf]: count 734, average 735, total 539509

@uc: count 27995, average 2696, total 75480641

@q1[swapper/169]: count 577, average 4166, total 2404056
@q1[ksoftirqd/169]: count 169, average 4397, total 743210
@q1[iperf]: count 7, average 8889, total 62225

@q2[swapper/169]: count 876, average 1094, total 958712
@q2[ksoftirqd/169]: count 250, average 1204, total 301075
@q2[iperf]: count 13, average 1821, total 23674


@q4[iperf]: count 131, average 1551, total 203306
@q4[swapper/169]: count 24864, average 1631, total 40555021
@q4[ksoftirqd/169]: count 3136, average 1636, total 5132993

@q5[swapper/169]: count 195687, average 711, total 139291655
@q5[ksoftirqd/169]: count 24334, average 713, total 17368967
@q5[iperf]: count 1014, average 717, total 727818

@uc: count 27868, average 2800, total 78050102

@q1[swapper/169]: count 662, average 4317, total 2858349
@q1[ksoftirqd/169]: count 191, average 4318, total 824836
@q1[iperf]: count 10, average 4457, total 44573

@q2[swapper/169]: count 864, average 1096, total 947264
@q2[ksoftirqd/169]: count 270, average 1213, total 327770
@q2[iperf]: count 14, average 1781, total 24935


@q4[iperf]: count 126, average 1550, total 195351
@q4[ksoftirqd/169]: count 3468, average 1644, total 5703783
@q4[swapper/169]: count 24549, average 1645, total 40387224

@q5[swapper/169]: count 193110, average 710, total 137232359
@q5[ksoftirqd/169]: count 26937, average 714, total 19236909
@q5[iperf]: count 965, average 721, total 696195

@uc: count 28053, average 2738, total 76812970

@q1[ksoftirqd/169]: count 181, average 4327, total 783280
@q1[swapper/169]: count 668, average 4334, total 2895583
@q1[iperf]: count 6, average 7886, total 47320

@q2[swapper/169]: count 857, average 1107, total 948862
@q2[ksoftirqd/169]: count 255, average 1210, total 308776
@q2[iperf]: count 9, average 2657, total 23917


@q4[ksoftirqd/169]: count 3005, average 1641, total 4932544
@q4[swapper/169]: count 25058, average 1653, total 41431807
@q4[iperf]: count 88, average 1699, total 149518

@q5[swapper/169]: count 197161, average 714, total 140925517
@q5[ksoftirqd/169]: count 23317, average 715, total 16673034
@q5[iperf]: count 675, average 727, total 490744

@uc: count 28450, average 2431, total 69189806

@q1[swapper/169]: count 668, average 4275, total 2856039
@q1[ksoftirqd/169]: count 178, average 4413, total 785611
@q1[iperf]: count 2, average 19888, total 39776

@q2[swapper/169]: count 899, average 1105, total 993928
@q2[ksoftirqd/169]: count 254, average 1218, total 309529
@q2[iperf]: count 6, average 4336, total 26019


@q4[ksoftirqd/169]: count 2917, average 1642, total 4791927
@q4[swapper/169]: count 25159, average 1652, total 41562843
@q4[iperf]: count 59, average 1760, total 103844

@q5[ksoftirqd/169]: count 22611, average 714, total 16165830
@q5[swapper/169]: count 197917, average 715, total 141543612
@q5[iperf]: count 457, average 738, total 337457

@uc: count 27921, average 2510, total 70096488

@q1[swapper/169]: count 679, average 4235, total 2876196
@q1[ksoftirqd/169]: count 181, average 4261, total 771244
@q1[iperf]: count 6, average 8616, total 51696

@q2[swapper/169]: count 887, average 1099, total 974924
@q2[ksoftirqd/169]: count 251, average 1206, total 302873
@q2[iperf]: count 13, average 1894, total 24627


@q4[iperf]: count 130, average 1569, total 204005
@q4[ksoftirqd/169]: count 3048, average 1635, total 4984837
@q4[swapper/169]: count 24971, average 1648, total 41174558

@q5[swapper/169]: count 196420, average 712, total 139922243
@q5[ksoftirqd/169]: count 23614, average 713, total 16844182
@q5[iperf]: count 995, average 724, total 721288

@uc: count 28124, average 2561, total 72049376

@q1[swapper/169]: count 646, average 4282, total 2766385
@q1[iperf]: count 9, average 4323, total 38915
@q1[ksoftirqd/169]: count 187, average 4409, total 824601

@q2[ksoftirqd/169]: count 261, average 1132, total 295602
@q2[swapper/169]: count 855, average 1134, total 969987
@q2[iperf]: count 12, average 2183, total 26202


@q4[iperf]: count 126, average 1586, total 199883
@q4[ksoftirqd/169]: count 3148, average 1646, total 5183948
@q4[swapper/169]: count 24862, average 1651, total 41051242

@q5[ksoftirqd/169]: count 24458, average 714, total 17485073
@q5[swapper/169]: count 195663, average 716, total 140174989
@q5[iperf]: count 970, average 720, total 699072

@uc: count 28785, average 2798, total 80566016

@q1[swapper/169]: count 687, average 4260, total 2927073
@q1[ksoftirqd/169]: count 163, average 4415, total 719665
@q1[iperf]: count 5, average 9463, total 47319

@q2[swapper/169]: count 905, average 1107, total 1002124
@q2[ksoftirqd/169]: count 221, average 1225, total 270810
@q2[iperf]: count 8, average 3650, total 29205


@q4[iperf]: count 112, average 1635, total 183174
@q4[ksoftirqd/169]: count 2991, average 1644, total 4918126
@q4[swapper/169]: count 25055, average 1650, total 41357158

@q5[ksoftirqd/169]: count 23262, average 715, total 16651193
@q5[swapper/169]: count 197045, average 715, total 140934645
@q5[iperf]: count 865, average 725, total 627656

@uc: count 28244, average 2827, total 79855518

@q1[swapper/169]: count 662, average 4225, total 2797509
@q1[ksoftirqd/169]: count 174, average 4350, total 756942
@q1[iperf]: count 6, average 7718, total 46308

@q2[swapper/169]: count 881, average 1125, total 991526
@q2[ksoftirqd/169]: count 251, average 1126, total 282765
@q2[iperf]: count 12, average 2508, total 30098


@q4[iperf]: count 122, average 1580, total 192838
@q4[ksoftirqd/169]: count 3295, average 1645, total 5422874
@q4[swapper/169]: count 24718, average 1654, total 40901240

@q5[ksoftirqd/169]: count 25603, average 715, total 18318517
@q5[swapper/169]: count 194388, average 715, total 139138716
@q5[iperf]: count 941, average 722, total 680264

@uc: count 28013, average 2819, total 78993213

@q1[ksoftirqd/169]: count 204, average 4300, total 877290
@q1[swapper/169]: count 644, average 4332, total 2790351
@q1[iperf]: count 8, average 6825, total 54603

@q2[swapper/169]: count 875, average 1118, total 978457
@q2[ksoftirqd/169]: count 281, average 1127, total 316690
@q2[iperf]: count 14, average 2302, total 32239


@q4[iperf]: count 103, average 1576, total 162408
@q4[ksoftirqd/169]: count 3491, average 1634, total 5707127
@q4[swapper/169]: count 24561, average 1651, total 40554493

@q5[swapper/169]: count 193221, average 713, total 137905920
@q5[ksoftirqd/169]: count 27082, average 714, total 19358530
@q5[iperf]: count 775, average 724, total 561126

@uc: count 28093, average 2722, total 76477661

@q1[swapper/169]: count 678, average 4026, total 2730273
@q1[ksoftirqd/169]: count 165, average 4296, total 708892
@q1[iperf]: count 6, average 8634, total 51807
@q1[kworker/169:0]: count 1, average 20769, total 20769

@q2[swapper/169]: count 990, average 1044, total 1033892
@q2[ksoftirqd/169]: count 244, average 1110, total 270968
@q2[iperf]: count 13, average 2656, total 34533
@q2[kworker/169:0]: count 2, average 5354, total 10709


@q4[swapper/169]: count 25176, average 1585, total 39906594
@q4[iperf]: count 116, average 1608, total 186632
@q4[ksoftirqd/169]: count 2916, average 1622, total 4730708
@q4[kworker/169:0]: count 7, average 2251, total 15760

@q5[kworker/169:0]: count 54, average 561, total 30317
@q5[swapper/169]: count 197591, average 690, total 136505404
@q5[ksoftirqd/169]: count 22674, average 710, total 16109459
@q5[iperf]: count 892, average 726, total 647826

@uc: count 26118, average 3293, total 86016166

@q1[swapper/169]: count 688, average 4260, total 2931236
@q1[ksoftirqd/169]: count 159, average 4295, total 682963
@q1[iperf]: count 5, average 10159, total 50796

@q2[swapper/169]: count 912, average 1121, total 1023065
@q2[ksoftirqd/169]: count 224, average 1131, total 253463
@q2[iperf]: count 10, average 2952, total 29524


@q4[iperf]: count 86, average 1616, total 139038
@q4[ksoftirqd/169]: count 2893, average 1637, total 4738482
@q4[swapper/169]: count 25166, average 1647, total 41467275

@q5[ksoftirqd/169]: count 22440, average 714, total 16042020
@q5[swapper/169]: count 197909, average 714, total 141495539
@q5[iperf]: count 655, average 729, total 477819

@uc: count 28106, average 2596, total 72984438

@q1[swapper/169]: count 666, average 4185, total 2787796
@q1[ksoftirqd/169]: count 189, average 4351, total 822345
@q1[iperf]: count 9, average 4803, total 43230

@q2[swapper/169]: count 889, average 1110, total 987389
@q2[ksoftirqd/169]: count 256, average 1113, total 285179
@q2[iperf]: count 12, average 1879, total 22551


@q4[iperf]: count 158, average 1560, total 246581
@q4[ksoftirqd/169]: count 3021, average 1634, total 4938453
@q4[swapper/169]: count 24973, average 1638, total 40914738

@q5[swapper/169]: count 196326, average 708, total 139184215
@q5[ksoftirqd/169]: count 23416, average 714, total 16739072
@q5[iperf]: count 1227, average 721, total 885463

@uc: count 54816, average 1379, total 75632663

@q1[ksoftirqd/169]: count 194, average 4148, total 804719
@q1[swapper/169]: count 643, average 4167, total 2679847
@q1[iperf]: count 4, average 5613, total 22453

@q2[swapper/169]: count 903, average 1068, total 964622
@q2[ksoftirqd/169]: count 277, average 1179, total 326795
@q2[iperf]: count 5, average 2622, total 13114


@q4[iperf]: count 72, average 1619, total 116634
@q4[swapper/169]: count 24730, average 1624, total 40162491
@q4[ksoftirqd/169]: count 3390, average 1629, total 5524044

@q5[swapper/169]: count 194345, average 705, total 137056499
@q5[ksoftirqd/169]: count 26275, average 712, total 18725184
@q5[iperf]: count 560, average 729, total 408323

@uc: count 27521, average 2606, total 71734345

@q1[swapper/169]: count 689, average 4294, total 2959011
@q1[ksoftirqd/169]: count 155, average 4334, total 671772
@q1[iperf]: count 6, average 5521, total 33130

@q2[ksoftirqd/169]: count 237, average 1134, total 268871
@q2[swapper/169]: count 920, average 1138, total 1047293
@q2[iperf]: count 13, average 1736, total 22570
@q2[kworker/169:0]: count 2, average 15539, total 31079


@q4[iperf]: count 134, average 1550, total 207702
@q4[ksoftirqd/169]: count 2896, average 1646, total 4769691
@q4[swapper/169]: count 25072, average 1654, total 41484142
@q4[kworker/169:0]: count 46, average 2128, total 97893

@q5[ksoftirqd/169]: count 22470, average 716, total 16091198
@q5[swapper/169]: count 197211, average 716, total 141244874
@q5[iperf]: count 1036, average 719, total 745727
@q5[kworker/169:0]: count 364, average 762, total 277524

@uc: count 28606, average 2625, total 75092449

@q1[swapper/169]: count 650, average 4234, total 2752162
@q1[ksoftirqd/169]: count 177, average 4341, total 768406
@q1[iperf]: count 5, average 9878, total 49392

@q2[swapper/169]: count 909, average 1098, total 998515
@q2[ksoftirqd/169]: count 251, average 1130, total 283696
@q2[iperf]: count 10, average 3079, total 30798


@q4[iperf]: count 83, average 1627, total 135094
@q4[swapper/169]: count 25198, average 1628, total 41045601
@q4[ksoftirqd/169]: count 2866, average 1630, total 4673876

@q5[swapper/169]: count 198154, average 708, total 140362559
@q5[ksoftirqd/169]: count 22191, average 714, total 15848544
@q5[iperf]: count 633, average 760, total 481473

@uc: count 27594, average 2709, total 74755640

@q1[swapper/169]: count 563, average 4256, total 2396567
@q1[ksoftirqd/169]: count 189, average 4282, total 809479
@q1[iperf]: count 7, average 8541, total 59792

@q2[ksoftirqd/169]: count 275, average 1120, total 308226
@q2[swapper/169]: count 832, average 1136, total 945667
@q2[iperf]: count 10, average 3459, total 34596


@q4[iperf]: count 130, average 1595, total 207436
@q4[ksoftirqd/169]: count 3257, average 1627, total 5301080
@q4[swapper/169]: count 24754, average 1635, total 40473243

@q5[ksoftirqd/169]: count 25247, average 715, total 18075745
@q5[swapper/169]: count 194900, average 716, total 139602068
@q5[iperf]: count 1006, average 728, total 733320

@uc: count 27942, average 2878, total 80417467

@q1[swapper/169]: count 699, average 4284, total 2994997
@q1[ksoftirqd/169]: count 175, average 4306, total 753721
@q1[iperf]: count 1, average 39604, total 39604

@q2[swapper/169]: count 899, average 1118, total 1005633
@q2[ksoftirqd/169]: count 245, average 1138, total 278942
@q2[iperf]: count 2, average 7489, total 14978


@q4[ksoftirqd/169]: count 2547, average 1635, total 4166549
@q4[swapper/169]: count 25586, average 1648, total 42169319
@q4[iperf]: count 16, average 2369, total 37909

@q5[swapper/169]: count 201253, average 712, total 143344991
@q5[ksoftirqd/169]: count 19705, average 713, total 14050695
@q5[iperf]: count 125, average 776, total 97123

@uc: count 27712, average 2227, total 61737465

@q1[swapper/169]: count 738, average 4443, total 3279445
@q1[ksoftirqd/169]: count 168, average 4506, total 757112
@q1[iperf]: count 1, average 41107, total 41107

@q2[swapper/169]: count 879, average 1134, total 996896
@q2[ksoftirqd/169]: count 225, average 1226, total 275911
@q2[iperf]: count 1, average 26630, total 26630


@q4[ksoftirqd/169]: count 2604, average 1646, total 4288373
@q4[swapper/169]: count 25475, average 1654, total 42137316
@q4[iperf]: count 38, average 2055, total 78116

@q5[swapper/169]: count 200597, average 715, total 143624108
@q5[ksoftirqd/169]: count 20171, average 716, total 14452157
@q5[iperf]: count 303, average 781, total 236932

@uc: count 28856, average 2243, total 64738840

@q1[swapper/169]: count 779, average 4007, total 3121783
@q1[ksoftirqd/169]: count 159, average 4433, total 704971
@q1[kworker/169:0]: count 4, average 8328, total 33313
@q1[iperf]: count 3, average 10199, total 30597

@q2[swapper/169]: count 1044, average 1040, total 1086252
@q2[ksoftirqd/169]: count 217, average 1188, total 257842
@q2[kworker/169:0]: count 6, average 2326, total 13956
@q2[iperf]: count 6, average 3446, total 20680


@q4[kworker/169:0]: count 15, average 1569, total 23535
@q4[swapper/169]: count 25934, average 1595, total 41378359
@q4[ksoftirqd/169]: count 2204, average 1632, total 3598825
@q4[iperf]: count 66, average 1703, total 112414

@q5[kworker/169:0]: count 92, average 528, total 48629
@q5[swapper/169]: count 203474, average 692, total 140851675
@q5[ksoftirqd/169]: count 17019, average 711, total 12117495
@q5[iperf]: count 511, average 731, total 374009

@uc: count 27126, average 2237, total 60697771

@q1[swapper/169]: count 675, average 4437, total 2995382
@q1[ksoftirqd/169]: count 169, average 4485, total 758065
@q1[iperf]: count 5, average 7961, total 39806

@q2[swapper/169]: count 834, average 1147, total 956761
@q2[ksoftirqd/169]: count 242, average 1213, total 293734
@q2[iperf]: count 7, average 2835, total 19849


@q4[ksoftirqd/169]: count 2638, average 1641, total 4329387
@q4[iperf]: count 76, average 1643, total 124943
@q4[swapper/169]: count 25382, average 1657, total 42081162

@q5[ksoftirqd/169]: count 20408, average 714, total 14587475
@q5[swapper/169]: count 200009, average 721, total 144347567
@q5[iperf]: count 587, average 733, total 430585

@uc: count 28997, average 3247, total 94172189

@q1[swapper/169]: count 755, average 4055, total 3061806
@q1[ksoftirqd/169]: count 150, average 4601, total 690277
@q1[iperf]: count 2, average 11912, total 23825
@q1[kworker/169:0]: count 2, average 20463, total 40927

@q2[swapper/169]: count 992, average 1045, total 1037067
@q2[ksoftirqd/169]: count 227, average 1222, total 277459
@q2[kworker/169:0]: count 3, average 4064, total 12192
@q2[iperf]: count 5, average 6231, total 31159


@q4[swapper/169]: count 25764, average 1617, total 41668079
@q4[ksoftirqd/169]: count 2306, average 1662, total 3832707
@q4[kworker/169:0]: count 57, average 1755, total 100036
@q4[iperf]: count 60, average 1814, total 108845

@q5[kworker/169:0]: count 442, average 705, total 311704
@q5[swapper/169]: count 202423, average 708, total 143352679
@q5[ksoftirqd/169]: count 17804, average 722, total 12863119
@q5[iperf]: count 465, average 757, total 352153

@uc: count 27509, average 2283, total 62809729

@q1[swapper/169]: count 753, average 4370, total 3290803
@q1[ksoftirqd/169]: count 146, average 4381, total 639717
@q1[iperf]: count 4, average 12608, total 50435

@q2[swapper/169]: count 917, average 1137, total 1043170
@q2[ksoftirqd/169]: count 209, average 1148, total 239971
@q2[iperf]: count 8, average 3874, total 30998


@q4[ksoftirqd/169]: count 2140, average 1639, total 3508405
@q4[swapper/169]: count 25905, average 1653, total 42837716
@q4[iperf]: count 83, average 1694, total 140651

@q5[ksoftirqd/169]: count 16538, average 715, total 11831912
@q5[swapper/169]: count 203763, average 715, total 145757435
@q5[iperf]: count 638, average 737, total 470646

@uc: count 28650, average 2374, total 68019860

@q1[swapper/169]: count 718, average 4329, total 3108610
@q1[ksoftirqd/169]: count 163, average 4411, total 719077
@q1[iperf]: count 4, average 10943, total 43772

@q2[ksoftirqd/169]: count 228, average 1131, total 258004
@q2[swapper/169]: count 900, average 1146, total 1032013
@q2[iperf]: count 9, average 2646, total 23814


@q4[iperf]: count 106, average 1599, total 169590
@q4[ksoftirqd/169]: count 2434, average 1635, total 3980801
@q4[swapper/169]: count 25615, average 1649, total 42263629

@q5[ksoftirqd/169]: count 18831, average 715, total 13473547
@q5[swapper/169]: count 201482, average 715, total 144256598
@q5[iperf]: count 820, average 724, total 594085

@uc: count 28668, average 2427, total 69591022

@q1[swapper/169]: count 732, average 4341, total 3177798
@q1[ksoftirqd/169]: count 180, average 4377, total 787949
@q1[iperf]: count 2, average 22397, total 44794

@q2[ksoftirqd/169]: count 240, average 1146, total 275071
@q2[swapper/169]: count 925, average 1147, total 1061251
@q2[iperf]: count 5, average 3436, total 17183


@q4[ksoftirqd/169]: count 2743, average 1642, total 4505307
@q4[swapper/169]: count 25356, average 1653, total 41922431
@q4[iperf]: count 45, average 1714, total 77164

@q5[ksoftirqd/169]: count 21248, average 716, total 15227795
@q5[swapper/169]: count 199427, average 716, total 142796419
@q5[iperf]: count 346, average 738, total 255409

@uc: count 28589, average 2081, total 59502969

@q1[swapper/169]: count 745, average 4367, total 3253469
@q1[ksoftirqd/169]: count 150, average 4488, total 673283
@q1[iperf]: count 2, average 22893, total 45786

@q2[ksoftirqd/169]: count 208, average 1140, total 237129
@q2[swapper/169]: count 919, average 1148, total 1055628
@q2[iperf]: count 4, average 7186, total 28745


@q4[ksoftirqd/169]: count 2296, average 1646, total 3779454
@q4[swapper/169]: count 25810, average 1660, total 42858115
@q4[iperf]: count 38, average 1962, total 74569

@q5[ksoftirqd/169]: count 17792, average 714, total 12720873
@q5[swapper/169]: count 203061, average 715, total 145209804
@q5[iperf]: count 296, average 763, total 225904

@uc: count 28580, average 2164, total 61869743

@q1[ksoftirqd/169]: count 177, average 4307, total 762497
@q1[swapper/169]: count 692, average 4318, total 2988746
@q1[iperf]: count 3, average 13197, total 39593

@q2[swapper/169]: count 887, average 1119, total 993030
@q2[ksoftirqd/169]: count 247, average 1182, total 292060
@q2[iperf]: count 6, average 3324, total 19947


@q4[ksoftirqd/169]: count 2626, average 1637, total 4301242
@q4[swapper/169]: count 25467, average 1661, total 42303519
@q4[iperf]: count 48, average 1747, total 83871

@q5[ksoftirqd/169]: count 20299, average 715, total 14515091
@q5[swapper/169]: count 200411, average 715, total 143462571
@q5[iperf]: count 366, average 735, total 269374

@uc: count 28844, average 2392, total 69008016

@q1[swapper/169]: count 726, average 4273, total 3102731
@q1[ksoftirqd/169]: count 131, average 4585, total 600639
@q1[iperf]: count 1, average 41448, total 41448

@q2[swapper/169]: count 944, average 1111, total 1049589
@q2[ksoftirqd/169]: count 189, average 1251, total 236475
@q2[iperf]: count 4, average 8333, total 33332


@q4[ksoftirqd/169]: count 2127, average 1639, total 3487271
@q4[swapper/169]: count 25967, average 1648, total 42800798
@q4[iperf]: count 41, average 1995, total 81804

@q5[swapper/169]: count 204265, average 711, total 145285670
@q5[ksoftirqd/169]: count 16441, average 713, total 11735100
@q5[iperf]: count 318, average 770, total 245089

@uc: count 28304, average 2090, total 59162361

@q1[swapper/169]: count 749, average 4257, total 3189186
@q1[ksoftirqd/169]: count 151, average 4490, total 678091
@q1[iperf]: count 5, average 10229, total 51146

@q2[swapper/169]: count 921, average 1118, total 1030030
@q2[ksoftirqd/169]: count 217, average 1210, total 262650
@q2[iperf]: count 9, average 3075, total 27681


@q4[ksoftirqd/169]: count 2591, average 1636, total 4240974
@q4[swapper/169]: count 25510, average 1653, total 42171579
@q4[iperf]: count 55, average 1749, total 96202

@q5[ksoftirqd/169]: count 20083, average 713, total 14333785
@q5[swapper/169]: count 200590, average 714, total 143330673
@q5[iperf]: count 417, average 746, total 311475

@uc: count 28543, average 2250, total 64239000

@q1[ksoftirqd/169]: count 174, average 4294, total 747269
@q1[swapper/169]: count 733, average 4356, total 3193468
@q1[iperf]: count 2, average 21941, total 43882

@q2[swapper/169]: count 904, average 1121, total 1013975
@q2[ksoftirqd/169]: count 239, average 1227, total 293297
@q2[iperf]: count 6, average 7081, total 42489


@q4[ksoftirqd/169]: count 2526, average 1644, total 4153545
@q4[swapper/169]: count 25557, average 1653, total 42256630
@q4[iperf]: count 57, average 1854, total 105730

@q5[ksoftirqd/169]: count 19498, average 714, total 13927554
@q5[swapper/169]: count 201071, average 715, total 143825958
@q5[iperf]: count 438, average 756, total 331396

@uc: count 28568, average 2196, total 62736910

@q1[swapper/169]: count 778, average 4309, total 3352407
@q1[ksoftirqd/169]: count 179, average 4347, total 778138
@q1[kworker/169:0]: count 13, average 6411, total 83345
@q1[iperf]: count 1, average 41367, total 41367

@q2[swapper/169]: count 992, average 1117, total 1108723
@q2[ksoftirqd/169]: count 253, average 1122, total 284017
@q2[kworker/169:0]: count 15, average 1548, total 23223
@q2[iperf]: count 4, average 5941, total 23764


@q4[kworker/169:0]: count 51, average 1331, total 67899
@q4[swapper/169]: count 25124, average 1629, total 40942353
@q4[ksoftirqd/169]: count 2992, average 1630, total 4878956
@q4[iperf]: count 27, average 2021, total 54583

@q5[kworker/169:0]: count 361, average 556, total 200855
@q5[swapper/169]: count 197408, average 704, total 139089448
@q5[ksoftirqd/169]: count 23211, average 710, total 16495019
@q5[iperf]: count 203, average 780, total 158383

@uc: count 28246, average 2319, total 65513381

@q1[swapper/169]: count 716, average 4287, total 3069513
@q1[ksoftirqd/169]: count 149, average 4511, total 672238
@q1[iperf]: count 3, average 12653, total 37961

@q2[swapper/169]: count 927, average 1120, total 1038686
@q2[ksoftirqd/169]: count 229, average 1220, total 279395
@q2[iperf]: count 7, average 3712, total 25988


@q4[ksoftirqd/169]: count 2234, average 1626, total 3634502
@q4[swapper/169]: count 25837, average 1644, total 42498815
@q4[iperf]: count 67, average 1686, total 112976
@q4[kworker/169:0]: count 1, average 19136, total 19136

@q5[swapper/169]: count 203255, average 712, total 144773214
@q5[ksoftirqd/169]: count 17244, average 716, total 12358688
@q5[iperf]: count 515, average 728, total 375426
@q5[kworker/169:0]: count 8, average 2460, total 19685

@uc: count 28916, average 3062, total 88563872

@q1[swapper/169]: count 655, average 4163, total 2727393
@q1[ksoftirqd/169]: count 176, average 4265, total 750721
@q1[kworker/169:0]: count 3, average 12219, total 36657
@q1[iperf]: count 3, average 15429, total 46288

@q2[swapper/169]: count 967, average 1078, total 1042829
@q2[ksoftirqd/169]: count 255, average 1120, total 285701
@q2[iperf]: count 7, average 2925, total 20480
@q2[kworker/169:0]: count 4, average 3170, total 12683


@q4[swapper/169]: count 25158, average 1609, total 40482025
@q4[ksoftirqd/169]: count 2949, average 1635, total 4821842
@q4[iperf]: count 53, average 1650, total 87483
@q4[kworker/169:0]: count 7, average 2722, total 19056

@q5[swapper/169]: count 197701, average 698, total 138036238
@q5[ksoftirqd/169]: count 22854, average 714, total 16340355
@q5[kworker/169:0]: count 44, average 722, total 31809
@q5[iperf]: count 405, average 731, total 296252

@uc: count 27082, average 2739, total 74182621

@q1[swapper/169]: count 686, average 4166, total 2858030
@q1[ksoftirqd/169]: count 175, average 4593, total 803944
@q1[iperf]: count 1, average 38182, total 38182

@q2[swapper/169]: count 903, average 1095, total 989509
@q2[ksoftirqd/169]: count 240, average 1223, total 293618
@q2[iperf]: count 3, average 4274, total 12823


@q4[ksoftirqd/169]: count 2562, average 1629, total 4174913
@q4[swapper/169]: count 25558, average 1643, total 42000362
@q4[iperf]: count 35, average 1736, total 60764

@q5[swapper/169]: count 200977, average 710, total 142778684
@q5[ksoftirqd/169]: count 19807, average 713, total 14140886
@q5[iperf]: count 274, average 748, total 205056

@uc: count 27992, average 2370, total 66358997

@q1[swapper/169]: count 716, average 4313, total 3088452
@q1[ksoftirqd/169]: count 185, average 4407, total 815364
@q1[iperf]: count 2, average 22387, total 44775

@q2[ksoftirqd/169]: count 248, average 1135, total 281509
@q2[swapper/169]: count 887, average 1146, total 1017123
@q2[iperf]: count 5, average 4739, total 23695


@q4[ksoftirqd/169]: count 2510, average 1632, total 4098680
@q4[swapper/169]: count 25568, average 1655, total 42317923
@q4[iperf]: count 73, average 1674, total 122238

@q5[ksoftirqd/169]: count 19407, average 714, total 13874588
@q5[swapper/169]: count 201176, average 715, total 143869140
@q5[iperf]: count 568, average 732, total 416083

@uc: count 28840, average 2343, total 67576582

@q1[swapper/169]: count 656, average 4271, total 2802067
@q1[ksoftirqd/169]: count 154, average 4299, total 662183
@q1[iperf]: count 2, average 22206, total 44413

@q2[ksoftirqd/169]: count 224, average 1125, total 252101
@q2[swapper/169]: count 904, average 1139, total 1030543
@q2[iperf]: count 4, average 3729, total 14919


@q4[ksoftirqd/169]: count 2490, average 1628, total 4054893
@q4[swapper/169]: count 25601, average 1645, total 42134508
@q4[iperf]: count 42, average 1702, total 71525

@q5[swapper/169]: count 201415, average 711, total 143387321
@q5[ksoftirqd/169]: count 19278, average 712, total 13741789
@q5[iperf]: count 321, average 740, total 237796

@uc: count 28149, average 2512, total 70716606

@q1[swapper/169]: count 718, average 4272, total 3067434
@q1[ksoftirqd/169]: count 176, average 4407, total 775802
@q1[iperf]: count 4, average 12378, total 49512

@q2[swapper/169]: count 911, average 1134, total 1033572
@q2[ksoftirqd/169]: count 249, average 1136, total 282943
@q2[iperf]: count 9, average 3750, total 33754


@q4[ksoftirqd/169]: count 2626, average 1637, total 4299176
@q4[swapper/169]: count 25463, average 1653, total 42099054
@q4[iperf]: count 77, average 1713, total 131937

@q5[swapper/169]: count 200253, average 714, total 143119590
@q5[ksoftirqd/169]: count 20359, average 715, total 14565825
@q5[iperf]: count 594, average 735, total 437013

@uc: count 28652, average 2267, total 64968658

@q1[swapper/169]: count 767, average 4221, total 3237904
@q1[ksoftirqd/169]: count 174, average 4385, total 763115
@q1[iperf]: count 6, average 8811, total 52869
@q1[kworker/169:0]: count 1, average 33263, total 33263

@q2[swapper/169]: count 1042, average 1068, total 1113548
@q2[ksoftirqd/169]: count 233, average 1207, total 281361
@q2[iperf]: count 11, average 2751, total 30265
@q2[kworker/169:0]: count 1, average 13535, total 13535


@q4[swapper/169]: count 25717, average 1601, total 41195238
@q4[ksoftirqd/169]: count 2382, average 1631, total 3885209
@q4[iperf]: count 91, average 1656, total 150751
@q4[kworker/169:0]: count 1, average 17643, total 17643

@q5[swapper/169]: count 201962, average 695, total 140369144
@q5[ksoftirqd/169]: count 18356, average 711, total 13059018
@q5[iperf]: count 701, average 733, total 514505
@q5[kworker/169:0]: count 7, average 2379, total 16654

@uc: count 27129, average 2339, total 63469904

@q1[swapper/169]: count 741, average 4280, total 3171648
@q1[ksoftirqd/169]: count 168, average 4394, total 738327

@q2[swapper/169]: count 926, average 1132, total 1048625
@q2[ksoftirqd/169]: count 226, average 1146, total 259173


@q4[ksoftirqd/169]: count 2539, average 1634, total 4148845
@q4[swapper/169]: count 25594, average 1647, total 42157687
@q4[iperf]: count 16, average 2749, total 43993

@q5[swapper/169]: count 201289, average 712, total 143398144
@q5[ksoftirqd/169]: count 19685, average 713, total 14044335
@q5[iperf]: count 128, average 845, total 108202

@uc: count 28700, average 2202, total 63224851

@q1[swapper/169]: count 743, average 4279, total 3179735
@q1[ksoftirqd/169]: count 172, average 4444, total 764456
@q1[iperf]: count 1, average 40146, total 40146

@q2[swapper/169]: count 915, average 1116, total 1021714
@q2[ksoftirqd/169]: count 224, average 1233, total 276369
@q2[iperf]: count 4, average 8403, total 33612


@q4[ksoftirqd/169]: count 2364, average 1638, total 3872736
@q4[swapper/169]: count 25762, average 1653, total 42585869
@q4[iperf]: count 26, average 2096, total 54512

@q5[ksoftirqd/169]: count 18220, average 714, total 13025928
@q5[swapper/169]: count 202599, average 715, total 144861937
@q5[iperf]: count 198, average 771, total 152674

@uc: count 28617, average 2143, total 61328935

@q1[swapper/169]: count 676, average 4226, total 2857434
@q1[ksoftirqd/169]: count 168, average 4322, total 726231
@q1[iperf]: count 2, average 22352, total 44704

@q2[swapper/169]: count 927, average 1132, total 1050070
@q2[ksoftirqd/169]: count 242, average 1133, total 274297
@q2[iperf]: count 3, average 9484, total 28453


@q4[ksoftirqd/169]: count 2777, average 1649, total 4580444
@q4[swapper/169]: count 25337, average 1651, total 41854220
@q4[iperf]: count 46, average 2119, total 97515

@q5[swapper/169]: count 199184, average 714, total 142308887
@q5[ksoftirqd/169]: count 21533, average 716, total 15421224
@q5[iperf]: count 357, average 763, total 272419

@uc: count 28544, average 2300, total 65658287

@q1[swapper/169]: count 703, average 4222, total 2968183
@q1[ksoftirqd/169]: count 180, average 4400, total 792047
@q1[iperf]: count 3, average 16200, total 48601

@q2[swapper/169]: count 902, average 1124, total 1014477
@q2[ksoftirqd/169]: count 246, average 1147, total 282225
@q2[iperf]: count 8, average 3688, total 29507


@q4[ksoftirqd/169]: count 2512, average 1626, total 4085808
@q4[swapper/169]: count 25568, average 1643, total 42032263
@q4[iperf]: count 70, average 1707, total 119546

@q5[swapper/169]: count 201060, average 711, total 143125317
@q5[ksoftirqd/169]: count 19408, average 712, total 13827361
@q5[iperf]: count 542, average 736, total 398945

@uc: count 28659, average 2743, total 78636794

@q1[swapper/169]: count 605, average 4143, total 2506549
@q1[ksoftirqd/169]: count 163, average 4325, total 705005
@q1[iperf]: count 3, average 15813, total 47439

@q2[swapper/169]: count 887, average 1094, total 970535
@q2[ksoftirqd/169]: count 245, average 1120, total 274603
@q2[iperf]: count 7, average 2327, total 16292


@q4[iperf]: count 88, average 1568, total 138003
@q4[swapper/169]: count 25310, average 1609, total 40725530
@q4[ksoftirqd/169]: count 2761, average 1630, total 4502636

@q5[swapper/169]: count 199073, average 699, total 139219657
@q5[ksoftirqd/169]: count 21364, average 714, total 15265509
@q5[iperf]: count 687, average 730, total 501793

@uc: count 27926, average 3810, total 106414364

@q1[swapper/169]: count 770, average 4139, total 3187520
@q1[ksoftirqd/169]: count 165, average 4421, total 729524

@q2[swapper/169]: count 1019, average 1100, total 1121234
@q2[ksoftirqd/169]: count 231, average 1138, total 263006
@q2[iperf]: count 1, average 9798, total 9798


@q4[ksoftirqd/169]: count 2325, average 1629, total 3788034
@q4[swapper/169]: count 25829, average 1634, total 42227949
@q4[iperf]: count 27, average 1900, total 51314
@q4[kworker/169:0]: count 6, average 2005, total 12032

@q5[kworker/169:0]: count 48, average 636, total 30557
@q5[swapper/169]: count 202795, average 708, total 143579656
@q5[ksoftirqd/169]: count 17989, average 712, total 12823903
@q5[iperf]: count 212, average 749, total 158811

@uc: count 28085, average 2260, total 63493877