Attaching 12 probes...
Tracing latency of network stack funtions. Hit Ctrl-C to end.
@q1[swapper/169]: count 366, average 4142, total 1516118
@q1[ksoftirqd/169]: count 67, average 4251, total 284845
@q1[iperf]: count 3, average 15148, total 45445

@q2[swapper/169]: count 688, average 4364, total 3002649
@q2[iperf]: count 4, average 4829, total 19316
@q2[ksoftirqd/169]: count 146, average 116349, total 16987077


@q4[swapper/169]: count 16673, average 1536, total 25610456
@q4[ksoftirqd/169]: count 2668, average 1671, total 4460312
@q4[iperf]: count 40, average 1873, total 74931

@q5[swapper/169]: count 129684, average 670, total 86924909
@q5[ksoftirqd/169]: count 20717, average 716, total 14845248
@q5[iperf]: count 309, average 997, total 308215

@uc: count 16149, average 6158, total 99455974

@q1[swapper/169]: count 564, average 4008, total 2261005
@q1[ksoftirqd/169]: count 151, average 4021, total 607242
@q1[iperf]: count 4, average 12408, total 49633

@q2[swapper/169]: count 928, average 1087, total 1009617
@q2[ksoftirqd/169]: count 251, average 1117, total 280562
@q2[iperf]: count 6, average 3394, total 20367


@q4[swapper/169]: count 23460, average 1654, total 38825793
@q4[ksoftirqd/169]: count 2539, average 1668, total 4236296
@q4[iperf]: count 44, average 1906, total 83898

@q5[swapper/169]: count 184165, average 710, total 130856480
@q5[ksoftirqd/169]: count 19553, average 711, total 13917209
@q5[iperf]: count 334, average 803, total 268388

@uc: count 26127, average 2809, total 73400792

@q1[swapper/169]: count 599, average 4005, total 2399098
@q1[ksoftirqd/169]: count 136, average 4226, total 574839
@q1[iperf]: count 3, average 15298, total 45895

@q2[swapper/169]: count 1022, average 1088, total 1112801
@q2[ksoftirqd/169]: count 224, average 1121, total 251317
@q2[iperf]: count 7, average 3419, total 23936


@q4[ksoftirqd/169]: count 2603, average 1656, total 4313022
@q4[swapper/169]: count 23420, average 1656, total 38795835
@q4[iperf]: count 48, average 1815, total 87122

@q5[ksoftirqd/169]: count 20122, average 710, total 14295379
@q5[swapper/169]: count 183607, average 710, total 130450675
@q5[iperf]: count 362, average 781, total 282994

@uc: count 26566, average 2828, total 75149368

@q1[ksoftirqd/169]: count 145, average 3893, total 564621
@q1[swapper/169]: count 577, average 4036, total 2329217
@q1[iperf]: count 9, average 5852, total 52668
@q1[kworker/169:1]: count 1, average 42219, total 42219

@q2[swapper/169]: count 1004, average 1100, total 1104915
@q2[ksoftirqd/169]: count 241, average 1111, total 267910
@q2[iperf]: count 14, average 1890, total 26467
@q2[kworker/169:1]: count 1, average 24516, total 24516


@q4[iperf]: count 99, average 1600, total 158448
@q4[swapper/169]: count 23441, average 1664, total 39020153
@q4[ksoftirqd/169]: count 2539, average 1670, total 4240512
@q4[kworker/169:1]: count 1, average 22392, total 22392

@q5[ksoftirqd/169]: count 19534, average 709, total 13867965
@q5[swapper/169]: count 183869, average 710, total 130561883
@q5[iperf]: count 741, average 765, total 567285
@q5[kworker/169:1]: count 6, average 6576, total 39456

@uc: count 26211, average 2578, total 67592406

@q1[ksoftirqd/169]: count 143, average 3965, total 567000
@q1[swapper/169]: count 580, average 4031, total 2338304
@q1[iperf]: count 7, average 7952, total 55665

@q2[swapper/169]: count 993, average 1080, total 1072840
@q2[ksoftirqd/169]: count 242, average 1114, total 269713
@q2[iperf]: count 15, average 1597, total 23968
@q2[kworker/169:1]: count 1, average 10941, total 10941


@q4[iperf]: count 93, average 1588, total 147772
@q4[ksoftirqd/169]: count 2507, average 1656, total 4153876
@q4[swapper/169]: count 23450, average 1660, total 38935168
@q4[kworker/169:1]: count 8, average 3292, total 26339

@q5[swapper/169]: count 183960, average 710, total 130700356
@q5[ksoftirqd/169]: count 19291, average 711, total 13731139
@q5[iperf]: count 700, average 719, total 503965
@q5[kworker/169:1]: count 62, average 964, total 59817

@uc: count 26315, average 2748, total 72324649

@q1[swapper/169]: count 523, average 3961, total 2071814
@q1[ksoftirqd/169]: count 150, average 4090, total 613588
@q1[iperf]: count 4, average 10750, total 43000

@q2[swapper/169]: count 930, average 1096, total 1019929
@q2[ksoftirqd/169]: count 253, average 1110, total 281045
@q2[iperf]: count 6, average 3528, total 21169


@q4[swapper/169]: count 23479, average 1663, total 39050936
@q4[ksoftirqd/169]: count 2546, average 1665, total 4240118
@q4[iperf]: count 28, average 2084, total 58360

@q5[ksoftirqd/169]: count 19570, average 709, total 13889177
@q5[swapper/169]: count 184299, average 709, total 130821821
@q5[iperf]: count 207, average 829, total 171635

@uc: count 26001, average 2436, total 63362997

@q1[ksoftirqd/169]: count 143, average 3838, total 548950
@q1[swapper/169]: count 518, average 3921, total 2031550
@q1[iperf]: count 9, average 7074, total 63670
@q1[kworker/169:1]: count 1, average 31579, total 31579

@q2[swapper/169]: count 976, average 1085, total 1058993
@q2[ksoftirqd/169]: count 236, average 1105, total 260841
@q2[iperf]: count 17, average 2144, total 36460
@q2[kworker/169:1]: count 1, average 13706, total 13706


@q4[iperf]: count 109, average 1621, total 176767
@q4[swapper/169]: count 23398, average 1663, total 38925162
@q4[ksoftirqd/169]: count 2567, average 1666, total 4277944
@q4[kworker/169:1]: count 1, average 17062, total 17062

@q5[swapper/169]: count 183478, average 709, total 130185099
@q5[ksoftirqd/169]: count 19766, average 710, total 14037065
@q5[iperf]: count 816, average 737, total 601733
@q5[kworker/169:1]: count 5, average 6588, total 32942

@uc: count 26424, average 2677, total 70743304

@q1[swapper/169]: count 513, average 3968, total 2035814
@q1[ksoftirqd/169]: count 140, average 3974, total 556445
@q1[iperf]: count 8, average 4332, total 34656

@q2[swapper/169]: count 971, average 1088, total 1057081
@q2[ksoftirqd/169]: count 230, average 1131, total 260144
@q2[iperf]: count 14, average 1612, total 22573


@q4[iperf]: count 76, average 1604, total 121971
@q4[swapper/169]: count 23619, average 1665, total 39334064
@q4[ksoftirqd/169]: count 2358, average 1666, total 3929859

@q5[swapper/169]: count 185325, average 710, total 131687946
@q5[ksoftirqd/169]: count 18174, average 711, total 12930813
@q5[iperf]: count 562, average 719, total 404228

@uc: count 25235, average 2898, total 73144745

@q1[ksoftirqd/169]: count 143, average 3907, total 558764
@q1[swapper/169]: count 535, average 3958, total 2117779
@q1[iperf]: count 12, average 4766, total 57198

@q2[swapper/169]: count 978, average 1071, total 1048218
@q2[ksoftirqd/169]: count 237, average 1198, total 283976
@q2[iperf]: count 20, average 1624, total 32482


@q4[iperf]: count 139, average 1619, total 225111
@q4[swapper/169]: count 23188, average 1658, total 38467914
@q4[ksoftirqd/169]: count 2737, average 1674, total 4582704

@q5[swapper/169]: count 181904, average 709, total 129071431
@q5[ksoftirqd/169]: count 21097, average 711, total 15012713
@q5[iperf]: count 1051, average 724, total 761247

@uc: count 26344, average 2751, total 72472600

@q1[swapper/169]: count 583, average 3940, total 2297068
@q1[ksoftirqd/169]: count 131, average 4116, total 539251
@q1[iperf]: count 8, average 4825, total 38603
@q1[kworker/169:1]: count 1, average 22763, total 22763

@q2[swapper/169]: count 1015, average 1088, total 1104519
@q2[ksoftirqd/169]: count 219, average 1124, total 246182
@q2[iperf]: count 14, average 1620, total 22693
@q2[kworker/169:1]: count 1, average 11682, total 11682


@q4[iperf]: count 100, average 1634, total 163467
@q4[ksoftirqd/169]: count 2303, average 1656, total 3815164
@q4[swapper/169]: count 23691, average 1662, total 39390160
@q4[kworker/169:1]: count 1, average 12603, total 12603

@q5[ksoftirqd/169]: count 17769, average 710, total 12631562
@q5[swapper/169]: count 185686, average 710, total 131875886
@q5[iperf]: count 753, average 714, total 538266
@q5[kworker/169:1]: count 5, average 4689, total 23445

@uc: count 27023, average 3358, total 90755924

@q1[swapper/169]: count 508, average 3960, total 2011681
@q1[ksoftirqd/169]: count 138, average 4290, total 592067
@q1[iperf]: count 6, average 9449, total 56696

@q2[swapper/169]: count 956, average 1090, total 1042634
@q2[ksoftirqd/169]: count 228, average 1208, total 275524
@q2[iperf]: count 11, average 1847, total 20319


@q4[iperf]: count 115, average 1629, total 187447
@q4[ksoftirqd/169]: count 2502, average 1681, total 4208308
@q4[swapper/169]: count 23411, average 1690, total 39579761

@q5[swapper/169]: count 183777, average 718, total 132060470
@q5[ksoftirqd/169]: count 19312, average 719, total 13888858
@q5[iperf]: count 884, average 735, total 649842

@uc: count 26252, average 2794, total 73364068

@q1[iperf]: count 16, average 3696, total 59141
@q1[swapper/169]: count 497, average 3927, total 1951941
@q1[ksoftirqd/169]: count 143, average 3977, total 568726

@q2[swapper/169]: count 915, average 1095, total 1002136
@q2[ksoftirqd/169]: count 258, average 1123, total 289857
@q2[iperf]: count 30, average 1295, total 38872


@q4[iperf]: count 176, average 1531, total 269505
@q4[ksoftirqd/169]: count 2657, average 1662, total 4417040
@q4[swapper/169]: count 23229, average 1668, total 38746188

@q5[swapper/169]: count 182287, average 709, total 129338581
@q5[ksoftirqd/169]: count 20485, average 710, total 14559825
@q5[iperf]: count 1312, average 712, total 935176

@uc: count 26178, average 2937, total 76898473

@q1[swapper/169]: count 492, average 3841, total 1889791
@q1[ksoftirqd/169]: count 166, average 4087, total 678513
@q1[iperf]: count 4, average 11929, total 47719

@q2[swapper/169]: count 950, average 1074, total 1020882
@q2[ksoftirqd/169]: count 294, average 1188, total 349281
@q2[iperf]: count 7, average 3477, total 24344


@q4[ksoftirqd/169]: count 2946, average 1658, total 4886380
@q4[swapper/169]: count 23106, average 1672, total 38651253
@q4[iperf]: count 27, average 2177, total 58790

@q5[ksoftirqd/169]: count 22697, average 709, total 16114767
@q5[swapper/169]: count 181269, average 710, total 128715381
@q5[iperf]: count 196, average 877, total 171925

@uc: count 26437, average 2496, total 65999304

@q1[ksoftirqd/169]: count 147, average 3935, total 578588
@q1[swapper/169]: count 588, average 3997, total 2350779
@q1[iperf]: count 6, average 4167, total 25006

@q2[swapper/169]: count 1032, average 1075, total 1110245
@q2[ksoftirqd/169]: count 253, average 1184, total 299553
@q2[iperf]: count 10, average 1849, total 18495
@q2[kworker/169:1]: count 2, average 9883, total 19767


@q4[iperf]: count 56, average 1624, total 90955
@q4[swapper/169]: count 23509, average 1667, total 39191249
@q4[ksoftirqd/169]: count 2474, average 1675, total 4145951
@q4[kworker/169:1]: count 47, average 2003, total 94179

@q5[swapper/169]: count 184305, average 710, total 130865024
@q5[ksoftirqd/169]: count 18970, average 711, total 13503475
@q5[iperf]: count 414, average 724, total 299899
@q5[kworker/169:1]: count 371, average 787, total 292146

@uc: count 26676, average 2544, total 67864965

@q1[swapper/169]: count 620, average 3755, total 2328579
@q1[ksoftirqd/169]: count 151, average 4167, total 629297
@q1[iperf]: count 9, average 7375, total 66377

@q2[swapper/169]: count 1075, average 1037, total 1114885
@q2[ksoftirqd/169]: count 258, average 1193, total 307805
@q2[iperf]: count 14, average 2385, total 33392


@q4[swapper/169]: count 23246, average 1620, total 37676484
@q4[ksoftirqd/169]: count 2772, average 1660, total 4603198
@q4[iperf]: count 94, average 1667, total 156759
@q4[kworker/169:1]: count 1, average 35096, total 35096

@q5[swapper/169]: count 181971, average 695, total 126472297
@q5[ksoftirqd/169]: count 21404, average 715, total 15307242
@q5[iperf]: count 704, average 753, total 530743
@q5[kworker/169:1]: count 8, average 7168, total 57347

@uc: count 25237, average 4464, total 112662621

@q1[swapper/169]: count 526, average 3892, total 2047664
@q1[ksoftirqd/169]: count 137, average 4130, total 565824
@q1[iperf]: count 8, average 5561, total 44495

@q2[swapper/169]: count 971, average 1087, total 1055679
@q2[ksoftirqd/169]: count 233, average 1194, total 278243
@q2[iperf]: count 12, average 2070, total 24850


@q4[iperf]: count 47, average 1644, total 77275
@q4[ksoftirqd/169]: count 2616, average 1655, total 4332047
@q4[swapper/169]: count 23377, average 1658, total 38764903
@q4[kworker/169:1]: count 1, average 18635, total 18635

@q5[ksoftirqd/169]: count 20178, average 710, total 14339600
@q5[swapper/169]: count 183444, average 710, total 130261918
@q5[iperf]: count 336, average 743, total 249908
@q5[kworker/169:1]: count 8, average 4657, total 37262

@uc: count 26059, average 2615, total 68159220

@q1[iperf]: count 8, average 3998, total 31990
@q1[swapper/169]: count 529, average 4000, total 2116141
@q1[ksoftirqd/169]: count 138, average 4025, total 555493

@q2[swapper/169]: count 969, average 1078, total 1045433
@q2[ksoftirqd/169]: count 218, average 1213, total 264594
@q2[iperf]: count 13, average 2046, total 26603


@q4[iperf]: count 65, average 1615, total 104992
@q4[ksoftirqd/169]: count 2605, average 1669, total 4349837
@q4[swapper/169]: count 23377, average 1674, total 39153986

@q5[swapper/169]: count 183420, average 709, total 130114410
@q5[ksoftirqd/169]: count 20152, average 711, total 14336498
@q5[iperf]: count 472, average 721, total 340328

@uc: count 26337, average 2414, total 63592772

@q1[swapper/169]: count 515, average 3954, total 2036449
@q1[ksoftirqd/169]: count 145, average 4026, total 583844
@q1[iperf]: count 7, average 5710, total 39976

@q2[swapper/169]: count 1029, average 1102, total 1133978
@q2[ksoftirqd/169]: count 241, average 1137, total 274147
@q2[iperf]: count 9, average 2327, total 20949


@q4[ksoftirqd/169]: count 2414, average 1677, total 4048331
@q4[swapper/169]: count 23619, average 1684, total 39788929
@q4[iperf]: count 46, average 1744, total 80254

@q5[swapper/169]: count 185259, average 709, total 131484348
@q5[ksoftirqd/169]: count 18551, average 711, total 13193330
@q5[iperf]: count 343, average 743, total 254905

@uc: count 26390, average 2369, total 62521925

@q1[swapper/169]: count 536, average 3908, total 2095115
@q1[ksoftirqd/169]: count 115, average 4043, total 464990
@q1[iperf]: count 2, average 22732, total 45465
@q1[kworker/169:1]: count 1, average 24897, total 24897

@q2[swapper/169]: count 1083, average 1109, total 1201826
@q2[ksoftirqd/169]: count 194, average 1121, total 217490
@q2[iperf]: count 5, average 5892, total 29464
@q2[kworker/169:1]: count 1, average 10540, total 10540


@q4[ksoftirqd/169]: count 1952, average 1664, total 3248471
@q4[swapper/169]: count 24067, average 1684, total 40546457
@q4[iperf]: count 35, average 2024, total 70841
@q4[kworker/169:1]: count 17, average 2368, total 40268

@q5[swapper/169]: count 188604, average 709, total 133852171
@q5[ksoftirqd/169]: count 15065, average 710, total 10698986
@q5[iperf]: count 269, average 824, total 221660
@q5[kworker/169:1]: count 133, average 866, total 115283

@uc: count 26751, average 2388, total 63893936

@q1[swapper/169]: count 595, average 3876, total 2306659
@q1[ksoftirqd/169]: count 133, average 4222, total 561540
@q1[kworker/169:1]: count 1, average 40265, total 40265

@q2[swapper/169]: count 1174, average 1081, total 1269508
@q2[ksoftirqd/169]: count 222, average 1204, total 267397
@q2[kworker/169:1]: count 1, average 18494, total 18494


@q4[swapper/169]: count 23856, average 1681, total 40106559
@q4[ksoftirqd/169]: count 2249, average 1683, total 3785112
@q4[kworker/169:1]: count 1, average 20128, total 20128

@q5[swapper/169]: count 186779, average 709, total 132481765
@q5[ksoftirqd/169]: count 17313, average 711, total 12309676
@q5[kworker/169:1]: count 7, average 5644, total 39514

@uc: count 26609, average 2123, total 56491888

@q1[swapper/169]: count 596, average 3918, total 2335454
@q1[ksoftirqd/169]: count 128, average 4083, total 522665
@q1[iperf]: count 4, average 12445, total 49783

@q2[swapper/169]: count 1131, average 1091, total 1234612
@q2[ksoftirqd/169]: count 217, average 1133, total 246013
@q2[iperf]: count 7, average 4727, total 33093


@q4[ksoftirqd/169]: count 2219, average 1672, total 3712306
@q4[swapper/169]: count 23835, average 1685, total 40176553
@q4[iperf]: count 43, average 1944, total 83629

@q5[ksoftirqd/169]: count 17112, average 709, total 12143475
@q5[swapper/169]: count 186635, average 710, total 132676173
@q5[iperf]: count 324, average 804, total 260800

@uc: count 27126, average 2857, total 77512887

@q1[swapper/169]: count 553, average 3976, total 2198759
@q1[ksoftirqd/169]: count 126, average 4097, total 516287
@q1[kworker/169:1]: count 2, average 8526, total 17052
@q1[iperf]: count 5, average 9505, total 47529

@q2[swapper/169]: count 1088, average 1118, total 1216952
@q2[ksoftirqd/169]: count 196, average 1138, total 223147
@q2[iperf]: count 9, average 1915, total 17243
@q2[kworker/169:1]: count 3, average 7507, total 22523


@q4[ksoftirqd/169]: count 2037, average 1681, total 3424736
@q4[swapper/169]: count 23914, average 1696, total 40580556
@q4[iperf]: count 56, average 1718, total 96212
@q4[kworker/169:1]: count 58, average 2019, total 117147

@q5[ksoftirqd/169]: count 15709, average 714, total 11231396
@q5[swapper/169]: count 187474, average 717, total 134551331
@q5[iperf]: count 421, average 729, total 307327
@q5[kworker/169:1]: count 455, average 782, total 356152

@uc: count 26526, average 2346, total 62251743

@q1[swapper/169]: count 719, average 3965, total 2851262
@q1[ksoftirqd/169]: count 124, average 4285, total 531431
@q1[kworker/169:1]: count 9, average 6129, total 55163
@q1[iperf]: count 2, average 21876, total 43752

@q2[swapper/169]: count 1299, average 1100, total 1429008
@q2[ksoftirqd/169]: count 195, average 1139, total 222207
@q2[kworker/169:1]: count 10, average 2170, total 21709
@q2[iperf]: count 6, average 3805, total 22834


@q4[ksoftirqd/169]: count 1782, average 1680, total 2993816
@q4[swapper/169]: count 24280, average 1685, total 40917323
@q4[iperf]: count 53, average 1807, total 95819
@q4[kworker/169:1]: count 24, average 2149, total 51588

@q5[ksoftirqd/169]: count 13652, average 710, total 9704384
@q5[swapper/169]: count 189768, average 711, total 134966841
@q5[iperf]: count 407, average 767, total 312403
@q5[kworker/169:1]: count 163, average 891, total 145387

@uc: count 26584, average 2353, total 62569886

@q1[swapper/169]: count 533, average 3870, total 2062825
@q1[ksoftirqd/169]: count 124, average 3976, total 493068
@q1[iperf]: count 2, average 21360, total 42721

@q2[swapper/169]: count 1089, average 1095, total 1193269
@q2[ksoftirqd/169]: count 199, average 1118, total 222483
@q2[iperf]: count 7, average 3542, total 24798


@q4[ksoftirqd/169]: count 1780, average 1660, total 2955296
@q4[swapper/169]: count 24280, average 1679, total 40783473
@q4[iperf]: count 23, average 2121, total 48793

@q5[swapper/169]: count 190319, average 709, total 135049880
@q5[ksoftirqd/169]: count 13639, average 710, total 9690256
@q5[iperf]: count 167, average 857, total 143178

@uc: count 26585, average 2233, total 59390157

@q1[ksoftirqd/169]: count 148, average 3884, total 574885
@q1[swapper/169]: count 565, average 3917, total 2213376
@q1[iperf]: count 3, average 7357, total 22072
@q1[kworker/169:1]: count 1, average 42510, total 42510

@q2[ksoftirqd/169]: count 244, average 1108, total 270523
@q2[swapper/169]: count 1112, average 1108, total 1232929
@q2[iperf]: count 5, average 3005, total 15029
@q2[kworker/169:1]: count 2, average 13315, total 26630


@q4[ksoftirqd/169]: count 2339, average 1660, total 3885007
@q4[swapper/169]: count 23714, average 1678, total 39812899
@q4[iperf]: count 30, average 1990, total 59704
@q4[kworker/169:1]: count 12, average 3470, total 41640

@q5[ksoftirqd/169]: count 17901, average 710, total 12724087
@q5[swapper/169]: count 185770, average 710, total 131922789
@q5[iperf]: count 225, average 762, total 171588
@q5[kworker/169:1]: count 92, average 1078, total 99197

@uc: count 26583, average 2375, total 63154130

@q1[swapper/169]: count 529, average 3821, total 2021348
@q1[ksoftirqd/169]: count 127, average 4037, total 512796
@q1[iperf]: count 4, average 11664, total 46659
@q1[kworker/169:1]: count 1, average 20348, total 20348

@q2[swapper/169]: count 1082, average 1090, total 1180202
@q2[ksoftirqd/169]: count 218, average 1136, total 247809
@q2[iperf]: count 10, average 2639, total 26399
@q2[kworker/169:1]: count 1, average 15920, total 15920


@q4[ksoftirqd/169]: count 1996, average 1651, total 3297059
@q4[swapper/169]: count 24045, average 1668, total 40123030
@q4[iperf]: count 40, average 1744, total 69793
@q4[kworker/169:1]: count 13, average 2899, total 37691

@q5[ksoftirqd/169]: count 15331, average 710, total 10888917
@q5[swapper/169]: count 188439, average 710, total 133804502
@q5[iperf]: count 293, average 793, total 232369
@q5[kworker/169:1]: count 103, average 981, total 101082

@uc: count 26546, average 2287, total 60733911

@q1[swapper/169]: count 525, average 3856, total 2024617
@q1[ksoftirqd/169]: count 128, average 4295, total 549781

@q2[swapper/169]: count 1058, average 1089, total 1152172
@q2[ksoftirqd/169]: count 211, average 1189, total 250914


@q4[ksoftirqd/169]: count 1967, average 1658, total 3263245
@q4[swapper/169]: count 24077, average 1662, total 40035396

@q5[swapper/169]: count 188872, average 710, total 134284684
@q5[ksoftirqd/169]: count 15065, average 712, total 10740615

@uc: count 26690, average 2240, total 59792203

@q1[swapper/169]: count 545, average 3913, total 2132862
@q1[ksoftirqd/169]: count 127, average 4043, total 513481
@q1[iperf]: count 9, average 4730, total 42570

@q2[swapper/169]: count 1071, average 1098, total 1176487
@q2[ksoftirqd/169]: count 216, average 1133, total 244803
@q2[iperf]: count 10, average 1853, total 18536


@q4[iperf]: count 68, average 1629, total 110800
@q4[ksoftirqd/169]: count 2401, average 1677, total 4028413
@q4[swapper/169]: count 23608, average 1682, total 39727366

@q5[swapper/169]: count 185035, average 709, total 131221934
@q5[ksoftirqd/169]: count 18537, average 711, total 13194544
@q5[iperf]: count 510, average 721, total 368086

@uc: count 26431, average 2389, total 63157984

@q1[swapper/169]: count 496, average 3947, total 1957712
@q1[ksoftirqd/169]: count 149, average 3976, total 592550
@q1[iperf]: count 12, average 5874, total 70492

@q2[swapper/169]: count 1027, average 1113, total 1143283
@q2[ksoftirqd/169]: count 242, average 1127, total 272753
@q2[iperf]: count 19, average 1970, total 37441


@q4[iperf]: count 112, average 1629, total 182473
@q4[ksoftirqd/169]: count 2542, average 1673, total 4254741
@q4[swapper/169]: count 23426, average 1684, total 39456350

@q5[ksoftirqd/169]: count 19586, average 710, total 13915090
@q5[swapper/169]: count 183731, average 710, total 130462291
@q5[iperf]: count 843, average 735, total 620266

@uc: count 26341, average 2615, total 68893339

@q1[ksoftirqd/169]: count 144, average 3897, total 561286
@q1[swapper/169]: count 516, average 3912, total 2018664
@q1[iperf]: count 4, average 11649, total 46596

@q2[swapper/169]: count 1058, average 1082, total 1144846
@q2[ksoftirqd/169]: count 229, average 1113, total 255090
@q2[iperf]: count 6, average 4398, total 26390
@q2[kworker/169:1]: count 1, average 9959, total 9959


@q4[ksoftirqd/169]: count 2362, average 1669, total 3943734
@q4[swapper/169]: count 23641, average 1684, total 39833436
@q4[kworker/169:1]: count 45, average 1884, total 84809
@q4[iperf]: count 25, average 2192, total 54810

@q5[swapper/169]: count 185367, average 710, total 131629548
@q5[ksoftirqd/169]: count 18164, average 711, total 12922163
@q5[kworker/169:1]: count 356, average 745, total 265384
@q5[iperf]: count 180, average 875, total 157535

@uc: count 26540, average 2301, total 61080539

@q1[swapper/169]: count 548, average 3992, total 2188088
@q1[ksoftirqd/169]: count 123, average 4013, total 493708
@q1[iperf]: count 4, average 9227, total 36909

@q2[swapper/169]: count 1086, average 1112, total 1208569
@q2[ksoftirqd/169]: count 217, average 1127, total 244631
@q2[iperf]: count 4, average 7308, total 29235


@q4[ksoftirqd/169]: count 2299, average 1673, total 3848484
@q4[swapper/169]: count 23729, average 1685, total 39986561
@q4[iperf]: count 31, average 2088, total 64732

@q5[swapper/169]: count 186033, average 710, total 132214428
@q5[ksoftirqd/169]: count 17727, average 711, total 12620702
@q5[iperf]: count 231, average 794, total 183485

@uc: count 26939, average 2781, total 74926486

@q1[swapper/169]: count 645, average 3960, total 2554646
@q1[ksoftirqd/169]: count 118, average 4192, total 494677
@q1[iperf]: count 4, average 9668, total 38673

@q2[swapper/169]: count 1190, average 1092, total 1299596
@q2[ksoftirqd/169]: count 208, average 1229, total 255646
@q2[iperf]: count 5, average 2965, total 14827
@q2[kworker/169:1]: count 2, average 7089, total 14178


@q4[ksoftirqd/169]: count 2182, average 1695, total 3700614
@q4[swapper/169]: count 23886, average 1696, total 40531184
@q4[iperf]: count 30, average 2133, total 64019
@q4[kworker/169:1]: count 13, average 2327, total 30255

@q5[swapper/169]: count 186964, average 718, total 134279126
@q5[ksoftirqd/169]: count 16879, average 720, total 12156029
@q5[kworker/169:1]: count 101, average 823, total 83212
@q5[iperf]: count 225, average 839, total 188893

@uc: count 26928, average 3010, total 81079749

@q1[swapper/169]: count 540, average 3882, total 2096622
@q1[ksoftirqd/169]: count 125, average 4185, total 523133

@q2[swapper/169]: count 1077, average 1099, total 1184523
@q2[ksoftirqd/169]: count 209, average 1183, total 247441


@q4[swapper/169]: count 23680, average 1683, total 39854291
@q4[ksoftirqd/169]: count 2368, average 1685, total 3990656
@q4[iperf]: count 8, average 4165, total 33322

@q5[ksoftirqd/169]: count 18257, average 710, total 12970255
@q5[swapper/169]: count 185717, average 715, total 132852429
@q5[iperf]: count 64, average 1311, total 83948

@uc: count 26477, average 2093, total 55418823

@q1[swapper/169]: count 525, average 3942, total 2069777
@q1[ksoftirqd/169]: count 144, average 3953, total 569360
@q1[iperf]: count 6, average 8036, total 48221

@q2[swapper/169]: count 1045, average 1103, total 1152897
@q2[ksoftirqd/169]: count 245, average 1135, total 278311
@q2[iperf]: count 9, average 2934, total 26408


@q4[ksoftirqd/169]: count 2467, average 1673, total 4127447
@q4[swapper/169]: count 23527, average 1681, total 39564459
@q4[iperf]: count 73, average 1735, total 126687

@q5[ksoftirqd/169]: count 18997, average 709, total 13477173
@q5[swapper/169]: count 184525, average 709, total 130967095
@q5[iperf]: count 549, average 759, total 416812

@uc: count 26556, average 2489, total 66116268

@q1[swapper/169]: count 536, average 3948, total 2116446
@q1[ksoftirqd/169]: count 130, average 4079, total 530328
@q1[iperf]: count 5, average 11142, total 55714

@q2[swapper/169]: count 1036, average 1085, total 1124540
@q2[ksoftirqd/169]: count 217, average 1186, total 257405
@q2[iperf]: count 10, average 2742, total 27420


@q4[ksoftirqd/169]: count 2160, average 1680, total 3630398
@q4[swapper/169]: count 23844, average 1686, total 40214958
@q4[iperf]: count 36, average 1958, total 70513
@q4[kworker/169:1]: count 11, average 2763, total 30396

@q5[ksoftirqd/169]: count 16558, average 710, total 11770492
@q5[swapper/169]: count 187090, average 710, total 132924126
@q5[kworker/169:1]: count 88, average 804, total 70822
@q5[iperf]: count 258, average 817, total 210966

@uc: count 26637, average 2510, total 66882476

@q1[swapper/169]: count 539, average 4003, total 2157985
@q1[ksoftirqd/169]: count 123, average 4052, total 498453
@q1[iperf]: count 3, average 12807, total 38422

@q2[swapper/169]: count 1091, average 1093, total 1193091
@q2[ksoftirqd/169]: count 210, average 1172, total 246237
@q2[iperf]: count 5, average 4787, total 23936


@q4[ksoftirqd/169]: count 2203, average 1670, total 3681153
@q4[swapper/169]: count 23832, average 1682, total 40092573
@q4[iperf]: count 29, average 2002, total 58082

@q5[swapper/169]: count 186933, average 710, total 132902779
@q5[ksoftirqd/169]: count 17002, average 711, total 12088934
@q5[iperf]: count 219, average 813, total 178157

@uc: count 26370, average 2401, total 63321133

@q1[swapper/169]: count 577, average 3872, total 2234267
@q1[ksoftirqd/169]: count 134, average 4140, total 554768
@q1[iperf]: count 5, average 5604, total 28023
@q1[kworker/169:1]: count 1, average 27040, total 27040

@q2[swapper/169]: count 1121, average 1081, total 1212541
@q2[ksoftirqd/169]: count 218, average 1182, total 257727
@q2[iperf]: count 9, average 2012, total 18113
@q2[kworker/169:1]: count 1, average 16601, total 16601


@q4[iperf]: count 73, average 1624, total 118586
@q4[ksoftirqd/169]: count 2127, average 1675, total 3563915
@q4[swapper/169]: count 23874, average 1683, total 40198800
@q4[kworker/169:1]: count 1, average 14027, total 14027

@q5[swapper/169]: count 374010, average 355, total 132868540
@q5[ksoftirqd/169]: count 16367, average 711, total 11641804
@q5[iperf]: count 553, average 726, total 401700
@q5[kworker/169:1]: count 7, average 3395, total 23767

@uc: count 26466, average 2303, total 60967959

@q1[iperf]: count 15, average 3431, total 51477
@q1[swapper/169]: count 582, average 3878, total 2257040
@q1[ksoftirqd/169]: count 125, average 4121, total 515237
@q1[kworker/169:1]: count 2, average 19110, total 38221

@q2[swapper/169]: count 1137, average 1086, total 1235364
@q2[ksoftirqd/169]: count 210, average 1182, total 248340
@q2[iperf]: count 22, average 1373, total 30216
@q2[kworker/169:1]: count 2, average 10044, total 20089


@q4[iperf]: count 100, average 1597, total 159772
@q4[swapper/169]: count 23960, average 1683, total 40331241
@q4[ksoftirqd/169]: count 2036, average 1688, total 3436861
@q4[kworker/169:1]: count 8, average 2616, total 20931
@q4[kworker/169:0]: count 12, average 4334, total 52017

@q5[swapper/169]: count 187591, average 711, total 133394032
@q5[ksoftirqd/169]: count 15689, average 713, total 11195296
@q5[iperf]: count 717, average 716, total 513687
@q5[kworker/169:1]: count 61, average 834, total 50893
@q5[kworker/169:0]: count 96, average 1339, total 128614

@uc: count 26509, average 2538, total 67302618

@q1[swapper/169]: count 597, average 3927, total 2345013
@q1[ksoftirqd/169]: count 129, average 4015, total 517973
@q1[iperf]: count 1, average 27652, total 27652

@q2[swapper/169]: count 1138, average 1100, total 1252837
@q2[ksoftirqd/169]: count 212, average 1141, total 241994
@q2[iperf]: count 3, average 7089, total 21269
@q2[kworker/169:1]: count 1, average 17022, total 17022


@q4[ksoftirqd/169]: count 2020, average 1676, total 3385801
@q4[swapper/169]: count 24012, average 1685, total 40481677
@q4[iperf]: count 42, average 1977, total 83074
@q4[kworker/169:1]: count 10, average 4155, total 41559

@q5[ksoftirqd/169]: count 15529, average 710, total 11026931
@q5[swapper/169]: count 188160, average 710, total 133723072
@q5[iperf]: count 329, average 794, total 261479
@q5[kworker/169:1]: count 79, average 1204, total 95161

@uc: count 26722, average 2353, total 62887061

@q1[swapper/169]: count 526, average 3990, total 2099128
@q1[ksoftirqd/169]: count 110, average 4042, total 444709
@q1[iperf]: count 2, average 16210, total 32421

@q2[swapper/169]: count 1091, average 1089, total 1188361
@q2[ksoftirqd/169]: count 189, average 1211, total 229050
@q2[iperf]: count 3, average 7748, total 23245


@q4[ksoftirqd/169]: count 1663, average 1666, total 2771154
@q4[swapper/169]: count 24343, average 1686, total 41043040
@q4[iperf]: count 42, average 2059, total 86484

@q5[ksoftirqd/169]: count 12743, average 710, total 9059215
@q5[swapper/169]: count 190971, average 711, total 135808290
@q5[iperf]: count 325, average 810, total 263261

@uc: count 26508, average 2326, total 61666218

@q1[swapper/169]: count 595, average 3891, total 2315551
@q1[ksoftirqd/169]: count 129, average 4020, total 518656
@q1[iperf]: count 8, average 5475, total 43802

@q2[swapper/169]: count 1135, average 1086, total 1233558
@q2[ksoftirqd/169]: count 215, average 1183, total 254391
@q2[iperf]: count 11, average 2412, total 26540


@q4[ksoftirqd/169]: count 2106, average 1671, total 3519716
@q4[iperf]: count 65, average 1672, total 108693
@q4[swapper/169]: count 23917, average 1683, total 40265932

@q5[swapper/169]: count 187365, average 710, total 133194401
@q5[ksoftirqd/169]: count 16161, average 711, total 11504879
@q5[iperf]: count 477, average 750, total 357873

@uc: count 26406, average 2455, total 64829092

@q1[swapper/169]: count 531, average 3961, total 2103358
@q1[ksoftirqd/169]: count 137, average 4171, total 571540
@q1[iperf]: count 3, average 9504, total 28513

@q2[swapper/169]: count 1018, average 1109, total 1129793
@q2[ksoftirqd/169]: count 229, average 1114, total 255177
@q2[iperf]: count 7, average 3256, total 22793


@q4[ksoftirqd/169]: count 2511, average 1676, total 4210741
@q4[swapper/169]: count 23485, average 1683, total 39535871
@q4[iperf]: count 59, average 1748, total 103177

@q5[swapper/169]: count 184266, average 711, total 131063876
@q5[ksoftirqd/169]: count 19375, average 712, total 13810644
@q5[iperf]: count 455, average 755, total 343587

@uc: count 27073, average 3373, total 91340900

@q1[ksoftirqd/169]: count 140, average 3937, total 551290
@q1[swapper/169]: count 524, average 3985, total 2088268
@q1[iperf]: count 3, average 10322, total 30967

@q2[swapper/169]: count 1013, average 1106, total 1120781
@q2[ksoftirqd/169]: count 225, average 1129, total 254132
@q2[iperf]: count 6, average 3947, total 23683


@q4[ksoftirqd/169]: count 2604, average 1671, total 4353439
@q4[swapper/169]: count 23400, average 1705, total 39899466
@q4[iperf]: count 40, average 1993, total 79751

@q5[ksoftirqd/169]: count 20120, average 714, total 14384638
@q5[swapper/169]: count 183601, average 718, total 131898322
@q5[iperf]: count 303, average 801, total 242843

@uc: count 26717, average 2300, total 61453929

@q1[swapper/169]: count 601, average 3973, total 2387834
@q1[ksoftirqd/169]: count 143, average 4044, total 578384
@q1[iperf]: count 1, average 29335, total 29335

@q2[swapper/169]: count 1095, average 1099, total 1203535
@q2[ksoftirqd/169]: count 238, average 1135, total 270225
@q2[iperf]: count 3, average 4264, total 12794


@q4[ksoftirqd/169]: count 2252, average 1665, total 3751568
@q4[swapper/169]: count 23820, average 1678, total 39980252
@q4[iperf]: count 18, average 1999, total 35998

@q5[swapper/169]: count 186665, average 710, total 132645163
@q5[ksoftirqd/169]: count 17306, average 711, total 12311277
@q5[iperf]: count 136, average 767, total 104416

@uc: count 26404, average 2654, total 70099038

@q1[swapper/169]: count 595, average 3912, total 2327925
@q1[ksoftirqd/169]: count 134, average 4004, total 536541
@q1[iperf]: count 4, average 9079, total 36319
@q1[kworker/169:1]: count 1, average 32160, total 32160

@q2[swapper/169]: count 1138, average 1088, total 1239029
@q2[ksoftirqd/169]: count 221, average 1184, total 261812
@q2[iperf]: count 7, average 6726, total 47088
@q2[kworker/169:1]: count 1, average 19997, total 19997


@q4[ksoftirqd/169]: count 2241, average 1675, total 3754808
@q4[swapper/169]: count 23795, average 1683, total 40053617
@q4[iperf]: count 59, average 1796, total 105970
@q4[kworker/169:1]: count 1, average 21590, total 21590

@q5[ksoftirqd/169]: count 17249, average 711, total 12267682
@q5[swapper/169]: count 186401, average 711, total 132560966
@q5[iperf]: count 453, average 774, total 350817
@q5[kworker/169:1]: count 6, average 6116, total 36699

@uc: count 26618, average 2198, total 58532920

@q1[swapper/169]: count 510, average 3914, total 1996329
@q1[ksoftirqd/169]: count 142, average 3982, total 565457
@q1[iperf]: count 3, average 21437, total 64311

@q2[swapper/169]: count 1024, average 1095, total 1122018
@q2[ksoftirqd/169]: count 246, average 1116, total 274662
@q2[iperf]: count 8, average 3109, total 24878


@q4[ksoftirqd/169]: count 2611, average 1669, total 4359441
@q4[swapper/169]: count 23406, average 1684, total 39420778
@q4[iperf]: count 44, average 1870, total 82303

@q5[swapper/169]: count 183609, average 709, total 130351542
@q5[ksoftirqd/169]: count 20152, average 710, total 14323859
@q5[iperf]: count 327, average 794, total 259763

@uc: count 26592, average 2293, total 60983205

@q1[ksoftirqd/169]: count 139, average 3902, total 542458
@q1[swapper/169]: count 640, average 3949, total 2527587
@q1[iperf]: count 8, average 4340, total 34727
@q1[kworker/169:1]: count 1, average 23825, total 23825

@q2[swapper/169]: count 1211, average 1085, total 1314038
@q2[ksoftirqd/169]: count 227, average 1167, total 265126
@q2[iperf]: count 14, average 2015, total 28223
@q2[kworker/169:1]: count 1, average 13696, total 13696


@q4[ksoftirqd/169]: count 2223, average 1669, total 3711387
@q4[swapper/169]: count 23820, average 1678, total 39979946
@q4[iperf]: count 73, average 1726, total 126030
@q4[kworker/169:1]: count 1, average 11952, total 11952

@q5[swapper/169]: count 186406, average 710, total 132461168
@q5[ksoftirqd/169]: count 17039, average 711, total 12117604
@q5[iperf]: count 541, average 744, total 402996
@q5[kworker/169:1]: count 6, average 4343, total 26060

@uc: count 26476, average 4003, total 106006787

@q1[ksoftirqd/169]: count 133, average 3898, total 518502
@q1[swapper/169]: count 522, average 3992, total 2084283
@q1[iperf]: count 2, average 11887, total 23775

@q2[swapper/169]: count 999, average 1104, total 1103304
@q2[ksoftirqd/169]: count 221, average 1130, total 249819
@q2[iperf]: count 4, average 5139, total 20559


@q4[ksoftirqd/169]: count 2249, average 1657, total 3727666
@q4[swapper/169]: count 23783, average 1678, total 39914016
@q4[iperf]: count 15, average 2634, total 39515

@q5[ksoftirqd/169]: count 17305, average 710, total 12303364
@q5[swapper/169]: count 186743, average 715, total 133677179
@q5[iperf]: count 104, average 1002, total 104215

@uc: count 26480, average 2205, total 58397704

@q1[swapper/169]: count 539, average 3953, total 2131117
@q1[ksoftirqd/169]: count 131, average 4154, total 544223
@q1[iperf]: count 4, average 5189, total 20759

@q2[swapper/169]: count 1056, average 1096, total 1157865
@q2[ksoftirqd/169]: count 216, average 1120, total 242012
@q2[iperf]: count 8, average 2204, total 17632
@q2[kworker/169:1]: count 1, average 12514, total 12514


@q4[ksoftirqd/169]: count 2275, average 1676, total 3814282
@q4[swapper/169]: count 23719, average 1686, total 39997032
@q4[iperf]: count 46, average 1705, total 78432
@q4[kworker/169:1]: count 12, average 2614, total 31370

@q5[swapper/169]: count 186024, average 710, total 132192770
@q5[ksoftirqd/169]: count 17558, average 711, total 12489744
@q5[iperf]: count 344, average 730, total 251231
@q5[kworker/169:1]: count 94, average 881, total 82833

@uc: count 26430, average 2304, total 60899880

@q1[swapper/169]: count 516, average 3956, total 2041704
@q1[ksoftirqd/169]: count 125, average 3971, total 496499
@q1[iperf]: count 6, average 6138, total 36829

@q2[swapper/169]: count 1037, average 1104, total 1145590
@q2[ksoftirqd/169]: count 217, average 1121, total 243364
@q2[iperf]: count 7, average 2732, total 19124


@q4[ksoftirqd/169]: count 2205, average 1672, total 3687519
@q4[swapper/169]: count 23808, average 1686, total 40149130
@q4[iperf]: count 33, average 2001, total 66053

@q5[swapper/169]: count 186804, average 710, total 132708712
@q5[ksoftirqd/169]: count 16983, average 711, total 12078339
@q5[iperf]: count 238, average 806, total 191922

@uc: count 26675, average 2327, total 62086397

@q1[ksoftirqd/169]: count 140, average 3930, total 550217
@q1[swapper/169]: count 509, average 3970, total 2020756
@q1[iperf]: count 10, average 4674, total 46748
@q1[kworker/169:1]: count 1, average 21740, total 21740

@q2[swapper/169]: count 998, average 1100, total 1098151
@q2[ksoftirqd/169]: count 234, average 1110, total 259901
@q2[iperf]: count 17, average 1660, total 28224
@q2[kworker/169:1]: count 1, average 15149, total 15149


@q4[iperf]: count 98, average 1617, total 158477
@q4[ksoftirqd/169]: count 2533, average 1675, total 4244759
@q4[swapper/169]: count 23436, average 1683, total 39456026
@q4[kworker/169:1]: count 1, average 16120, total 16120

@q5[swapper/169]: count 183876, average 710, total 130659478
@q5[ksoftirqd/169]: count 19512, average 713, total 13918652
@q5[iperf]: count 726, average 722, total 524334
@q5[kworker/169:1]: count 5, average 5644, total 28222

@uc: count 26548, average 2693, total 71508036

@q1[swapper/169]: count 529, average 3887, total 2056654
@q1[ksoftirqd/169]: count 127, average 3962, total 503209
@q1[iperf]: count 4, average 7138, total 28554
@q1[kworker/169:1]: count 1, average 23544, total 23544

@q2[swapper/169]: count 1028, average 1092, total 1122748
@q2[ksoftirqd/169]: count 206, average 1118, total 230439
@q2[iperf]: count 9, average 2806, total 25256
@q2[kworker/169:1]: count 1, average 15669, total 15669


@q4[ksoftirqd/169]: count 2255, average 1676, total 3780820
@q4[swapper/169]: count 23706, average 1684, total 39927717
@q4[iperf]: count 69, average 1717, total 118527
@q4[kworker/169:1]: count 32, average 2186, total 69962

@q5[ksoftirqd/169]: count 17415, average 710, total 12370038
@q5[swapper/169]: count 185969, average 710, total 132144102
@q5[iperf]: count 523, average 757, total 396257
@q5[kworker/169:1]: count 254, average 831, total 211075

@uc: count 26690, average 2747, total 73320292

@q1[swapper/169]: count 573, average 4120, total 2360933
@q1[ksoftirqd/169]: count 145, average 4204, total 609585
@q1[iperf]: count 2, average 17102, total 34205

@q2[swapper/169]: count 997, average 1084, total 1081356
@q2[ksoftirqd/169]: count 226, average 1204, total 272275
@q2[iperf]: count 3, average 5417, total 16251
@q2[kworker/169:1]: count 1, average 20949, total 20949


@q4[ksoftirqd/169]: count 2443, average 1679, total 4103549
@q4[swapper/169]: count 23566, average 1682, total 39659976
@q4[iperf]: count 30, average 1961, total 58859
@q4[kworker/169:1]: count 14, average 3278, total 45896

@q5[swapper/169]: count 184935, average 713, total 132018277
@q5[ksoftirqd/169]: count 18766, average 714, total 13413561
@q5[iperf]: count 233, average 780, total 181952
@q5[kworker/169:1]: count 108, average 988, total 106790

@uc: count 26431, average 3484, total 92088027

@q1[swapper/169]: count 591, average 3876, total 2291199
@q1[ksoftirqd/169]: count 143, average 4007, total 573091
@q1[iperf]: count 3, average 9027, total 27081
@q1[kworker/169:1]: count 2, average 9879, total 19758

@q2[swapper/169]: count 1089, average 1105, total 1203476
@q2[ksoftirqd/169]: count 242, average 1128, total 273022
@q2[iperf]: count 8, average 2899, total 23195
@q2[kworker/169:1]: count 3, average 5524, total 16572


@q4[ksoftirqd/169]: count 2791, average 1692, total 4724008
@q4[swapper/169]: count 23233, average 1694, total 39368498
@q4[iperf]: count 56, average 1727, total 96743
@q4[kworker/169:1]: count 15, average 3230, total 48461

@q5[swapper/169]: count 181921, average 715, total 130112418
@q5[ksoftirqd/169]: count 21609, average 719, total 15548903
@q5[iperf]: count 423, average 752, total 318262
@q5[kworker/169:1]: count 115, average 1025, total 117933

@uc: count 26623, average 2314, total 61624285

@q1[swapper/169]: count 532, average 3975, total 2115158
@q1[ksoftirqd/169]: count 120, average 3982, total 477850
@q1[iperf]: count 9, average 6894, total 62047

@q2[swapper/169]: count 1034, average 1090, total 1127300
@q2[ksoftirqd/169]: count 212, average 1180, total 250331
@q2[iperf]: count 16, average 1691, total 27061
@q2[kworker/169:1]: count 1, average 21109, total 21109


@q4[iperf]: count 111, average 1580, total 175398
@q4[ksoftirqd/169]: count 2479, average 1670, total 4141706
@q4[swapper/169]: count 23452, average 1679, total 39394765
@q4[kworker/169:1]: count 12, average 3642, total 43713

@q5[ksoftirqd/169]: count 19154, average 709, total 13593760
@q5[swapper/169]: count 183967, average 710, total 130642800
@q5[iperf]: count 842, average 720, total 606713
@q5[kworker/169:1]: count 94, average 1027, total 96570

@uc: count 26666, average 2597, total 69252950

@q1[swapper/169]: count 512, average 3943, total 2019081
@q1[ksoftirqd/169]: count 130, average 4098, total 532747
@q1[iperf]: count 6, average 5736, total 34417

@q2[swapper/169]: count 1035, average 1085, total 1123384
@q2[ksoftirqd/169]: count 219, average 1158, total 253703
@q2[iperf]: count 11, average 1784, total 19627


@q4[ksoftirqd/169]: count 2463, average 1674, total 4124409
@q4[swapper/169]: count 23542, average 1688, total 39751905
@q4[iperf]: count 48, average 1696, total 81451

@q5[ksoftirqd/169]: count 19061, average 710, total 13552003
@q5[swapper/169]: count 184661, average 710, total 131217028
@q5[iperf]: count 347, average 735, total 255385

@uc: count 26421, average 2223, total 58740569

@q1[ksoftirqd/169]: count 149, average 3903, total 581598
@q1[swapper/169]: count 504, average 3925, total 1978283
@q1[iperf]: count 3, average 10980, total 32942

@q2[swapper/169]: count 998, average 1092, total 1090723
@q2[ksoftirqd/169]: count 248, average 1165, total 289020
@q2[iperf]: count 3, average 6505, total 19516


@q4[ksoftirqd/169]: count 2494, average 1675, total 4178176
@q4[swapper/169]: count 23553, average 1691, total 39844480
@q4[iperf]: count 3, average 6555, total 19667

@q5[ksoftirqd/169]: count 19153, average 711, total 13636177
@q5[swapper/169]: count 184895, average 711, total 131629479
@q5[iperf]: count 17, average 2341, total 39813

@uc: count 26494, average 2109, total 55882327

@q1[swapper/169]: count 576, average 3845, total 2214736
@q1[ksoftirqd/169]: count 131, average 4185, total 548274
@q1[iperf]: count 5, average 6229, total 31149

@q2[swapper/169]: count 1131, average 1085, total 1228171
@q2[ksoftirqd/169]: count 230, average 1176, total 270505
@q2[iperf]: count 11, average 2308, total 25398


@q4[iperf]: count 85, average 1646, total 139917
@q4[ksoftirqd/169]: count 2486, average 1675, total 4165056
@q4[swapper/169]: count 23515, average 1679, total 39500388

@q5[swapper/169]: count 184162, average 710, total 130810472
@q5[ksoftirqd/169]: count 19159, average 712, total 13655001
@q5[iperf]: count 647, average 743, total 480991

@uc: count 26549, average 2356, total 62556140