Attaching 12 probes...
Tracing latency of network stack funtions. Hit Ctrl-C to end.
@q1[ksoftirqd/169]: count 143, average 2237, total 319975
@q1[iperf]: count 71, average 2319, total 164677
@q1[kworker/169:1]: count 1, average 23143, total 23143

@q2[iperf]: count 78, average 969, total 75653
@q2[swapper/169]: count 18, average 1518, total 27330
@q2[kworker/169:1]: count 1, average 13755, total 13755
@q2[ksoftirqd/169]: count 753, average 22274, total 16772675


@q4[iperf]: count 96, average 1185, total 113814
@q4[ksoftirqd/169]: count 3139, average 1550, total 4867962
@q4[swapper/169]: count 6643, average 1628, total 10819340
@q4[kworker/169:1]: count 1, average 17723, total 17723

@q5[ksoftirqd/169]: count 22704, average 723, total 16421538
@q5[swapper/169]: count 52672, average 729, total 38441740
@q5[iperf]: count 239, average 770, total 184158
@q5[kworker/169:1]: count 2, average 9022, total 18044

@uc: count 2939, average 105409, total 309797813

@q1[iperf]: count 73, average 2083, total 152073
@q1[ksoftirqd/169]: count 259, average 2297, total 595093
@q1[swapper/169]: count 46, average 2589, total 119135
@q1[kworker/169:1]: count 3, average 16441, total 49324

@q2[iperf]: count 78, average 962, total 75070
@q2[swapper/169]: count 211, average 1070, total 225836
@q2[ksoftirqd/169]: count 1140, average 1120, total 1277163
@q2[kworker/169:1]: count 3, average 6846, total 20539


@q4[iperf]: count 88, average 1180, total 103901
@q4[ksoftirqd/169]: count 3243, average 1485, total 4819040
@q4[swapper/169]: count 9948, average 1591, total 15833642
@q4[kworker/169:1]: count 3, average 9384, total 28152

@q5[swapper/169]: count 78458, average 718, total 56370986
@q5[ksoftirqd/169]: count 23346, average 719, total 16785871
@q5[iperf]: count 220, average 775, total 170689
@q5[kworker/169:1]: count 8, average 3759, total 30077

@uc: count 4519, average 59119, total 267158870

@q1[iperf]: count 75, average 2056, total 154258
@q1[ksoftirqd/169]: count 291, average 2280, total 663656
@q1[swapper/169]: count 10, average 4295, total 42950

@q2[iperf]: count 82, average 985, total 80807
@q2[ksoftirqd/169]: count 1258, average 1128, total 1420160
@q2[swapper/169]: count 73, average 1191, total 86992


@q4[iperf]: count 93, average 1185, total 110285
@q4[ksoftirqd/169]: count 3651, average 1492, total 5447882
@q4[swapper/169]: count 9519, average 1585, total 15092832

@q5[swapper/169]: count 75454, average 716, total 54075437
@q5[ksoftirqd/169]: count 26368, average 717, total 18907467
@q5[iperf]: count 230, average 779, total 179367

@uc: count 3809, average 75031, total 285795282

@q1[iperf]: count 70, average 2193, total 153537
@q1[ksoftirqd/169]: count 304, average 2254, total 685444

@q2[iperf]: count 74, average 997, total 73786
@q2[ksoftirqd/169]: count 1362, average 1115, total 1518944
@q2[swapper/169]: count 26, average 1443, total 37541


@q4[iperf]: count 82, average 1131, total 92819
@q4[ksoftirqd/169]: count 3754, average 1476, total 5543154
@q4[swapper/169]: count 9412, average 1575, total 14829479

@q5[swapper/169]: count 74759, average 709, total 53030669
@q5[ksoftirqd/169]: count 27079, average 711, total 19274133
@q5[iperf]: count 192, average 766, total 147117

@uc: count 2909, average 97653, total 284075242

@q1[iperf]: count 69, average 1766, total 121906
@q1[ksoftirqd/169]: count 301, average 2271, total 683586
@q1[swapper/169]: count 7, average 5176, total 36238
@q1[kworker/169:1]: count 3, average 11545, total 34635

@q2[iperf]: count 73, average 962, total 70296
@q2[ksoftirqd/169]: count 1335, average 1112, total 1485450
@q2[swapper/169]: count 59, average 1257, total 74200
@q2[kworker/169:1]: count 3, average 8125, total 24376


@q4[iperf]: count 81, average 1143, total 92656
@q4[ksoftirqd/169]: count 3654, average 1473, total 5385988
@q4[swapper/169]: count 9515, average 1574, total 14980384
@q4[kworker/169:1]: count 3, average 8830, total 26490

@q5[swapper/169]: count 75565, average 709, total 53613179
@q5[ksoftirqd/169]: count 26302, average 711, total 18721901
@q5[iperf]: count 166, average 804, total 133531
@q5[kworker/169:1]: count 8, average 3366, total 26932

@uc: count 3135, average 88305, total 276836311

@q1[iperf]: count 75, average 2150, total 161270
@q1[ksoftirqd/169]: count 280, average 2191, total 613753
@q1[swapper/169]: count 21, average 3682, total 77334
@q1[kworker/169:1]: count 1, average 44564, total 44564

@q2[iperf]: count 81, average 1031, total 83584
@q2[ksoftirqd/169]: count 1257, average 1107, total 1392145
@q2[swapper/169]: count 122, average 1184, total 144460
@q2[kworker/169:1]: count 2, average 9713, total 19427


@q4[iperf]: count 92, average 1168, total 107541
@q4[ksoftirqd/169]: count 3487, average 1473, total 5139082
@q4[swapper/169]: count 9657, average 1578, total 15241394
@q4[kworker/169:1]: count 14, average 2802, total 39234

@q5[swapper/169]: count 76504, average 710, total 54391332
@q5[ksoftirqd/169]: count 25150, average 711, total 17893849
@q5[iperf]: count 234, average 777, total 181928
@q5[kworker/169:1]: count 103, average 866, total 89295

@uc: count 3604, average 73298, total 264166484

@q1[ksoftirqd/169]: count 292, average 2200, total 642528
@q1[iperf]: count 58, average 2226, total 129161
@q1[swapper/169]: count 22, average 2894, total 63670
@q1[kworker/169:0]: count 2, average 25407, total 50815

@q2[iperf]: count 58, average 1038, total 60231
@q2[ksoftirqd/169]: count 1250, average 1117, total 1397309
@q2[swapper/169]: count 98, average 1138, total 111553
@q2[kworker/169:0]: count 3, average 8502, total 25508


@q4[iperf]: count 63, average 1232, total 77678
@q4[ksoftirqd/169]: count 3585, average 1472, total 5279110
@q4[swapper/169]: count 9596, average 1574, total 15111329
@q4[kworker/169:0]: count 6, average 5819, total 34915

@q5[ksoftirqd/169]: count 25875, average 710, total 18380101
@q5[iperf]: count 137, average 859, total 117787
@q5[swapper/169]: count 76035, average 1425, total 108390731
@q5[kworker/169:0]: count 33, average 1471, total 48549

@uc: count 3567, average 78986, total 281745498

@q1[iperf]: count 73, average 2068, total 151012
@q1[ksoftirqd/169]: count 302, average 2243, total 677493
@q1[swapper/169]: count 5, average 7189, total 35947
@q1[kworker/169:1]: count 1, average 39343, total 39343

@q2[iperf]: count 78, average 1005, total 78438
@q2[ksoftirqd/169]: count 1358, average 1105, total 1501725
@q2[swapper/169]: count 50, average 1212, total 60604
@q2[kworker/169:1]: count 1, average 20348, total 20348


@q4[iperf]: count 92, average 1168, total 107531
@q4[ksoftirqd/169]: count 3669, average 1473, total 5407794
@q4[swapper/169]: count 9494, average 1571, total 14923753
@q4[kworker/169:1]: count 1, average 25959, total 25959

@q5[swapper/169]: count 75338, average 707, total 53323652
@q5[ksoftirqd/169]: count 26418, average 710, total 18758032
@q5[iperf]: count 252, average 760, total 191550
@q5[kworker/169:1]: count 2, average 7920, total 15840

@uc: count 2890, average 95686, total 276534603

@q1[iperf]: count 79, average 2034, total 160718
@q1[ksoftirqd/169]: count 298, average 2201, total 656122
@q1[kworker/169:1]: count 3, average 16530, total 49592

@q2[iperf]: count 85, average 964, total 81955
@q2[ksoftirqd/169]: count 1366, average 1110, total 1517194
@q2[swapper/169]: count 26, average 1407, total 36589
@q2[kworker/169:1]: count 4, average 6336, total 25346


@q4[iperf]: count 97, average 1227, total 119026
@q4[ksoftirqd/169]: count 3729, average 1474, total 5499295
@q4[swapper/169]: count 9425, average 1569, total 14791000
@q4[kworker/169:1]: count 6, average 5784, total 34705

@q5[ksoftirqd/169]: count 26874, average 710, total 19088202
@q5[iperf]: count 247, average 761, total 188093
@q5[swapper/169]: count 74885, average 1420, total 106388417
@q5[kworker/169:1]: count 29, average 1638, total 47530

@uc: count 2893, average 97729, total 282732507

@q1[iperf]: count 70, average 1953, total 136723
@q1[ksoftirqd/169]: count 255, average 2177, total 555160
@q1[swapper/169]: count 54, average 2751, total 148606
@q1[kworker/169:0]: count 1, average 16380, total 16380
@q1[kworker/169:1]: count 2, average 26745, total 53490

@q2[iperf]: count 75, average 963, total 72285
@q2[swapper/169]: count 257, average 1076, total 276733
@q2[ksoftirqd/169]: count 1123, average 1111, total 1247680
@q2[kworker/169:0]: count 1, average 16060, total 16060
@q2[kworker/169:1]: count 2, average 16917, total 33834


@q4[iperf]: count 87, average 1145, total 99615
@q4[ksoftirqd/169]: count 3109, average 1476, total 4590464
@q4[swapper/169]: count 10094, average 1585, total 16002261
@q4[kworker/169:1]: count 2, average 19361, total 38723
@q4[kworker/169:0]: count 1, average 20769, total 20769

@q5[ksoftirqd/169]: count 22336, average 710, total 15862563
@q5[swapper/169]: count 79449, average 710, total 56449975
@q5[iperf]: count 212, average 766, total 162483
@q5[kworker/169:0]: count 2, average 5375, total 10750
@q5[kworker/169:1]: count 6, average 5964, total 35788

@uc: count 4671, average 50553, total 236134726

@q1[ksoftirqd/169]: count 296, average 2219, total 656973
@q1[swapper/169]: count 6, average 4772, total 28635
@q1[iperf]: count 9, average 5594, total 50354

@q2[ksoftirqd/169]: count 1299, average 1107, total 1438908
@q2[swapper/169]: count 43, average 1408, total 60584
@q2[iperf]: count 13, average 1662, total 21609


@q4[ksoftirqd/169]: count 3700, average 1481, total 5482194
@q4[swapper/169]: count 9472, average 1571, total 14887188
@q4[iperf]: count 20, average 1714, total 34283

@q5[ksoftirqd/169]: count 26756, average 708, total 18966944
@q5[swapper/169]: count 75197, average 711, total 53468824
@q5[iperf]: count 96, average 800, total 76847

@uc: count 3458, average 83223, total 287787152

@q1[iperf]: count 85, average 2246, total 190946
@q1[ksoftirqd/169]: count 297, average 2321, total 689347

@q2[iperf]: count 90, average 976, total 87884
@q2[ksoftirqd/169]: count 1356, average 1134, total 1537871
@q2[swapper/169]: count 26, average 1377, total 35807


@q4[iperf]: count 101, average 1175, total 118718
@q4[ksoftirqd/169]: count 3744, average 1481, total 5546374
@q4[swapper/169]: count 9405, average 1567, total 14745185

@q5[ksoftirqd/169]: count 27020, average 705, total 19073665
@q5[swapper/169]: count 74709, average 705, total 52738909
@q5[iperf]: count 262, average 776, total 203530

@uc: count 3091, average 95577, total 295429754

@q1[iperf]: count 75, average 1949, total 146192
@q1[ksoftirqd/169]: count 305, average 2279, total 695191
@q1[swapper/169]: count 8, average 3560, total 28485
@q1[kworker/169:1]: count 1, average 17232, total 17232

@q2[iperf]: count 83, average 955, total 79293
@q2[ksoftirqd/169]: count 1321, average 1119, total 1478584
@q2[swapper/169]: count 57, average 1222, total 69670
@q2[kworker/169:1]: count 1, average 14767, total 14767


@q4[iperf]: count 97, average 1200, total 116400
@q4[ksoftirqd/169]: count 3628, average 1468, total 5327478
@q4[swapper/169]: count 9539, average 1570, total 14985633
@q4[kworker/169:1]: count 1, average 13375, total 13375

@q5[ksoftirqd/169]: count 26087, average 705, total 18397527
@q5[swapper/169]: count 75686, average 706, total 53449169
@q5[iperf]: count 260, average 754, total 196118
@q5[kworker/169:1]: count 4, average 3494, total 13976

@uc: count 3316, average 89611, total 297152093

@q1[iperf]: count 72, average 2130, total 153398
@q1[ksoftirqd/169]: count 305, average 2326, total 709717
@q1[swapper/169]: count 5, average 8443, total 42219
@q1[kworker/169:1]: count 1, average 15729, total 15729

@q2[iperf]: count 76, average 987, total 75084
@q2[ksoftirqd/169]: count 1354, average 1123, total 1520752
@q2[swapper/169]: count 53, average 1222, total 64793
@q2[kworker/169:1]: count 1, average 13225, total 13225


@q4[iperf]: count 83, average 1170, total 97152
@q4[ksoftirqd/169]: count 3707, average 1486, total 5511406
@q4[swapper/169]: count 9490, average 1585, total 15043935
@q4[kworker/169:1]: count 1, average 20147, total 20147

@q5[swapper/169]: count 75312, average 714, total 53825220
@q5[ksoftirqd/169]: count 26577, average 715, total 19010999
@q5[iperf]: count 189, average 795, total 150375
@q5[kworker/169:1]: count 2, average 6988, total 13977

@uc: count 3012, average 93514, total 281666482

@q1[iperf]: count 77, average 1921, total 147945
@q1[ksoftirqd/169]: count 281, average 2231, total 626994
@q1[swapper/169]: count 22, average 3086, total 67897
@q1[kworker/169:1]: count 5, average 4694, total 23474

@q2[iperf]: count 80, average 937, total 74992
@q2[ksoftirqd/169]: count 1253, average 1107, total 1388180
@q2[swapper/169]: count 122, average 1201, total 146584
@q2[kworker/169:1]: count 6, average 3119, total 18715


@q4[iperf]: count 87, average 1112, total 96776
@q4[ksoftirqd/169]: count 3461, average 1475, total 5105423
@q4[swapper/169]: count 9711, average 1573, total 15277731
@q4[kworker/169:1]: count 7, average 3372, total 23606

@q5[ksoftirqd/169]: count 24956, average 706, total 17633048
@q5[swapper/169]: count 76905, average 706, total 54342779
@q5[iperf]: count 179, average 791, total 141624
@q5[kworker/169:1]: count 22, average 1083, total 23842

@uc: count 4076, average 66033, total 269152177

@q1[iperf]: count 74, average 2102, total 155583
@q1[ksoftirqd/169]: count 306, average 2269, total 694616

@q2[iperf]: count 82, average 1034, total 84828
@q2[ksoftirqd/169]: count 1403, average 1111, total 1558877
@q2[swapper/169]: count 33, average 1331, total 43943


@q4[iperf]: count 96, average 1228, total 117946
@q4[ksoftirqd/169]: count 3728, average 1473, total 5493910
@q4[swapper/169]: count 9441, average 1569, total 14822058

@q5[ksoftirqd/169]: count 26783, average 705, total 18893984
@q5[swapper/169]: count 74958, average 705, total 52849194
@q5[iperf]: count 273, average 772, total 211019

@uc: count 2816, average 99300, total 279629810

@q1[iperf]: count 73, average 2157, total 157465
@q1[ksoftirqd/169]: count 300, average 2248, total 674423
@q1[swapper/169]: count 10, average 4530, total 45304

@q2[iperf]: count 74, average 1036, total 76716
@q2[ksoftirqd/169]: count 1351, average 1108, total 1497191
@q2[swapper/169]: count 69, average 1167, total 80572


@q4[iperf]: count 78, average 1185, total 92469
@q4[ksoftirqd/169]: count 3610, average 1471, total 5312483
@q4[swapper/169]: count 9575, average 1572, total 15054699

@q5[ksoftirqd/169]: count 25941, average 705, total 18295201
@q5[swapper/169]: count 75922, average 705, total 53580525
@q5[iperf]: count 142, average 851, total 120856

@uc: count 3086, average 88504, total 273124451

@q1[iperf]: count 73, average 2062, total 150592
@q1[ksoftirqd/169]: count 292, average 2263, total 660951
@q1[swapper/169]: count 17, average 4669, total 79378

@q2[iperf]: count 74, average 973, total 72071
@q2[ksoftirqd/169]: count 1329, average 1116, total 1483479
@q2[swapper/169]: count 93, average 1173, total 109125


@q4[iperf]: count 80, average 1182, total 94575
@q4[ksoftirqd/169]: count 3549, average 1471, total 5222754
@q4[swapper/169]: count 9636, average 1576, total 15191530

@q5[ksoftirqd/169]: count 25517, average 704, total 17987714
@q5[swapper/169]: count 76397, average 706, total 53957236
@q5[iperf]: count 159, average 825, total 131320

@uc: count 3280, average 82933, total 272020616

@q1[iperf]: count 73, average 1983, total 144790
@q1[ksoftirqd/169]: count 303, average 2280, total 690867
@q1[swapper/169]: count 10, average 3689, total 36898
@q1[kworker/169:1]: count 3, average 9017, total 27051

@q2[iperf]: count 77, average 1014, total 78135
@q2[ksoftirqd/169]: count 1310, average 1114, total 1459431
@q2[swapper/169]: count 72, average 1202, total 86571
@q2[kworker/169:1]: count 3, average 7798, total 23394


@q4[iperf]: count 89, average 1212, total 107874
@q4[ksoftirqd/169]: count 3617, average 1474, total 5333741
@q4[swapper/169]: count 9540, average 1573, total 15012047
@q4[kworker/169:1]: count 5, average 4319, total 21599

@q5[ksoftirqd/169]: count 26063, average 706, total 18403392
@q5[swapper/169]: count 75722, average 706, total 53524765
@q5[iperf]: count 222, average 791, total 175763
@q5[kworker/169:1]: count 28, average 1282, total 35923

@uc: count 3662, average 77050, total 282160684

@q1[iperf]: count 72, average 2214, total 159416
@q1[ksoftirqd/169]: count 305, average 2264, total 690617

@q2[iperf]: count 77, average 1008, total 77675
@q2[ksoftirqd/169]: count 1389, average 1119, total 1554886
@q2[swapper/169]: count 36, average 1346, total 48470


@q4[iperf]: count 87, average 1231, total 107150
@q4[ksoftirqd/169]: count 3732, average 1472, total 5494541
@q4[swapper/169]: count 9442, average 1571, total 14838996

@q5[ksoftirqd/169]: count 26838, average 706, total 18964120
@q5[swapper/169]: count 74956, average 706, total 52920782
@q5[iperf]: count 216, average 796, total 171977

@uc: count 2823, average 99762, total 281630321

@q1[iperf]: count 74, average 1969, total 145736
@q1[ksoftirqd/169]: count 297, average 2284, total 678421
@q1[swapper/169]: count 7, average 3872, total 27110
@q1[kworker/169:1]: count 2, average 13670, total 27341

@q2[iperf]: count 77, average 956, total 73631
@q2[ksoftirqd/169]: count 1356, average 1115, total 1513187
@q2[swapper/169]: count 59, average 1207, total 71261
@q2[kworker/169:1]: count 3, average 5129, total 15389


@q4[iperf]: count 82, average 1124, total 92246
@q4[ksoftirqd/169]: count 3658, average 1477, total 5406228
@q4[swapper/169]: count 9520, average 1572, total 14966111
@q4[kworker/169:1]: count 5, average 4634, total 23173

@q5[swapper/169]: count 75524, average 706, total 53387813
@q5[ksoftirqd/169]: count 26316, average 707, total 18626624
@q5[iperf]: count 162, average 805, total 130474
@q5[kworker/169:1]: count 26, average 1332, total 34654

@uc: count 3098, average 89846, total 278344956

@q1[iperf]: count 72, average 2101, total 151337
@q1[ksoftirqd/169]: count 289, average 2192, total 633770
@q1[swapper/169]: count 18, average 4213, total 75845
@q1[kworker/169:1]: count 1, average 18706, total 18706

@q2[iperf]: count 75, average 968, total 72669
@q2[ksoftirqd/169]: count 1309, average 1108, total 1450982
@q2[swapper/169]: count 101, average 1226, total 123864
@q2[kworker/169:1]: count 2, average 7930, total 15860


@q4[iperf]: count 80, average 1177, total 94200
@q4[ksoftirqd/169]: count 3513, average 1471, total 5168091
@q4[swapper/169]: count 9666, average 1574, total 15219429
@q4[kworker/169:1]: count 13, average 2686, total 34926

@q5[ksoftirqd/169]: count 25273, average 706, total 17846385
@q5[swapper/169]: count 76532, average 706, total 54105451
@q5[iperf]: count 160, average 833, total 133310
@q5[kworker/169:1]: count 93, average 935, total 87041

@uc: count 3299, average 80784, total 266506707

@q1[iperf]: count 78, average 1952, total 152317
@q1[ksoftirqd/169]: count 290, average 2291, total 664631
@q1[swapper/169]: count 10, average 4364, total 43643
@q1[kworker/169:1]: count 2, average 10971, total 21942

@q2[iperf]: count 81, average 958, total 77670
@q2[ksoftirqd/169]: count 1288, average 1121, total 1444676
@q2[swapper/169]: count 67, average 1224, total 82072
@q2[kworker/169:1]: count 2, average 8205, total 16411


@q4[iperf]: count 87, average 1162, total 101171
@q4[ksoftirqd/169]: count 3610, average 1474, total 5321343
@q4[swapper/169]: count 9546, average 1574, total 15028369
@q4[kworker/169:1]: count 2, average 9097, total 18194

@q5[swapper/169]: count 75770, average 709, total 53727416
@q5[ksoftirqd/169]: count 26111, average 710, total 18540067
@q5[iperf]: count 183, average 805, total 147446
@q5[kworker/169:1]: count 6, average 4143, total 24858

@uc: count 3636, average 79403, total 288709344

@q1[iperf]: count 78, average 2123, total 165601
@q1[ksoftirqd/169]: count 292, average 2212, total 645967
@q1[swapper/169]: count 4, average 8616, total 34464
@q1[kworker/169:1]: count 2, average 10510, total 21020

@q2[iperf]: count 78, average 969, total 75582
@q2[ksoftirqd/169]: count 1349, average 1125, total 1518059
@q2[swapper/169]: count 46, average 1231, total 56627
@q2[kworker/169:1]: count 2, average 5044, total 10089


@q4[iperf]: count 78, average 1124, total 87688
@q4[ksoftirqd/169]: count 3717, average 1477, total 5490054
@q4[swapper/169]: count 9462, average 1573, total 14888856
@q4[kworker/169:1]: count 2, average 16451, total 32903

@q5[swapper/169]: count 75071, average 708, total 53208902
@q5[ksoftirqd/169]: count 26781, average 711, total 19054254
@q5[iperf]: count 123, average 825, total 101548
@q5[kworker/169:1]: count 5, average 2350, total 11751

@uc: count 3098, average 93285, total 288998570

@q1[iperf]: count 469, average 1792, total 840675
@q1[ksoftirqd/169]: count 322, average 2269, total 730774
@q1[swapper/169]: count 11, average 2836, total 31200
@q1[kworker/169:1]: count 4, average 10522, total 42089

@q2[iperf]: count 475, average 857, total 407187
@q2[ksoftirqd/169]: count 1351, average 1114, total 1505853
@q2[swapper/169]: count 45, average 1247, total 56150
@q2[kworker/169:1]: count 4, average 5597, total 22391


@q4[iperf]: count 482, average 996, total 480344
@q4[ksoftirqd/169]: count 3780, average 1486, total 5619260
@q4[swapper/169]: count 9367, average 1584, total 14838618
@q4[kworker/169:1]: count 4, average 6580, total 26321

@q5[swapper/169]: count 74328, average 714, total 53102545
@q5[ksoftirqd/169]: count 27035, average 718, total 19425522
@q5[iperf]: count 722, average 764, total 551683
@q5[kworker/169:1]: count 10, average 2469, total 24699

@uc: count 3204, average 93869, total 300757780

@q1[iperf]: count 72, average 1962, total 141317
@q1[ksoftirqd/169]: count 288, average 2293, total 660562
@q1[swapper/169]: count 22, average 3030, total 66669
@q1[kworker/169:1]: count 2, average 10083, total 20167

@q2[iperf]: count 74, average 937, total 69359
@q2[swapper/169]: count 139, average 1074, total 149408
@q2[ksoftirqd/169]: count 1256, average 1135, total 1425807
@q2[kworker/169:1]: count 3, average 5567, total 16702


@q4[iperf]: count 79, average 1122, total 88653
@q4[ksoftirqd/169]: count 3471, average 1475, total 5120614
@q4[swapper/169]: count 9722, average 1581, total 15370707
@q4[kworker/169:1]: count 15, average 2399, total 35998

@q5[swapper/169]: count 76784, average 709, total 54473768
@q5[ksoftirqd/169]: count 24968, average 710, total 17731066
@q5[iperf]: count 161, average 807, total 130074
@q5[kworker/169:1]: count 108, average 846, total 91443

@uc: count 3749, average 70151, total 262997337

@q1[iperf]: count 72, average 1942, total 139839
@q1[ksoftirqd/169]: count 241, average 2322, total 559635
@q1[swapper/169]: count 61, average 2601, total 158682
@q1[kworker/169:1]: count 3, average 14046, total 42138

@q2[iperf]: count 74, average 955, total 70719
@q2[swapper/169]: count 292, average 1093, total 319257
@q2[ksoftirqd/169]: count 1068, average 1123, total 1200420
@q2[kworker/169:1]: count 3, average 4702, total 14106


@q4[iperf]: count 81, average 1227, total 99390
@q4[ksoftirqd/169]: count 3007, average 1479, total 4448785
@q4[swapper/169]: count 10209, average 1589, total 16222794
@q4[kworker/169:1]: count 3, average 4314, total 12944

@q5[ksoftirqd/169]: count 21729, average 711, total 15449347
@q5[swapper/169]: count 80117, average 716, total 57387598
@q5[iperf]: count 175, average 816, total 142901
@q5[kworker/169:1]: count 9, average 1758, total 15828

@uc: count 5417, average 43651, total 236461175

@q1[iperf]: count 79, average 2094, total 165463
@q1[ksoftirqd/169]: count 297, average 2291, total 680649
@q1[swapper/169]: count 9, average 3270, total 29433

@q2[iperf]: count 82, average 965, total 79204
@q2[ksoftirqd/169]: count 1321, average 1120, total 1479742
@q2[swapper/169]: count 77, average 1192, total 91791
@q2[kworker/169:1]: count 1, average 9027, total 9027


@q4[iperf]: count 87, average 1139, total 99117
@q4[ksoftirqd/169]: count 3615, average 1478, total 5344846
@q4[swapper/169]: count 9553, average 1571, total 15009042
@q4[kworker/169:1]: count 12, average 2302, total 27632

@q5[swapper/169]: count 75726, average 709, total 53736045
@q5[ksoftirqd/169]: count 26069, average 711, total 18547883
@q5[kworker/169:1]: count 95, average 801, total 76174
@q5[iperf]: count 181, average 803, total 145347

@uc: count 3133, average 87926, total 275473962

@q1[iperf]: count 71, average 2004, total 142299
@q1[ksoftirqd/169]: count 294, average 2288, total 672684
@q1[swapper/169]: count 13, average 3357, total 43642

@q2[iperf]: count 75, average 969, total 72712
@q2[swapper/169]: count 94, average 1103, total 103769
@q2[ksoftirqd/169]: count 1315, average 1121, total 1474389
@q2[kworker/169:1]: count 1, average 10009, total 10009


@q4[iperf]: count 84, average 1266, total 106376
@q4[ksoftirqd/169]: count 3577, average 1470, total 5260525
@q4[swapper/169]: count 9601, average 1576, total 15133553
@q4[kworker/169:1]: count 12, average 2317, total 27812

@q5[swapper/169]: count 75970, average 709, total 53912789
@q5[ksoftirqd/169]: count 25762, average 711, total 18329750
@q5[kworker/169:1]: count 95, average 804, total 76418
@q5[iperf]: count 193, average 831, total 160526

@uc: count 3394, average 79440, total 269620690

@q1[iperf]: count 78, average 2010, total 156824
@q1[ksoftirqd/169]: count 288, average 2302, total 663059
@q1[swapper/169]: count 14, average 3251, total 45523
@q1[kworker/169:1]: count 3, average 8766, total 26299

@q2[iperf]: count 81, average 963, total 78067
@q2[swapper/169]: count 89, average 1114, total 99190
@q2[ksoftirqd/169]: count 1275, average 1115, total 1421712
@q2[kworker/169:1]: count 6, average 2900, total 17402


@q4[iperf]: count 87, average 1162, total 101158
@q4[ksoftirqd/169]: count 3576, average 1486, total 5315525
@q4[swapper/169]: count 9571, average 1569, total 15026322
@q4[kworker/169:1]: count 32, average 1804, total 57737

@q5[swapper/169]: count 75785, average 709, total 53753885
@q5[ksoftirqd/169]: count 25830, average 712, total 18398722
@q5[kworker/169:1]: count 228, average 764, total 174418
@q5[iperf]: count 189, average 794, total 150216

@uc: count 3444, average 78830, total 271491421

@q1[ksoftirqd/169]: count 265, average 2280, total 604357
@q1[swapper/169]: count 102, average 2504, total 255478
@q1[iperf]: count 8, average 4085, total 32680
@q1[kworker/169:1]: count 2, average 8330, total 16660

@q2[swapper/169]: count 248, average 999, total 247801
@q2[ksoftirqd/169]: count 1161, average 1124, total 1306058
@q2[iperf]: count 10, average 1862, total 18625
@q2[kworker/169:1]: count 2, average 5766, total 11532


@q4[ksoftirqd/169]: count 3339, average 1477, total 4932442
@q4[swapper/169]: count 9927, average 1579, total 15675343
@q4[iperf]: count 12, average 1936, total 23243
@q4[kworker/169:1]: count 2, average 7523, total 15047

@q5[swapper/169]: count 77840, average 710, total 55300720
@q5[ksoftirqd/169]: count 24163, average 711, total 17196991
@q5[iperf]: count 48, average 974, total 46787
@q5[kworker/169:1]: count 5, average 2692, total 13464

@uc: count 4589, average 56648, total 259959254

@q1[ksoftirqd/169]: count 293, average 2243, total 657467
@q1[iperf]: count 67, average 2308, total 154640
@q1[swapper/169]: count 15, average 3801, total 57029
@q1[kworker/169:1]: count 1, average 14518, total 14518

@q2[ksoftirqd/169]: count 1314, average 1123, total 1475998
@q2[swapper/169]: count 85, average 1163, total 98897
@q2[iperf]: count 74, average 1185, total 87709
@q2[kworker/169:1]: count 1, average 13264, total 13264


@q4[iperf]: count 84, average 1393, total 117053
@q4[ksoftirqd/169]: count 3537, average 1467, total 5189782
@q4[swapper/169]: count 9640, average 1578, total 15219348
@q4[kworker/169:1]: count 1, average 19526, total 19526

@q5[swapper/169]: count 76396, average 709, total 54238740
@q5[ksoftirqd/169]: count 25437, average 711, total 18096113
@q5[iperf]: count 227, average 840, total 190768
@q5[kworker/169:1]: count 2, average 7364, total 14728

@uc: count 3116, average 85812, total 267392886

@q1[iperf]: count 71, average 1962, total 139359
@q1[ksoftirqd/169]: count 299, average 2308, total 690235
@q1[swapper/169]: count 9, average 3512, total 31610
@q1[kworker/169:1]: count 2, average 15063, total 30127

@q2[iperf]: count 74, average 971, total 71895
@q2[ksoftirqd/169]: count 1332, average 1119, total 1491372
@q2[swapper/169]: count 67, average 1163, total 77948
@q2[kworker/169:1]: count 2, average 10420, total 20840


@q4[iperf]: count 80, average 1144, total 91539
@q4[ksoftirqd/169]: count 3614, average 1480, total 5351069
@q4[swapper/169]: count 9552, average 1574, total 15035599
@q4[kworker/169:1]: count 16, average 2949, total 47187

@q5[swapper/169]: count 75726, average 709, total 53716615
@q5[ksoftirqd/169]: count 25995, average 710, total 18473229
@q5[iperf]: count 163, average 813, total 132626
@q5[kworker/169:1]: count 115, average 848, total 97607

@uc: count 3054, average 90144, total 275300278

@q1[ksoftirqd/169]: count 271, average 2249, total 609729
@q1[iperf]: count 69, average 2352, total 162297
@q1[swapper/169]: count 35, average 3163, total 110708
@q1[kworker/169:1]: count 1, average 13625, total 13625

@q2[iperf]: count 74, average 1010, total 74802
@q2[ksoftirqd/169]: count 1213, average 1115, total 1353335
@q2[swapper/169]: count 180, average 1155, total 207910
@q2[kworker/169:1]: count 1, average 9718, total 9718


@q4[iperf]: count 82, average 1206, total 98919
@q4[ksoftirqd/169]: count 3307, average 1472, total 4867992
@q4[swapper/169]: count 9864, average 1583, total 15618880
@q4[kworker/169:1]: count 1, average 10449, total 10449

@q5[ksoftirqd/169]: count 23792, average 711, total 16928694
@q5[swapper/169]: count 78068, average 711, total 55528346
@q5[iperf]: count 203, average 806, total 163657
@q5[kworker/169:1]: count 2, average 5821, total 11642

@uc: count 4147, average 61695, total 255851683

@q1[iperf]: count 75, average 2080, total 156070
@q1[ksoftirqd/169]: count 284, average 2305, total 654810
@q1[swapper/169]: count 22, average 2627, total 57798
@q1[kworker/169:1]: count 1, average 17323, total 17323

@q2[iperf]: count 78, average 973, total 75931
@q2[swapper/169]: count 145, average 1082, total 157024
@q2[ksoftirqd/169]: count 1198, average 1116, total 1338128
@q2[kworker/169:1]: count 3, average 4805, total 14417


@q4[iperf]: count 87, average 1139, total 99173
@q4[ksoftirqd/169]: count 3438, average 1473, total 5065134
@q4[swapper/169]: count 9728, average 1575, total 15328770
@q4[kworker/169:1]: count 15, average 2247, total 33714

@q5[swapper/169]: count 76897, average 710, total 54631045
@q5[ksoftirqd/169]: count 24792, average 711, total 17630865
@q5[iperf]: count 197, average 779, total 153542
@q5[kworker/169:1]: count 107, average 819, total 87682

@uc: count 4706, average 64483, total 303460037

@q1[ksoftirqd/169]: count 305, average 2299, total 701410
@q1[iperf]: count 72, average 2380, total 171409
@q1[kworker/169:1]: count 2, average 16762, total 33524
@q1[swapper/169]: count 1, average 26249, total 26249

@q2[iperf]: count 75, average 1065, total 79883
@q2[ksoftirqd/169]: count 1354, average 1120, total 1516651
@q2[swapper/169]: count 37, average 1280, total 47390
@q2[kworker/169:1]: count 2, average 6717, total 13435


@q4[iperf]: count 79, average 1264, total 99901
@q4[ksoftirqd/169]: count 3792, average 1497, total 5677175
@q4[swapper/169]: count 9400, average 1592, total 14965736
@q4[kworker/169:1]: count 2, average 7448, total 14897

@q5[swapper/169]: count 74584, average 718, total 53607265
@q5[ksoftirqd/169]: count 27289, average 721, total 19691839
@q5[iperf]: count 182, average 843, total 153501
@q5[kworker/169:1]: count 6, average 2701, total 16211

@uc: count 2945, average 97764, total 287917267

@q1[iperf]: count 74, average 2251, total 166639
@q1[ksoftirqd/169]: count 281, average 2335, total 656329
@q1[swapper/169]: count 28, average 3266, total 91474

@q2[iperf]: count 78, average 1048, total 81745
@q2[swapper/169]: count 125, average 1114, total 139352
@q2[ksoftirqd/169]: count 1266, average 1116, total 1413799
@q2[kworker/169:1]: count 2, average 5360, total 10720


@q4[iperf]: count 82, average 1246, total 102232
@q4[ksoftirqd/169]: count 3428, average 1470, total 5039819
@q4[swapper/169]: count 9744, average 1574, total 15340044
@q4[kworker/169:1]: count 14, average 2526, total 35367

@q5[swapper/169]: count 77090, average 709, total 54707695
@q5[ksoftirqd/169]: count 24640, average 710, total 17505043
@q5[iperf]: count 181, average 804, total 145639
@q5[kworker/169:1]: count 107, average 820, total 87787

@uc: count 3507, average 74357, total 260771593

@q1[iperf]: count 67, average 1833, total 122847
@q1[ksoftirqd/169]: count 256, average 2278, total 583307
@q1[swapper/169]: count 53, average 2571, total 136275
@q1[kworker/169:1]: count 2, average 17909, total 35818

@q2[iperf]: count 74, average 949, total 70299
@q2[swapper/169]: count 250, average 1040, total 260232
@q2[ksoftirqd/169]: count 1157, average 1120, total 1296592
@q2[kworker/169:1]: count 3, average 4568, total 13706


@q4[iperf]: count 85, average 1157, total 98363
@q4[ksoftirqd/169]: count 3116, average 1475, total 4597867
@q4[swapper/169]: count 10096, average 1585, total 16008287
@q4[kworker/169:1]: count 14, average 2368, total 33164

@q5[swapper/169]: count 79341, average 710, total 56361502
@q5[ksoftirqd/169]: count 22377, average 711, total 15915897
@q5[iperf]: count 213, average 783, total 166836
@q5[kworker/169:1]: count 98, average 816, total 80058

@uc: count 4492, average 52475, total 235720877

@q1[ksoftirqd/169]: count 298, average 2282, total 680311
@q1[swapper/169]: count 76, average 2777, total 211123
@q1[iperf]: count 7, average 5998, total 41987

@q2[swapper/169]: count 139, average 1042, total 144880
@q2[ksoftirqd/169]: count 1283, average 1124, total 1443305
@q2[iperf]: count 10, average 1831, total 18315


@q4[ksoftirqd/169]: count 3616, average 1474, total 5332432
@q4[swapper/169]: count 9617, average 1570, total 15098758
@q4[iperf]: count 13, average 2239, total 29116

@q5[ksoftirqd/169]: count 26088, average 710, total 18545944
@q5[swapper/169]: count 75884, average 710, total 53883231
@q5[iperf]: count 58, average 872, total 50582

@uc: count 3614, average 77906, total 281554892

@q1[iperf]: count 74, average 2082, total 154122
@q1[ksoftirqd/169]: count 290, average 2300, total 667060
@q1[swapper/169]: count 16, average 4539, total 72636

@q2[iperf]: count 76, average 992, total 75447
@q2[ksoftirqd/169]: count 1289, average 1125, total 1450823
@q2[swapper/169]: count 98, average 1386, total 135888


@q4[iperf]: count 79, average 1151, total 90962
@q4[ksoftirqd/169]: count 3547, average 1476, total 5236476
@q4[swapper/169]: count 9629, average 1574, total 15164432

@q5[ksoftirqd/169]: count 25577, average 711, total 18190824
@q5[swapper/169]: count 76299, average 722, total 55130851
@q5[iperf]: count 151, average 844, total 127450

@uc: count 3472, average 78903, total 273952335

@q1[iperf]: count 72, average 2280, total 164176
@q1[ksoftirqd/169]: count 295, average 2339, total 690116
@q1[swapper/169]: count 10, average 3224, total 32242
@q1[kworker/169:1]: count 3, average 8636, total 25909

@q2[iperf]: count 78, average 1029, total 80277
@q2[ksoftirqd/169]: count 1354, average 1123, total 1521761
@q2[swapper/169]: count 41, average 1323, total 54254
@q2[kworker/169:1]: count 3, average 4354, total 13063


@q4[iperf]: count 88, average 1358, total 119569
@q4[ksoftirqd/169]: count 3726, average 1474, total 5492520
@q4[swapper/169]: count 9443, average 1572, total 14847840
@q4[kworker/169:1]: count 3, average 4421, total 13264

@q5[ksoftirqd/169]: count 26893, average 711, total 19140592
@q5[iperf]: count 256, average 817, total 209301
@q5[swapper/169]: count 74898, average 1446, total 108351071
@q5[kworker/169:1]: count 9, average 1968, total 17714

@uc: count 3024, average 93100, total 281535030

@q1[iperf]: count 69, average 1957, total 135081
@q1[ksoftirqd/169]: count 316, average 2338, total 738848
@q1[kworker/169:0]: count 1, average 16310, total 16310
@q1[kworker/169:1]: count 2, average 20664, total 41328

@q2[iperf]: count 71, average 959, total 68148
@q2[ksoftirqd/169]: count 1391, average 1108, total 1542404
@q2[swapper/169]: count 36, average 1316, total 47407
@q2[kworker/169:1]: count 3, average 6028, total 18084
@q2[kworker/169:0]: count 1, average 13886, total 13886


@q4[iperf]: count 75, average 1104, total 82874
@q4[ksoftirqd/169]: count 3729, average 1476, total 5504778
@q4[swapper/169]: count 9453, average 1565, total 14803346
@q4[kworker/169:1]: count 5, average 5256, total 26280
@q4[kworker/169:0]: count 1, average 14968, total 14968

@q5[swapper/169]: count 75074, average 709, total 53233819
@q5[ksoftirqd/169]: count 26799, average 711, total 19057652
@q5[iperf]: count 141, average 813, total 114741
@q5[kworker/169:1]: count 27, average 1363, total 36805
@q5[kworker/169:0]: count 2, average 7103, total 14207

@uc: count 2820, average 99914, total 281759704

@q1[iperf]: count 81, average 1998, total 161842
@q1[ksoftirqd/169]: count 285, average 2262, total 644893
@q1[swapper/169]: count 12, average 4341, total 52099
@q1[kworker/169:1]: count 2, average 14281, total 28563
@q1[kworker/169:0]: count 1, average 17202, total 17202

@q2[iperf]: count 83, average 947, total 78639
@q2[ksoftirqd/169]: count 1273, average 1116, total 1421176
@q2[swapper/169]: count 73, average 1231, total 89882
@q2[kworker/169:1]: count 3, average 5139, total 15419
@q2[kworker/169:0]: count 1, average 13315, total 13315


@q4[iperf]: count 86, average 1108, total 95366
@q4[ksoftirqd/169]: count 3603, average 1490, total 5371688
@q4[swapper/169]: count 9558, average 1572, total 15030655
@q4[kworker/169:1]: count 4, average 4748, total 18995
@q4[kworker/169:0]: count 1, average 15219, total 15219

@q5[swapper/169]: count 75816, average 709, total 53816720
@q5[ksoftirqd/169]: count 26034, average 713, total 18573265
@q5[iperf]: count 157, average 804, total 126339
@q5[kworker/169:1]: count 20, average 1267, total 25345
@q5[kworker/169:0]: count 3, average 4966, total 14898

@uc: count 3535, average 78599, total 277850498

@q1[iperf]: count 70, average 2129, total 149080
@q1[ksoftirqd/169]: count 308, average 2312, total 712153
@q1[kworker/169:1]: count 2, average 20869, total 41739

@q2[iperf]: count 72, average 984, total 70894
@q2[ksoftirqd/169]: count 1385, average 1112, total 1540969
@q2[swapper/169]: count 29, average 1361, total 39484
@q2[kworker/169:1]: count 2, average 9021, total 18043


@q4[iperf]: count 76, average 1147, total 87226
@q4[ksoftirqd/169]: count 3747, average 1478, total 5541209
@q4[swapper/169]: count 9431, average 1573, total 14838824
@q4[kworker/169:1]: count 2, average 11000, total 22001

@q5[swapper/169]: count 74894, average 708, total 53070578
@q5[ksoftirqd/169]: count 26991, average 711, total 19207998
@q5[iperf]: count 159, average 808, total 128542
@q5[kworker/169:1]: count 7, average 3440, total 24086

@uc: count 2828, average 99656, total 281829498

@q1[iperf]: count 69, average 1952, total 134752
@q1[ksoftirqd/169]: count 305, average 2250, total 686554
@q1[swapper/169]: count 2, average 9523, total 19046
@q1[kworker/169:1]: count 2, average 13660, total 27321

@q2[iperf]: count 72, average 967, total 69693
@q2[ksoftirqd/169]: count 1382, average 1115, total 1541377
@q2[swapper/169]: count 36, average 1430, total 51487
@q2[kworker/169:1]: count 2, average 11787, total 23574


@q4[iperf]: count 84, average 1151, total 96704
@q4[ksoftirqd/169]: count 3729, average 1482, total 5528329
@q4[swapper/169]: count 9443, average 1572, total 14846349
@q4[kworker/169:1]: count 2, average 11516, total 23032

@q5[ksoftirqd/169]: count 26851, average 712, total 19125379
@q5[swapper/169]: count 74978, average 712, total 53412527
@q5[iperf]: count 203, average 794, total 161330
@q5[kworker/169:1]: count 6, average 3730, total 22382

@uc: count 2884, average 97352, total 280765129

@q1[iperf]: count 79, average 2139, total 169045
@q1[ksoftirqd/169]: count 277, average 2236, total 619383
@q1[swapper/169]: count 26, average 2964, total 77067
@q1[kworker/169:1]: count 1, average 51477, total 51477

@q2[iperf]: count 84, average 1106, total 92948
@q2[ksoftirqd/169]: count 1209, average 1114, total 1347791
@q2[swapper/169]: count 128, average 1123, total 143843
@q2[kworker/169:1]: count 2, average 11973, total 23946


@q4[iperf]: count 91, average 1122, total 102169
@q4[ksoftirqd/169]: count 3442, average 1482, total 5102562
@q4[swapper/169]: count 9728, average 1581, total 15384546
@q4[kworker/169:1]: count 4, average 7326, total 29305

@q5[swapper/169]: count 76942, average 710, total 54661967
@q5[ksoftirqd/169]: count 24854, average 717, total 17834671
@q5[iperf]: count 196, average 792, total 155356
@q5[kworker/169:1]: count 27, average 1445, total 39024

@uc: count 4413, average 66909, total 295271221

@q1[iperf]: count 75, average 2101, total 157594
@q1[ksoftirqd/169]: count 290, average 2258, total 655051
@q1[swapper/169]: count 14, average 4045, total 56636
@q1[kworker/169:1]: count 1, average 26830, total 26830

@q2[iperf]: count 78, average 994, total 77536
@q2[ksoftirqd/169]: count 1244, average 1124, total 1398810
@q2[swapper/169]: count 74, average 1287, total 95242
@q2[kworker/169:1]: count 1, average 20098, total 20098


@q4[iperf]: count 84, average 1182, total 99354
@q4[ksoftirqd/169]: count 3658, average 1508, total 5518604
@q4[swapper/169]: count 9525, average 1592, total 15164072
@q4[kworker/169:1]: count 1, average 25688, total 25688

@q5[ksoftirqd/169]: count 26390, average 721, total 19028488
@q5[swapper/169]: count 75472, average 721, total 54453843
@q5[iperf]: count 182, average 810, total 147467
@q5[kworker/169:1]: count 2, average 12443, total 24887

@uc: count 3689, average 78445, total 289385241

@q1[swapper/169]: count 337, average 1528, total 514947
@q1[iperf]: count 368, average 1620, total 596406
@q1[ksoftirqd/169]: count 300, average 2247, total 674134
@q1[kworker/169:1]: count 18, average 4162, total 74922

@q2[swapper/169]: count 475, average 748, total 355318
@q2[iperf]: count 371, average 784, total 290956
@q2[ksoftirqd/169]: count 1221, average 1113, total 1360021
@q2[kworker/169:1]: count 18, average 1737, total 31278


@q4[iperf]: count 376, average 907, total 341097
@q4[ksoftirqd/169]: count 3343, average 1473, total 4927521
@q4[swapper/169]: count 10060, average 1543, total 15525886
@q4[kworker/169:1]: count 20, average 1851, total 37021

@q5[swapper/169]: count 77462, average 704, total 54586991
@q5[ksoftirqd/169]: count 23962, average 711, total 17046124
@q5[iperf]: count 535, average 712, total 380981
@q5[kworker/169:1]: count 41, average 1111, total 45591

@uc: count 4112, average 61716, total 253778211

@q1[ksoftirqd/169]: count 285, average 2191, total 624645
@q1[swapper/169]: count 18, average 2860, total 51496
@q1[iperf]: count 4, average 9685, total 38743

@q2[ksoftirqd/169]: count 1303, average 1106, total 1441457
@q2[swapper/169]: count 96, average 1133, total 108781
@q2[iperf]: count 5, average 4250, total 21251


@q4[ksoftirqd/169]: count 3573, average 1471, total 5257658
@q4[swapper/169]: count 9640, average 1573, total 15169959
@q4[iperf]: count 7, average 2965, total 20761

@q5[swapper/169]: count 76271, average 709, total 54110558
@q5[ksoftirqd/169]: count 25756, average 710, total 18293612
@q5[iperf]: count 28, average 1089, total 30518

@uc: count 3485, average 77393, total 269715314

@q1[ksoftirqd/169]: count 251, average 2299, total 577120
@q1[swapper/169]: count 49, average 3794, total 185949
@q1[iperf]: count 4, average 8323, total 33293

@q2[ksoftirqd/169]: count 1150, average 1114, total 1281319
@q2[swapper/169]: count 216, average 1380, total 298208
@q2[iperf]: count 4, average 3611, total 14447


@q4[ksoftirqd/169]: count 3170, average 1479, total 4691516
@q4[swapper/169]: count 10022, average 1588, total 15918113
@q4[iperf]: count 9, average 2407, total 21671

@q5[ksoftirqd/169]: count 22889, average 713, total 16323959
@q5[swapper/169]: count 79109, average 742, total 58772750
@q5[iperf]: count 49, average 911, total 44664

@uc: count 4689, average 51957, total 243627960

@q1[ksoftirqd/169]: count 272, average 2195, total 597108
@q1[swapper/169]: count 24, average 3240, total 77773
@q1[iperf]: count 8, average 7209, total 57678
@q1[kworker/169:1]: count 1, average 21040, total 21040

@q2[ksoftirqd/169]: count 1232, average 1098, total 1353894
@q2[swapper/169]: count 111, average 1149, total 127575
@q2[iperf]: count 9, average 3966, total 35697
@q2[kworker/169:1]: count 1, average 15369, total 15369


@q4[ksoftirqd/169]: count 3471, average 1475, total 5121470
@q4[swapper/169]: count 9706, average 1579, total 15333311
@q4[iperf]: count 10, average 2107, total 21078
@q4[kworker/169:1]: count 13, average 3095, total 40245

@q5[ksoftirqd/169]: count 25075, average 707, total 17739821
@q5[swapper/169]: count 76824, average 708, total 54409936
@q5[kworker/169:1]: count 97, average 896, total 86962
@q5[iperf]: count 37, average 1027, total 38006

@uc: count 4028, average 66993, total 269848255

@q1[ksoftirqd/169]: count 265, average 2249, total 596166
@q1[swapper/169]: count 37, average 2460, total 91031
@q1[iperf]: count 6, average 5485, total 32911

@q2[swapper/169]: count 171, average 1058, total 180946
@q2[ksoftirqd/169]: count 1238, average 1134, total 1404239
@q2[iperf]: count 7, average 2829, total 19807


@q4[ksoftirqd/169]: count 3327, average 1479, total 4923114
@q4[swapper/169]: count 9900, average 1586, total 15702035
@q4[iperf]: count 8, average 2647, total 21178

@q5[ksoftirqd/169]: count 24001, average 706, total 16962985
@q5[swapper/169]: count 78038, average 707, total 55244830
@q5[iperf]: count 29, average 1210, total 35106

@uc: count 3993, average 62355, total 248986636

@q1[ksoftirqd/169]: count 294, average 2256, total 663352
@q1[iperf]: count 9, average 3965, total 35687
@q1[swapper/169]: count 3, average 10245, total 30737
@q1[kworker/169:1]: count 1, average 19697, total 19697

@q2[ksoftirqd/169]: count 1382, average 1116, total 1543678
@q2[swapper/169]: count 29, average 1417, total 41116
@q2[iperf]: count 11, average 1818, total 20008
@q2[kworker/169:1]: count 1, average 15599, total 15599


@q4[ksoftirqd/169]: count 3748, average 1478, total 5540292
@q4[swapper/169]: count 9431, average 1568, total 14793738
@q4[iperf]: count 14, average 1910, total 26750
@q4[kworker/169:1]: count 1, average 16801, total 16801

@q5[swapper/169]: count 74929, average 706, total 52931417
@q5[ksoftirqd/169]: count 27056, average 707, total 19133292
@q5[iperf]: count 64, average 863, total 55256
@q5[kworker/169:1]: count 2, average 10099, total 20198

@uc: count 2889, average 96858, total 279823981

@q1[ksoftirqd/169]: count 301, average 2227, total 670434
@q1[iperf]: count 5, average 6618, total 33090

@q2[ksoftirqd/169]: count 1407, average 1112, total 1564925
@q2[swapper/169]: count 15, average 1876, total 28144
@q2[iperf]: count 6, average 2594, total 15568


@q4[ksoftirqd/169]: count 3779, average 1476, total 5578679
@q4[swapper/169]: count 9406, average 1571, total 14784437
@q4[iperf]: count 8, average 2806, total 22453

@q5[ksoftirqd/169]: count 27234, average 706, total 19241910
@q5[swapper/169]: count 74746, average 706, total 52812556
@q5[iperf]: count 32, average 1111, total 35557

@uc: count 2817, average 100046, total 281832274

@q1[ksoftirqd/169]: count 297, average 2287, total 679447
@q1[swapper/169]: count 4, average 5655, total 22623
@q1[iperf]: count 6, average 6226, total 37358
@q1[kworker/169:1]: count 1, average 14347, total 14347

@q2[ksoftirqd/169]: count 1329, average 1125, total 1495542
@q2[swapper/169]: count 43, average 1255, total 54000
@q2[iperf]: count 10, average 2383, total 23836
@q2[kworker/169:1]: count 1, average 10831, total 10831


@q4[ksoftirqd/169]: count 3723, average 1478, total 5503947
@q4[swapper/169]: count 9451, average 1574, total 14879924
@q4[iperf]: count 15, average 2001, total 30024
@q4[kworker/169:1]: count 1, average 10650, total 10650

@q5[ksoftirqd/169]: count 26889, average 706, total 18992723
@q5[swapper/169]: count 75035, average 707, total 53065009
@q5[iperf]: count 80, average 878, total 70307
@q5[kworker/169:1]: count 2, average 5951, total 11903

@uc: count 3437, average 82333, total 282979744

@q1[ksoftirqd/169]: count 292, average 2210, total 645393
@q1[iperf]: count 7, average 4694, total 32861
@q1[swapper/169]: count 6, average 7714, total 46287

@q2[ksoftirqd/169]: count 1351, average 1120, total 1513797
@q2[swapper/169]: count 48, average 1309, total 62847
@q2[iperf]: count 9, average 2102, total 18925


@q4[ksoftirqd/169]: count 3717, average 1476, total 5486391
@q4[swapper/169]: count 9474, average 1578, total 14954409
@q4[iperf]: count 13, average 2025, total 26329

@q5[ksoftirqd/169]: count 26818, average 705, total 18923793
@q5[swapper/169]: count 75166, average 706, total 53106776
@q5[iperf]: count 66, average 918, total 60600

@uc: count 3150, average 89169, total 280884225

@q1[ksoftirqd/169]: count 298, average 2226, total 663380
@q1[iperf]: count 7, average 4355, total 30487
@q1[swapper/169]: count 5, average 6730, total 33652

@q2[ksoftirqd/169]: count 1360, average 1137, total 1547391
@q2[swapper/169]: count 41, average 1268, total 51988
@q2[iperf]: count 11, average 1929, total 21222


@q4[ksoftirqd/169]: count 3700, average 1478, total 5470232
@q4[swapper/169]: count 9476, average 1579, total 14970015
@q4[iperf]: count 16, average 2029, total 32473
@q4[kworker/169:1]: count 8, average 3689, total 29515

@q5[ksoftirqd/169]: count 26667, average 706, total 18851367
@q5[swapper/169]: count 75213, average 707, total 53204234
@q5[iperf]: count 77, average 894, total 68844
@q5[kworker/169:1]: count 64, average 1196, total 76571

@uc: count 3007, average 93715, total 281801100

@q1[ksoftirqd/169]: count 298, average 2204, total 656915
@q1[iperf]: count 5, average 5246, total 26230
@q1[swapper/169]: count 3, average 12680, total 38041

@q2[ksoftirqd/169]: count 1363, average 1121, total 1527941
@q2[swapper/169]: count 28, average 1432, total 40099
@q2[iperf]: count 5, average 2969, total 14849


@q4[ksoftirqd/169]: count 3755, average 1484, total 5573224
@q4[swapper/169]: count 9435, average 1574, total 14855930
@q4[iperf]: count 8, average 2383, total 19067

@q5[ksoftirqd/169]: count 27103, average 706, total 19150009
@q5[swapper/169]: count 74891, average 706, total 52910746
@q5[iperf]: count 35, average 1021, total 35757

@uc: count 3117, average 93705, total 292079399