Attaching 12 probes...
Tracing latency of network stack funtions. Hit Ctrl-C to end.
@q1[swapper/169]: count 256, average 2593, total 664022
@q1[ksoftirqd/169]: count 46, average 3502, total 161131

@q2[ksoftirqd/169]: count 87, average 744, total 64771
@q2[swapper/169]: count 444, average 3089, total 1371899


@q4[swapper/169]: count 15896, average 1029, total 16358608
@q4[ksoftirqd/169]: count 15868, average 1382, total 21942862

@q5[swapper/169]: count 124937, average 461, total 57699042
@q5[ksoftirqd/169]: count 125896, average 618, total 77875798

@uc: count 20081, average 5657, total 113605873

@q1[swapper/169]: count 498, average 2585, total 1287690
@q1[ksoftirqd/169]: count 105, average 2846, total 298877

@q2[swapper/169]: count 777, average 656, total 509757
@q2[ksoftirqd/169]: count 158, average 788, total 124613
@q2[iperf]: count 2, average 9973, total 19947


@q4[swapper/169]: count 22516, average 1032, total 23236582
@q4[ksoftirqd/169]: count 20360, average 1477, total 30089315
@q4[iperf]: count 13, average 3670, total 47711

@q5[swapper/169]: count 176821, average 464, total 82162064
@q5[ksoftirqd/169]: count 161510, average 658, total 106406317
@q5[iperf]: count 99, average 718, total 71085

@uc: count 28856, average 1838, total 53063238

@q1[swapper/169]: count 443, average 2642, total 1170813
@q1[ksoftirqd/169]: count 124, average 2823, total 350170

@q2[swapper/169]: count 687, average 647, total 445156
@q2[ksoftirqd/169]: count 186, average 750, total 139637


@q4[swapper/169]: count 21464, average 1041, total 22351108
@q4[ksoftirqd/169]: count 21724, average 1469, total 31934119

@q5[swapper/169]: count 168838, average 467, total 78996790
@q5[ksoftirqd/169]: count 172287, average 655, total 113001986

@uc: count 32643, average 1586, total 51802667

@q1[swapper/169]: count 442, average 2510, total 1109603
@q1[ksoftirqd/169]: count 118, average 2767, total 326544

@q2[swapper/169]: count 725, average 650, total 471660
@q2[ksoftirqd/169]: count 181, average 766, total 138815


@q4[swapper/169]: count 22249, average 1043, total 23223936
@q4[ksoftirqd/169]: count 20689, average 1478, total 30580194

@q5[swapper/169]: count 174907, average 468, total 82023818
@q5[ksoftirqd/169]: count 164009, average 657, total 107883211

@uc: count 30498, average 1712, total 52230284

@q1[swapper/169]: count 606, average 2573, total 1559569
@q1[ksoftirqd/169]: count 106, average 2853, total 302460

@q2[swapper/169]: count 900, average 642, total 578130
@q2[ksoftirqd/169]: count 157, average 790, total 124106


@q4[swapper/169]: count 47638, average 544, total 25929665
@q4[ksoftirqd/169]: count 18025, average 1457, total 26275240

@q5[swapper/169]: count 199285, average 459, total 91569826
@q5[ksoftirqd/169]: count 142904, average 649, total 92752264

@uc: count 26776, average 1678, total 44950670

@q1[ksoftirqd/169]: count 99, average 2689, total 266297
@q1[swapper/169]: count 649, average 2727, total 1770465

@q2[swapper/169]: count 947, average 664, total 629499
@q2[ksoftirqd/169]: count 151, average 712, total 107569
@q2[iperf]: count 2, average 10304, total 20608


@q4[swapper/169]: count 24696, average 1016, total 25103961
@q4[ksoftirqd/169]: count 18985, average 1465, total 27831372
@q4[iperf]: count 19, average 2763, total 52509

@q5[swapper/169]: count 193792, average 457, total 88615851
@q5[iperf]: count 147, average 639, total 94051
@q5[ksoftirqd/169]: count 150602, average 653, total 98375852

@uc: count 26607, average 1779, total 47339507

@q1[ksoftirqd/169]: count 109, average 2681, total 292288
@q1[swapper/169]: count 556, average 2694, total 1498123

@q2[swapper/169]: count 812, average 642, total 521857
@q2[ksoftirqd/169]: count 170, average 761, total 129426


@q4[swapper/169]: count 23373, average 1018, total 23797168
@q4[ksoftirqd/169]: count 20360, average 1452, total 29566789
@q4[iperf]: count 80, average 1935, total 154819

@q5[swapper/169]: count 183594, average 458, total 84157062
@q5[ksoftirqd/169]: count 161434, average 645, total 104250213
@q5[iperf]: count 637, average 752, total 479137

@uc: count 28571, average 1629, total 46559307

@q1[swapper/169]: count 565, average 2678, total 1513220
@q1[ksoftirqd/169]: count 115, average 2765, total 318014

@q2[swapper/169]: count 815, average 664, total 541701
@q2[ksoftirqd/169]: count 170, average 705, total 119883
@q2[kworker/169:0]: count 2, average 9713, total 19426


@q4[swapper/169]: count 23681, average 1029, total 24371115
@q4[ksoftirqd/169]: count 19702, average 1459, total 28745385
@q4[kworker/169:0]: count 53, average 1633, total 86563

@q5[swapper/169]: count 186031, average 462, total 86105228
@q5[kworker/169:0]: count 419, average 501, total 210176
@q5[ksoftirqd/169]: count 156221, average 649, total 101460449

@uc: count 27334, average 1655, total 45259310

@q1[swapper/169]: count 487, average 2654, total 1292501
@q1[ksoftirqd/169]: count 106, average 2812, total 298158
@q1[iperf]: count 1, average 31610, total 31610

@q2[swapper/169]: count 711, average 653, total 464864
@q2[ksoftirqd/169]: count 168, average 764, total 128462
@q2[iperf]: count 1, average 18815, total 18815


@q4[swapper/169]: count 21437, average 1036, total 22224259
@q4[ksoftirqd/169]: count 22071, average 1462, total 32275191
@q4[iperf]: count 30, average 2114, total 63448

@q5[swapper/169]: count 168470, average 467, total 78694856
@q5[iperf]: count 238, average 551, total 131198
@q5[ksoftirqd/169]: count 175076, average 653, total 114421940

@uc: count 31489, average 1941, total 61124397

@q1[swapper/169]: count 522, average 2589, total 1351469
@q1[ksoftirqd/169]: count 101, average 2963, total 299270
@q1[kworker/169:0]: count 1, average 29235, total 29235

@q2[swapper/169]: count 787, average 651, total 512443
@q2[ksoftirqd/169]: count 160, average 785, total 125757
@q2[kworker/169:0]: count 1, average 22702, total 22702


@q4[swapper/169]: count 23223, average 1029, total 23903678
@q4[ksoftirqd/169]: count 20313, average 1463, total 29735670
@q4[kworker/169:0]: count 53, average 1652, total 87598

@q5[ksoftirqd/169]: count 336215, average 313, total 105464983
@q5[swapper/169]: count 182442, average 465, total 84846001
@q5[kworker/169:0]: count 419, average 505, total 211606

@uc: count 29303, average 2542, total 74511373

@q1[swapper/169]: count 582, average 2639, total 1535965
@q1[ksoftirqd/169]: count 109, average 2738, total 298538

@q2[swapper/169]: count 871, average 651, total 567299
@q2[ksoftirqd/169]: count 170, average 749, total 127422
@q2[iperf]: count 3, average 8599, total 25798


@q4[swapper/169]: count 24004, average 1021, total 24517398
@q4[ksoftirqd/169]: count 19409, average 1467, total 28480355
@q4[iperf]: count 102, average 1718, total 175288

@q5[swapper/169]: count 188437, average 459, total 86581302
@q5[ksoftirqd/169]: count 153900, average 653, total 100541482
@q5[iperf]: count 810, average 686, total 555790

@uc: count 27142, average 2235, total 60669848

@q1[swapper/169]: count 498, average 2646, total 1318174
@q1[ksoftirqd/169]: count 106, average 2698, total 286015

@q2[swapper/169]: count 743, average 651, total 483998
@q2[ksoftirqd/169]: count 166, average 770, total 127891


@q4[swapper/169]: count 21907, average 1022, total 22399002
@q4[ksoftirqd/169]: count 21526, average 1486, total 32003724

@q5[swapper/169]: count 172126, average 460, total 79302753
@q5[ksoftirqd/169]: count 170736, average 659, total 112636865

@uc: count 30828, average 1599, total 49300471

@q1[swapper/169]: count 497, average 2630, total 1307159
@q1[ksoftirqd/169]: count 106, average 2743, total 290820

@q2[swapper/169]: count 753, average 645, total 485870
@q2[ksoftirqd/169]: count 159, average 793, total 126136
@q2[iperf]: count 2, average 8085, total 16170


@q4[swapper/169]: count 22008, average 1039, total 22874640
@q4[ksoftirqd/169]: count 21392, average 1467, total 31383642
@q4[iperf]: count 21, average 2382, total 50034

@q5[swapper/169]: count 172899, average 467, total 80794972
@q5[iperf]: count 163, average 570, total 92952
@q5[ksoftirqd/169]: count 169704, average 655, total 111239349

@uc: count 29679, average 1676, total 49759498

@q1[swapper/169]: count 525, average 2663, total 1398273
@q1[ksoftirqd/169]: count 114, average 2688, total 306475

@q2[swapper/169]: count 772, average 653, total 504458
@q2[ksoftirqd/169]: count 175, average 801, total 140325


@q4[swapper/169]: count 22949, average 1031, total 23679132
@q4[ksoftirqd/169]: count 20659, average 2980, total 61580326

@q5[swapper/169]: count 180336, average 463, total 83649359
@q5[ksoftirqd/169]: count 163818, average 650, total 106507993

@uc: count 29479, average 1724, total 50848337

@q1[swapper/169]: count 553, average 2612, total 1444464
@q1[ksoftirqd/169]: count 107, average 2841, total 304051

@q2[swapper/169]: count 813, average 646, total 525935
@q2[ksoftirqd/169]: count 168, average 783, total 131661


@q4[swapper/169]: count 23811, average 1018, total 24260498
@q4[ksoftirqd/169]: count 20144, average 1454, total 29298119

@q5[swapper/169]: count 187045, average 456, total 85472891
@q5[ksoftirqd/169]: count 159745, average 644, total 103016360

@uc: count 28168, average 1631, total 45947395

@q1[swapper/169]: count 542, average 2651, total 1437096
@q1[ksoftirqd/169]: count 110, average 2950, total 324521
@q1[iperf]: count 2, average 12818, total 25637

@q2[swapper/169]: count 799, average 649, total 519263
@q2[ksoftirqd/169]: count 169, average 799, total 135186
@q2[iperf]: count 3, average 6154, total 18464


@q4[swapper/169]: count 23614, average 1029, total 24301759
@q4[ksoftirqd/169]: count 20016, average 1452, total 29081045
@q4[iperf]: count 48, average 1619, total 77758

@q5[swapper/169]: count 185575, average 461, total 85622061
@q5[iperf]: count 373, average 491, total 183222
@q5[ksoftirqd/169]: count 158735, average 645, total 102389052

@uc: count 29987, average 1656, total 49684228

@q1[swapper/169]: count 531, average 2667, total 1416387
@q1[ksoftirqd/169]: count 108, average 2762, total 298366
@q1[iperf]: count 2, average 17493, total 34986

@q2[swapper/169]: count 771, average 675, total 520512
@q2[ksoftirqd/169]: count 161, average 702, total 113113
@q2[iperf]: count 3, average 7150, total 21450


@q4[swapper/169]: count 22718, average 1033, total 23472861
@q4[ksoftirqd/169]: count 21027, average 1453, total 30555118
@q4[iperf]: count 41, average 1793, total 73522

@q5[swapper/169]: count 178556, average 462, total 82601777
@q5[iperf]: count 322, average 513, total 165441
@q5[ksoftirqd/169]: count 166804, average 645, total 107607303

@uc: count 29511, average 1773, total 52344836

@q1[swapper/169]: count 525, average 2647, total 1389680
@q1[ksoftirqd/169]: count 117, average 2697, total 315601

@q2[swapper/169]: count 791, average 664, total 525424
@q2[ksoftirqd/169]: count 173, average 690, total 119449


@q4[swapper/169]: count 23173, average 1032, total 23934166
@q4[ksoftirqd/169]: count 20367, average 1469, total 29930785
@q4[iperf]: count 80, average 1932, total 154627

@q5[swapper/169]: count 182106, average 462, total 84290808
@q5[ksoftirqd/169]: count 161517, average 651, total 105194101
@q5[iperf]: count 636, average 745, total 474038

@uc: count 27681, average 1875, total 51909326

@q1[swapper/169]: count 477, average 2676, total 1276563
@q1[ksoftirqd/169]: count 106, average 2882, total 305535
@q1[iperf]: count 1, average 30958, total 30958

@q2[swapper/169]: count 711, average 655, total 466197
@q2[ksoftirqd/169]: count 171, average 780, total 133523
@q2[iperf]: count 1, average 18815, total 18815


@q4[swapper/169]: count 21909, average 1040, total 22793613
@q4[ksoftirqd/169]: count 21699, average 1462, total 31741424
@q4[iperf]: count 14, average 3459, total 48433

@q5[swapper/169]: count 172302, average 465, total 80292643
@q5[ksoftirqd/169]: count 172105, average 648, total 111527413
@q5[iperf]: count 109, average 697, total 76020

@uc: count 31643, average 1736, total 54955095

@q1[swapper/169]: count 546, average 2621, total 1431338
@q1[ksoftirqd/169]: count 109, average 2692, total 293439
@q1[iperf]: count 2, average 14387, total 28774

@q2[swapper/169]: count 812, average 644, total 523717
@q2[ksoftirqd/169]: count 166, average 775, total 128757
@q2[iperf]: count 3, average 7159, total 21479


@q4[swapper/169]: count 23477, average 1026, total 24109392
@q4[ksoftirqd/169]: count 20360, average 1443, total 29395177
@q4[iperf]: count 63, average 1504, total 94763

@q5[swapper/169]: count 184342, average 460, total 84859192
@q5[iperf]: count 495, average 489, total 242223
@q5[ksoftirqd/169]: count 161485, average 642, total 103722278

@uc: count 27489, average 1969, total 54130444

@q1[swapper/169]: count 564, average 2633, total 1485532
@q1[ksoftirqd/169]: count 105, average 2657, total 279088

@q2[swapper/169]: count 835, average 664, total 554732
@q2[ksoftirqd/169]: count 174, average 682, total 118780
@q2[iperf]: count 2, average 8410, total 16821


@q4[swapper/169]: count 23865, average 1024, total 24457855
@q4[ksoftirqd/169]: count 19724, average 1450, total 28611801
@q4[iperf]: count 31, average 2049, total 63531

@q5[swapper/169]: count 187395, average 460, total 86278524
@q5[iperf]: count 242, average 533, total 129153
@q5[ksoftirqd/169]: count 156406, average 645, total 100960204

@uc: count 29363, average 2301, total 67569253

@q1[swapper/169]: count 560, average 2704, total 1514462
@q1[ksoftirqd/169]: count 113, average 2735, total 309123

@q2[swapper/169]: count 841, average 652, total 548641
@q2[ksoftirqd/169]: count 174, average 774, total 134846


@q4[swapper/169]: count 23698, average 1025, total 24303928
@q4[ksoftirqd/169]: count 19985, average 1448, total 28953936

@q5[swapper/169]: count 186121, average 461, total 85830145
@q5[ksoftirqd/169]: count 158489, average 646, total 102535082

@uc: count 28065, average 2275, total 63849358

@q1[swapper/169]: count 504, average 2674, total 1348067
@q1[ksoftirqd/169]: count 105, average 2818, total 295956

@q2[swapper/169]: count 749, average 668, total 500343
@q2[ksoftirqd/169]: count 160, average 696, total 111436


@q4[swapper/169]: count 22198, average 1026, total 22793050
@q4[ksoftirqd/169]: count 21663, average 1450, total 31416342

@q5[swapper/169]: count 174447, average 461, total 80544191
@q5[ksoftirqd/169]: count 171890, average 647, total 111285482

@uc: count 30326, average 2039, total 61850981

@q1[swapper/169]: count 548, average 2637, total 1445316
@q1[ksoftirqd/169]: count 115, average 2919, total 335753
@q1[iperf]: count 2, average 18029, total 36058

@q2[swapper/169]: count 802, average 649, total 520805
@q2[ksoftirqd/169]: count 174, average 771, total 134225
@q2[iperf]: count 4, average 4866, total 19466


@q4[swapper/169]: count 22962, average 1026, total 23560583
@q4[ksoftirqd/169]: count 20517, average 1456, total 29893097
@q4[iperf]: count 117, average 1614, total 188887

@q5[swapper/169]: count 180407, average 460, total 83151288
@q5[ksoftirqd/169]: count 162698, average 648, total 105555835
@q5[iperf]: count 922, average 655, total 604398

@uc: count 28940, average 1828, total 52922183

@q1[swapper/169]: count 495, average 2672, total 1323116
@q1[ksoftirqd/169]: count 120, average 3011, total 361383
@q1[kworker/169:0]: count 1, average 32361, total 32361

@q2[swapper/169]: count 733, average 650, total 476645
@q2[ksoftirqd/169]: count 184, average 774, total 142573
@q2[iperf]: count 2, average 6752, total 13505
@q2[kworker/169:0]: count 3, average 7891, total 23675


@q4[swapper/169]: count 22689, average 1034, total 23479520
@q4[ksoftirqd/169]: count 20962, average 1463, total 30678743
@q4[kworker/169:0]: count 55, average 1634, total 89909
@q4[iperf]: count 22, average 2236, total 49206

@q5[swapper/169]: count 178388, average 463, total 82736489
@q5[kworker/169:0]: count 434, average 495, total 215148
@q5[iperf]: count 173, average 533, total 92280
@q5[ksoftirqd/169]: count 166235, average 649, total 108012634

@uc: count 29868, average 1747, total 52190109

@q1[swapper/169]: count 567, average 2630, total 1491262
@q1[ksoftirqd/169]: count 99, average 2894, total 286544

@q2[swapper/169]: count 848, average 660, total 559716
@q2[ksoftirqd/169]: count 154, average 698, total 107591
@q2[iperf]: count 2, average 11201, total 22403


@q4[swapper/169]: count 24429, average 1018, total 24872469
@q4[ksoftirqd/169]: count 19166, average 1461, total 28017299
@q4[iperf]: count 31, average 2076, total 64370

@q5[swapper/169]: count 191950, average 456, total 87582339
@q5[iperf]: count 244, average 547, total 133637
@q5[ksoftirqd/169]: count 152055, average 649, total 98685600

@uc: count 27606, average 1783, total 49242841

@q1[swapper/169]: count 501, average 2645, total 1325476
@q1[ksoftirqd/169]: count 104, average 2765, total 287613

@q2[swapper/169]: count 746, average 649, total 484245
@q2[ksoftirqd/169]: count 171, average 762, total 130323
@q2[iperf]: count 2, average 9783, total 19567


@q4[swapper/169]: count 21740, average 1030, total 22403659
@q4[ksoftirqd/169]: count 21779, average 1465, total 31917491
@q4[iperf]: count 110, average 1679, total 184742

@q5[swapper/169]: count 170795, average 462, total 78919488
@q5[ksoftirqd/169]: count 172744, average 650, total 112413220
@q5[iperf]: count 872, average 661, total 577084

@uc: count 28241, average 1723, total 48680992

@q1[ksoftirqd/169]: count 111, average 2706, total 300451
@q1[swapper/169]: count 510, average 2708, total 1381195
@q1[iperf]: count 3, average 9320, total 27962

@q2[swapper/169]: count 754, average 650, total 490461
@q2[ksoftirqd/169]: count 175, average 755, total 132137
@q2[iperf]: count 4, average 4688, total 18754


@q4[swapper/169]: count 22705, average 1027, total 23337102
@q4[ksoftirqd/169]: count 20908, average 1460, total 30534567
@q4[iperf]: count 53, average 1566, total 83033

@q5[swapper/169]: count 178464, average 461, total 82301001
@q5[iperf]: count 410, average 490, total 200979
@q5[ksoftirqd/169]: count 165815, average 648, total 107458673

@uc: count 28626, average 1820, total 52104172

@q1[swapper/169]: count 519, average 2658, total 1379700
@q1[ksoftirqd/169]: count 113, average 3010, total 340152

@q2[swapper/169]: count 785, average 650, total 510342
@q2[ksoftirqd/169]: count 167, average 777, total 129854
@q2[iperf]: count 2, average 6643, total 13286


@q4[swapper/169]: count 22973, average 1028, total 23623312
@q4[ksoftirqd/169]: count 20549, average 1480, total 30427400
@q4[iperf]: count 33, average 1744, total 57557

@q5[swapper/169]: count 180538, average 460, total 83147456
@q5[iperf]: count 261, average 507, total 132541
@q5[ksoftirqd/169]: count 163004, average 653, total 106487943

@uc: count 27393, average 1881, total 51546733

@q1[swapper/169]: count 518, average 2657, total 1376400
@q1[ksoftirqd/169]: count 108, average 2985, total 322446
@q1[iperf]: count 2, average 14056, total 28113

@q2[swapper/169]: count 781, average 649, total 506978
@q2[ksoftirqd/169]: count 156, average 782, total 122045
@q2[iperf]: count 3, average 6007, total 18023


@q4[swapper/169]: count 22088, average 1022, total 22591873
@q4[ksoftirqd/169]: count 21438, average 1448, total 31042637
@q4[iperf]: count 46, average 1670, total 76855

@q5[swapper/169]: count 173521, average 459, total 79674663
@q5[iperf]: count 356, average 498, total 177589
@q5[ksoftirqd/169]: count 170064, average 639, total 108795924

@uc: count 28745, average 2148, total 61766936

@q1[swapper/169]: count 575, average 2601, total 1495892
@q1[ksoftirqd/169]: count 103, average 2885, total 297198

@q2[swapper/169]: count 858, average 646, total 554469
@q2[ksoftirqd/169]: count 162, average 789, total 127835


@q4[swapper/169]: count 24271, average 1025, total 24884546
@q4[ksoftirqd/169]: count 19339, average 1453, total 28102405
@q4[iperf]: count 80, average 1830, total 146404

@q5[swapper/169]: count 190593, average 459, total 87667492
@q5[ksoftirqd/169]: count 153361, average 643, total 98712472
@q5[iperf]: count 636, average 733, total 466530

@uc: count 27808, average 2335, total 64940480

@q1[swapper/169]: count 533, average 2611, total 1391710
@q1[ksoftirqd/169]: count 101, average 2738, total 276606

@q2[swapper/169]: count 829, average 663, total 549908
@q2[ksoftirqd/169]: count 156, average 703, total 109805


@q4[swapper/169]: count 23512, average 1027, total 24150457
@q4[ksoftirqd/169]: count 20129, average 1462, total 29430931

@q5[swapper/169]: count 184627, average 459, total 84841823
@q5[ksoftirqd/169]: count 159679, average 648, total 103606841

@uc: count 28290, average 2564, total 72544889

@q1[swapper/169]: count 503, average 2714, total 1365200
@q1[ksoftirqd/169]: count 112, average 2844, total 318532

@q2[swapper/169]: count 774, average 656, total 508061
@q2[ksoftirqd/169]: count 165, average 844, total 139281


@q4[swapper/169]: count 22632, average 1032, total 23356507
@q4[ksoftirqd/169]: count 20722, average 1468, total 30424429

@q5[swapper/169]: count 177873, average 463, total 82375225
@q5[ksoftirqd/169]: count 164355, average 652, total 107281013

@uc: count 29715, average 1702, total 50594193

@q1[swapper/169]: count 510, average 2667, total 1360612
@q1[ksoftirqd/169]: count 101, average 3033, total 306347
@q1[iperf]: count 2, average 13035, total 26070

@q2[swapper/169]: count 786, average 655, total 515298
@q2[ksoftirqd/169]: count 170, average 777, total 132255
@q2[iperf]: count 4, average 4525, total 18103


@q4[swapper/169]: count 23072, average 1027, total 23710134
@q4[ksoftirqd/169]: count 20366, average 1464, total 29829825
@q4[iperf]: count 108, average 1698, total 183388

@q5[swapper/169]: count 181377, average 460, total 83484478
@q5[ksoftirqd/169]: count 161526, average 649, total 104942173
@q5[iperf]: count 848, average 663, total 562875

@uc: count 30415, average 1826, total 55549833

@q1[swapper/169]: count 534, average 2657, total 1418852
@q1[ksoftirqd/169]: count 119, average 2888, total 343770
@q1[iperf]: count 1, average 31810, total 31810

@q2[swapper/169]: count 788, average 645, total 508926
@q2[ksoftirqd/169]: count 187, average 767, total 143606
@q2[iperf]: count 1, average 19737, total 19737


@q4[swapper/169]: count 22796, average 1035, total 23603646
@q4[ksoftirqd/169]: count 20586, average 1461, total 30078392
@q4[iperf]: count 86, average 1744, total 150043

@q5[swapper/169]: count 178992, average 464, total 83080948
@q5[ksoftirqd/169]: count 163247, average 647, total 105770317
@q5[iperf]: count 682, average 664, total 453513

@uc: count 28112, average 1797, total 50529397

@q1[swapper/169]: count 514, average 2590, total 1331467
@q1[ksoftirqd/169]: count 117, average 2737, total 320233
@q1[iperf]: count 1, average 17453, total 17453

@q2[swapper/169]: count 764, average 653, total 498933
@q2[ksoftirqd/169]: count 172, average 754, total 129795
@q2[iperf]: count 1, average 11813, total 11813


@q4[swapper/169]: count 22477, average 1030, total 23162783
@q4[ksoftirqd/169]: count 20925, average 1461, total 30579417
@q4[iperf]: count 24, average 2046, total 49120

@q5[swapper/169]: count 176625, average 463, total 81804364
@q5[iperf]: count 188, average 511, total 96209
@q5[ksoftirqd/169]: count 165912, average 649, total 107800803

@uc: count 50654, average 988, total 50046191

@q1[swapper/169]: count 494, average 2699, total 1333492
@q1[ksoftirqd/169]: count 121, average 2707, total 327581

@q2[swapper/169]: count 720, average 650, total 468419
@q2[ksoftirqd/169]: count 186, average 772, total 143769


@q4[swapper/169]: count 22044, average 1045, total 23045612
@q4[ksoftirqd/169]: count 21404, average 1469, total 31449470
@q4[iperf]: count 80, average 1714, total 137127

@q5[swapper/169]: count 173261, average 467, total 81007742
@q5[ksoftirqd/169]: count 169722, average 651, total 110509727
@q5[iperf]: count 637, average 722, total 460383

@uc: count 30056, average 1801, total 54159978

@q1[swapper/169]: count 523, average 2583, total 1351211
@q1[ksoftirqd/169]: count 108, average 3024, total 326645

@q2[swapper/169]: count 779, average 646, total 503727
@q2[ksoftirqd/169]: count 161, average 787, total 126740
@q2[iperf]: count 2, average 9533, total 19066


@q4[swapper/169]: count 23212, average 1031, total 23954174
@q4[iperf]: count 41, average 1371, total 56227
@q4[ksoftirqd/169]: count 20338, average 1454, total 29590965

@q5[swapper/169]: count 182343, average 463, total 84474392
@q5[iperf]: count 324, average 487, total 157958
@q5[ksoftirqd/169]: count 161326, average 645, total 104084061

@uc: count 30487, average 1774, total 54102522

@q1[swapper/169]: count 545, average 2713, total 1478963
@q1[ksoftirqd/169]: count 110, average 2783, total 306144

@q2[swapper/169]: count 783, average 668, total 523092
@q2[ksoftirqd/169]: count 165, average 684, total 112932


@q4[swapper/169]: count 22416, average 1021, total 22898284
@q4[ksoftirqd/169]: count 21231, average 1476, total 31356425

@q5[swapper/169]: count 176066, average 457, total 80605803
@q5[ksoftirqd/169]: count 168422, average 655, total 110376479

@uc: count 29580, average 1694, total 50128984

@q1[swapper/169]: count 587, average 2651, total 1556424
@q1[ksoftirqd/169]: count 119, average 2919, total 347389
@q1[iperf]: count 2, average 13469, total 26939

@q2[swapper/169]: count 847, average 646, total 547849
@q2[ksoftirqd/169]: count 182, average 768, total 139907
@q2[iperf]: count 2, average 11486, total 22973


@q4[swapper/169]: count 24328, average 1023, total 24904681
@q4[ksoftirqd/169]: count 19521, average 1452, total 28351360
@q4[iperf]: count 30, average 2155, total 64659

@q5[swapper/169]: count 191131, average 458, total 87558199
@q5[iperf]: count 232, average 549, total 127426
@q5[ksoftirqd/169]: count 154752, average 642, total 99401808

@uc: count 26816, average 1746, total 46828469

@q1[swapper/169]: count 512, average 2621, total 1342342
@q1[ksoftirqd/169]: count 108, average 2697, total 291311

@q2[swapper/169]: count 756, average 667, total 504649
@q2[ksoftirqd/169]: count 164, average 696, total 114144


@q4[swapper/169]: count 22148, average 1026, total 22735675
@q4[ksoftirqd/169]: count 21513, average 1468, total 31599278

@q5[swapper/169]: count 174000, average 460, total 80042738
@q5[ksoftirqd/169]: count 170672, average 649, total 110931008

@uc: count 29923, average 1703, total 50961390

@q1[swapper/169]: count 587, average 2610, total 1532263
@q1[ksoftirqd/169]: count 88, average 3091, total 272029

@q2[swapper/169]: count 878, average 647, total 568614
@q2[ksoftirqd/169]: count 139, average 802, total 111509


@q4[swapper/169]: count 24529, average 1026, total 25175653
@q4[ksoftirqd/169]: count 19052, average 1470, total 28019905
@q4[iperf]: count 80, average 1981, total 158485

@q5[swapper/169]: count 192567, average 459, total 88569965
@q5[ksoftirqd/169]: count 151183, average 650, total 98407844
@q5[iperf]: count 637, average 748, total 476691

@uc: count 28361, average 2979, total 84503599

@q1[swapper/169]: count 507, average 2658, total 1347612
@q1[ksoftirqd/169]: count 121, average 2924, total 353819

@q2[swapper/169]: count 770, average 654, total 503914
@q2[ksoftirqd/169]: count 180, average 776, total 139753


@q4[swapper/169]: count 22675, average 1028, total 23310289
@q4[ksoftirqd/169]: count 21063, average 1458, total 30728251

@q5[swapper/169]: count 178251, average 460, total 82005886
@q5[ksoftirqd/169]: count 167027, average 646, total 108055503

@uc: count 28286, average 2492, total 70497728

@q1[swapper/169]: count 549, average 2633, total 1445527
@q1[ksoftirqd/169]: count 124, average 2984, total 370074

@q2[swapper/169]: count 796, average 649, total 516945
@q2[ksoftirqd/169]: count 179, average 774, total 138700


@q4[swapper/169]: count 23141, average 1026, total 23765134
@q4[ksoftirqd/169]: count 20577, average 1452, total 29877940

@q5[swapper/169]: count 181815, average 459, total 83549920
@q5[ksoftirqd/169]: count 163173, average 644, total 105228413

@uc: count 29465, average 1598, total 47107068

@q1[swapper/169]: count 496, average 2620, total 1299583
@q1[ksoftirqd/169]: count 110, average 2912, total 320390
@q1[iperf]: count 1, average 28604, total 28604

@q2[swapper/169]: count 762, average 649, total 495236
@q2[ksoftirqd/169]: count 174, average 770, total 134098
@q2[iperf]: count 1, average 19576, total 19576


@q4[swapper/169]: count 22635, average 1034, total 23425233
@q4[ksoftirqd/169]: count 20991, average 1466, total 30772827
@q4[iperf]: count 13, average 3707, total 48192

@q5[swapper/169]: count 177829, average 463, total 82413315
@q5[ksoftirqd/169]: count 166495, average 649, total 108112526
@q5[iperf]: count 100, average 722, total 72221

@uc: count 30793, average 1716, total 52857731

@q1[ksoftirqd/169]: count 101, average 2683, total 271080
@q1[swapper/169]: count 562, average 2739, total 1539619

@q2[swapper/169]: count 832, average 650, total 541222
@q2[ksoftirqd/169]: count 160, average 772, total 123566


@q4[swapper/169]: count 23906, average 1033, total 24716863
@q4[ksoftirqd/169]: count 19684, average 1460, total 28741271

@q5[swapper/169]: count 187891, average 463, total 87078964
@q5[ksoftirqd/169]: count 156080, average 648, total 101214923

@uc: count 27631, average 1713, total 47355974

@q1[swapper/169]: count 474, average 2495, total 1182918
@q1[ksoftirqd/169]: count 110, average 2835, total 311957

@q2[swapper/169]: count 788, average 652, total 514034
@q2[ksoftirqd/169]: count 169, average 811, total 137202


@q4[swapper/169]: count 22582, average 1040, total 23501942
@q4[ksoftirqd/169]: count 20177, average 1492, total 30115983
@q4[iperf]: count 8, average 5425, total 43400

@q5[swapper/169]: count 177322, average 466, total 82639903
@q5[ksoftirqd/169]: count 160011, average 661, total 105887371
@q5[iperf]: count 64, average 802, total 51385

@uc: count 28826, average 1698, total 48951854

@q1[swapper/169]: count 480, average 2470, total 1185669
@q1[ksoftirqd/169]: count 111, average 2960, total 328639

@q2[swapper/169]: count 788, average 647, total 510268
@q2[ksoftirqd/169]: count 175, average 815, total 142788
@q2[iperf]: count 2, average 10078, total 20157


@q4[swapper/169]: count 22442, average 1034, total 23226927
@q4[ksoftirqd/169]: count 20276, average 1486, total 30141424
@q4[iperf]: count 33, average 2016, total 66547

@q5[swapper/169]: count 176181, average 463, total 81613678
@q5[iperf]: count 259, average 521, total 135010
@q5[ksoftirqd/169]: count 160768, average 659, total 105979939

@uc: count 27922, average 1912, total 53411392

@q1[swapper/169]: count 495, average 2546, total 1260488
@q1[ksoftirqd/169]: count 103, average 2739, total 282123

@q2[swapper/169]: count 814, average 641, total 522563
@q2[ksoftirqd/169]: count 157, average 773, total 121422


@q4[swapper/169]: count 22869, average 1034, total 23646564
@q4[ksoftirqd/169]: count 19607, average 1506, total 29528374

@q5[swapper/169]: count 179552, average 464, total 83319172
@q5[ksoftirqd/169]: count 155508, average 667, total 103782834

@uc: count 30105, average 1722, total 51842103

@q1[swapper/169]: count 514, average 2573, total 1322937
@q1[ksoftirqd/169]: count 91, average 2950, total 268534

@q2[swapper/169]: count 824, average 644, total 531393
@q2[ksoftirqd/169]: count 143, average 794, total 113607


@q4[swapper/169]: count 22871, average 1030, total 23561611
@q4[ksoftirqd/169]: count 19992, average 1481, total 29617392

@q5[swapper/169]: count 179555, average 462, total 82974767
@q5[ksoftirqd/169]: count 158628, average 655, total 104035711

@uc: count 28479, average 1881, total 53586382

@q1[swapper/169]: count 526, average 2543, total 1337764
@q1[ksoftirqd/169]: count 112, average 2919, total 327037

@q2[swapper/169]: count 815, average 647, total 527970
@q2[ksoftirqd/169]: count 163, average 799, total 130396
@q2[iperf]: count 2, average 9984, total 19969


@q4[swapper/169]: count 24054, average 1026, total 24679542
@q4[ksoftirqd/169]: count 19242, average 1464, total 28181629
@q4[iperf]: count 30, average 2066, total 61980

@q5[swapper/169]: count 189019, average 460, total 86966474
@q5[iperf]: count 232, average 527, total 122394
@q5[ksoftirqd/169]: count 152570, average 647, total 98827628

@uc: count 27212, average 1846, total 50236484

@q1[swapper/169]: count 556, average 2668, total 1483752
@q1[ksoftirqd/169]: count 110, average 2916, total 320761

@q2[swapper/169]: count 833, average 649, total 541293
@q2[ksoftirqd/169]: count 162, average 793, total 128567
@q2[iperf]: count 2, average 10360, total 20720


@q4[swapper/169]: count 23190, average 1027, total 23835977
@q4[ksoftirqd/169]: count 20098, average 1475, total 29656701
@q4[iperf]: count 34, average 1996, total 67873

@q5[swapper/169]: count 182038, average 460, total 83743242
@q5[iperf]: count 268, average 547, total 146617
@q5[ksoftirqd/169]: count 159423, average 654, total 104365689

@uc: count 28534, average 2373, total 67720414

@q1[swapper/169]: count 542, average 2622, total 1421217
@q1[ksoftirqd/169]: count 113, average 2858, total 322972
@q1[iperf]: count 2, average 8110, total 16221

@q2[swapper/169]: count 795, average 652, total 519018
@q2[ksoftirqd/169]: count 162, average 782, total 126705
@q2[iperf]: count 3, average 3994, total 11983


@q4[swapper/169]: count 23199, average 1036, total 24040962
@q4[ksoftirqd/169]: count 20339, average 1461, total 29723398
@q4[iperf]: count 39, average 1578, total 61559

@q5[swapper/169]: count 182297, average 463, total 84584130
@q5[iperf]: count 299, average 485, total 145252
@q5[ksoftirqd/169]: count 161275, average 649, total 104687814

@uc: count 29230, average 2751, total 80427817

@q1[swapper/169]: count 518, average 2640, total 1367550
@q1[ksoftirqd/169]: count 123, average 2751, total 338485

@q2[swapper/169]: count 768, average 679, total 522094
@q2[ksoftirqd/169]: count 192, average 685, total 131633


@q4[swapper/169]: count 22386, average 1033, total 23125717
@q4[ksoftirqd/169]: count 21155, average 1471, total 31128920

@q5[swapper/169]: count 175832, average 462, total 81262156
@q5[ksoftirqd/169]: count 167729, average 653, total 109596541

@uc: count 29707, average 1779, total 52852041

@q1[swapper/169]: count 526, average 2648, total 1392886
@q1[ksoftirqd/169]: count 111, average 3034, total 336882
@q1[iperf]: count 1, average 30487, total 30487

@q2[swapper/169]: count 805, average 652, total 525584
@q2[ksoftirqd/169]: count 165, average 807, total 133211
@q2[iperf]: count 4, average 5833, total 23333


@q4[swapper/169]: count 23443, average 1026, total 24056543
@q4[ksoftirqd/169]: count 20284, average 1451, total 29440475
@q4[iperf]: count 41, average 1806, total 74071

@q5[swapper/169]: count 184234, average 460, total 84855167
@q5[iperf]: count 318, average 505, total 160868
@q5[ksoftirqd/169]: count 160928, average 642, total 103341972

@uc: count 29686, average 1931, total 57336404

@q1[ksoftirqd/169]: count 115, average 2675, total 307716
@q1[swapper/169]: count 545, average 2680, total 1460892

@q2[swapper/169]: count 791, average 650, total 514163
@q2[ksoftirqd/169]: count 175, average 776, total 135934


@q4[swapper/169]: count 23020, average 1032, total 23764942
@q4[ksoftirqd/169]: count 20586, average 1455, total 29961222

@q5[swapper/169]: count 180885, average 462, total 83713853
@q5[ksoftirqd/169]: count 163185, average 642, total 104891683

@uc: count 29682, average 1719, total 51044096

@q1[swapper/169]: count 448, average 2613, total 1170626
@q1[ksoftirqd/169]: count 124, average 2899, total 359588
@q1[iperf]: count 1, average 30387, total 30387

@q2[swapper/169]: count 692, average 663, total 459033
@q2[ksoftirqd/169]: count 184, average 781, total 143781
@q2[iperf]: count 4, average 5500, total 22002


@q4[swapper/169]: count 20693, average 1040, total 21532629
@q4[ksoftirqd/169]: count 22762, average 1469, total 33450481
@q4[iperf]: count 34, average 2011, total 68405

@q5[swapper/169]: count 162661, average 466, total 75856374
@q5[iperf]: count 262, average 533, total 139823
@q5[ksoftirqd/169]: count 180542, average 652, total 117764842

@uc: count 32505, average 1708, total 55529280

@q1[swapper/169]: count 534, average 2719, total 1452095
@q1[ksoftirqd/169]: count 101, average 2859, total 288782

@q2[swapper/169]: count 786, average 651, total 512042
@q2[ksoftirqd/169]: count 153, average 777, total 119033


@q4[swapper/169]: count 22298, average 1030, total 22988073
@q4[ksoftirqd/169]: count 21197, average 1477, total 31312068

@q5[swapper/169]: count 175116, average 461, total 80887855
@q5[ksoftirqd/169]: count 168187, average 655, total 110262015

@uc: count 29170, average 1805, total 52657756