Attaching 12 probes...
Tracing latency of network stack funtions. Hit Ctrl-C to end.
@q1[swapper/169]: count 213, average 2644, total 563378
@q1[ksoftirqd/169]: count 71, average 3188, total 226384

@q2[swapper/169]: count 361, average 701, total 253399
@q2[ksoftirqd/169]: count 128, average 980, total 125531


@q4[swapper/169]: count 13760, average 1032, total 14209565
@q4[ksoftirqd/169]: count 18850, average 1278, total 24104167

@q5[swapper/169]: count 108390, average 467, total 50655713
@q5[ksoftirqd/169]: count 149491, average 576, total 86187302

@uc: count 23859, average 3740, total 89236323

@q1[swapper/169]: count 434, average 2666, total 1157203
@q1[ksoftirqd/169]: count 138, average 2774, total 382908

@q2[swapper/169]: count 664, average 673, total 447193
@q2[ksoftirqd/169]: count 212, average 681, total 144386


@q4[swapper/169]: count 21811, average 1044, total 22786071
@q4[ksoftirqd/169]: count 22400, average 1420, total 31823316

@q5[swapper/169]: count 171609, average 474, total 81450132
@q5[ksoftirqd/169]: count 177626, average 639, total 113577606

@uc: count 30342, average 1642, total 49822542

@q1[swapper/169]: count 451, average 2562, total 1155813
@q1[ksoftirqd/169]: count 143, average 2800, total 400459
@q1[iperf]: count 1, average 29044, total 29044

@q2[swapper/169]: count 694, average 653, total 453793
@q2[ksoftirqd/169]: count 225, average 762, total 171454
@q2[iperf]: count 4, average 5552, total 22211


@q4[swapper/169]: count 21627, average 1026, total 22196842
@q4[iperf]: count 55, average 1226, total 67461
@q4[ksoftirqd/169]: count 22254, average 1428, total 31779918

@q5[swapper/169]: count 170034, average 467, total 79446312
@q5[iperf]: count 426, average 511, total 217907
@q5[ksoftirqd/169]: count 176373, average 640, total 113010132

@uc: count 29794, average 1696, total 50538316

@q1[swapper/169]: count 411, average 2680, total 1101770
@q1[ksoftirqd/169]: count 139, average 2858, total 397360

@q2[swapper/169]: count 651, average 663, total 432256
@q2[ksoftirqd/169]: count 212, average 758, total 160809
@q2[iperf]: count 1, average 15850, total 15850


@q4[swapper/169]: count 20808, average 1037, total 21596523
@q4[iperf]: count 32, average 1396, total 44702
@q4[ksoftirqd/169]: count 23134, average 1419, total 32828887

@q5[swapper/169]: count 163733, average 472, total 77403872
@q5[iperf]: count 254, average 564, total 143416
@q5[ksoftirqd/169]: count 183410, average 644, total 118140632

@uc: count 32732, average 1998, total 65406870

@q1[swapper/169]: count 448, average 2773, total 1242647
@q1[ksoftirqd/169]: count 139, average 2798, total 388976
@q1[iperf]: count 1, average 29265, total 29265

@q2[swapper/169]: count 695, average 654, total 455160
@q2[ksoftirqd/169]: count 215, average 836, total 179915
@q2[iperf]: count 3, average 7256, total 21770


@q4[swapper/169]: count 22730, average 1030, total 23421783
@q4[ksoftirqd/169]: count 21679, average 1411, total 30592697
@q4[iperf]: count 109, average 1496, total 163148

@q5[swapper/169]: count 178902, average 466, total 83513670
@q5[ksoftirqd/169]: count 171853, average 634, total 109124411
@q5[iperf]: count 863, average 675, total 583094

@uc: count 29643, average 1882, total 55817505

@q1[ksoftirqd/169]: count 136, average 2683, total 364986
@q1[swapper/169]: count 436, average 2763, total 1204922

@q2[swapper/169]: count 688, average 665, total 458195
@q2[ksoftirqd/169]: count 213, average 763, total 162554


@q4[swapper/169]: count 22449, average 1022, total 22952901
@q4[ksoftirqd/169]: count 22333, average 1397, total 31204305
@q4[iperf]: count 80, average 1869, total 149546

@q5[swapper/169]: count 176740, average 463, total 81991113
@q5[ksoftirqd/169]: count 177045, average 627, total 111125931
@q5[iperf]: count 637, average 766, total 488511

@uc: count 29428, average 1848, total 54385638

@q1[ksoftirqd/169]: count 145, average 2643, total 383352
@q1[swapper/169]: count 398, average 2718, total 1081925
@q1[iperf]: count 3, average 12139, total 36419

@q2[swapper/169]: count 621, average 661, total 410813
@q2[ksoftirqd/169]: count 236, average 777, total 183579
@q2[iperf]: count 3, average 8309, total 24927


@q4[swapper/169]: count 21602, average 1037, total 22418460
@q4[iperf]: count 58, average 1288, total 74716
@q4[ksoftirqd/169]: count 23111, average 1396, total 32267623

@q5[swapper/169]: count 170170, average 471, total 80317356
@q5[iperf]: count 451, average 507, total 229022
@q5[ksoftirqd/169]: count 183163, average 626, total 114805100

@uc: count 30938, average 1789, total 55348954

@q1[swapper/169]: count 470, average 2693, total 1265917
@q1[ksoftirqd/169]: count 141, average 2982, total 420469
@q1[kworker/169:1]: count 2, average 15218, total 30436
@q1[iperf]: count 2, average 15358, total 30717

@q2[swapper/169]: count 731, average 674, total 492843
@q2[ksoftirqd/169]: count 211, average 770, total 162470
@q2[kworker/169:1]: count 3, average 6558, total 19676
@q2[iperf]: count 3, average 6859, total 20579


@q4[swapper/169]: count 23453, average 1019, total 23919914
@q4[kworker/169:1]: count 57, average 1082, total 61690
@q4[ksoftirqd/169]: count 21088, average 1396, total 29445602
@q4[iperf]: count 111, average 1536, total 170568

@q5[swapper/169]: count 184620, average 463, total 85574311
@q5[kworker/169:1]: count 446, average 486, total 217067
@q5[ksoftirqd/169]: count 167125, average 626, total 104691317
@q5[iperf]: count 877, average 682, total 598753

@uc: count 29140, average 1950, total 56829704

@q1[swapper/169]: count 475, average 2717, total 1290954
@q1[ksoftirqd/169]: count 133, average 2789, total 370950

@q2[swapper/169]: count 740, average 673, total 498683
@q2[ksoftirqd/169]: count 206, average 707, total 145840


@q4[swapper/169]: count 23592, average 1022, total 24131325
@q4[ksoftirqd/169]: count 20855, average 1418, total 29583840
@q4[iperf]: count 80, average 1759, total 140732

@q5[swapper/169]: count 185586, average 465, total 86327552
@q5[ksoftirqd/169]: count 165350, average 637, total 105374616
@q5[iperf]: count 637, average 764, total 487211

@uc: count 28831, average 1774, total 51159738

@q1[swapper/169]: count 454, average 2680, total 1216777
@q1[ksoftirqd/169]: count 139, average 2887, total 401353

@q2[swapper/169]: count 699, average 667, total 466484
@q2[ksoftirqd/169]: count 216, average 769, total 166291
@q2[iperf]: count 1, average 17894, total 17894


@q4[swapper/169]: count 22555, average 1028, total 23196114
@q4[ksoftirqd/169]: count 22166, average 1393, total 30894752
@q4[iperf]: count 29, average 1500, total 43507

@q5[swapper/169]: count 177471, average 467, total 82942848
@q5[iperf]: count 228, average 579, total 132162
@q5[ksoftirqd/169]: count 175693, average 630, total 110802954

@uc: count 30640, average 2831, total 86760543

@q1[swapper/169]: count 436, average 2748, total 1198391
@q1[ksoftirqd/169]: count 133, average 2924, total 388912
@q1[iperf]: count 3, average 9417, total 28253

@q2[swapper/169]: count 647, average 672, total 435328
@q2[ksoftirqd/169]: count 202, average 768, total 155234
@q2[iperf]: count 4, average 4919, total 19676


@q4[swapper/169]: count 22153, average 1029, total 22795894
@q4[iperf]: count 66, average 1156, total 76361
@q4[ksoftirqd/169]: count 22727, average 1396, total 31739344

@q5[swapper/169]: count 174551, average 466, total 81501569
@q5[iperf]: count 513, average 496, total 254728
@q5[ksoftirqd/169]: count 180176, average 629, total 113387508

@uc: count 31919, average 2044, total 65263005

@q1[swapper/169]: count 464, average 2745, total 1274013
@q1[ksoftirqd/169]: count 131, average 2804, total 367412

@q2[swapper/169]: count 697, average 682, total 475696
@q2[ksoftirqd/169]: count 195, average 688, total 134264


@q4[swapper/169]: count 22561, average 1025, total 23142658
@q4[ksoftirqd/169]: count 22247, average 1407, total 31304031

@q5[swapper/169]: count 177557, average 465, total 82575640
@q5[ksoftirqd/169]: count 176478, average 630, total 111326903

@uc: count 30427, average 1568, total 47720923

@q1[swapper/169]: count 451, average 2691, total 1213663
@q1[ksoftirqd/169]: count 141, average 2809, total 396176

@q2[swapper/169]: count 677, average 659, total 446185
@q2[ksoftirqd/169]: count 217, average 765, total 166191
@q2[iperf]: count 2, average 10981, total 21962


@q4[swapper/169]: count 22042, average 1030, total 22709471
@q4[ksoftirqd/169]: count 22307, average 1415, total 31577071
@q4[iperf]: count 16, average 2146, total 34346

@q5[swapper/169]: count 173471, average 468, total 81229742
@q5[ksoftirqd/169]: count 176841, average 636, total 112532794
@q5[iperf]: count 124, average 682, total 84630

@uc: count 30830, average 2052, total 63263844

@q1[swapper/169]: count 445, average 2753, total 1225442
@q1[ksoftirqd/169]: count 129, average 2770, total 357371

@q2[swapper/169]: count 695, average 658, total 457621
@q2[ksoftirqd/169]: count 203, average 771, total 156689
@q2[iperf]: count 2, average 11997, total 23995


@q4[swapper/169]: count 22460, average 1024, total 23019138
@q4[ksoftirqd/169]: count 22505, average 1398, total 31481499
@q4[iperf]: count 42, average 1434, total 60266

@q5[swapper/169]: count 176799, average 464, total 82206963
@q5[iperf]: count 331, average 525, total 173991
@q5[ksoftirqd/169]: count 178445, average 628, total 112159778

@uc: count 30574, average 1682, total 51443307

@q1[swapper/169]: count 454, average 2621, total 1190203
@q1[ksoftirqd/169]: count 141, average 2911, total 410473

@q2[swapper/169]: count 702, average 650, total 456843
@q2[ksoftirqd/169]: count 219, average 717, total 157173
@q2[iperf]: count 2, average 4048, total 8096


@q4[swapper/169]: count 22738, average 1021, total 23232561
@q4[iperf]: count 20, average 1172, total 23452
@q4[ksoftirqd/169]: count 21833, average 1406, total 30717272

@q5[swapper/169]: count 178905, average 463, total 82955280
@q5[iperf]: count 154, average 476, total 73338
@q5[ksoftirqd/169]: count 173066, average 630, total 109200636

@uc: count 29546, average 1665, total 49221575

@q1[ksoftirqd/169]: count 129, average 2688, total 346842
@q1[swapper/169]: count 453, average 2712, total 1228765

@q2[swapper/169]: count 706, average 661, total 466865
@q2[ksoftirqd/169]: count 201, average 777, total 156225
@q2[iperf]: count 2, average 12353, total 24707


@q4[swapper/169]: count 23335, average 1024, total 23906583
@q4[ksoftirqd/169]: count 21638, average 1401, total 30334690
@q4[iperf]: count 14, average 2514, total 35196

@q5[swapper/169]: count 183654, average 465, total 85493319
@q5[ksoftirqd/169]: count 171527, average 629, total 108007930
@q5[iperf]: count 108, average 743, total 80338

@uc: count 29469, average 1543, total 45492389

@q1[swapper/169]: count 399, average 2654, total 1059157
@q1[ksoftirqd/169]: count 134, average 2935, total 393366

@q2[swapper/169]: count 633, average 659, total 417154
@q2[ksoftirqd/169]: count 205, average 715, total 146744


@q4[swapper/169]: count 21337, average 1037, total 22144409
@q4[ksoftirqd/169]: count 23248, average 1413, total 32849955

@q5[swapper/169]: count 168011, average 471, total 79155924
@q5[ksoftirqd/169]: count 184356, average 637, total 117459281

@uc: count 32715, average 1630, total 53343920

@q1[swapper/169]: count 434, average 2715, total 1178570
@q1[ksoftirqd/169]: count 145, average 2793, total 405032
@q1[iperf]: count 1, average 17553, total 17553

@q2[swapper/169]: count 683, average 659, total 450548
@q2[ksoftirqd/169]: count 225, average 773, total 174002
@q2[iperf]: count 1, average 15720, total 15720


@q4[swapper/169]: count 22494, average 1028, total 23140780
@q4[ksoftirqd/169]: count 22329, average 1408, total 31453288
@q4[iperf]: count 21, average 1564, total 32849

@q5[swapper/169]: count 177088, average 466, total 82640362
@q5[iperf]: count 166, average 594, total 98747
@q5[ksoftirqd/169]: count 177029, average 633, total 112179015

@uc: count 30408, average 1658, total 50418851

@q1[swapper/169]: count 452, average 2713, total 1226455
@q1[ksoftirqd/169]: count 137, average 2740, total 375434

@q2[swapper/169]: count 711, average 669, total 476104
@q2[ksoftirqd/169]: count 206, average 775, total 159758


@q4[swapper/169]: count 22734, average 1027, total 23365200
@q4[ksoftirqd/169]: count 21734, average 1408, total 30604946
@q4[iperf]: count 80, average 1789, total 143135

@q5[ksoftirqd/169]: count 349348, average 310, total 108560029
@q5[swapper/169]: count 178914, average 465, total 83318510
@q5[iperf]: count 636, average 761, total 484452

@uc: count 30421, average 1717, total 52242207

@q1[ksoftirqd/169]: count 144, average 2735, total 393915
@q1[swapper/169]: count 409, average 2801, total 1145693

@q2[ksoftirqd/169]: count 225, average 689, total 155179
@q2[swapper/169]: count 616, average 697, total 429894
@q2[iperf]: count 2, average 11586, total 23173


@q4[swapper/169]: count 21383, average 1038, total 22216803
@q4[ksoftirqd/169]: count 23272, average 1396, total 32501800
@q4[iperf]: count 14, average 2446, total 34247

@q5[swapper/169]: count 168483, average 470, total 79300067
@q5[ksoftirqd/169]: count 184502, average 627, total 115841500
@q5[iperf]: count 106, average 737, total 78181

@uc: count 32310, average 1887, total 60970530

@q1[ksoftirqd/169]: count 140, average 2721, total 381040
@q1[swapper/169]: count 418, average 2721, total 1137696
@q1[iperf]: count 2, average 12298, total 24596

@q2[ksoftirqd/169]: count 215, average 688, total 147926
@q2[swapper/169]: count 631, average 721, total 455322
@q2[iperf]: count 5, average 3160, total 15801


@q4[swapper/169]: count 21193, average 1024, total 21720592
@q4[iperf]: count 58, average 1035, total 60065
@q4[ksoftirqd/169]: count 23266, average 1415, total 32936431

@q5[iperf]: count 450, average 462, total 207973
@q5[swapper/169]: count 166779, average 465, total 77647511
@q5[ksoftirqd/169]: count 184484, average 636, total 117506918

@uc: count 33506, average 3076, total 103087167

@q1[swapper/169]: count 429, average 2722, total 1167794
@q1[ksoftirqd/169]: count 142, average 2744, total 389754

@q2[swapper/169]: count 658, average 657, total 432464
@q2[ksoftirqd/169]: count 218, average 780, total 170186


@q4[swapper/169]: count 21320, average 1031, total 21983163
@q4[ksoftirqd/169]: count 23396, average 1394, total 32616162

@q5[swapper/169]: count 167770, average 467, total 78425727
@q5[ksoftirqd/169]: count 185499, average 626, total 116229846

@uc: count 32067, average 1608, total 51566830

@q1[swapper/169]: count 443, average 2749, total 1217897
@q1[ksoftirqd/169]: count 137, average 2787, total 381940

@q2[swapper/169]: count 680, average 654, total 445392
@q2[ksoftirqd/169]: count 211, average 784, total 165566


@q4[swapper/169]: count 21654, average 1032, total 22367112
@q4[ksoftirqd/169]: count 22502, average 1425, total 32079930

@q5[swapper/169]: count 170403, average 468, total 79836275
@q5[ksoftirqd/169]: count 178395, average 640, total 114257241

@uc: count 53174, average 953, total 50698640

@q1[swapper/169]: count 469, average 2613, total 1225639
@q1[ksoftirqd/169]: count 142, average 2921, total 414865

@q2[swapper/169]: count 719, average 650, total 467810
@q2[ksoftirqd/169]: count 204, average 762, total 155595
@q2[iperf]: count 2, average 8075, total 16151


@q4[swapper/169]: count 23159, average 1035, total 23989549
@q4[iperf]: count 32, average 1325, total 42408
@q4[ksoftirqd/169]: count 21299, average 1417, total 30195369

@q5[swapper/169]: count 182168, average 468, total 85401068
@q5[iperf]: count 251, average 561, total 140874
@q5[ksoftirqd/169]: count 168884, average 633, total 107008853

@uc: count 28383, average 1821, total 51689374

@q1[swapper/169]: count 437, average 2725, total 1191101
@q1[ksoftirqd/169]: count 140, average 2735, total 382995

@q2[swapper/169]: count 682, average 659, total 449974
@q2[ksoftirqd/169]: count 215, average 782, total 168293


@q4[swapper/169]: count 22391, average 1015, total 22744664
@q4[ksoftirqd/169]: count 22402, average 1411, total 31630554
@q4[iperf]: count 80, average 1758, total 140712

@q5[swapper/169]: count 176283, average 460, total 81225418
@q5[ksoftirqd/169]: count 177629, average 630, total 111996682
@q5[iperf]: count 636, average 767, total 488334

@uc: count 30396, average 1856, total 56445327

@q1[swapper/169]: count 451, average 2676, total 1206907
@q1[ksoftirqd/169]: count 158, average 2907, total 459348
@q1[iperf]: count 6, average 6200, total 37200

@q2[swapper/169]: count 697, average 656, total 457754
@q2[ksoftirqd/169]: count 239, average 750, total 179348
@q2[iperf]: count 8, average 2980, total 23845


@q4[swapper/169]: count 22754, average 1022, total 23274711
@q4[iperf]: count 159, average 1329, total 211399
@q4[ksoftirqd/169]: count 21863, average 1404, total 30699342

@q5[swapper/169]: count 179081, average 464, total 83104690
@q5[iperf]: count 1247, average 615, total 767344
@q5[ksoftirqd/169]: count 173227, average 631, total 109353371

@uc: count 28503, average 1852, total 52810913

@q1[swapper/169]: count 478, average 2662, total 1272811
@q1[ksoftirqd/169]: count 146, average 2858, total 417299
@q1[iperf]: count 1, average 31559, total 31559

@q2[swapper/169]: count 750, average 655, total 491335
@q2[ksoftirqd/169]: count 230, average 743, total 171095
@q2[iperf]: count 1, average 20969, total 20969


@q4[swapper/169]: count 24062, average 1018, total 24511858
@q4[ksoftirqd/169]: count 20498, average 1408, total 28867243
@q4[iperf]: count 23, average 1834, total 42202

@q5[swapper/169]: count 189354, average 462, total 87521002
@q5[iperf]: count 181, average 593, total 107440
@q5[ksoftirqd/169]: count 162399, average 630, total 102402037

@uc: count 26986, average 1861, total 50238801

@q1[swapper/169]: count 514, average 2730, total 1403298
@q1[ksoftirqd/169]: count 120, average 2785, total 334205

@q2[swapper/169]: count 798, average 653, total 521606
@q2[ksoftirqd/169]: count 195, average 761, total 148564


@q4[swapper/169]: count 24356, average 1011, total 24641755
@q4[ksoftirqd/169]: count 20183, average 1421, total 28682749
@q4[iperf]: count 80, average 1732, total 138622

@q5[swapper/169]: count 191558, average 459, total 87943925
@q5[ksoftirqd/169]: count 160011, average 635, total 101677076
@q5[iperf]: count 637, average 755, total 480956

@uc: count 26718, average 1809, total 48340393

@q1[swapper/169]: count 439, average 2700, total 1185619
@q1[ksoftirqd/169]: count 133, average 2864, total 380992

@q2[swapper/169]: count 701, average 656, total 459891
@q2[ksoftirqd/169]: count 214, average 773, total 165564
@q2[iperf]: count 2, average 11897, total 23795


@q4[swapper/169]: count 21928, average 1020, total 22374315
@q4[ksoftirqd/169]: count 22502, average 1407, total 31675925
@q4[iperf]: count 36, average 1576, total 56753

@q5[swapper/169]: count 172562, average 463, total 79960131
@q5[iperf]: count 283, average 533, total 151066
@q5[ksoftirqd/169]: count 178412, average 633, total 113007855

@uc: count 30526, average 1827, total 55782842

@q1[swapper/169]: count 445, average 2684, total 1194383
@q1[ksoftirqd/169]: count 134, average 2948, total 395110

@q2[swapper/169]: count 665, average 658, total 437758
@q2[ksoftirqd/169]: count 209, average 730, total 152588


@q4[swapper/169]: count 22647, average 1024, total 23210352
@q4[ksoftirqd/169]: count 22227, average 1415, total 31455809

@q5[swapper/169]: count 178303, average 464, total 82769466
@q5[ksoftirqd/169]: count 176205, average 635, total 111901990

@uc: count 29918, average 1742, total 52120448

@q1[swapper/169]: count 451, average 2678, total 1207927
@q1[ksoftirqd/169]: count 158, average 2794, total 441608

@q2[swapper/169]: count 694, average 653, total 453783
@q2[ksoftirqd/169]: count 233, average 755, total 175957


@q4[swapper/169]: count 22072, average 1025, total 22630095
@q4[ksoftirqd/169]: count 22628, average 1410, total 31925951

@q5[swapper/169]: count 173622, average 465, total 80771469
@q5[ksoftirqd/169]: count 179373, average 633, total 113587079

@uc: count 29144, average 2059, total 60016846

@q1[swapper/169]: count 478, average 2677, total 1279954
@q1[ksoftirqd/169]: count 140, average 2982, total 417496

@q2[swapper/169]: count 786, average 654, total 514265
@q2[ksoftirqd/169]: count 205, average 774, total 158698


@q4[swapper/169]: count 22865, average 1020, total 23342700
@q4[ksoftirqd/169]: count 21614, average 1414, total 30579246
@q4[iperf]: count 80, average 1902, total 152187

@q5[swapper/169]: count 179776, average 463, total 83365776
@q5[ksoftirqd/169]: count 171317, average 631, total 108189734
@q5[iperf]: count 637, average 794, total 506262

@uc: count 29078, average 2220, total 64560589

@q1[swapper/169]: count 422, average 2666, total 1125232
@q1[ksoftirqd/169]: count 146, average 2926, total 427270
@q1[iperf]: count 1, average 23244, total 23244

@q2[swapper/169]: count 628, average 659, total 414289
@q2[ksoftirqd/169]: count 237, average 763, total 181008
@q2[iperf]: count 1, average 16441, total 16441


@q4[swapper/169]: count 21276, average 1040, total 22146452
@q4[iperf]: count 38, average 1310, total 49799
@q4[ksoftirqd/169]: count 22665, average 1423, total 32252588

@q5[swapper/169]: count 167508, average 472, total 79197896
@q5[iperf]: count 299, average 533, total 159576
@q5[ksoftirqd/169]: count 179601, average 641, total 115144371

@uc: count 30794, average 2201, total 67783792

@q1[swapper/169]: count 464, average 2713, total 1259078
@q1[ksoftirqd/169]: count 134, average 2776, total 372064

@q2[swapper/169]: count 721, average 672, total 484936
@q2[ksoftirqd/169]: count 218, average 681, total 148641
@q2[iperf]: count 2, average 12187, total 24375


@q4[swapper/169]: count 22687, average 1027, total 23307137
@q4[ksoftirqd/169]: count 21967, average 1409, total 30958876
@q4[iperf]: count 111, average 1556, total 172770

@q5[swapper/169]: count 178489, average 466, total 83333639
@q5[ksoftirqd/169]: count 174112, average 633, total 110334160
@q5[iperf]: count 882, average 667, total 588488

@uc: count 30639, average 1989, total 60942191

@q1[swapper/169]: count 481, average 2720, total 1308718
@q1[ksoftirqd/169]: count 134, average 2802, total 375531

@q2[swapper/169]: count 742, average 669, total 496473
@q2[ksoftirqd/169]: count 206, average 680, total 140264


@q4[swapper/169]: count 23428, average 1028, total 24090877
@q4[ksoftirqd/169]: count 20969, average 1421, total 29797216

@q5[swapper/169]: count 184268, average 466, total 86009146
@q5[ksoftirqd/169]: count 166245, average 637, total 105998700

@uc: count 29177, average 1757, total 51274125

@q1[swapper/169]: count 487, average 2657, total 1294059
@q1[ksoftirqd/169]: count 128, average 2918, total 373517
@q1[iperf]: count 2, average 16120, total 32241

@q2[swapper/169]: count 748, average 650, total 486759
@q2[ksoftirqd/169]: count 206, average 782, total 161098
@q2[iperf]: count 4, average 5167, total 20669


@q4[swapper/169]: count 23603, average 1013, total 23917745
@q4[iperf]: count 55, average 1164, total 64037
@q4[ksoftirqd/169]: count 20995, average 1403, total 29473054

@q5[swapper/169]: count 185683, average 461, total 85667437
@q5[iperf]: count 425, average 499, total 212192
@q5[ksoftirqd/169]: count 166426, average 635, total 105769923

@uc: count 29854, average 1940, total 57944013

@q1[swapper/169]: count 465, average 2697, total 1254355
@q1[ksoftirqd/169]: count 137, average 2803, total 384115
@q1[iperf]: count 1, average 25368, total 25368

@q2[swapper/169]: count 674, average 661, total 445652
@q2[ksoftirqd/169]: count 213, average 704, total 150151
@q2[iperf]: count 1, average 15800, total 15800


@q4[swapper/169]: count 22397, average 1024, total 22952246
@q4[ksoftirqd/169]: count 21680, average 1440, total 31220130
@q4[iperf]: count 23, average 1587, total 36508

@q5[swapper/169]: count 176360, average 464, total 81939104
@q5[iperf]: count 181, average 600, total 108606
@q5[ksoftirqd/169]: count 171853, average 646, total 111028178

@uc: count 31650, average 1718, total 54398811

@q1[swapper/169]: count 433, average 2763, total 1196734
@q1[ksoftirqd/169]: count 134, average 2822, total 378151
@q1[iperf]: count 1, average 29405, total 29405

@q2[swapper/169]: count 683, average 682, total 465929
@q2[ksoftirqd/169]: count 213, average 691, total 147295
@q2[iperf]: count 1, average 19447, total 19447


@q4[swapper/169]: count 22491, average 1028, total 23133076
@q4[ksoftirqd/169]: count 22241, average 1408, total 31331395
@q4[iperf]: count 35, average 1472, total 51546

@q5[swapper/169]: count 177059, average 466, total 82685175
@q5[iperf]: count 276, average 542, total 149832
@q5[ksoftirqd/169]: count 176372, average 632, total 111505158

@uc: count 30827, average 1785, total 55041535

@q1[swapper/169]: count 449, average 2713, total 1218337
@q1[ksoftirqd/169]: count 136, average 2723, total 370435
@q1[iperf]: count 4, average 7554, total 30217

@q2[swapper/169]: count 716, average 650, total 466054
@q2[ksoftirqd/169]: count 218, average 759, total 165513
@q2[iperf]: count 5, average 3749, total 18745


@q4[swapper/169]: count 22777, average 1021, total 23266628
@q4[iperf]: count 65, average 1133, total 73670
@q4[ksoftirqd/169]: count 21789, average 1412, total 30786394

@q5[swapper/169]: count 179242, average 464, total 83245012
@q5[iperf]: count 501, average 487, total 244404
@q5[ksoftirqd/169]: count 172692, average 633, total 109436050

@uc: count 29472, average 1757, total 51795481

@q1[swapper/169]: count 442, average 2674, total 1182107
@q1[ksoftirqd/169]: count 138, average 2913, total 402038
@q1[iperf]: count 2, average 15819, total 31639

@q2[swapper/169]: count 675, average 648, total 437535
@q2[ksoftirqd/169]: count 218, average 756, total 165011
@q2[iperf]: count 5, average 3458, total 17292


@q4[swapper/169]: count 21864, average 1031, total 22544249
@q4[iperf]: count 75, average 1071, total 80396
@q4[ksoftirqd/169]: count 22714, average 1400, total 31803161

@q5[iperf]: count 584, average 468, total 273362
@q5[swapper/169]: count 172009, average 468, total 80559854
@q5[ksoftirqd/169]: count 180100, average 631, total 113706700

@uc: count 30511, average 1974, total 60249608

@q1[swapper/169]: count 433, average 2686, total 1163086
@q1[ksoftirqd/169]: count 133, average 2785, total 370474
@q1[iperf]: count 3, average 4204, total 12614

@q2[swapper/169]: count 685, average 651, total 446344
@q2[ksoftirqd/169]: count 217, average 771, total 167491
@q2[iperf]: count 3, average 2478, total 7434


@q4[swapper/169]: count 22195, average 1036, total 23009972
@q4[iperf]: count 24, average 1095, total 26280
@q4[ksoftirqd/169]: count 21545, average 1438, total 30993641

@q5[iperf]: count 181, average 459, total 83098
@q5[swapper/169]: count 174695, average 469, total 82025890
@q5[ksoftirqd/169]: count 170727, average 645, total 110200314

@uc: count 30567, average 1727, total 52815478

@q1[ksoftirqd/169]: count 131, average 2649, total 347074
@q1[swapper/169]: count 452, average 2680, total 1211640
@q1[iperf]: count 2, average 10905, total 21811

@q2[swapper/169]: count 720, average 681, total 490852
@q2[ksoftirqd/169]: count 209, average 684, total 143063
@q2[iperf]: count 3, average 5474, total 16422


@q4[swapper/169]: count 22224, average 1030, total 22898506
@q4[ksoftirqd/169]: count 21703, average 1431, total 31070862
@q4[iperf]: count 23, average 1507, total 34681

@q5[swapper/169]: count 174725, average 467, total 81721517
@q5[iperf]: count 177, average 598, total 105916
@q5[ksoftirqd/169]: count 172012, average 638, total 109842848

@uc: count 29472, average 1924, total 56717449

@q1[swapper/169]: count 394, average 2646, total 1042666
@q1[ksoftirqd/169]: count 159, average 2961, total 470882
@q1[iperf]: count 1, average 25649, total 25649

@q2[swapper/169]: count 625, average 687, total 429576
@q2[ksoftirqd/169]: count 231, average 688, total 158964
@q2[iperf]: count 4, average 4711, total 18845


@q4[swapper/169]: count 21320, average 1035, total 22087409
@q4[iperf]: count 52, average 1211, total 62986
@q4[ksoftirqd/169]: count 22305, average 1435, total 32022822

@q5[swapper/169]: count 167873, average 468, total 78570839
@q5[iperf]: count 405, average 497, total 201584
@q5[ksoftirqd/169]: count 176819, average 640, total 113282738

@uc: count 31398, average 3037, total 95385978

@q1[swapper/169]: count 454, average 2745, total 1246435
@q1[ksoftirqd/169]: count 151, average 2876, total 434305

@q2[swapper/169]: count 688, average 662, total 455527
@q2[ksoftirqd/169]: count 233, average 760, total 177225
@q2[iperf]: count 2, average 11632, total 23264


@q4[swapper/169]: count 22576, average 1034, total 23355700
@q4[ksoftirqd/169]: count 21242, average 1425, total 30288128
@q4[iperf]: count 35, average 1538, total 53843

@q5[swapper/169]: count 177716, average 468, total 83180681
@q5[iperf]: count 275, average 551, total 151651
@q5[ksoftirqd/169]: count 168296, average 637, total 107205891

@uc: count 30630, average 1738, total 53236227

@q1[swapper/169]: count 418, average 2691, total 1125203
@q1[ksoftirqd/169]: count 135, average 2933, total 396007

@q2[swapper/169]: count 658, average 664, total 437114
@q2[ksoftirqd/169]: count 212, average 721, total 152935


@q4[swapper/169]: count 21402, average 1038, total 22228282
@q4[ksoftirqd/169]: count 22302, average 1437, total 32065086
@q4[iperf]: count 80, average 1803, total 144247

@q5[swapper/169]: count 168523, average 470, total 79303842
@q5[ksoftirqd/169]: count 176805, average 643, total 113844441
@q5[iperf]: count 637, average 751, total 478710

@uc: count 32533, average 1917, total 62378961

@q1[swapper/169]: count 453, average 2729, total 1236471
@q1[ksoftirqd/169]: count 148, average 2783, total 411885
@q1[iperf]: count 2, average 17974, total 35948

@q2[swapper/169]: count 690, average 684, total 471982
@q2[ksoftirqd/169]: count 236, average 686, total 161916
@q2[iperf]: count 6, average 1855, total 11130


@q4[iperf]: count 46, average 1017, total 46798
@q4[ksoftirqd/169]: count 21202, average 1399, total 29671677
@q4[swapper/169]: count 23083, average 1989, total 45922268

@q5[iperf]: count 351, average 448, total 157554
@q5[swapper/169]: count 181700, average 463, total 84179909
@q5[ksoftirqd/169]: count 168040, average 625, total 105126587

@uc: count 29683, average 1871, total 55547601

@q1[swapper/169]: count 447, average 2713, total 1212947
@q1[ksoftirqd/169]: count 164, average 2839, total 465603
@q1[iperf]: count 1, average 31269, total 31269

@q2[swapper/169]: count 684, average 656, total 449007
@q2[ksoftirqd/169]: count 243, average 780, total 189726
@q2[iperf]: count 4, average 5896, total 23585


@q4[swapper/169]: count 22382, average 1024, total 22926770
@q4[iperf]: count 43, average 1356, total 58313
@q4[ksoftirqd/169]: count 21754, average 1415, total 30783311

@q5[swapper/169]: count 176157, average 463, total 81638991
@q5[iperf]: count 331, average 535, total 177310
@q5[ksoftirqd/169]: count 172382, average 631, total 108823172

@uc: count 28729, average 2142, total 61540791

@q1[swapper/169]: count 461, average 2710, total 1249369
@q1[ksoftirqd/169]: count 139, average 2753, total 382767
@q1[iperf]: count 2, average 16396, total 32792

@q2[swapper/169]: count 691, average 664, total 458832
@q2[ksoftirqd/169]: count 210, average 732, total 153903
@q2[iperf]: count 3, average 7687, total 23063


@q4[swapper/169]: count 22496, average 1026, total 23093451
@q4[ksoftirqd/169]: count 21488, average 1437, total 30897444
@q4[iperf]: count 29, average 1629, total 47268

@q5[swapper/169]: count 177047, average 464, total 82247029
@q5[iperf]: count 225, average 578, total 130250
@q5[ksoftirqd/169]: count 170298, average 642, total 109335633

@uc: count 30446, average 1738, total 52917629

@q1[swapper/169]: count 378, average 2699, total 1020308
@q1[ksoftirqd/169]: count 152, average 2900, total 440945

@q2[swapper/169]: count 592, average 660, total 390723
@q2[ksoftirqd/169]: count 232, average 735, total 170611


@q4[swapper/169]: count 20123, average 1043, total 21005158
@q4[ksoftirqd/169]: count 23696, average 1428, total 33852765

@q5[swapper/169]: count 158499, average 471, total 74731839
@q5[ksoftirqd/169]: count 187794, average 634, total 119170280

@uc: count 34557, average 1674, total 57852526

@q1[swapper/169]: count 436, average 2716, total 1184187
@q1[ksoftirqd/169]: count 145, average 2787, total 404158
@q1[iperf]: count 1, average 31068, total 31068

@q2[swapper/169]: count 679, average 684, total 464644
@q2[ksoftirqd/169]: count 221, average 692, total 153114
@q2[iperf]: count 3, average 5931, total 17793


@q4[swapper/169]: count 23022, average 1033, total 23791924
@q4[iperf]: count 38, average 1275, total 48460
@q4[ksoftirqd/169]: count 21289, average 1418, total 30191002

@q5[swapper/169]: count 181278, average 466, total 84632052
@q5[iperf]: count 295, average 520, total 153490
@q5[ksoftirqd/169]: count 168770, average 633, total 106853291

@uc: count 30278, average 2049, total 62042585

@q1[swapper/169]: count 425, average 2698, total 1146837
@q1[ksoftirqd/169]: count 152, average 2896, total 440233

@q2[swapper/169]: count 669, average 662, total 443428
@q2[ksoftirqd/169]: count 231, average 761, total 176001
@q2[iperf]: count 2, average 8907, total 17814


@q4[swapper/169]: count 22286, average 1025, total 22860570
@q4[ksoftirqd/169]: count 21750, average 1413, total 30746575
@q4[iperf]: count 21, average 1689, total 35486

@q5[swapper/169]: count 175533, average 463, total 81394218
@q5[ksoftirqd/169]: count 172357, average 628, total 108358970
@q5[iperf]: count 165, average 637, total 105148

@uc: count 32183, average 1676, total 53946003

@q1[swapper/169]: count 421, average 2723, total 1146727
@q1[ksoftirqd/169]: count 144, average 2917, total 420094

@q2[swapper/169]: count 647, average 656, total 424904
@q2[ksoftirqd/169]: count 219, average 749, total 164089


@q4[swapper/169]: count 22011, average 1041, total 22914485
@q4[ksoftirqd/169]: count 21700, average 1442, total 31309847
@q4[iperf]: count 80, average 1796, total 143718

@q5[swapper/169]: count 173329, average 470, total 81497591
@q5[ksoftirqd/169]: count 171984, average 642, total 110539489
@q5[iperf]: count 636, average 763, total 485691

@uc: count 30397, average 1727, total 52525259

@q1[swapper/169]: count 450, average 2820, total 1269209
@q1[ksoftirqd/169]: count 140, average 2875, total 402558

@q2[swapper/169]: count 707, average 658, total 465473
@q2[ksoftirqd/169]: count 207, average 772, total 159871
@q2[iperf]: count 2, average 11692, total 23385


@q4[swapper/169]: count 23841, average 1024, total 24435612
@q4[ksoftirqd/169]: count 21064, average 1396, total 29409995
@q4[iperf]: count 21, average 1933, total 40595

@q5[swapper/169]: count 187824, average 462, total 86936243
@q5[iperf]: count 165, average 594, total 98091
@q5[ksoftirqd/169]: count 167010, average 623, total 104057927

@uc: count 31433, average 2939, total 92412474

@q1[swapper/169]: count 396, average 2790, total 1105137
@q1[ksoftirqd/169]: count 146, average 2982, total 435396

@q2[swapper/169]: count 640, average 664, total 425004
@q2[ksoftirqd/169]: count 234, average 726, total 169910
@q2[iperf]: count 2, average 9688, total 19377


@q4[swapper/169]: count 22454, average 1025, total 23026810
@q4[iperf]: count 45, average 1302, total 58630
@q4[ksoftirqd/169]: count 22321, average 1396, total 31160426

@q5[swapper/169]: count 177011, average 463, total 82066903
@q5[iperf]: count 357, average 525, total 187691
@q5[ksoftirqd/169]: count 176898, average 622, total 110070677

@uc: count 33414, average 1744, total 58304585

@q1[swapper/169]: count 388, average 2729, total 1058928
@q1[ksoftirqd/169]: count 151, average 2959, total 446842
@q1[iperf]: count 1, average 28364, total 28364

@q2[swapper/169]: count 621, average 662, total 411260
@q2[ksoftirqd/169]: count 238, average 749, total 178458
@q2[iperf]: count 2, average 10024, total 20048


@q4[swapper/169]: count 21500, average 1033, total 22212853
@q4[iperf]: count 52, average 1256, total 65361
@q4[ksoftirqd/169]: count 22662, average 1417, total 32128494

@q5[swapper/169]: count 169428, average 466, total 79087411
@q5[iperf]: count 409, average 517, total 211654
@q5[ksoftirqd/169]: count 179594, average 633, total 113784029

@uc: count 32329, average 1839, total 59475402

@q1[swapper/169]: count 378, average 2845, total 1075759
@q1[ksoftirqd/169]: count 146, average 2976, total 434620

@q2[swapper/169]: count 616, average 692, total 426638
@q2[ksoftirqd/169]: count 217, average 698, total 151507
@q2[iperf]: count 2, average 11026, total 22052


@q4[swapper/169]: count 21853, average 1038, total 22702821
@q4[ksoftirqd/169]: count 22548, average 1409, total 31774931
@q4[iperf]: count 13, average 2545, total 33090

@q5[swapper/169]: count 172255, average 469, total 80878605
@q5[ksoftirqd/169]: count 178837, average 629, total 112604546
@q5[iperf]: count 100, average 789, total 78978

@uc: count 33154, average 1631, total 54095629

@q1[ksoftirqd/169]: count 129, average 2787, total 359608
@q1[swapper/169]: count 406, average 2835, total 1151214
@q1[iperf]: count 1, average 28884, total 28884

@q2[swapper/169]: count 652, average 662, total 432197
@q2[ksoftirqd/169]: count 212, average 746, total 158339
@q2[iperf]: count 1, average 19466, total 19466


@q4[swapper/169]: count 22252, average 1027, total 22863078
@q4[ksoftirqd/169]: count 21944, average 1427, total 31332676
@q4[iperf]: count 16, average 2194, total 35107

@q5[swapper/169]: count 175285, average 463, total 81292508
@q5[iperf]: count 125, average 626, total 78352
@q5[ksoftirqd/169]: count 174006, average 636, total 110834566

@uc: count 31108, average 1821, total 56666346

@q1[swapper/169]: count 398, average 2819, total 1122012
@q1[ksoftirqd/169]: count 140, average 2947, total 412594

@q2[swapper/169]: count 598, average 661, total 395331
@q2[ksoftirqd/169]: count 213, average 729, total 155361


@q4[swapper/169]: count 21828, average 1039, total 22691562
@q4[ksoftirqd/169]: count 22911, average 1409, total 32290387

@q5[swapper/169]: count 172110, average 468, total 80683110
@q5[ksoftirqd/169]: count 181640, average 628, total 114245708

@uc: count 32663, average 1762, total 57565964