Attaching 12 probes...
Tracing latency of network stack funtions. Hit Ctrl-C to end.



@q4[ksoftirqd/169]: count 14159, average 1315, total 18630496
@q4[openssl]: count 5111, average 1738, total 8884988
@q4[kworker/169:2]: count 7, average 4401, total 30808

@q5[ksoftirqd/169]: count 112376, average 434, total 48787662
@q5[openssl]: count 40035, average 436, total 17477024
@q5[kworker/169:2]: count 46, average 713, total 32811

@uc: count 4297, average 32501, total 139658087




@q4[ksoftirqd/169]: count 22080, average 1224, total 27042320

@q5[ksoftirqd/169]: count 175607, average 430, total 75618212

@uc: count 6601, average 3085, total 20365365




@q4[ksoftirqd/169]: count 22200, average 1212, total 26918250

@q5[ksoftirqd/169]: count 176562, average 431, total 76149555

@uc: count 11611, average 2370, total 27519140




@q4[ksoftirqd/169]: count 21992, average 1237, total 27222090

@q5[ksoftirqd/169]: count 174907, average 431, total 75498308

@uc: count 5505, average 2750, total 15141601




@q4[ksoftirqd/169]: count 21800, average 1223, total 26667692

@q5[ksoftirqd/169]: count 173380, average 430, total 74668884

@uc: count 8464, average 1987, total 16820623




@q4[ksoftirqd/169]: count 22056, average 1212, total 26739622

@q5[ksoftirqd/169]: count 175416, average 430, total 75476520

@uc: count 9554, average 1845, total 17627178




@q4[ksoftirqd/169]: count 22266, average 1226, total 27298445

@q5[ksoftirqd/169]: count 177158, average 431, total 76475506

@uc: count 5271, average 5406, total 28500079




@q4[ksoftirqd/169]: count 21885, average 1229, total 26902202

@q5[ksoftirqd/169]: count 174117, average 431, total 75051846

@uc: count 6766, average 2224, total 15052116




@q4[ksoftirqd/169]: count 22135, average 1236, total 27372548

@q5[ksoftirqd/169]: count 350161, average 216, total 75942752

@uc: count 5688, average 2385, total 13567069




@q4[ksoftirqd/169]: count 22297, average 1230, total 27426489

@q5[ksoftirqd/169]: count 177405, average 430, total 76399649

@uc: count 6572, average 3677, total 24170727




@q4[ksoftirqd/169]: count 22086, average 1231, total 27188947

@q5[ksoftirqd/169]: count 175647, average 430, total 75688949

@uc: count 6768, average 2682, total 18156045




@q4[ksoftirqd/169]: count 21728, average 1234, total 26831329

@q5[ksoftirqd/169]: count 172807, average 431, total 74580449

@uc: count 8429, average 4271, total 36001170




@q4[ksoftirqd/169]: count 21958, average 1237, total 27180454

@q5[ksoftirqd/169]: count 174716, average 432, total 75543657

@uc: count 7107, average 2420, total 17202550




@q4[ksoftirqd/169]: count 21856, average 1238, total 27067268

@q5[ksoftirqd/169]: count 173889, average 430, total 74872569

@uc: count 6445, average 3092, total 19930183




@q4[ksoftirqd/169]: count 21553, average 1244, total 26815959

@q5[ksoftirqd/169]: count 171479, average 431, total 73916083

@uc: count 6736, average 3221, total 21701213




@q4[ksoftirqd/169]: count 21685, average 1243, total 26965324

@q5[ksoftirqd/169]: count 172456, average 430, total 74231626

@uc: count 6023, average 2610, total 15721939




@q4[ksoftirqd/169]: count 21520, average 1246, total 26824265

@q5[ksoftirqd/169]: count 171153, average 431, total 73773920

@uc: count 7946, average 2008, total 15958008




@q4[ksoftirqd/169]: count 21688, average 1241, total 26917933

@q5[ksoftirqd/169]: count 172490, average 433, total 74745254

@uc: count 6355, average 2417, total 15363402




@q4[ksoftirqd/169]: count 21856, average 1238, total 27069848

@q5[ksoftirqd/169]: count 173897, average 430, total 74890098

@uc: count 8453, average 2435, total 20585750




@q4[ksoftirqd/169]: count 21559, average 1245, total 26861730

@q5[ksoftirqd/169]: count 171453, average 429, total 73698945

@uc: count 5566, average 2579, total 14357385




@q4[ksoftirqd/169]: count 21512, average 1252, total 26949736

@q5[ksoftirqd/169]: count 171090, average 431, total 73759084

@uc: count 7700, average 2135, total 16440133




@q4[ksoftirqd/169]: count 21408, average 1250, total 26779518

@q5[ksoftirqd/169]: count 170262, average 431, total 73456678

@uc: count 6473, average 2494, total 16144448




@q4[ksoftirqd/169]: count 22080, average 1240, total 27380458

@q5[ksoftirqd/169]: count 175607, average 430, total 75588875

@uc: count 5157, average 9178, total 47332312




@q4[ksoftirqd/169]: count 21624, average 1236, total 26730263

@q5[ksoftirqd/169]: count 171981, average 431, total 74213789

@uc: count 7625, average 2395, total 18267582




@q4[ksoftirqd/169]: count 21850, average 1227, total 26827641

@q5[ksoftirqd/169]: count 173849, average 430, total 74788275

@uc: count 8289, average 3376, total 27989762




@q4[ksoftirqd/169]: count 21517, average 1238, total 26650645

@q5[ksoftirqd/169]: count 171114, average 431, total 73800801

@uc: count 7282, average 2320, total 16898096




@q4[ksoftirqd/169]: count 22384, average 1234, total 27636490

@q5[ksoftirqd/169]: count 178025, average 429, total 76522661

@uc: count 4772, average 5850, total 27917856




@q4[ksoftirqd/169]: count 21633, average 1252, total 27096091

@q5[ksoftirqd/169]: count 172124, average 430, total 74185077

@uc: count 6068, average 2441, total 14815962




@q4[ksoftirqd/169]: count 21702, average 1241, total 26936480

@q5[ksoftirqd/169]: count 172590, average 430, total 74308235

@uc: count 7685, average 2264, total 17399922




@q4[ksoftirqd/169]: count 21432, average 1251, total 26824659

@q5[ksoftirqd/169]: count 170454, average 431, total 73622978

@uc: count 6310, average 2471, total 15596676




@q4[ksoftirqd/169]: count 22142, average 1240, total 27459459

@q5[ksoftirqd/169]: count 176172, average 430, total 75810355

@uc: count 5649, average 3107, total 17556244




@q4[ksoftirqd/169]: count 21963, average 1248, total 27419511

@q5[ksoftirqd/169]: count 174739, average 431, total 75429687

@uc: count 5775, average 2503, total 14459748




@q4[ksoftirqd/169]: count 21677, average 1245, total 27004741

@q5[ksoftirqd/169]: count 172393, average 431, total 74377231

@uc: count 6499, average 2735, total 17776656




@q4[ksoftirqd/169]: count 22032, average 1245, total 27437488

@q5[ksoftirqd/169]: count 175226, average 430, total 75437374

@uc: count 4828, average 3797, total 18332122




@q4[ksoftirqd/169]: count 21448, average 1245, total 26720560

@q5[ksoftirqd/169]: count 170580, average 430, total 73437079

@uc: count 6851, average 2701, total 18508914




@q4[ksoftirqd/169]: count 22097, average 1241, total 27439403

@q5[ksoftirqd/169]: count 175814, average 429, total 75599012

@uc: count 5991, average 2259, total 13535965




@q4[ksoftirqd/169]: count 21481, average 1241, total 26664581

@q5[ksoftirqd/169]: count 346729, average 212, total 73612251

@uc: count 8159, average 2110, total 17217718




@q4[ksoftirqd/169]: count 22125, average 1243, total 27514062

@q5[ksoftirqd/169]: count 176032, average 430, total 75711101

@uc: count 6221, average 2261, total 14068869




@q4[ksoftirqd/169]: count 21756, average 1246, total 27120886

@q5[ksoftirqd/169]: count 173102, average 430, total 74536997

@uc: count 7541, average 2505, total 18893250




@q4[ksoftirqd/169]: count 21438, average 1248, total 26758936

@q5[ksoftirqd/169]: count 170569, average 431, total 73539190

@uc: count 7967, average 2140, total 17052688




@q4[ksoftirqd/169]: count 21831, average 1245, total 27189959

@q5[ksoftirqd/169]: count 173619, average 429, total 74601760

@uc: count 5216, average 7848, total 40939471




@q4[ksoftirqd/169]: count 22130, average 1248, total 27630309

@q5[ksoftirqd/169]: count 176076, average 430, total 75768657

@uc: count 7493, average 3714, total 27834641




@q4[ksoftirqd/169]: count 21637, average 1246, total 26978129

@q5[ksoftirqd/169]: count 172148, average 430, total 74077848

@uc: count 6187, average 2890, total 17882142




@q4[ksoftirqd/169]: count 21815, average 1248, total 27226262

@q5[ksoftirqd/169]: count 173484, average 432, total 74970991

@uc: count 5638, average 4554, total 25679463




@q4[ksoftirqd/169]: count 21717, average 1246, total 27059842

@q5[ksoftirqd/169]: count 172792, average 430, total 74398648

@uc: count 5812, average 2459, total 14293823




@q4[ksoftirqd/169]: count 21685, average 1242, total 26946991

@q5[ksoftirqd/169]: count 172490, average 431, total 74354514

@uc: count 7609, average 2280, total 17350598




@q4[ksoftirqd/169]: count 21826, average 1239, total 27053037

@q5[ksoftirqd/169]: count 173650, average 430, total 74732157

@uc: count 5208, average 3476, total 18104616




@q4[ksoftirqd/169]: count 21681, average 1244, total 26974525

@q5[ksoftirqd/169]: count 172457, average 429, total 74126262

@uc: count 5390, average 2363, total 12738649




@q4[ksoftirqd/169]: count 21858, average 1246, total 27253689

@q5[ksoftirqd/169]: count 173918, average 431, total 75012758

@uc: count 7544, average 2015, total 15204073




@q4[ksoftirqd/169]: count 21572, average 1243, total 26829047

@q5[ksoftirqd/169]: count 171629, average 430, total 73970203

@uc: count 6184, average 2401, total 14853791




@q4[ksoftirqd/169]: count 21971, average 1241, total 27266375

@q5[ksoftirqd/169]: count 174731, average 430, total 75184660

@uc: count 6302, average 2735, total 17240330




@q4[ksoftirqd/169]: count 21744, average 1241, total 26989722

@q5[ksoftirqd/169]: count 172935, average 434, total 75122641

@uc: count 7204, average 2628, total 18935520




@q4[ksoftirqd/169]: count 21852, average 1237, total 27034439

@q5[ksoftirqd/169]: count 173881, average 429, total 74734595

@uc: count 6567, average 2462, total 16171803




@q4[ksoftirqd/169]: count 21737, average 1242, total 27010450

@q5[ksoftirqd/169]: count 172871, average 430, total 74479292

@uc: count 6680, average 3128, total 20898745




@q4[ksoftirqd/169]: count 22088, average 1243, total 27460744

@q5[ksoftirqd/169]: count 175671, average 430, total 75688778

@uc: count 5481, average 6848, total 37539062




@q4[ksoftirqd/169]: count 21800, average 1243, total 27102552

@q5[ksoftirqd/169]: count 173380, average 430, total 74655307

@uc: count 4759, average 2963, total 14105518




@q4[ksoftirqd/169]: count 21424, average 1241, total 26605426

@q5[ksoftirqd/169]: count 170389, average 430, total 73417391

@uc: count 7964, average 2058, total 16391464




@q4[ksoftirqd/169]: count 21779, average 1247, total 27172577

@q5[ksoftirqd/169]: count 173285, average 431, total 74732595

@uc: count 6591, average 4115, total 27126921