Attaching 12 probes...
Tracing latency of network stack funtions. Hit Ctrl-C to end.
@q1[openssl]: count 482, average 2573, total 1240301
@q1[ksoftirqd/169]: count 74, average 2591, total 191767
@q1[kworker/169:1]: count 9, average 5633, total 50705

@q2[openssl]: count 908, average 1464, total 1329685
@q2[kworker/169:1]: count 11, average 3425, total 37680
@q2[ksoftirqd/169]: count 150, average 28096, total 4214483


@q4[ksoftirqd/169]: count 3669, average 958, total 3516559
@q4[openssl]: count 27336, average 960, total 26244579
@q4[kworker/169:1]: count 126, average 1029, total 129708

@q5[openssl]: count 214105, average 437, total 93644262
@q5[ksoftirqd/169]: count 28532, average 444, total 12679660
@q5[kworker/169:1]: count 958, average 446, total 427777

@uc: count 4190, average 19740, total 82714552

@q1[openssl]: count 829, average 2438, total 2021874
@q1[ksoftirqd/169]: count 149, average 2469, total 368019

@q2[openssl]: count 1518, average 638, total 969708
@q2[ksoftirqd/169]: count 256, average 772, total 197832
@q2[kworker/169:1]: count 2, average 18690, total 37380


@q4[openssl]: count 66533, average 565, total 37621033
@q4[ksoftirqd/169]: count 2801, average 955, total 2675429
@q4[kworker/169:1]: count 47, average 1378, total 64769

@q5[openssl]: count 307278, average 435, total 133833972
@q5[ksoftirqd/169]: count 21526, average 436, total 9398288
@q5[kworker/169:1]: count 371, average 478, total 177669

@uc: count 2296, average 6189, total 14211314

@q1[openssl]: count 821, average 2415, total 1983060
@q1[ksoftirqd/169]: count 153, average 2688, total 411390

@q2[openssl]: count 1541, average 639, total 985336
@q2[ksoftirqd/169]: count 262, average 764, total 200230
@q2[kworker/169:1]: count 2, average 18870, total 37741


@q4[ksoftirqd/169]: count 2917, average 955, total 2786856
@q4[openssl]: count 39030, average 959, total 37434498
@q4[kworker/169:1]: count 47, average 1406, total 66082

@q5[openssl]: count 305900, average 435, total 133149378
@q5[ksoftirqd/169]: count 22438, average 436, total 9784994
@q5[kworker/169:1]: count 371, average 482, total 178983

@uc: count 2397, average 6498, total 15577554

@q1[openssl]: count 835, average 2471, total 2063693
@q1[ksoftirqd/169]: count 166, average 2506, total 416032

@q2[openssl]: count 1528, average 648, total 991156
@q2[ksoftirqd/169]: count 281, average 651, total 183116


@q4[ksoftirqd/169]: count 3054, average 957, total 2923684
@q4[openssl]: count 39167, average 958, total 37533102

@q5[ksoftirqd/169]: count 23473, average 435, total 10220854
@q5[openssl]: count 307104, average 435, total 133631596

@uc: count 2115, average 5828, total 12327079

@q1[openssl]: count 841, average 2493, total 2097336
@q1[ksoftirqd/169]: count 186, average 2639, total 491004

@q2[ksoftirqd/169]: count 270, average 656, total 177274
@q2[openssl]: count 1532, average 659, total 1010474
@q2[kworker/169:1]: count 2, average 17578, total 35156


@q4[ksoftirqd/169]: count 2862, average 953, total 2729260
@q4[openssl]: count 39528, average 961, total 38001025
@q4[kworker/169:1]: count 47, average 1290, total 60654

@q5[openssl]: count 310037, average 435, total 135034561
@q5[ksoftirqd/169]: count 21970, average 437, total 9602004
@q5[kworker/169:1]: count 370, average 468, total 173203

@uc: count 2517, average 6650, total 16738856

@q1[openssl]: count 859, average 2495, total 2143387
@q1[ksoftirqd/169]: count 236, average 2662, total 628309

@q2[openssl]: count 1520, average 634, total 964591
@q2[ksoftirqd/169]: count 305, average 747, total 227949
@q2[kworker/169:1]: count 1, average 36389, total 36389


@q4[ksoftirqd/169]: count 3129, average 959, total 3002710
@q4[openssl]: count 39704, average 962, total 38219044
@q4[kworker/169:1]: count 48, average 1367, total 65632

@q5[openssl]: count 311472, average 435, total 135674068
@q5[ksoftirqd/169]: count 23985, average 437, total 10490105
@q5[kworker/169:1]: count 380, average 477, total 181616

@uc: count 2817, average 5962, total 16795551

@q1[openssl]: count 879, average 2496, total 2194290
@q1[ksoftirqd/169]: count 215, average 2772, total 595982

@q2[openssl]: count 1510, average 637, total 963209
@q2[ksoftirqd/169]: count 293, average 761, total 223098


@q4[openssl]: count 39730, average 962, total 38243051
@q4[ksoftirqd/169]: count 3219, average 980, total 3157203
@q4[kworker/169:1]: count 1, average 12864, total 12864

@q5[openssl]: count 311594, average 435, total 135650916
@q5[ksoftirqd/169]: count 24761, average 436, total 10795894
@q5[kworker/169:1]: count 8, average 1390, total 11121

@uc: count 3295, average 5042, total 16615651

@q1[openssl]: count 862, average 2506, total 2160584
@q1[ksoftirqd/169]: count 204, average 2655, total 541687
@q1[kworker/169:1]: count 1, average 38102, total 38102

@q2[ksoftirqd/169]: count 279, average 654, total 182603
@q2[openssl]: count 1551, average 660, total 1024675
@q2[kworker/169:1]: count 2, average 36353, total 72707


@q4[ksoftirqd/169]: count 2914, average 958, total 2793689
@q4[openssl]: count 39824, average 961, total 38310376
@q4[kworker/169:1]: count 54, average 1365, total 73712

@q5[openssl]: count 312393, average 435, total 135961339
@q5[ksoftirqd/169]: count 22362, average 437, total 9773428
@q5[kworker/169:1]: count 426, average 474, total 202255

@uc: count 2604, average 5595, total 14570008

@q1[openssl]: count 881, average 2530, total 2229300
@q1[ksoftirqd/169]: count 223, average 2654, total 591846

@q2[openssl]: count 1515, average 650, total 986015
@q2[ksoftirqd/169]: count 301, average 659, total 198361


@q4[openssl]: count 39796, average 962, total 38284744
@q4[ksoftirqd/169]: count 3117, average 974, total 3038208

@q5[openssl]: count 312100, average 435, total 135908284
@q5[ksoftirqd/169]: count 23897, average 436, total 10421853

@uc: count 2671, average 5750, total 15359975

@q1[openssl]: count 884, average 2534, total 2240109
@q1[ksoftirqd/169]: count 218, average 2739, total 597150

@q2[openssl]: count 1529, average 660, total 1009589
@q2[ksoftirqd/169]: count 293, average 668, total 195863


@q4[openssl]: count 39551, average 965, total 38190086
@q4[ksoftirqd/169]: count 3326, average 972, total 3234597
@q4[kworker/169:1]: count 1, average 23904, total 23904

@q5[ksoftirqd/169]: count 25629, average 436, total 11185913
@q5[openssl]: count 310219, average 436, total 135311219
@q5[kworker/169:1]: count 8, average 2579, total 20639

@uc: count 2770, average 6398, total 17724720

@q1[ksoftirqd/169]: count 204, average 2512, total 512615
@q1[openssl]: count 883, average 2546, total 2248448

@q2[ksoftirqd/169]: count 295, average 644, total 190255
@q2[openssl]: count 1515, average 663, total 1004576


@q4[openssl]: count 39412, average 962, total 37932242
@q4[ksoftirqd/169]: count 3279, average 965, total 3165793
@q4[kworker/169:1]: count 1, average 23995, total 23995

@q5[openssl]: count 309110, average 435, total 134645436
@q5[ksoftirqd/169]: count 25179, average 436, total 10993205
@q5[kworker/169:1]: count 8, average 2965, total 23726

@uc: count 3029, average 13067, total 39581331

@q1[openssl]: count 913, average 2507, total 2289378
@q1[ksoftirqd/169]: count 197, average 2775, total 546767

@q2[openssl]: count 1513, average 640, total 968534
@q2[ksoftirqd/169]: count 288, average 753, total 217108
@q2[kworker/169:1]: count 2, average 18665, total 37330


@q4[openssl]: count 39807, average 961, total 38273569
@q4[ksoftirqd/169]: count 3180, average 964, total 3067923
@q4[kworker/169:1]: count 51, average 1364, total 69572

@q5[openssl]: count 312258, average 435, total 135996723
@q5[ksoftirqd/169]: count 24460, average 436, total 10666135
@q5[kworker/169:1]: count 403, average 484, total 195361

@uc: count 2642, average 9791, total 25868018

@q1[openssl]: count 854, average 2514, total 2147035
@q1[ksoftirqd/169]: count 180, average 2597, total 467568
@q1[kworker/169:1]: count 1, average 38543, total 38543

@q2[openssl]: count 1547, average 646, total 1000244
@q2[ksoftirqd/169]: count 254, average 774, total 196704
@q2[kworker/169:1]: count 1, average 35607, total 35607


@q4[ksoftirqd/169]: count 2677, average 960, total 2571979
@q4[openssl]: count 40000, average 961, total 38460341
@q4[kworker/169:1]: count 1, average 23394, total 23394

@q5[ksoftirqd/169]: count 20522, average 435, total 8947418
@q5[openssl]: count 313811, average 435, total 136613134
@q5[kworker/169:1]: count 7, average 2876, total 20138

@uc: count 2213, average 6392, total 14147342

@q1[openssl]: count 857, average 2501, total 2143498
@q1[ksoftirqd/169]: count 196, average 2653, total 520165

@q2[openssl]: count 1530, average 636, total 974133
@q2[ksoftirqd/169]: count 275, average 716, total 196914
@q2[kworker/169:1]: count 1, average 36528, total 36528


@q4[openssl]: count 39860, average 962, total 38372293
@q4[ksoftirqd/169]: count 2965, average 972, total 2882902
@q4[kworker/169:1]: count 7, average 3951, total 27662

@q5[openssl]: count 312700, average 435, total 136102183
@q5[ksoftirqd/169]: count 22781, average 437, total 9958846
@q5[kworker/169:1]: count 54, average 748, total 40435

@uc: count 2342, average 6855, total 16054519

@q1[openssl]: count 866, average 2503, total 2167637
@q1[ksoftirqd/169]: count 203, average 2692, total 546477

@q2[ksoftirqd/169]: count 278, average 655, total 182187
@q2[openssl]: count 1550, average 660, total 1023405


@q4[ksoftirqd/169]: count 2911, average 953, total 2775526
@q4[openssl]: count 40004, average 964, total 38570167

@q5[openssl]: count 313747, average 435, total 136616839
@q5[ksoftirqd/169]: count 22353, average 436, total 9763290

@uc: count 3331, average 5668, total 18883201

@q1[openssl]: count 855, average 2550, total 2180424
@q1[ksoftirqd/169]: count 192, average 2676, total 513811
@q1[kworker/169:1]: count 2, average 19026, total 38052

@q2[openssl]: count 1499, average 646, total 968688
@q2[ksoftirqd/169]: count 282, average 766, total 216032
@q2[kworker/169:1]: count 3, average 11846, total 35538


@q4[openssl]: count 39584, average 964, total 38180164
@q4[ksoftirqd/169]: count 3209, average 983, total 3156238
@q4[kworker/169:1]: count 81, average 1197, total 97032

@q5[ksoftirqd/169]: count 24701, average 435, total 10763315
@q5[openssl]: count 310626, average 435, total 135332458
@q5[kworker/169:1]: count 636, average 462, total 294163

@uc: count 2719, average 5272, total 14336517

@q1[openssl]: count 839, average 2505, total 2102319
@q1[ksoftirqd/169]: count 195, average 2704, total 527365

@q2[openssl]: count 1528, average 645, total 986608
@q2[ksoftirqd/169]: count 268, average 781, total 209345
@q2[kworker/169:1]: count 2, average 19156, total 38312


@q4[openssl]: count 39680, average 963, total 38228553
@q4[ksoftirqd/169]: count 2983, average 972, total 2902455
@q4[kworker/169:1]: count 44, average 1455, total 64063

@q5[ksoftirqd/169]: count 22938, average 435, total 10000672
@q5[openssl]: count 311229, average 435, total 135558789
@q5[kworker/169:1]: count 347, average 483, total 167911

@uc: count 2255, average 6357, total 14337167

@q1[openssl]: count 858, average 2491, total 2137503
@q1[ksoftirqd/169]: count 190, average 2638, total 501393

@q2[openssl]: count 1521, average 638, total 970409
@q2[ksoftirqd/169]: count 269, average 770, total 207136


@q4[openssl]: count 39644, average 961, total 38113504
@q4[ksoftirqd/169]: count 3140, average 979, total 3075352

@q5[openssl]: count 310966, average 435, total 135310976
@q5[ksoftirqd/169]: count 24177, average 436, total 10544150

@uc: count 2329, average 6604, total 15380724

@q1[openssl]: count 863, average 2513, total 2169209
@q1[ksoftirqd/169]: count 183, average 2718, total 497568

@q2[openssl]: count 1524, average 637, total 971935
@q2[ksoftirqd/169]: count 281, average 771, total 216834


@q4[openssl]: count 39876, average 963, total 38427643
@q4[ksoftirqd/169]: count 2911, average 966, total 2812901

@q5[openssl]: count 312812, average 434, total 136068304
@q5[ksoftirqd/169]: count 22396, average 435, total 9753266

@uc: count 3009, average 5526, total 16629613

@q1[openssl]: count 882, average 2482, total 2189182
@q1[ksoftirqd/169]: count 197, average 2778, total 547313
@q1[kworker/169:1]: count 1, average 37781, total 37781

@q2[openssl]: count 1497, average 638, total 955138
@q2[ksoftirqd/169]: count 281, average 755, total 212319
@q2[kworker/169:1]: count 1, average 34776, total 34776


@q4[ksoftirqd/169]: count 2941, average 959, total 2820785
@q4[openssl]: count 39995, average 963, total 38526226
@q4[kworker/169:1]: count 2, average 7449, total 14898

@q5[ksoftirqd/169]: count 22558, average 434, total 9811076
@q5[openssl]: count 313776, average 434, total 136340589
@q5[kworker/169:1]: count 15, average 959, total 14387

@uc: count 2397, average 5933, total 14221722

@q1[openssl]: count 848, average 2460, total 2086477
@q1[ksoftirqd/169]: count 179, average 2755, total 493245

@q2[openssl]: count 1543, average 636, total 982858
@q2[ksoftirqd/169]: count 265, average 763, total 202374
@q2[kworker/169:1]: count 2, average 18985, total 37971


@q4[openssl]: count 39563, average 964, total 38153637
@q4[ksoftirqd/169]: count 3182, average 993, total 3161983
@q4[kworker/169:1]: count 48, average 1418, total 68092

@q5[ksoftirqd/169]: count 24515, average 434, total 10659343
@q5[openssl]: count 310323, average 434, total 134850905
@q5[kworker/169:1]: count 377, average 484, total 182778

@uc: count 2211, average 6166, total 13634179

@q1[openssl]: count 895, average 2563, total 2294450
@q1[ksoftirqd/169]: count 213, average 2686, total 572309

@q2[ksoftirqd/169]: count 303, average 655, total 198541
@q2[openssl]: count 1489, average 662, total 986362


@q4[openssl]: count 39401, average 966, total 38064346
@q4[ksoftirqd/169]: count 3650, average 990, total 3615275

@q5[ksoftirqd/169]: count 28142, average 434, total 12222652
@q5[openssl]: count 309126, average 435, total 134492238

@uc: count 3647, average 11370, total 41466938

@q1[openssl]: count 954, average 2551, total 2434418
@q1[ksoftirqd/169]: count 187, average 2632, total 492272

@q2[ksoftirqd/169]: count 281, average 654, total 183887
@q2[openssl]: count 1550, average 654, total 1015164
@q2[kworker/169:1]: count 2, average 18935, total 37871


@q4[ksoftirqd/169]: count 2949, average 958, total 2826091
@q4[openssl]: count 40088, average 964, total 38648813
@q4[kworker/169:1]: count 50, average 1420, total 71000

@q5[ksoftirqd/169]: count 22636, average 434, total 9832794
@q5[openssl]: count 314324, average 434, total 136703516
@q5[kworker/169:1]: count 393, average 481, total 189175

@uc: count 2681, average 8888, total 23830072

@q1[openssl]: count 859, average 2547, total 2188675
@q1[ksoftirqd/169]: count 199, average 2741, total 545479
@q1[kworker/169:1]: count 1, average 37371, total 37371

@q2[ksoftirqd/169]: count 279, average 655, total 182872
@q2[openssl]: count 1499, average 659, total 988885
@q2[kworker/169:1]: count 1, average 33953, total 33953


@q4[openssl]: count 39661, average 967, total 38369312
@q4[ksoftirqd/169]: count 3141, average 983, total 3088582
@q4[kworker/169:1]: count 44, average 1488, total 65472

@q5[ksoftirqd/169]: count 24190, average 433, total 10485534
@q5[openssl]: count 311286, average 434, total 135242644
@q5[kworker/169:1]: count 346, average 495, total 171325

@uc: count 2567, average 5913, total 15180812

@q1[openssl]: count 876, average 2524, total 2211365
@q1[ksoftirqd/169]: count 183, average 2653, total 485526
@q1[kworker/169:1]: count 1, average 40586, total 40586

@q2[ksoftirqd/169]: count 285, average 654, total 186509
@q2[openssl]: count 1543, average 656, total 1012784
@q2[kworker/169:1]: count 1, average 33754, total 33754


@q4[openssl]: count 39677, average 963, total 38231320
@q4[ksoftirqd/169]: count 3187, average 976, total 3112552
@q4[kworker/169:1]: count 1, average 26079, total 26079

@q5[ksoftirqd/169]: count 24546, average 433, total 10635454
@q5[openssl]: count 311189, average 434, total 135277441
@q5[kworker/169:1]: count 7, average 3638, total 25467

@uc: count 2295, average 6008, total 13789490

@q1[openssl]: count 942, average 2546, total 2399005
@q1[ksoftirqd/169]: count 195, average 2656, total 518078

@q2[openssl]: count 1521, average 631, total 961077
@q2[ksoftirqd/169]: count 290, average 724, total 210050


@q4[openssl]: count 39684, average 964, total 38280553
@q4[ksoftirqd/169]: count 3378, average 983, total 3322738

@q5[ksoftirqd/169]: count 26041, average 434, total 11305591
@q5[openssl]: count 311231, average 434, total 135372697

@uc: count 2351, average 7368, total 17322696

@q1[openssl]: count 916, average 2558, total 2343967
@q1[ksoftirqd/169]: count 205, average 2652, total 543693

@q2[openssl]: count 1538, average 641, total 986618
@q2[ksoftirqd/169]: count 297, average 762, total 226564
@q2[kworker/169:1]: count 2, average 18980, total 37961


@q4[openssl]: count 39907, average 963, total 38459922
@q4[ksoftirqd/169]: count 3145, average 967, total 3041578
@q4[kworker/169:1]: count 50, average 1398, total 69902

@q5[ksoftirqd/169]: count 24170, average 433, total 10480859
@q5[openssl]: count 313056, average 434, total 136085206
@q5[kworker/169:1]: count 392, average 483, total 189410

@uc: count 2532, average 6471, total 16385150

@q1[openssl]: count 858, average 2518, total 2160621
@q1[ksoftirqd/169]: count 192, average 2638, total 506687

@q2[openssl]: count 1541, average 656, total 1011530
@q2[ksoftirqd/169]: count 285, average 657, total 187415


@q4[openssl]: count 39677, average 964, total 38263522
@q4[ksoftirqd/169]: count 3055, average 975, total 2979169

@q5[ksoftirqd/169]: count 23484, average 434, total 10195560
@q5[openssl]: count 311232, average 434, total 135247397

@uc: count 2671, average 5606, total 14974181

@q1[openssl]: count 851, average 2504, total 2131200
@q1[ksoftirqd/169]: count 184, average 2844, total 523400
@q1[kworker/169:1]: count 1, average 38222, total 38222

@q2[openssl]: count 1532, average 640, total 981066
@q2[ksoftirqd/169]: count 267, average 766, total 204573
@q2[kworker/169:1]: count 3, average 13034, total 39103


@q4[openssl]: count 39710, average 967, total 38425801
@q4[ksoftirqd/169]: count 2972, average 972, total 2888904
@q4[kworker/169:1]: count 49, average 1438, total 70488

@q5[ksoftirqd/169]: count 22880, average 434, total 9931419
@q5[openssl]: count 311587, average 435, total 135668325
@q5[kworker/169:1]: count 383, average 479, total 183676

@uc: count 2292, average 6477, total 14846897

@q1[openssl]: count 853, average 2503, total 2135527
@q1[ksoftirqd/169]: count 220, average 2579, total 567582

@q2[openssl]: count 1504, average 637, total 958952
@q2[ksoftirqd/169]: count 301, average 750, total 226023
@q2[kworker/169:1]: count 1, average 37019, total 37019


@q4[openssl]: count 39583, average 967, total 38289718
@q4[ksoftirqd/169]: count 3210, average 969, total 3112002
@q4[kworker/169:1]: count 48, average 1420, total 68199

@q5[ksoftirqd/169]: count 24592, average 434, total 10680772
@q5[openssl]: count 310494, average 435, total 135327206
@q5[kworker/169:1]: count 381, average 483, total 184223

@uc: count 2429, average 5501, total 13364257

@q1[openssl]: count 880, average 2527, total 2224181
@q1[ksoftirqd/169]: count 187, average 2568, total 480216
@q1[kworker/169:1]: count 1, average 37300, total 37300

@q2[ksoftirqd/169]: count 264, average 649, total 171508
@q2[openssl]: count 1540, average 653, total 1006526
@q2[kworker/169:1]: count 1, average 34414, total 34414


@q4[ksoftirqd/169]: count 2843, average 959, total 2726522
@q4[openssl]: count 39985, average 966, total 38649945
@q4[kworker/169:1]: count 44, average 1484, total 65305

@q5[ksoftirqd/169]: count 21816, average 434, total 9476475
@q5[openssl]: count 313675, average 434, total 136405683
@q5[kworker/169:1]: count 347, average 487, total 169246

@uc: count 2513, average 6494, total 16319552

@q1[openssl]: count 875, average 2532, total 2216050
@q1[ksoftirqd/169]: count 202, average 2660, total 537503

@q2[ksoftirqd/169]: count 282, average 653, total 184167
@q2[openssl]: count 1503, average 659, total 990598
@q2[kworker/169:1]: count 2, average 3997, total 7995


@q4[ksoftirqd/169]: count 2852, average 957, total 2730271
@q4[openssl]: count 39954, average 965, total 38582962
@q4[kworker/169:1]: count 47, average 1341, total 63030

@q5[ksoftirqd/169]: count 21845, average 434, total 9493453
@q5[openssl]: count 313618, average 434, total 136358178
@q5[kworker/169:1]: count 372, average 474, total 176450

@uc: count 2525, average 9774, total 24679685

@q1[openssl]: count 927, average 2528, total 2344258
@q1[ksoftirqd/169]: count 212, average 2609, total 553220
@q1[kworker/169:1]: count 1, average 38372, total 38372

@q2[openssl]: count 1530, average 634, total 970186
@q2[ksoftirqd/169]: count 296, average 752, total 222645
@q2[kworker/169:1]: count 1, average 35136, total 35136


@q4[ksoftirqd/169]: count 3182, average 968, total 3082567
@q4[openssl]: count 39984, average 968, total 38733549
@q4[kworker/169:1]: count 1, average 24245, total 24245

@q5[ksoftirqd/169]: count 24431, average 433, total 10601604
@q5[openssl]: count 313608, average 435, total 136495585
@q5[kworker/169:1]: count 7, average 3137, total 21962

@uc: count 2925, average 9072, total 26538109

@q1[openssl]: count 888, average 2514, total 2232836
@q1[ksoftirqd/169]: count 196, average 2675, total 524391

@q2[openssl]: count 1531, average 634, total 971354
@q2[ksoftirqd/169]: count 277, average 668, total 185128


@q4[ksoftirqd/169]: count 2996, average 964, total 2889134
@q4[openssl]: count 40063, average 965, total 38671181

@q5[ksoftirqd/169]: count 23019, average 434, total 10002002
@q5[openssl]: count 314270, average 434, total 136582492

@uc: count 2677, average 6037, total 16161113

@q1[openssl]: count 859, average 2504, total 2151518
@q1[ksoftirqd/169]: count 213, average 2689, total 572942
@q1[kworker/169:1]: count 1, average 22202, total 22202

@q2[ksoftirqd/169]: count 290, average 654, total 189687
@q2[openssl]: count 1525, average 658, total 1004093
@q2[kworker/169:1]: count 1, average 24696, total 24696


@q4[ksoftirqd/169]: count 3081, average 959, total 2956684
@q4[openssl]: count 39687, average 966, total 38363825
@q4[kworker/169:1]: count 44, average 1286, total 56623

@q5[ksoftirqd/169]: count 23659, average 434, total 10280535
@q5[openssl]: count 311350, average 435, total 135691961
@q5[kworker/169:1]: count 347, average 471, total 163582

@uc: count 2742, average 6458, total 17708958

@q1[openssl]: count 860, average 2483, total 2135691
@q1[ksoftirqd/169]: count 158, average 2617, total 413595

@q2[openssl]: count 1526, average 635, total 969143
@q2[ksoftirqd/169]: count 257, average 779, total 200361


@q4[openssl]: count 39340, average 965, total 37964053
@q4[ksoftirqd/169]: count 2914, average 969, total 2824412

@q5[ksoftirqd/169]: count 22433, average 434, total 9745582
@q5[openssl]: count 308533, average 434, total 134165770

@uc: count 2124, average 5811, total 12344357

@q1[openssl]: count 823, average 2465, total 2029152
@q1[ksoftirqd/169]: count 149, average 2556, total 380873
@q1[kworker/169:1]: count 1, average 36107, total 36107

@q2[ksoftirqd/169]: count 250, average 651, total 162918
@q2[openssl]: count 1534, average 658, total 1010491
@q2[kworker/169:1]: count 4, average 9665, total 38663


@q4[openssl]: count 38971, average 965, total 37620594
@q4[ksoftirqd/169]: count 3011, average 983, total 2960251
@q4[kworker/169:1]: count 87, average 1179, total 102620

@q5[ksoftirqd/169]: count 23214, average 433, total 10068374
@q5[kworker/169:1]: count 678, average 461, total 312640
@q5[openssl]: count 305525, average 873, total 267021048

@uc: count 2198, average 5970, total 13123602

@q1[openssl]: count 831, average 2453, total 2039123
@q1[ksoftirqd/169]: count 140, average 2535, total 354993

@q2[openssl]: count 1527, average 642, total 981256
@q2[ksoftirqd/169]: count 239, average 795, total 190029
@q2[kworker/169:1]: count 1, average 36879, total 36879


@q4[openssl]: count 39355, average 967, total 38091502
@q4[ksoftirqd/169]: count 2673, average 978, total 2615671
@q4[kworker/169:1]: count 3, average 5934, total 17804

@q5[ksoftirqd/169]: count 20600, average 434, total 8956890
@q5[openssl]: count 308618, average 435, total 134297531
@q5[kworker/169:1]: count 22, average 1078, total 23734

@uc: count 2384, average 6051, total 14426532

@q1[openssl]: count 818, average 2443, total 1998623
@q1[ksoftirqd/169]: count 168, average 2687, total 451480
@q1[kworker/169:1]: count 1, average 39023, total 39023

@q2[openssl]: count 1498, average 642, total 963211
@q2[ksoftirqd/169]: count 268, average 764, total 204991
@q2[kworker/169:1]: count 3, average 13245, total 39735


@q4[ksoftirqd/169]: count 3065, average 961, total 2948183
@q4[openssl]: count 38948, average 966, total 37650314
@q4[kworker/169:1]: count 51, average 1487, total 75846

@q5[ksoftirqd/169]: count 23578, average 434, total 10233321
@q5[openssl]: count 305501, average 434, total 132874990
@q5[kworker/169:1]: count 397, average 488, total 193743

@uc: count 3314, average 5545, total 18377426

@q1[openssl]: count 825, average 2465, total 2033880
@q1[ksoftirqd/169]: count 157, average 2523, total 396121
@q1[kworker/169:1]: count 2, average 18905, total 37810

@q2[openssl]: count 1513, average 638, total 966119
@q2[ksoftirqd/169]: count 277, average 765, total 212097
@q2[kworker/169:1]: count 4, average 5315, total 21260


@q4[openssl]: count 38829, average 963, total 37431151
@q4[ksoftirqd/169]: count 3134, average 968, total 3035684
@q4[kworker/169:1]: count 83, average 1085, total 90100

@q5[ksoftirqd/169]: count 24152, average 433, total 10481319
@q5[openssl]: count 304474, average 435, total 132485710
@q5[kworker/169:1]: count 652, average 452, total 294912

@uc: count 2402, average 6179, total 14842974

@q1[openssl]: count 850, average 2512, total 2135380
@q1[ksoftirqd/169]: count 173, average 2603, total 450439

@q2[openssl]: count 1518, average 645, total 979552
@q2[ksoftirqd/169]: count 277, average 772, total 214114


@q4[openssl]: count 39363, average 967, total 38071198
@q4[ksoftirqd/169]: count 3129, average 979, total 3065703

@q5[ksoftirqd/169]: count 24097, average 433, total 10443308
@q5[openssl]: count 308750, average 435, total 134431712

@uc: count 2261, average 5839, total 13202281

@q1[openssl]: count 858, average 2496, total 2141694
@q1[ksoftirqd/169]: count 188, average 2648, total 497832

@q2[openssl]: count 1524, average 655, total 999506
@q2[ksoftirqd/169]: count 270, average 667, total 180303


@q4[openssl]: count 39586, average 964, total 38194610
@q4[ksoftirqd/169]: count 3054, average 986, total 3011676

@q5[ksoftirqd/169]: count 23517, average 434, total 10206974
@q5[openssl]: count 310488, average 434, total 135005319

@uc: count 2621, average 5346, total 14012636

@q1[openssl]: count 878, average 2500, total 2195023
@q1[ksoftirqd/169]: count 226, average 2674, total 604453
@q1[kworker/169:1]: count 1, average 37771, total 37771

@q2[ksoftirqd/169]: count 298, average 652, total 194562
@q2[openssl]: count 1539, average 660, total 1016545
@q2[kworker/169:1]: count 1, average 34374, total 34374


@q4[openssl]: count 39665, average 967, total 38375229
@q4[ksoftirqd/169]: count 3232, average 971, total 3139334
@q4[kworker/169:1]: count 45, average 1476, total 66427

@q5[ksoftirqd/169]: count 24798, average 433, total 10758297
@q5[openssl]: count 311092, average 435, total 135358551
@q5[kworker/169:1]: count 356, average 487, total 173453

@uc: count 2750, average 6976, total 19186193

@q1[openssl]: count 893, average 2536, total 2264837
@q1[ksoftirqd/169]: count 198, average 2655, total 525712

@q2[openssl]: count 1504, average 638, total 961050
@q2[ksoftirqd/169]: count 297, average 745, total 221508


@q4[openssl]: count 39667, average 964, total 38277797
@q4[ksoftirqd/169]: count 3262, average 985, total 3214272

@q5[ksoftirqd/169]: count 25076, average 434, total 10900979
@q5[openssl]: count 311263, average 435, total 135483164

@uc: count 2916, average 15968, total 46564387

@q1[openssl]: count 889, average 2511, total 2232955
@q1[ksoftirqd/169]: count 188, average 2886, total 542739

@q2[openssl]: count 1529, average 644, total 985561
@q2[ksoftirqd/169]: count 276, average 766, total 211685
@q2[kworker/169:1]: count 1, average 37671, total 37671


@q4[openssl]: count 39668, average 963, total 38204667
@q4[ksoftirqd/169]: count 3041, average 976, total 2968024
@q4[kworker/169:1]: count 45, average 1317, total 59283

@q5[ksoftirqd/169]: count 23392, average 433, total 10145889
@q5[openssl]: count 311174, average 434, total 135297458
@q5[kworker/169:1]: count 357, average 478, total 170901

@uc: count 2486, average 7233, total 17983686

@q1[openssl]: count 898, average 2531, total 2273588
@q1[ksoftirqd/169]: count 204, average 2765, total 564136

@q2[openssl]: count 1528, average 638, total 975240
@q2[ksoftirqd/169]: count 301, average 743, total 223797


@q4[openssl]: count 39706, average 964, total 38280578
@q4[ksoftirqd/169]: count 3227, average 984, total 3177750
@q4[kworker/169:1]: count 80, average 1439, total 115141

@q5[ksoftirqd/169]: count 24837, average 434, total 10785031
@q5[openssl]: count 311441, average 435, total 135490637
@q5[kworker/169:1]: count 636, average 458, total 291901

@uc: count 2404, average 5695, total 13691245

@q1[openssl]: count 874, average 2479, total 2167298
@q1[ksoftirqd/169]: count 174, average 2854, total 496675

@q2[openssl]: count 1541, average 637, total 982808
@q2[ksoftirqd/169]: count 260, average 777, total 202201
@q2[kworker/169:1]: count 1, average 37070, total 37070


@q4[openssl]: count 39787, average 964, total 38381517
@q4[ksoftirqd/169]: count 2916, average 976, total 2846860
@q4[kworker/169:1]: count 49, average 1367, total 67026

@q5[ksoftirqd/169]: count 22467, average 434, total 9758290
@q5[openssl]: count 312079, average 434, total 135641546
@q5[kworker/169:1]: count 387, average 471, total 182281

@uc: count 2479, average 6247, total 15487622

@q1[openssl]: count 861, average 2522, total 2171996
@q1[ksoftirqd/169]: count 207, average 2734, total 565986

@q2[openssl]: count 1523, average 635, total 967475
@q2[ksoftirqd/169]: count 292, average 761, total 222418


@q4[openssl]: count 39562, average 964, total 38164454
@q4[ksoftirqd/169]: count 3296, average 993, total 3273012
@q4[kworker/169:1]: count 1, average 23735, total 23735

@q5[ksoftirqd/169]: count 25392, average 434, total 11031226
@q5[openssl]: count 310357, average 435, total 135062102
@q5[kworker/169:1]: count 8, average 2686, total 21489

@uc: count 2272, average 6328, total 14378192

@q1[openssl]: count 877, average 2521, total 2211507
@q1[ksoftirqd/169]: count 199, average 2666, total 530642
@q1[kworker/169:1]: count 1, average 36970, total 36970

@q2[openssl]: count 1537, average 658, total 1012135
@q2[ksoftirqd/169]: count 285, average 671, total 191404
@q2[kworker/169:1]: count 1, average 32912, total 32912


@q4[openssl]: count 39724, average 966, total 38395512
@q4[ksoftirqd/169]: count 3063, average 979, total 3001481
@q4[kworker/169:1]: count 45, average 1468, total 66073

@q5[ksoftirqd/169]: count 23556, average 434, total 10234856
@q5[openssl]: count 311616, average 435, total 135643868
@q5[kworker/169:1]: count 355, average 486, total 172579

@uc: count 2272, average 6602, total 15000122

@q1[openssl]: count 866, average 2473, total 2142323
@q1[ksoftirqd/169]: count 199, average 2603, total 518118
@q1[kworker/169:1]: count 1, average 37010, total 37010

@q2[openssl]: count 1535, average 634, total 973555
@q2[ksoftirqd/169]: count 287, average 756, total 217045
@q2[kworker/169:1]: count 3, average 12633, total 37901


@q4[openssl]: count 39731, average 964, total 38312595
@q4[ksoftirqd/169]: count 3018, average 974, total 2941168
@q4[kworker/169:1]: count 94, average 1195, total 112419

@q5[ksoftirqd/169]: count 23140, average 434, total 10063137
@q5[openssl]: count 311590, average 434, total 135429156
@q5[kworker/169:1]: count 743, average 459, total 341222

@uc: count 2395, average 5625, total 13473913

@q1[openssl]: count 875, average 2484, total 2173865
@q1[ksoftirqd/169]: count 209, average 2672, total 558471

@q2[openssl]: count 1535, average 632, total 971092
@q2[ksoftirqd/169]: count 278, average 761, total 211685
@q2[kworker/169:1]: count 1, average 36769, total 36769


@q4[openssl]: count 39910, average 964, total 38491138
@q4[ksoftirqd/169]: count 3017, average 966, total 2916825
@q4[kworker/169:1]: count 3, average 6529, total 19587

@q5[ksoftirqd/169]: count 23198, average 434, total 10081685
@q5[openssl]: count 312988, average 867, total 271513961
@q5[kworker/169:1]: count 23, average 1030, total 23693

@uc: count 2700, average 7045, total 19023436

@q1[openssl]: count 927, average 2525, total 2341004
@q1[ksoftirqd/169]: count 213, average 2673, total 569528

@q2[openssl]: count 1545, average 640, total 989772
@q2[ksoftirqd/169]: count 275, average 759, total 208729


@q4[ksoftirqd/169]: count 3058, average 962, total 2944465
@q4[openssl]: count 39999, average 965, total 38608968

@q5[ksoftirqd/169]: count 23497, average 434, total 10207466
@q5[openssl]: count 313726, average 434, total 136422084

@uc: count 2575, average 5484, total 14123826

@q1[openssl]: count 871, average 2498, total 2176229
@q1[ksoftirqd/169]: count 193, average 2667, total 514735

@q2[openssl]: count 1516, average 635, total 962806
@q2[ksoftirqd/169]: count 276, average 764, total 211007


@q4[openssl]: count 39699, average 966, total 38374212
@q4[ksoftirqd/169]: count 3093, average 975, total 3018047

@q5[ksoftirqd/169]: count 23814, average 434, total 10348424
@q5[openssl]: count 311350, average 435, total 135467403

@uc: count 2286, average 6074, total 13886586

@q1[openssl]: count 841, average 2479, total 2085362
@q1[ksoftirqd/169]: count 198, average 2617, total 518232

@q2[ksoftirqd/169]: count 286, average 652, total 186520
@q2[openssl]: count 1545, average 663, total 1024895


@q4[openssl]: count 39713, average 968, total 38448059
@q4[ksoftirqd/169]: count 2978, average 973, total 2898964

@q5[openssl]: count 622852, average 217, total 135710782
@q5[ksoftirqd/169]: count 22834, average 435, total 9936479

@uc: count 2358, average 6359, total 14994669

@q1[openssl]: count 863, average 2483, total 2143133
@q1[ksoftirqd/169]: count 184, average 2594, total 477302

@q2[openssl]: count 1536, average 636, total 977647
@q2[ksoftirqd/169]: count 274, average 764, total 209472


@q4[ksoftirqd/169]: count 3032, average 957, total 2902634
@q4[openssl]: count 39645, average 966, total 38329977

@q5[ksoftirqd/169]: count 23296, average 434, total 10112032
@q5[openssl]: count 310894, average 434, total 135215014

@uc: count 2836, average 9339, total 26487235

@q1[ksoftirqd/169]: count 187, average 2592, total 484858
@q1[openssl]: count 944, average 2624, total 2477676

@q2[openssl]: count 1497, average 644, total 965353
@q2[ksoftirqd/169]: count 283, average 765, total 216581


@q4[openssl]: count 39667, average 965, total 38280882
@q4[ksoftirqd/169]: count 3369, average 978, total 3298184

@q5[ksoftirqd/169]: count 25965, average 434, total 11286674
@q5[openssl]: count 311259, average 435, total 135402679

@uc: count 2844, average 8957, total 25475058

@q1[openssl]: count 880, average 2503, total 2203052
@q1[ksoftirqd/169]: count 188, average 2680, total 503895
@q1[kworker/169:1]: count 1, average 36719, total 36719

@q2[openssl]: count 1547, average 638, total 987911
@q2[ksoftirqd/169]: count 281, average 774, total 217697
@q2[kworker/169:1]: count 1, average 33863, total 33863


@q4[openssl]: count 39744, average 964, total 38315032
@q4[ksoftirqd/169]: count 2953, average 968, total 2860075
@q4[kworker/169:1]: count 45, average 1502, total 67597

@q5[ksoftirqd/169]: count 22694, average 434, total 9853043
@q5[openssl]: count 311742, average 434, total 135575214
@q5[kworker/169:1]: count 354, average 485, total 171943

@uc: count 2303, average 6324, total 14564722

@q1[openssl]: count 401, average 2475, total 992490
@q1[ksoftirqd/169]: count 156, average 2730, total 425927
@q1[swapper/169]: count 242, average 2803, total 678487
@q1[kworker/169:1]: count 2, average 7304, total 14608
@q1[iperf]: count 2, average 13805, total 27611

@q2[openssl]: count 726, average 639, total 464245
@q2[swapper/169]: count 408, average 724, total 295759
@q2[ksoftirqd/169]: count 239, average 754, total 180429
@q2[kworker/169:1]: count 4, average 3446, total 13785
@q2[iperf]: count 3, average 9648, total 28944


@q4[openssl]: count 18540, average 966, total 17922609
@q4[swapper/169]: count 9755, average 1061, total 10352394
@q4[iperf]: count 45, average 1248, total 56197
@q4[ksoftirqd/169]: count 14271, average 1455, total 20772995
@q4[kworker/169:1]: count 11, average 1629, total 17921

@q5[openssl]: count 145333, average 434, total 63207672
@q5[iperf]: count 348, average 464, total 161701
@q5[swapper/169]: count 76552, average 476, total 36497051
@q5[kworker/169:1]: count 81, average 537, total 43557
@q5[ksoftirqd/169]: count 112848, average 647, total 73074757

@uc: count 19526, average 2340, total 45703127