Attaching 12 probes...
Tracing latency of network stack funtions. Hit Ctrl-C to end.



@q4[openssl]: count 4596, average 981, total 4510717
@q4[ksoftirqd/169]: count 13422, average 1322, total 17744316
@q4[kworker/169:2]: count 1, average 79710, total 79710

@q5[ksoftirqd/169]: count 106643, average 433, total 46234221
@q5[openssl]: count 35985, average 434, total 15644798
@q5[kworker/169:2]: count 6, average 3199, total 19197

@uc: count 5633, average 13998, total 78855243




@q4[ksoftirqd/169]: count 20519, average 1265, total 25971849

@q5[ksoftirqd/169]: count 163177, average 429, total 70134661

@uc: count 5059, average 9581, total 48472701




@q4[ksoftirqd/169]: count 21395, average 1264, total 27044379

@q5[ksoftirqd/169]: count 170152, average 429, total 73143412

@uc: count 5705, average 4005, total 22852420




@q4[ksoftirqd/169]: count 21120, average 1261, total 26646555

@q5[ksoftirqd/169]: count 167972, average 430, total 72233354

@uc: count 5830, average 7207, total 42021338




@q4[ksoftirqd/169]: count 21153, average 1272, total 26907504

@q5[ksoftirqd/169]: count 168290, average 429, total 72336683

@uc: count 4511, average 11513, total 51938468




@q4[ksoftirqd/169]: count 20624, average 1271, total 26215626

@q5[ksoftirqd/169]: count 164013, average 430, total 70630682

@uc: count 6133, average 2522, total 15470146




@q4[ksoftirqd/169]: count 20835, average 1281, total 26697489

@q5[ksoftirqd/169]: count 165777, average 431, total 71538038

@uc: count 5222, average 3467, total 18107617




@q4[ksoftirqd/169]: count 20636, average 1271, total 26239386

@q5[ksoftirqd/169]: count 164106, average 430, total 70633194

@uc: count 8010, average 2589, total 20741794




@q4[ksoftirqd/169]: count 21000, average 1270, total 26674782

@q5[ksoftirqd/169]: count 167018, average 429, total 71674240

@uc: count 6600, average 2476, total 16346892




@q4[ksoftirqd/169]: count 20584, average 1271, total 26179196

@q5[ksoftirqd/169]: count 163709, average 430, total 70396655

@uc: count 6819, average 2604, total 17760963




@q4[ksoftirqd/169]: count 20979, average 1271, total 26669069

@q5[ksoftirqd/169]: count 166914, average 430, total 71834165

@uc: count 5929, average 2662, total 15788012




@q4[ksoftirqd/169]: count 20798, average 1273, total 26493535

@q5[ksoftirqd/169]: count 165464, average 430, total 71236276

@uc: count 5841, average 3126, total 18262039




@q4[ksoftirqd/169]: count 21021, average 1271, total 26718241

@q5[ksoftirqd/169]: count 167246, average 428, total 71743301

@uc: count 4322, average 3757, total 16241588




@q4[ksoftirqd/169]: count 21001, average 1270, total 26671801

@q5[ksoftirqd/169]: count 167009, average 429, total 71672227

@uc: count 3954, average 3487, total 13790814




@q4[ksoftirqd/169]: count 20536, average 1279, total 26266660

@q5[ksoftirqd/169]: count 163327, average 430, total 70369996

@uc: count 4866, average 2893, total 14080313




@q4[ksoftirqd/169]: count 20924, average 1280, total 26803042

@q5[ksoftirqd/169]: count 166477, average 430, total 71671979

@uc: count 6430, average 3013, total 19377693




@q4[ksoftirqd/169]: count 20326, average 1277, total 25964062

@q5[ksoftirqd/169]: count 161713, average 431, total 69731303

@uc: count 7898, average 2328, total 18388786




@q4[ksoftirqd/169]: count 20712, average 1271, total 26336770

@q5[ksoftirqd/169]: count 164769, average 429, total 70776555

@uc: count 4313, average 3404, total 14683571




@q4[ksoftirqd/169]: count 21031, average 1271, total 26742697

@q5[ksoftirqd/169]: count 167254, average 430, total 71962163

@uc: count 5504, average 2836, total 15609898




@q4[ksoftirqd/169]: count 21262, average 1269, total 26992414

@q5[ksoftirqd/169]: count 169165, average 429, total 72588168

@uc: count 3989, average 4313, total 17206393




@q4[ksoftirqd/169]: count 20923, average 1272, total 26620277

@q5[ksoftirqd/169]: count 166463, average 429, total 71447159

@uc: count 4768, average 5277, total 25162518




@q4[ksoftirqd/169]: count 20726, average 1278, total 26489324

@q5[ksoftirqd/169]: count 164902, average 430, total 71001112

@uc: count 5580, average 2902, total 16196584




@q4[ksoftirqd/169]: count 21226, average 1266, total 26873103

@q5[ksoftirqd/169]: count 168863, average 429, total 72463522

@uc: count 4703, average 3058, total 14384108




@q4[ksoftirqd/169]: count 21337, average 1282, total 27371548

@q5[ksoftirqd/169]: count 169749, average 430, total 73047334

@uc: count 5464, average 5301, total 28967247




@q4[ksoftirqd/169]: count 20540, average 1271, total 26125508

@q5[ksoftirqd/169]: count 163408, average 429, total 70173096

@uc: count 5309, average 4939, total 26224823




@q4[ksoftirqd/169]: count 20949, average 1281, total 26849943

@q5[ksoftirqd/169]: count 166663, average 430, total 71736550

@uc: count 5100, average 2968, total 15139681




@q4[ksoftirqd/169]: count 20788, average 1277, total 26564634

@q5[ksoftirqd/169]: count 165323, average 430, total 71207864

@uc: count 5124, average 2831, total 14510654




@q4[ksoftirqd/169]: count 21132, average 1277, total 27000001

@q5[ksoftirqd/169]: count 168131, average 429, total 72264478

@uc: count 4829, average 3977, total 19205105




@q4[ksoftirqd/169]: count 21202, average 1276, total 27060458

@q5[ksoftirqd/169]: count 168688, average 429, total 72429148

@uc: count 4767, average 2846, total 13568473




@q4[ksoftirqd/169]: count 20749, average 1276, total 26480785

@q5[ksoftirqd/169]: count 165077, average 429, total 70971138

@uc: count 4228, average 6026, total 25479434




@q4[ksoftirqd/169]: count 20996, average 1271, total 26694062

@q5[ksoftirqd/169]: count 166977, average 429, total 71757656

@uc: count 6052, average 2541, total 15381615




@q4[ksoftirqd/169]: count 21182, average 1282, total 27161956

@q5[ksoftirqd/169]: count 168529, average 430, total 72496858

@uc: count 4128, average 4111, total 16972784




@q4[ksoftirqd/169]: count 20657, average 1279, total 26420409

@q5[ksoftirqd/169]: count 164337, average 429, total 70622447

@uc: count 5743, average 2746, total 15771271




@q4[ksoftirqd/169]: count 20660, average 1278, total 26408147

@q5[ksoftirqd/169]: count 164365, average 430, total 70737871

@uc: count 6517, average 2654, total 17297863




@q4[ksoftirqd/169]: count 20966, average 1277, total 26786169

@q5[ksoftirqd/169]: count 166737, average 429, total 71684736

@uc: count 5224, average 2939, total 15358341




@q4[ksoftirqd/169]: count 20883, average 1272, total 26575606

@q5[ksoftirqd/169]: count 166112, average 430, total 71528259

@uc: count 4928, average 3719, total 18327594




@q4[ksoftirqd/169]: count 21354, average 1273, total 27187859

@q5[ksoftirqd/169]: count 169809, average 429, total 73001926

@uc: count 5968, average 2697, total 16101006




@q4[ksoftirqd/169]: count 20664, average 1275, total 26363511

@q5[ksoftirqd/169]: count 164345, average 430, total 70743381

@uc: count 4990, average 2968, total 14810567




@q4[ksoftirqd/169]: count 20786, average 1272, total 26450241

@q5[ksoftirqd/169]: count 165324, average 429, total 71007366

@uc: count 5238, average 2710, total 14197654




@q4[ksoftirqd/169]: count 20971, average 1280, total 26847679

@q5[ksoftirqd/169]: count 166803, average 430, total 71881506

@uc: count 5971, average 3097, total 18495218




@q4[ksoftirqd/169]: count 20506, average 1279, total 26238776

@q5[ksoftirqd/169]: count 163077, average 430, total 70124075

@uc: count 5461, average 2878, total 15717883




@q4[ksoftirqd/169]: count 21261, average 1274, total 27092165

@q5[ksoftirqd/169]: count 169158, average 429, total 72582626

@uc: count 3842, average 6302, total 24216078




@q4[ksoftirqd/169]: count 20658, average 1263, total 26098059

@q5[ksoftirqd/169]: count 164290, average 429, total 70639399

@uc: count 6363, average 2610, total 16610964




@q4[ksoftirqd/169]: count 21309, average 1273, total 27139561

@q5[ksoftirqd/169]: count 169547, average 430, total 72905602

@uc: count 7364, average 2846, total 20963925




@q4[ksoftirqd/169]: count 20962, average 1273, total 26699268

@q5[ksoftirqd/169]: count 166700, average 429, total 71590641

@uc: count 5647, average 2743, total 15493645




@q4[ksoftirqd/169]: count 20536, average 1274, total 26167986

@q5[ksoftirqd/169]: count 163327, average 430, total 70353908

@uc: count 5454, average 2951, total 16099181




@q4[ksoftirqd/169]: count 20824, average 1275, total 26571301

@q5[ksoftirqd/169]: count 165618, average 429, total 71209504

@uc: count 6750, average 2447, total 16523532




@q4[ksoftirqd/169]: count 21072, average 1274, total 26849353

@q5[ksoftirqd/169]: count 167590, average 429, total 72006735

@uc: count 5376, average 5742, total 30872659




@q4[ksoftirqd/169]: count 21072, average 1274, total 26860007

@q5[ksoftirqd/169]: count 167590, average 429, total 71985624

@uc: count 4226, average 3421, total 14459550




@q4[ksoftirqd/169]: count 21176, average 1267, total 26845296

@q5[ksoftirqd/169]: count 168481, average 430, total 72457220

@uc: count 5351, average 3066, total 16407186




@q4[ksoftirqd/169]: count 20849, average 1268, total 26451616

@q5[ksoftirqd/169]: count 165869, average 429, total 71274702

@uc: count 4124, average 3535, total 14579760




@q4[ksoftirqd/169]: count 21319, average 1267, total 27029797

@q5[ksoftirqd/169]: count 169547, average 429, total 72800733

@uc: count 4877, average 3540, total 17267723




@q4[ksoftirqd/169]: count 20536, average 1278, total 26256429

@q5[ksoftirqd/169]: count 163327, average 430, total 70376259

@uc: count 4818, average 5671, total 27325335




@q4[ksoftirqd/169]: count 21336, average 1276, total 27241851

@q5[ksoftirqd/169]: count 169753, average 429, total 72841247

@uc: count 4837, average 5448, total 26355480




@q4[ksoftirqd/169]: count 20663, average 1272, total 26298078

@q5[ksoftirqd/169]: count 164330, average 430, total 70734330

@uc: count 6061, average 2785, total 16880239




@q4[ksoftirqd/169]: count 21305, average 1273, total 27129661

@q5[ksoftirqd/169]: count 169523, average 429, total 72762818

@uc: count 4795, average 4065, total 19491704




@q4[ksoftirqd/169]: count 20872, average 1275, total 26624507

@q5[ksoftirqd/169]: count 166063, average 430, total 71551029

@uc: count 6029, average 2894, total 17449013

@q1[swapper/169]: count 176, average 3209, total 564857
@q1[ksoftirqd/169]: count 27, average 3251, total 87794
@q1[kworker/169:2]: count 1, average 8957, total 8957

@q2[swapper/169]: count 228, average 684, total 156041
@q2[ksoftirqd/169]: count 45, average 1551, total 69800
@q2[kworker/169:2]: count 3, average 3032, total 9097


@q4[swapper/169]: count 3977, average 1058, total 4209222
@q4[ksoftirqd/169]: count 23545, average 1255, total 29550732
@q4[kworker/169:2]: count 12, average 2359, total 28315

@q5[ksoftirqd/169]: count 187138, average 465, total 87062063
@q5[swapper/169]: count 31145, average 470, total 14656115
@q5[kworker/169:2]: count 90, average 560, total 50405

@uc: count 11798, average 3103, total 36619590