Attaching 12 probes...
Tracing latency of network stack funtions. Hit Ctrl-C to end.
@q1[ksoftirqd/169]: count 80, average 2640, total 211268
@q1[openssl]: count 649, average 2754, total 1787835
@q1[kworker/169:0]: count 3, average 7885, total 23656

@q2[openssl]: count 976, average 1586, total 1548320
@q2[kworker/169:0]: count 5, average 1657, total 8285
@q2[ksoftirqd/169]: count 143, average 36781, total 5259765


@q4[ksoftirqd/169]: count 5207, average 965, total 5025918
@q4[openssl]: count 27905, average 969, total 27047045
@q4[kworker/169:0]: count 29, average 2007, total 58210
@q4[kworker/169:2]: count 1, average 39634, total 39634

@q5[ksoftirqd/169]: count 40838, average 436, total 17845714
@q5[openssl]: count 218807, average 438, total 95875438
@q5[kworker/169:0]: count 223, average 1520, total 339103
@q5[kworker/169:2]: count 8, average 4206, total 33653

@uc: count 5859, average 14392, total 84324850

@q1[openssl]: count 1178, average 2537, total 2988921
@q1[ksoftirqd/169]: count 195, average 2678, total 522318

@q2[openssl]: count 1654, average 635, total 1051275
@q2[ksoftirqd/169]: count 253, average 652, total 164980


@q4[ksoftirqd/169]: count 2358, average 955, total 2252867
@q4[openssl]: count 41528, average 961, total 39930514
@q4[kworker/169:0]: count 10, average 4544, total 45445

@q5[openssl]: count 325257, average 436, total 141983148
@q5[ksoftirqd/169]: count 17944, average 438, total 7863758
@q5[kworker/169:0]: count 80, average 804, total 64373

@uc: count 2400, average 5386, total 12928015

@q1[openssl]: count 1050, average 2625, total 2756587
@q1[ksoftirqd/169]: count 157, average 2766, total 434271
@q1[kworker/169:0]: count 1, average 19266, total 19266

@q2[openssl]: count 1440, average 630, total 908309
@q2[ksoftirqd/169]: count 226, average 697, total 157614
@q2[kworker/169:0]: count 1, average 13756, total 13756


@q4[openssl]: count 36550, average 961, total 35142306
@q4[ksoftirqd/169]: count 4573, average 1128, total 5158526
@q4[kworker/169:0]: count 1, average 37941, total 37941

@q5[openssl]: count 286345, average 437, total 125244505
@q5[ksoftirqd/169]: count 35721, average 439, total 15688209
@q5[kworker/169:0]: count 7, average 4647, total 32532

@uc: count 3049, average 8344, total 25442206




@q4[ksoftirqd/169]: count 17468, average 1279, total 22352285

@q5[ksoftirqd/169]: count 138942, average 439, total 61112340

@uc: count 7486, average 2915, total 21826111




@q4[ksoftirqd/169]: count 17271, average 1267, total 21889958

@q5[ksoftirqd/169]: count 137408, average 440, total 60461814

@uc: count 8536, average 2793, total 23842390




@q4[ksoftirqd/169]: count 17435, average 1291, total 22517141

@q5[ksoftirqd/169]: count 138672, average 440, total 61050671

@uc: count 8262, average 2752, total 22743634




@q4[ksoftirqd/169]: count 17584, average 1274, total 22412911

@q5[ksoftirqd/169]: count 139820, average 439, total 61458381

@uc: count 8755, average 3090, total 27058459




@q4[ksoftirqd/169]: count 17750, average 1263, total 22431537

@q5[ksoftirqd/169]: count 281044, average 220, total 61880090

@uc: count 8498, average 2885, total 24523104




@q4[ksoftirqd/169]: count 17076, average 1274, total 21765762

@q5[ksoftirqd/169]: count 135801, average 441, total 59889833

@uc: count 8916, average 3551, total 31667233




@q4[ksoftirqd/169]: count 17520, average 1270, total 22251922

@q5[ksoftirqd/169]: count 139396, average 440, total 61465040

@uc: count 8822, average 2761, total 24359880




@q4[ksoftirqd/169]: count 17722, average 1280, total 22691406

@q5[ksoftirqd/169]: count 140995, average 440, total 62065580

@uc: count 7720, average 7418, total 57267680




@q4[ksoftirqd/169]: count 17488, average 1295, total 22660910

@q5[ksoftirqd/169]: count 139077, average 446, total 62067541

@uc: count 7527, average 4078, total 30699031




@q4[ksoftirqd/169]: count 18112, average 1273, total 23067495

@q5[ksoftirqd/169]: count 144049, average 440, total 63460422

@uc: count 6600, average 4630, total 30558408




@q4[ksoftirqd/169]: count 17608, average 1318, total 23213083

@q5[ksoftirqd/169]: count 140097, average 441, total 61880493

@uc: count 6061, average 3712, total 22503113




@q4[ksoftirqd/169]: count 17648, average 1296, total 22871890

@q5[ksoftirqd/169]: count 140404, average 440, total 61788480

@uc: count 6045, average 3783, total 22873925




@q4[ksoftirqd/169]: count 17626, average 1285, total 22652825

@q5[ksoftirqd/169]: count 140175, average 440, total 61803773

@uc: count 6595, average 2998, total 19775300




@q4[ksoftirqd/169]: count 17456, average 1299, total 22676112

@q5[ksoftirqd/169]: count 138832, average 444, total 61691509

@uc: count 5567, average 3397, total 18915208




@q4[ksoftirqd/169]: count 17480, average 1289, total 22538797

@q5[ksoftirqd/169]: count 139078, average 444, total 61766604

@uc: count 6674, average 3080, total 20560052




@q4[ksoftirqd/169]: count 17473, average 1285, total 22453685

@q5[ksoftirqd/169]: count 138959, average 441, total 61287041

@uc: count 6896, average 3258, total 22473726




@q4[ksoftirqd/169]: count 17760, average 1296, total 23030387

@q5[ksoftirqd/169]: count 141305, average 442, total 62508665

@uc: count 6717, average 3200, total 21501017




@q4[ksoftirqd/169]: count 17385, average 1286, total 22366414

@q5[ksoftirqd/169]: count 138258, average 441, total 61014818

@uc: count 6039, average 3098, total 18711697




@q4[ksoftirqd/169]: count 17860, average 1292, total 23077369

@q5[ksoftirqd/169]: count 142093, average 442, total 62844484

@uc: count 7373, average 2857, total 21069588




@q4[ksoftirqd/169]: count 17342, average 1291, total 22403997

@q5[ksoftirqd/169]: count 137912, average 439, total 60620487

@uc: count 7117, average 3087, total 21973591




@q4[ksoftirqd/169]: count 17816, average 1253, total 22336328

@q5[ksoftirqd/169]: count 141695, average 439, total 62250721

@uc: count 8191, average 2872, total 23532366




@q4[ksoftirqd/169]: count 17656, average 1277, total 22549324

@q5[ksoftirqd/169]: count 140422, average 441, total 62036380

@uc: count 7036, average 2977, total 20946233




@q4[ksoftirqd/169]: count 17432, average 1282, total 22353286

@q5[ksoftirqd/169]: count 138640, average 441, total 61169217

@uc: count 6546, average 3036, total 19875540




@q4[ksoftirqd/169]: count 17320, average 1298, total 22487029

@q5[ksoftirqd/169]: count 137750, average 442, total 60913818

@uc: count 6374, average 3413, total 21755894




@q4[ksoftirqd/169]: count 17656, average 1289, total 22763695

@q5[ksoftirqd/169]: count 140422, average 443, total 62250308

@uc: count 6243, average 4513, total 28174800




@q4[ksoftirqd/169]: count 17656, average 1288, total 22742048

@q5[ksoftirqd/169]: count 140422, average 441, total 62035303

@uc: count 6670, average 2934, total 19573276




@q4[ksoftirqd/169]: count 17574, average 1280, total 22503887

@q5[ksoftirqd/169]: count 139822, average 440, total 61655788

@uc: count 7417, average 3038, total 22534661




@q4[ksoftirqd/169]: count 17772, average 1276, total 22688893

@q5[ksoftirqd/169]: count 141333, average 440, total 62307810

@uc: count 6455, average 3521, total 22733508




@q4[ksoftirqd/169]: count 17664, average 1277, total 22568919

@q5[ksoftirqd/169]: count 140486, average 439, total 61773782

@uc: count 6147, average 2942, total 18087403




@q4[ksoftirqd/169]: count 18118, average 1286, total 23300669

@q5[ksoftirqd/169]: count 144152, average 440, total 63449651

@uc: count 6534, average 3098, total 20245922




@q4[ksoftirqd/169]: count 17331, average 1291, total 22379217

@q5[ksoftirqd/169]: count 137829, average 442, total 60928929

@uc: count 7001, average 3090, total 21633834




@q4[ksoftirqd/169]: count 17816, average 1274, total 22706329

@q5[ksoftirqd/169]: count 141695, average 440, total 62468287

@uc: count 6082, average 3684, total 22411154




@q4[ksoftirqd/169]: count 17504, average 1316, total 23044118

@q5[ksoftirqd/169]: count 139213, average 444, total 61867958

@uc: count 6909, average 3610, total 24947581




@q4[ksoftirqd/169]: count 17512, average 1316, total 23051662

@q5[ksoftirqd/169]: count 139276, average 445, total 61997031

@uc: count 6859, average 5861, total 40200674




@q4[ksoftirqd/169]: count 17722, average 1281, total 22703085

@q5[ksoftirqd/169]: count 140999, average 442, total 62344384

@uc: count 7358, average 2830, total 20824958




@q4[ksoftirqd/169]: count 17672, average 1292, total 22837875

@q5[ksoftirqd/169]: count 140535, average 443, total 62267387

@uc: count 7911, average 3095, total 24488919




@q4[ksoftirqd/169]: count 17713, average 1285, total 22763423

@q5[ksoftirqd/169]: count 140892, average 441, total 62265112

@uc: count 6057, average 3172, total 19213118




@q4[ksoftirqd/169]: count 17896, average 1280, total 22911712

@q5[ksoftirqd/169]: count 142307, average 440, total 62677127

@uc: count 5533, average 3517, total 19461986




@q4[ksoftirqd/169]: count 17402, average 1270, total 22116780

@q5[ksoftirqd/169]: count 138423, average 441, total 61121758

@uc: count 6038, average 4977, total 30056035




@q4[ksoftirqd/169]: count 17681, average 1288, total 22787578

@q5[ksoftirqd/169]: count 140627, average 875, total 123063303

@uc: count 7020, average 3499, total 24563538




@q4[ksoftirqd/169]: count 17745, average 1293, total 22951181

@q5[ksoftirqd/169]: count 141140, average 441, total 62257583

@uc: count 6848, average 3155, total 21609035




@q4[ksoftirqd/169]: count 17688, average 1257, total 22235098

@q5[ksoftirqd/169]: count 140664, average 882, total 124176159

@uc: count 6740, average 3580, total 24133992




@q4[ksoftirqd/169]: count 17464, average 1275, total 22283581

@q5[ksoftirqd/169]: count 138895, average 444, total 61684861

@uc: count 7174, average 2976, total 21356404




@q4[ksoftirqd/169]: count 17815, average 1274, total 22703941

@q5[ksoftirqd/169]: count 141703, average 444, total 63017963

@uc: count 6864, average 5759, total 39532628




@q4[ksoftirqd/169]: count 17719, average 1293, total 22913804

@q5[ksoftirqd/169]: count 140883, average 444, total 62585740

@uc: count 7266, average 5154, total 37452485




@q4[ksoftirqd/169]: count 17576, average 1295, total 22769356

@q5[ksoftirqd/169]: count 139786, average 444, total 62180912

@uc: count 7277, average 2752, total 20027748




@q4[ksoftirqd/169]: count 17802, average 1285, total 22878093

@q5[ksoftirqd/169]: count 141600, average 443, total 62762582

@uc: count 7137, average 2852, total 20359747




@q4[ksoftirqd/169]: count 17660, average 1293, total 22842008

@q5[ksoftirqd/169]: count 140414, average 442, total 62134044

@uc: count 6240, average 3467, total 21636048




@q4[ksoftirqd/169]: count 17720, average 1293, total 22921421

@q5[ksoftirqd/169]: count 140931, average 441, total 62177102

@uc: count 6898, average 2816, total 19428340




@q4[ksoftirqd/169]: count 17383, average 1275, total 22173807

@q5[ksoftirqd/169]: count 138307, average 440, total 60955425

@uc: count 6859, average 2938, total 20154996




@q4[ksoftirqd/169]: count 17874, average 1282, total 22929187

@q5[ksoftirqd/169]: count 142144, average 438, total 62288738

@uc: count 6773, average 2931, total 19857690




@q4[ksoftirqd/169]: count 17794, average 1289, total 22937692

@q5[ksoftirqd/169]: count 141535, average 438, total 62090049

@uc: count 7199, average 3353, total 24140121




@q4[ksoftirqd/169]: count 17924, average 1274, total 22851987

@q5[ksoftirqd/169]: count 142514, average 435, total 62020000

@uc: count 8319, average 2889, total 24037231




@q4[ksoftirqd/169]: count 17750, average 1260, total 22371836

@q5[ksoftirqd/169]: count 141177, average 439, total 62015218

@uc: count 8936, average 2675, total 23911126

@q1[swapper/169]: count 154, average 3697, total 569365
@q1[ksoftirqd/169]: count 4, average 3907, total 15630

@q2[swapper/169]: count 190, average 723, total 137445
@q2[ksoftirqd/169]: count 10, average 4343, total 43431


@q4[swapper/169]: count 843, average 1075, total 906762
@q4[ksoftirqd/169]: count 20619, average 1219, total 25138172

@q5[ksoftirqd/169]: count 163926, average 444, total 72804696
@q5[swapper/169]: count 6494, average 474, total 3081430

@uc: count 11332, average 5745, total 65109492