Attaching 12 probes...
Tracing latency of network stack funtions. Hit Ctrl-C to end.
@q1[ksoftirqd/169]: count 82, average 2748, total 225397
@q1[openssl]: count 600, average 2760, total 1656252
@q1[kworker/169:0]: count 5, average 5841, total 29206

@q2[openssl]: count 965, average 4016, total 3876214
@q2[ksoftirqd/169]: count 132, average 15494, total 2045290
@q2[kworker/169:0]: count 9, average 20339, total 183055


@q4[ksoftirqd/169]: count 3997, average 962, total 3845815
@q4[openssl]: count 28079, average 963, total 27063685
@q4[kworker/169:0]: count 69, average 1254, total 86553

@q5[openssl]: count 219969, average 432, total 95198819
@q5[ksoftirqd/169]: count 31216, average 433, total 13531277
@q5[kworker/169:0]: count 526, average 731, total 384814

@uc: count 3811, average 20823, total 79359209

@q1[openssl]: count 1140, average 2539, total 2895257
@q1[ksoftirqd/169]: count 156, average 2771, total 432290

@q2[openssl]: count 1658, average 642, total 1065128
@q2[ksoftirqd/169]: count 218, average 673, total 146743


@q4[ksoftirqd/169]: count 2288, average 964, total 2207738
@q4[openssl]: count 41388, average 965, total 39944003

@q5[openssl]: count 324271, average 431, total 140050077
@q5[ksoftirqd/169]: count 17596, average 432, total 7601881

@uc: count 2704, average 5752, total 15555545

@q1[openssl]: count 1228, average 2597, total 3190283
@q1[ksoftirqd/169]: count 142, average 2740, total 389116
@q1[kworker/169:0]: count 2, average 6928, total 13856

@q2[openssl]: count 1712, average 642, total 1100380
@q2[ksoftirqd/169]: count 200, average 699, total 139991
@q2[kworker/169:0]: count 2, average 3621, total 7243


@q4[ksoftirqd/169]: count 2032, average 958, total 1947883
@q4[openssl]: count 41866, average 963, total 40349878
@q4[kworker/169:0]: count 3, average 4615, total 13846

@q5[ksoftirqd/169]: count 15625, average 431, total 6736901
@q5[openssl]: count 327849, average 431, total 141564989
@q5[kworker/169:0]: count 22, average 755, total 16620

@uc: count 2802, average 6240, total 17485042

@q1[openssl]: count 1182, average 2582, total 3052211
@q1[ksoftirqd/169]: count 164, average 2732, total 448131

@q2[openssl]: count 1693, average 645, total 1092277
@q2[ksoftirqd/169]: count 222, average 665, total 147841


@q4[ksoftirqd/169]: count 2187, average 957, total 2094246
@q4[openssl]: count 41580, average 965, total 40151578

@q5[ksoftirqd/169]: count 16735, average 430, total 7205124
@q5[openssl]: count 325730, average 432, total 140761444

@uc: count 2019, average 5382, total 10867623

@q1[openssl]: count 1105, average 2581, total 2852400
@q1[ksoftirqd/169]: count 150, average 2687, total 403147

@q2[openssl]: count 1643, average 643, total 1058047
@q2[ksoftirqd/169]: count 224, average 687, total 153899


@q4[ksoftirqd/169]: count 2170, average 961, total 2086266
@q4[openssl]: count 41702, average 963, total 40174790

@q5[ksoftirqd/169]: count 16603, average 431, total 7169050
@q5[openssl]: count 326839, average 862, total 281874401

@uc: count 2810, average 4712, total 13242182

@q1[openssl]: count 1252, average 2631, total 3294527
@q1[ksoftirqd/169]: count 154, average 2742, total 422308
@q1[kworker/169:0]: count 1, average 18585, total 18585

@q2[openssl]: count 1654, average 643, total 1064736
@q2[ksoftirqd/169]: count 219, average 669, total 146536
@q2[kworker/169:0]: count 1, average 14667, total 14667


@q4[openssl]: count 41518, average 964, total 40040981
@q4[ksoftirqd/169]: count 2500, average 995, total 2489692
@q4[kworker/169:0]: count 1, average 38432, total 38432

@q5[ksoftirqd/169]: count 19240, average 431, total 8296124
@q5[openssl]: count 325271, average 431, total 140488760
@q5[kworker/169:0]: count 2, average 16782, total 33564

@uc: count 2127, average 5221, total 11105242

@q1[openssl]: count 1238, average 2622, total 3247013
@q1[ksoftirqd/169]: count 142, average 2779, total 394679

@q2[openssl]: count 1691, average 642, total 1086066
@q2[ksoftirqd/169]: count 208, average 674, total 140321


@q4[openssl]: count 41989, average 965, total 40547775
@q4[ksoftirqd/169]: count 2084, average 969, total 2021048

@q5[ksoftirqd/169]: count 16005, average 431, total 6905596
@q5[openssl]: count 328975, average 432, total 142204705

@uc: count 2622, average 5590, total 14658559

@q1[openssl]: count 1236, average 2602, total 3217233
@q1[ksoftirqd/169]: count 145, average 2700, total 391501

@q2[openssl]: count 1666, average 638, total 1064225
@q2[ksoftirqd/169]: count 211, average 679, total 143322


@q4[ksoftirqd/169]: count 2113, average 962, total 2033010
@q4[openssl]: count 42011, average 964, total 40533095

@q5[ksoftirqd/169]: count 16216, average 430, total 6984652
@q5[openssl]: count 329174, average 431, total 142160592

@uc: count 2482, average 5782, total 14352251

@q1[openssl]: count 1149, average 2613, total 3002503
@q1[ksoftirqd/169]: count 135, average 2759, total 372594

@q2[openssl]: count 1656, average 642, total 1064259
@q2[ksoftirqd/169]: count 215, average 703, total 151328


@q4[openssl]: count 41604, average 964, total 40141070
@q4[ksoftirqd/169]: count 2265, average 969, total 2196769

@q5[ksoftirqd/169]: count 17438, average 430, total 7514635
@q5[openssl]: count 326103, average 432, total 141115338

@uc: count 2633, average 5549, total 14611092

@q1[openssl]: count 1053, average 2521, total 2655644
@q1[ksoftirqd/169]: count 143, average 2780, total 397543
@q1[kworker/169:0]: count 1, average 19436, total 19436

@q2[openssl]: count 1639, average 650, total 1065639
@q2[ksoftirqd/169]: count 207, average 683, total 141406
@q2[kworker/169:0]: count 1, average 15118, total 15118


@q4[openssl]: count 41261, average 966, total 39861130
@q4[ksoftirqd/169]: count 2377, average 972, total 2312566
@q4[kworker/169:0]: count 1, average 36930, total 36930

@q5[ksoftirqd/169]: count 18336, average 431, total 7907514
@q5[openssl]: count 323352, average 432, total 139709831
@q5[kworker/169:0]: count 7, average 5043, total 35305

@uc: count 2867, average 9495, total 27222478

@q1[openssl]: count 1246, average 2674, total 3332963
@q1[ksoftirqd/169]: count 139, average 2730, total 379485
@q1[kworker/169:0]: count 1, average 17633, total 17633

@q2[openssl]: count 1674, average 641, total 1073243
@q2[ksoftirqd/169]: count 203, average 681, total 138290
@q2[kworker/169:0]: count 2, average 7228, total 14457


@q4[ksoftirqd/169]: count 2134, average 964, total 2058452
@q4[openssl]: count 41923, average 965, total 40473829
@q4[kworker/169:0]: count 54, average 1584, total 85582

@q5[ksoftirqd/169]: count 16384, average 431, total 7071796
@q5[openssl]: count 328522, average 431, total 141891952
@q5[kworker/169:0]: count 426, average 490, total 208830

@uc: count 3528, average 8769, total 30937394

@q1[openssl]: count 1232, average 2667, total 3286562
@q1[ksoftirqd/169]: count 149, average 2807, total 418375

@q2[openssl]: count 1653, average 641, total 1059803
@q2[ksoftirqd/169]: count 228, average 688, total 157058


@q4[ksoftirqd/169]: count 2070, average 961, total 1989873
@q4[openssl]: count 42104, average 966, total 40677968

@q5[ksoftirqd/169]: count 15844, average 431, total 6839060
@q5[openssl]: count 330069, average 432, total 142616482

@uc: count 2368, average 5579, total 13212129

@q1[openssl]: count 1288, average 2656, total 3421352
@q1[ksoftirqd/169]: count 144, average 2725, total 392445

@q2[openssl]: count 1667, average 640, total 1067433
@q2[ksoftirqd/169]: count 211, average 672, total 141979
@q2[kworker/169:0]: count 2, average 8636, total 17273


@q4[ksoftirqd/169]: count 1978, average 958, total 1895639
@q4[openssl]: count 42067, average 967, total 40711139
@q4[kworker/169:0]: count 54, average 1643, total 88757

@q5[ksoftirqd/169]: count 15142, average 430, total 6515004
@q5[openssl]: count 329557, average 431, total 142313735
@q5[kworker/169:0]: count 426, average 502, total 213948

@uc: count 2415, average 5935, total 14335057

@q1[openssl]: count 1185, average 2608, total 3091277
@q1[ksoftirqd/169]: count 137, average 2821, total 386597

@q2[openssl]: count 1645, average 638, total 1050832
@q2[ksoftirqd/169]: count 199, average 709, total 141218
@q2[kworker/169:0]: count 1, average 20478, total 20478


@q4[openssl]: count 42056, average 965, total 40625431
@q4[ksoftirqd/169]: count 2147, average 967, total 2076763
@q4[kworker/169:0]: count 11, average 4115, total 45266

@q5[ksoftirqd/169]: count 16552, average 430, total 7132067
@q5[openssl]: count 329679, average 431, total 142305483
@q5[kworker/169:0]: count 87, average 743, total 64641

@uc: count 2848, average 5399, total 15377979

@q1[openssl]: count 1162, average 2635, total 3062736
@q1[ksoftirqd/169]: count 137, average 2873, total 393735
@q1[kworker/169:0]: count 1, average 9417, total 9417

@q2[openssl]: count 1634, average 640, total 1047282
@q2[ksoftirqd/169]: count 205, average 678, total 139149
@q2[kworker/169:0]: count 1, average 5810, total 5810


@q4[openssl]: count 41731, average 966, total 40324275
@q4[ksoftirqd/169]: count 2330, average 981, total 2286899
@q4[kworker/169:0]: count 1, average 10349, total 10349

@q5[ksoftirqd/169]: count 17969, average 432, total 7766982
@q5[openssl]: count 327219, average 432, total 141527320
@q5[kworker/169:0]: count 7, average 1846, total 12923

@uc: count 2688, average 6033, total 16217983

@q1[openssl]: count 1223, average 2627, total 3213496
@q1[ksoftirqd/169]: count 148, average 2842, total 420725
@q1[kworker/169:0]: count 1, average 20208, total 20208

@q2[openssl]: count 1659, average 641, total 1064791
@q2[ksoftirqd/169]: count 209, average 682, total 142538
@q2[kworker/169:0]: count 2, average 7719, total 15439


@q4[openssl]: count 41816, average 969, total 40528385
@q4[ksoftirqd/169]: count 2309, average 987, total 2280195
@q4[kworker/169:0]: count 54, average 1642, total 88701

@q5[ksoftirqd/169]: count 17795, average 431, total 7676447
@q5[openssl]: count 327636, average 431, total 141393379
@q5[kworker/169:0]: count 426, average 502, total 214075

@uc: count 2304, average 5866, total 13517252

@q1[openssl]: count 1210, average 2616, total 3166161
@q1[ksoftirqd/169]: count 164, average 2763, total 453263

@q2[openssl]: count 1630, average 641, total 1046099
@q2[ksoftirqd/169]: count 229, average 706, total 161765


@q4[ksoftirqd/169]: count 2432, average 970, total 2361453
@q4[openssl]: count 41666, average 971, total 40467947

@q5[ksoftirqd/169]: count 18684, average 431, total 8059040
@q5[openssl]: count 326515, average 431, total 141022384

@uc: count 2410, average 5938, total 14311171

@q1[openssl]: count 1236, average 2639, total 3262847
@q1[ksoftirqd/169]: count 156, average 2765, total 431466

@q2[openssl]: count 1650, average 640, total 1057092
@q2[ksoftirqd/169]: count 219, average 677, total 148425
@q2[kworker/169:0]: count 2, average 8145, total 16290


@q4[ksoftirqd/169]: count 2266, average 955, total 2165588
@q4[openssl]: count 41938, average 966, total 40518695
@q4[kworker/169:0]: count 54, average 1649, total 89055

@q5[ksoftirqd/169]: count 17413, average 431, total 7513796
@q5[openssl]: count 328710, average 431, total 141943831
@q5[kworker/169:0]: count 426, average 503, total 214554

@uc: count 2495, average 5915, total 14758776

@q1[openssl]: count 1157, average 2611, total 3021534
@q1[ksoftirqd/169]: count 138, average 2717, total 375034

@q2[openssl]: count 1617, average 642, total 1038706
@q2[ksoftirqd/169]: count 218, average 699, total 152408


@q4[ksoftirqd/169]: count 2219, average 962, total 2134945
@q4[openssl]: count 42138, average 968, total 40802611

@q5[ksoftirqd/169]: count 17037, average 431, total 7356762
@q5[openssl]: count 330392, average 432, total 142813510

@uc: count 2840, average 6467, total 18368291

@q1[openssl]: count 1090, average 2651, total 2890033
@q1[ksoftirqd/169]: count 152, average 2804, total 426330
@q1[kworker/169:0]: count 2, average 9592, total 19185

@q2[openssl]: count 1615, average 648, total 1047745
@q2[ksoftirqd/169]: count 223, average 678, total 151318
@q2[kworker/169:0]: count 3, average 5480, total 16441


@q4[openssl]: count 41690, average 971, total 40485101
@q4[ksoftirqd/169]: count 2338, average 985, total 2303531
@q4[kworker/169:0]: count 67, average 1447, total 96982

@q5[ksoftirqd/169]: count 17967, average 430, total 7734594
@q5[kworker/169:0]: count 522, average 476, total 248906
@q5[openssl]: count 327035, average 868, total 284074245

@uc: count 2408, average 6023, total 14503764

@q1[openssl]: count 1135, average 2576, total 2923761
@q1[ksoftirqd/169]: count 145, average 2726, total 395287
@q1[kworker/169:0]: count 1, average 26770, total 26770

@q2[openssl]: count 1657, average 642, total 1063825
@q2[ksoftirqd/169]: count 205, average 698, total 143264
@q2[kworker/169:0]: count 4, average 4513, total 18055


@q4[ksoftirqd/169]: count 2117, average 960, total 2033696
@q4[openssl]: count 41814, average 966, total 40427823
@q4[kworker/169:0]: count 101, average 1323, total 133680

@q5[ksoftirqd/169]: count 16238, average 431, total 7003742
@q5[openssl]: count 327670, average 431, total 141465759
@q5[kworker/169:0]: count 794, average 470, total 373352

@uc: count 2675, average 9475, total 25348248

@q1[ksoftirqd/169]: count 137, average 2600, total 356238
@q1[openssl]: count 1148, average 2650, total 3043118

@q2[openssl]: count 1623, average 644, total 1046163
@q2[ksoftirqd/169]: count 221, average 683, total 150951
@q2[kworker/169:0]: count 1, average 15469, total 15469


@q4[openssl]: count 41845, average 967, total 40473604
@q4[ksoftirqd/169]: count 2584, average 985, total 2545715
@q4[kworker/169:0]: count 55, average 1660, total 91317

@q5[ksoftirqd/169]: count 19916, average 431, total 8587485
@q5[kworker/169:0]: count 437, average 498, total 218027
@q5[openssl]: count 328120, average 863, total 283207904

@uc: count 2844, average 10990, total 31257000

@q1[openssl]: count 1134, average 2640, total 2993970
@q1[ksoftirqd/169]: count 142, average 2793, total 396698

@q2[openssl]: count 1631, average 643, total 1049249
@q2[ksoftirqd/169]: count 214, average 681, total 145791
@q2[kworker/169:0]: count 2, average 9933, total 19867


@q4[openssl]: count 41911, average 969, total 40641376
@q4[ksoftirqd/169]: count 2402, average 982, total 2359563
@q4[kworker/169:0]: count 56, average 1620, total 90767

@q5[ksoftirqd/169]: count 18513, average 431, total 7983557
@q5[openssl]: count 328662, average 431, total 141939238
@q5[kworker/169:0]: count 440, average 504, total 221996

@uc: count 2953, average 5592, total 16513206

@q1[openssl]: count 1142, average 2629, total 3003449
@q1[ksoftirqd/169]: count 147, average 2743, total 403310

@q2[openssl]: count 1638, average 640, total 1049838
@q2[ksoftirqd/169]: count 218, average 698, total 152244


@q4[openssl]: count 41556, average 967, total 40226037
@q4[ksoftirqd/169]: count 2685, average 1021, total 2743074

@q5[ksoftirqd/169]: count 20749, average 430, total 8923157
@q5[openssl]: count 325661, average 431, total 140611778

@uc: count 2430, average 6224, total 15125971

@q1[openssl]: count 1221, average 2661, total 3249227
@q1[ksoftirqd/169]: count 155, average 2873, total 445357

@q2[openssl]: count 1641, average 642, total 1054488
@q2[ksoftirqd/169]: count 215, average 680, total 146288


@q4[ksoftirqd/169]: count 2182, average 961, total 2098576
@q4[openssl]: count 42085, average 966, total 40666964

@q5[ksoftirqd/169]: count 16783, average 430, total 7228489
@q5[openssl]: count 329927, average 431, total 142413725

@uc: count 2306, average 5716, total 13182115

@q1[openssl]: count 1158, average 2667, total 3089314
@q1[ksoftirqd/169]: count 157, average 2747, total 431293

@q2[openssl]: count 1609, average 644, total 1037529
@q2[ksoftirqd/169]: count 222, average 695, total 154425
@q2[kworker/169:0]: count 2, average 8260, total 16521


@q4[ksoftirqd/169]: count 2212, average 960, total 2125622
@q4[openssl]: count 42120, average 966, total 40711472
@q4[kworker/169:0]: count 53, average 1656, total 87817

@q5[openssl]: count 330366, average 431, total 142704605
@q5[ksoftirqd/169]: count 16958, average 432, total 7325958
@q5[kworker/169:0]: count 417, average 502, total 209506

@uc: count 2779, average 5023, total 13960346

@q1[openssl]: count 1123, average 2636, total 2960828
@q1[ksoftirqd/169]: count 151, average 2739, total 413615

@q2[openssl]: count 1615, average 644, total 1040276
@q2[ksoftirqd/169]: count 216, average 704, total 152173


@q4[openssl]: count 41887, average 969, total 40591576
@q4[ksoftirqd/169]: count 2491, average 981, total 2444609

@q5[ksoftirqd/169]: count 19222, average 430, total 8279312
@q5[openssl]: count 328608, average 432, total 141989748

@uc: count 2986, average 5822, total 17386705

@q1[openssl]: count 1094, average 2563, total 2804831
@q1[ksoftirqd/169]: count 136, average 2835, total 385603

@q2[openssl]: count 1673, average 645, total 1080123
@q2[ksoftirqd/169]: count 191, average 703, total 134462
@q2[kworker/169:0]: count 1, average 16230, total 16230


@q4[openssl]: count 41900, average 968, total 40573012
@q4[ksoftirqd/169]: count 1993, average 975, total 1944945
@q4[kworker/169:0]: count 10, average 4479, total 44795

@q5[ksoftirqd/169]: count 15316, average 431, total 6611327
@q5[openssl]: count 328445, average 431, total 141811295
@q5[kworker/169:0]: count 79, average 819, total 64768

@uc: count 2686, average 5466, total 14684211

@q1[openssl]: count 1133, average 2546, total 2885383
@q1[ksoftirqd/169]: count 145, average 2730, total 395960

@q2[openssl]: count 1651, average 641, total 1059074
@q2[ksoftirqd/169]: count 205, average 672, total 137864


@q4[openssl]: count 41617, average 967, total 40283717
@q4[ksoftirqd/169]: count 2255, average 980, total 2210106

@q5[ksoftirqd/169]: count 17361, average 431, total 7486661
@q5[openssl]: count 326051, average 432, total 140869619

@uc: count 2401, average 7388, total 17740359

@q1[openssl]: count 1126, average 2586, total 2912660
@q1[ksoftirqd/169]: count 140, average 2790, total 390697

@q2[openssl]: count 1613, average 646, total 1042014
@q2[ksoftirqd/169]: count 200, average 675, total 135134


@q4[openssl]: count 42098, average 967, total 40740262
@q4[ksoftirqd/169]: count 2112, average 968, total 2044429
@q4[kworker/169:0]: count 1, average 21290, total 21290

@q5[ksoftirqd/169]: count 16247, average 431, total 7016629
@q5[openssl]: count 330120, average 431, total 142540027
@q5[kworker/169:0]: count 8, average 2643, total 21150

@uc: count 2436, average 6253, total 15233690

@q1[openssl]: count 1159, average 2623, total 3040832
@q1[ksoftirqd/169]: count 135, average 2631, total 355223

@q2[openssl]: count 1632, average 651, total 1063462
@q2[ksoftirqd/169]: count 212, average 685, total 145398


@q4[ksoftirqd/169]: count 2056, average 961, total 1976720
@q4[openssl]: count 42379, average 968, total 41055659

@q5[ksoftirqd/169]: count 15750, average 431, total 6796698
@q5[openssl]: count 332184, average 432, total 143565744

@uc: count 2581, average 6217, total 16047543

@q1[openssl]: count 1147, average 2614, total 2998953
@q1[ksoftirqd/169]: count 146, average 2776, total 405370

@q2[openssl]: count 1647, average 657, total 1082797
@q2[ksoftirqd/169]: count 212, average 694, total 147336


@q4[openssl]: count 42139, average 970, total 40879281
@q4[ksoftirqd/169]: count 2041, average 973, total 1986739

@q5[ksoftirqd/169]: count 15656, average 431, total 6749871
@q5[openssl]: count 330379, average 432, total 142805610

@uc: count 3320, average 8377, total 27814869

@q1[openssl]: count 1146, average 2651, total 3038225
@q1[ksoftirqd/169]: count 142, average 2685, total 381299

@q2[openssl]: count 1617, average 654, total 1058063
@q2[ksoftirqd/169]: count 211, average 678, total 143132


@q4[ksoftirqd/169]: count 2150, average 959, total 2063604
@q4[openssl]: count 42183, average 970, total 40919864

@q5[ksoftirqd/169]: count 16491, average 431, total 7123673
@q5[openssl]: count 330782, average 432, total 142993185

@uc: count 2779, average 10361, total 28794787

@q1[openssl]: count 1112, average 2614, total 2907752
@q1[ksoftirqd/169]: count 144, average 2787, total 401395

@q2[openssl]: count 1614, average 646, total 1043343
@q2[ksoftirqd/169]: count 219, average 699, total 153123


@q4[openssl]: count 42073, average 967, total 40726032
@q4[ksoftirqd/169]: count 2379, average 989, total 2353559

@q5[ksoftirqd/169]: count 18333, average 431, total 7903536
@q5[openssl]: count 329939, average 432, total 142637587

@uc: count 2802, average 5672, total 15894140

@q1[openssl]: count 1037, average 2529, total 2622702
@q1[ksoftirqd/169]: count 147, average 2800, total 411687

@q2[openssl]: count 1640, average 645, total 1058035
@q2[ksoftirqd/169]: count 221, average 692, total 153103


@q4[openssl]: count 41519, average 968, total 40212387
@q4[ksoftirqd/169]: count 2286, average 976, total 2232619

@q5[ksoftirqd/169]: count 17579, average 430, total 7575111
@q5[openssl]: count 325523, average 432, total 140755870

@uc: count 2772, average 6427, total 17816190

@q1[openssl]: count 1104, average 2568, total 2835802
@q1[ksoftirqd/169]: count 144, average 2738, total 394310

@q2[openssl]: count 1625, average 645, total 1048691
@q2[ksoftirqd/169]: count 216, average 676, total 146202


@q4[openssl]: count 41613, average 968, total 40299767
@q4[ksoftirqd/169]: count 2700, average 1013, total 2735558

@q5[ksoftirqd/169]: count 20881, average 430, total 8993348
@q5[openssl]: count 326213, average 432, total 140988968

@uc: count 2368, average 7498, total 17756422

@q1[openssl]: count 1177, average 2606, total 3067418
@q1[ksoftirqd/169]: count 134, average 2693, total 360961
@q1[kworker/169:0]: count 2, average 7454, total 14909

@q2[openssl]: count 1738, average 646, total 1123361
@q2[ksoftirqd/169]: count 206, average 668, total 137694
@q2[kworker/169:0]: count 4, average 2086, total 8345


@q4[ksoftirqd/169]: count 1987, average 967, total 1923373
@q4[openssl]: count 41892, average 968, total 40576023
@q4[kworker/169:0]: count 62, average 1092, total 67735

@q5[openssl]: count 654445, average 216, total 141897270
@q5[ksoftirqd/169]: count 15207, average 430, total 6553055
@q5[kworker/169:0]: count 485, average 448, total 217631

@uc: count 2935, average 4339, total 12736688

@q1[openssl]: count 1251, average 2574, total 3220973
@q1[ksoftirqd/169]: count 158, average 2801, total 442689

@q2[openssl]: count 1705, average 641, total 1093766
@q2[ksoftirqd/169]: count 208, average 693, total 144218


@q4[openssl]: count 41675, average 968, total 40371464
@q4[ksoftirqd/169]: count 2006, average 973, total 1951859

@q5[ksoftirqd/169]: count 15364, average 432, total 6644751
@q5[openssl]: count 326301, average 432, total 141072322

@uc: count 2368, average 5501, total 13028116

@q1[openssl]: count 1135, average 2593, total 2943748
@q1[ksoftirqd/169]: count 148, average 2802, total 414843

@q2[openssl]: count 1615, average 645, total 1042008
@q2[ksoftirqd/169]: count 223, average 680, total 151648


@q4[openssl]: count 41295, average 973, total 40203692
@q4[ksoftirqd/169]: count 2587, average 987, total 2554884

@q5[ksoftirqd/169]: count 19965, average 432, total 8638427
@q5[openssl]: count 323724, average 432, total 139958540

@uc: count 3025, average 6483, total 19613091

@q1[openssl]: count 1238, average 2611, total 3233373
@q1[ksoftirqd/169]: count 157, average 2860, total 449121
@q1[kworker/169:0]: count 2, average 12463, total 24927

@q2[openssl]: count 1673, average 644, total 1078251
@q2[ksoftirqd/169]: count 219, average 674, total 147778
@q2[kworker/169:0]: count 5, average 3749, total 18745


@q4[openssl]: count 41338, average 967, total 39998316
@q4[ksoftirqd/169]: count 2223, average 979, total 2178197
@q4[kworker/169:0]: count 160, average 1308, total 209365

@q5[ksoftirqd/169]: count 17070, average 430, total 7355368
@q5[openssl]: count 323810, average 432, total 139964574
@q5[kworker/169:0]: count 1264, average 450, total 569741

@uc: count 2306, average 6000, total 13836324

@q1[openssl]: count 1241, average 2585, total 3208491
@q1[ksoftirqd/169]: count 154, average 2749, total 423499
@q1[kworker/169:0]: count 1, average 20859, total 20859

@q2[openssl]: count 1705, average 639, total 1091039
@q2[ksoftirqd/169]: count 206, average 670, total 138188
@q2[kworker/169:0]: count 1, average 15709, total 15709


@q4[ksoftirqd/169]: count 2081, average 956, total 1989497
@q4[openssl]: count 41732, average 965, total 40292628
@q4[kworker/169:0]: count 1, average 37630, total 37630

@q5[ksoftirqd/169]: count 15971, average 431, total 6886903
@q5[openssl]: count 326701, average 860, total 281103199
@q5[kworker/169:0]: count 6, average 5714, total 34286

@uc: count 2377, average 5739, total 13643506

@q1[openssl]: count 1200, average 2617, total 3140829
@q1[ksoftirqd/169]: count 171, average 2743, total 469194
@q1[kworker/169:0]: count 1, average 18434, total 18434

@q2[openssl]: count 1631, average 635, total 1037252
@q2[ksoftirqd/169]: count 237, average 682, total 161808
@q2[kworker/169:0]: count 1, average 16671, total 16671


@q4[openssl]: count 41506, average 966, total 40133685
@q4[ksoftirqd/169]: count 2450, average 982, total 2406596
@q4[kworker/169:0]: count 50, average 1705, total 85280

@q5[ksoftirqd/169]: count 18811, average 431, total 8112129
@q5[openssl]: count 325323, average 432, total 140646283
@q5[kworker/169:0]: count 392, average 507, total 199017

@uc: count 2429, average 6666, total 16192284

@q1[openssl]: count 1147, average 2582, total 2961691
@q1[ksoftirqd/169]: count 151, average 2723, total 411239

@q2[openssl]: count 1628, average 643, total 1047935
@q2[ksoftirqd/169]: count 228, average 676, total 154338


@q4[ksoftirqd/169]: count 2384, average 965, total 2302781
@q4[openssl]: count 41845, average 970, total 40592007

@q5[ksoftirqd/169]: count 18322, average 431, total 7910875
@q5[openssl]: count 328019, average 432, total 141740635

@uc: count 2973, average 6060, total 18018022

@q1[openssl]: count 1121, average 2647, total 2967538
@q1[ksoftirqd/169]: count 141, average 2836, total 399987

@q2[openssl]: count 1594, average 656, total 1045760
@q2[ksoftirqd/169]: count 213, average 674, total 143664


@q4[openssl]: count 42187, average 970, total 40961729
@q4[ksoftirqd/169]: count 2241, average 973, total 2180757

@q5[ksoftirqd/169]: count 17244, average 431, total 7438818
@q5[openssl]: count 330976, average 432, total 143095802

@uc: count 3127, average 13667, total 42739437

@q1[openssl]: count 1189, average 2678, total 3184299
@q1[ksoftirqd/169]: count 144, average 2700, total 388813

@q2[openssl]: count 1626, average 652, total 1061277
@q2[ksoftirqd/169]: count 214, average 675, total 144517


@q4[openssl]: count 42144, average 973, total 41006457
@q4[ksoftirqd/169]: count 2080, average 974, total 2027901

@q5[ksoftirqd/169]: count 15947, average 431, total 6875249
@q5[openssl]: count 330477, average 431, total 142747975

@uc: count 2718, average 5723, total 15556632

@q1[openssl]: count 1140, average 2578, total 2939211
@q1[ksoftirqd/169]: count 124, average 2781, total 344883

@q2[openssl]: count 1668, average 645, total 1076152
@q2[ksoftirqd/169]: count 188, average 708, total 133267


@q4[openssl]: count 42467, average 968, total 41112156
@q4[ksoftirqd/169]: count 1843, average 1000, total 1843484

@q5[ksoftirqd/169]: count 14148, average 430, total 6088285
@q5[openssl]: count 332828, average 432, total 143829004

@uc: count 3208, average 5092, total 16337049

@q1[openssl]: count 1174, average 2628, total 3085526
@q1[ksoftirqd/169]: count 142, average 2710, total 384829

@q2[openssl]: count 1648, average 650, total 1071699
@q2[ksoftirqd/169]: count 230, average 684, total 157506


@q4[ksoftirqd/169]: count 2183, average 964, total 2106577
@q4[openssl]: count 42249, average 968, total 40901198

@q5[ksoftirqd/169]: count 16746, average 431, total 7218888
@q5[openssl]: count 331101, average 432, total 143120109

@uc: count 2566, average 6710, total 17220296

@q1[openssl]: count 1186, average 2599, total 3082642
@q1[ksoftirqd/169]: count 144, average 2715, total 391093

@q2[openssl]: count 1658, average 643, total 1066185
@q2[ksoftirqd/169]: count 221, average 688, total 152197


@q4[ksoftirqd/169]: count 2040, average 963, total 1965067
@q4[openssl]: count 42303, average 967, total 40944354

@q5[ksoftirqd/169]: count 15599, average 432, total 6742586
@q5[openssl]: count 331493, average 432, total 143293026

@uc: count 2312, average 5794, total 13396143

@q1[openssl]: count 1101, average 2544, total 2801742
@q1[ksoftirqd/169]: count 165, average 2677, total 441773

@q2[openssl]: count 1643, average 645, total 1060171
@q2[ksoftirqd/169]: count 231, average 665, total 153700


@q4[ksoftirqd/169]: count 2163, average 958, total 2072683
@q4[openssl]: count 41552, average 971, total 40366243

@q5[ksoftirqd/169]: count 16524, average 431, total 7124358
@q5[openssl]: count 325695, average 432, total 140904527

@uc: count 2532, average 6571, total 16640164

@q1[openssl]: count 1168, average 2627, total 3068586
@q1[ksoftirqd/169]: count 153, average 2766, total 423335

@q2[openssl]: count 1652, average 643, total 1062442
@q2[ksoftirqd/169]: count 228, average 700, total 159728


@q4[openssl]: count 41995, average 966, total 40576018
@q4[ksoftirqd/169]: count 2312, average 977, total 2260849
@q4[kworker/169:0]: count 1, average 25298, total 25298

@q5[openssl]: count 329218, average 431, total 142219316
@q5[ksoftirqd/169]: count 17782, average 432, total 7689228
@q5[kworker/169:0]: count 8, average 2553, total 20430

@uc: count 2480, average 6389, total 15846025

@q1[openssl]: count 1194, average 2679, total 3199370
@q1[ksoftirqd/169]: count 147, average 2713, total 398870

@q2[openssl]: count 1642, average 657, total 1079992
@q2[ksoftirqd/169]: count 216, average 679, total 146840


@q4[ksoftirqd/169]: count 2242, average 958, total 2148819
@q4[openssl]: count 41926, average 967, total 40545948

@q5[ksoftirqd/169]: count 17223, average 430, total 7421108
@q5[openssl]: count 328629, average 432, total 142057694

@uc: count 3047, average 5936, total 18087145

@q1[openssl]: count 1197, average 2669, total 3195166
@q1[ksoftirqd/169]: count 140, average 2856, total 399908
@q1[kworker/169:0]: count 1, average 19206, total 19206

@q2[openssl]: count 1620, average 647, total 1048268
@q2[ksoftirqd/169]: count 206, average 678, total 139692
@q2[kworker/169:0]: count 1, average 15639, total 15639


@q4[openssl]: count 42262, average 966, total 40864551
@q4[ksoftirqd/169]: count 2086, average 982, total 2048863
@q4[kworker/169:0]: count 48, average 1709, total 82049

@q5[openssl]: count 660105, average 217, total 143282194
@q5[ksoftirqd/169]: count 16035, average 430, total 6907837
@q5[kworker/169:0]: count 378, average 512, total 193560

@uc: count 2281, average 5466, total 12469850

@q1[openssl]: count 1182, average 2625, total 3103150
@q1[ksoftirqd/169]: count 153, average 2800, total 428535

@q2[openssl]: count 1627, average 646, total 1051353
@q2[ksoftirqd/169]: count 229, average 677, total 155101
@q2[kworker/169:0]: count 2, average 7198, total 14397


@q4[ksoftirqd/169]: count 2298, average 971, total 2232208
@q4[openssl]: count 41876, average 972, total 40704420
@q4[kworker/169:0]: count 49, average 1656, total 81176

@q5[ksoftirqd/169]: count 17645, average 431, total 7621499
@q5[openssl]: count 328306, average 433, total 142182002
@q5[kworker/169:0]: count 386, average 495, total 191074

@uc: count 2401, average 5703, total 13695104

@q1[openssl]: count 1133, average 2598, total 2944563
@q1[ksoftirqd/169]: count 150, average 2789, total 418475

@q2[openssl]: count 1632, average 647, total 1055974
@q2[ksoftirqd/169]: count 224, average 695, total 155744


@q4[openssl]: count 41533, average 968, total 40243632
@q4[ksoftirqd/169]: count 2659, average 998, total 2653847

@q5[ksoftirqd/169]: count 20520, average 431, total 8848279
@q5[openssl]: count 325507, average 432, total 140762331

@uc: count 3185, average 15054, total 47948539

@q1[openssl]: count 1090, average 2606, total 2841530
@q1[ksoftirqd/169]: count 129, average 2729, total 352121
@q1[kworker/169:0]: count 1, average 21941, total 21941

@q2[openssl]: count 1619, average 648, total 1050196
@q2[ksoftirqd/169]: count 195, average 679, total 132475
@q2[kworker/169:0]: count 1, average 16862, total 16862


@q4[openssl]: count 41933, average 967, total 40588517
@q4[ksoftirqd/169]: count 2135, average 972, total 2077295
@q4[kworker/169:0]: count 1, average 37681, total 37681

@q5[ksoftirqd/169]: count 16448, average 432, total 7106236
@q5[openssl]: count 328880, average 432, total 142118854
@q5[kworker/169:0]: count 7, average 4943, total 34606

@uc: count 3027, average 5606, total 16969369

@q1[openssl]: count 1203, average 2602, total 3130596
@q1[ksoftirqd/169]: count 147, average 2769, total 407048
@q1[kworker/169:0]: count 1, average 16220, total 16220

@q2[openssl]: count 1652, average 641, total 1059413
@q2[ksoftirqd/169]: count 209, average 677, total 141610
@q2[kworker/169:0]: count 1, average 10159, total 10159


@q4[openssl]: count 41962, average 969, total 40662950
@q4[ksoftirqd/169]: count 2074, average 988, total 2050936
@q4[kworker/169:0]: count 50, average 1575, total 78767

@q5[ksoftirqd/169]: count 15899, average 432, total 6873882
@q5[openssl]: count 328876, average 432, total 142104376
@q5[kworker/169:0]: count 394, average 487, total 191995

@uc: count 2307, average 5796, total 13373352

@q1[openssl]: count 1276, average 2620, total 3343745
@q1[ksoftirqd/169]: count 152, average 2707, total 411610

@q2[openssl]: count 1684, average 649, total 1093979
@q2[ksoftirqd/169]: count 214, average 673, total 144163


@q4[ksoftirqd/169]: count 2088, average 957, total 1999885
@q4[openssl]: count 41837, average 967, total 40466814

@q5[ksoftirqd/169]: count 16016, average 431, total 6916247
@q5[openssl]: count 327616, average 432, total 141653359

@uc: count 2203, average 5657, total 12464259

@q1[openssl]: count 885, average 2633, total 2330814
@q1[ksoftirqd/169]: count 147, average 2666, total 391924
@q1[swapper/169]: count 113, average 3065, total 346452
@q1[kworker/169:0]: count 4, average 6437, total 25748

@q2[openssl]: count 1278, average 651, total 832483
@q2[ksoftirqd/169]: count 227, average 673, total 152914
@q2[swapper/169]: count 160, average 767, total 122775
@q2[kworker/169:0]: count 7, average 2207, total 15450


@q4[openssl]: count 33859, average 971, total 32890225
@q4[swapper/169]: count 4302, average 1065, total 4582939
@q4[ksoftirqd/169]: count 6273, average 1305, total 8188297
@q4[kworker/169:0]: count 58, average 1423, total 82534

@q5[openssl]: count 265542, average 432, total 114769719
@q5[swapper/169]: count 33884, average 468, total 15859974
@q5[kworker/169:0]: count 450, average 469, total 211299
@q5[ksoftirqd/169]: count 49258, average 576, total 28391420

@uc: count 8785, average 3926, total 34490724