Attaching 12 probes...
Tracing latency of network stack funtions. Hit Ctrl-C to end.



@q4[openssl]: count 5198, average 994, total 5168587
@q4[ksoftirqd/169]: count 14370, average 1222, total 17565078
@q4[kworker/169:2]: count 5, average 2406, total 12033

@q5[ksoftirqd/169]: count 114135, average 434, total 49545239
@q5[openssl]: count 40697, average 435, total 17736258
@q5[kworker/169:2]: count 25, average 649, total 16229

@uc: count 5687, average 24209, total 137681572




@q4[ksoftirqd/169]: count 21126, average 1265, total 26738686

@q5[ksoftirqd/169]: count 168056, average 432, total 72754819

@uc: count 6256, average 2500, total 15641110




@q4[ksoftirqd/169]: count 21486, average 1271, total 27324559

@q5[ksoftirqd/169]: count 170875, average 431, total 73792730

@uc: count 5464, average 2592, total 14164023




@q4[ksoftirqd/169]: count 20012, average 1270, total 25433076

@q5[ksoftirqd/169]: count 159207, average 433, total 69056450

@uc: count 4918, average 8342, total 41026918




@q4[ksoftirqd/169]: count 17406, average 1312, total 22849913

@q5[ksoftirqd/169]: count 138424, average 442, total 61186238

@uc: count 6293, average 3382, total 21284517




@q4[ksoftirqd/169]: count 17299, average 1303, total 22540887

@q5[ksoftirqd/169]: count 137630, average 440, total 60580055

@uc: count 6702, average 2839, total 19032313




@q4[ksoftirqd/169]: count 17207, average 1300, total 22382219

@q5[ksoftirqd/169]: count 274481, average 219, total 60187200

@uc: count 5700, average 3185, total 18154877




@q4[ksoftirqd/169]: count 17616, average 1311, total 23101535

@q5[ksoftirqd/169]: count 140104, average 439, total 61510081

@uc: count 6171, average 3120, total 19259413




@q4[ksoftirqd/169]: count 17353, average 1285, total 22298646

@q5[ksoftirqd/169]: count 138060, average 438, total 60519824

@uc: count 7398, average 2832, total 20951800




@q4[ksoftirqd/169]: count 17493, average 1291, total 22592056

@q5[ksoftirqd/169]: count 139133, average 437, total 60867043

@uc: count 6670, average 2878, total 19200954




@q4[ksoftirqd/169]: count 17331, average 1296, total 22463753

@q5[ksoftirqd/169]: count 137797, average 440, total 60677807

@uc: count 7324, average 4679, total 34276195




@q4[ksoftirqd/169]: count 17392, average 1290, total 22447132

@q5[ksoftirqd/169]: count 138322, average 440, total 60898611

@uc: count 5738, average 5864, total 33651557




@q4[ksoftirqd/169]: count 17521, average 1293, total 22664292

@q5[ksoftirqd/169]: count 139342, average 437, total 60986360

@uc: count 7076, average 3220, total 22785029




@q4[ksoftirqd/169]: count 17455, average 1289, total 22514090

@q5[ksoftirqd/169]: count 138822, average 438, total 60806628

@uc: count 6782, average 2971, total 20149652




@q4[ksoftirqd/169]: count 17576, average 1299, total 22832482

@q5[ksoftirqd/169]: count 139786, average 439, total 61402288

@uc: count 7197, average 2771, total 19943360




@q4[ksoftirqd/169]: count 17296, average 1277, total 22099300

@q5[ksoftirqd/169]: count 137559, average 438, total 60329542

@uc: count 6911, average 3103, total 21451188




@q4[ksoftirqd/169]: count 17385, average 1314, total 22849598

@q5[ksoftirqd/169]: count 138314, average 439, total 60834442

@uc: count 6934, average 3237, total 22449757




@q4[ksoftirqd/169]: count 17881, average 1307, total 23375282

@q5[ksoftirqd/169]: count 142196, average 439, total 62463843

@uc: count 8283, average 2601, total 21547859




@q4[ksoftirqd/169]: count 17168, average 1273, total 21856237

@q5[ksoftirqd/169]: count 136541, average 437, total 59688581

@uc: count 7499, average 2837, total 21281298




@q4[ksoftirqd/169]: count 17668, average 1291, total 22811255

@q5[ksoftirqd/169]: count 140565, average 437, total 61440678

@uc: count 7327, average 3182, total 23315840




@q4[ksoftirqd/169]: count 17646, average 1278, total 22563880

@q5[ksoftirqd/169]: count 140335, average 436, total 61196072

@uc: count 7884, average 2842, total 22409464




@q4[ksoftirqd/169]: count 17326, average 1314, total 22770585

@q5[ksoftirqd/169]: count 137805, average 438, total 60362068

@uc: count 6451, average 3820, total 24643627




@q4[ksoftirqd/169]: count 17345, average 1289, total 22368635

@q5[ksoftirqd/169]: count 137957, average 438, total 60513300

@uc: count 7678, average 5248, total 40301050




@q4[ksoftirqd/169]: count 17434, average 1301, total 22685323

@q5[ksoftirqd/169]: count 138648, average 437, total 60637747

@uc: count 7108, average 3076, total 21867733




@q4[ksoftirqd/169]: count 17310, average 1295, total 22429561

@q5[ksoftirqd/169]: count 137718, average 440, total 60605872

@uc: count 7228, average 3281, total 23722205




@q4[ksoftirqd/169]: count 17334, average 1291, total 22383317

@q5[ksoftirqd/169]: count 137857, average 439, total 60600460

@uc: count 6670, average 3348, total 22335482




@q4[ksoftirqd/169]: count 17226, average 1285, total 22138347

@q5[ksoftirqd/169]: count 136978, average 438, total 60049503

@uc: count 6898, average 2890, total 19941215




@q4[ksoftirqd/169]: count 17425, average 1287, total 22428931

@q5[ksoftirqd/169]: count 138546, average 436, total 60506562

@uc: count 9248, average 2862, total 26475431




@q4[ksoftirqd/169]: count 17678, average 2546, total 45023791

@q5[ksoftirqd/169]: count 140610, average 436, total 61428424

@uc: count 10591, average 2540, total 26909166




@q4[ksoftirqd/169]: count 17779, average 1301, total 23137429

@q5[ksoftirqd/169]: count 141392, average 435, total 61634732

@uc: count 9516, average 2315, total 22034627




@q4[ksoftirqd/169]: count 17496, average 1306, total 22862421

@q5[ksoftirqd/169]: count 139150, average 436, total 60758203

@uc: count 7746, average 2480, total 19212514




@q4[ksoftirqd/169]: count 17416, average 1291, total 22487194

@q5[ksoftirqd/169]: count 138513, average 436, total 60519934

@uc: count 8957, average 2616, total 23431858




@q4[ksoftirqd/169]: count 17899, average 1262, total 22602601

@q5[ksoftirqd/169]: count 142402, average 434, total 61895269

@uc: count 10598, average 3533, total 37446696




@q4[ksoftirqd/169]: count 17431, average 1281, total 22337711

@q5[ksoftirqd/169]: count 138623, average 436, total 60538696

@uc: count 8478, average 3804, total 32251761




@q4[ksoftirqd/169]: count 17328, average 1299, total 22523563

@q5[ksoftirqd/169]: count 137813, average 437, total 60349382

@uc: count 8605, average 2596, total 22345534




@q4[ksoftirqd/169]: count 17520, average 1276, total 22362676

@q5[ksoftirqd/169]: count 139341, average 436, total 60780724

@uc: count 8826, average 2728, total 24082133




@q4[ksoftirqd/169]: count 17586, average 1303, total 22919990

@q5[ksoftirqd/169]: count 139921, average 436, total 61135595

@uc: count 8130, average 2752, total 22381372




@q4[ksoftirqd/169]: count 17463, average 1276, total 22283846

@q5[ksoftirqd/169]: count 138881, average 436, total 60589557

@uc: count 9034, average 2404, total 21720187




@q4[ksoftirqd/169]: count 17480, average 1278, total 22346252

@q5[ksoftirqd/169]: count 139022, average 436, total 60705550

@uc: count 8716, average 2555, total 22276793




@q4[ksoftirqd/169]: count 17464, average 1273, total 22246091

@q5[ksoftirqd/169]: count 138895, average 436, total 60638464

@uc: count 8544, average 2789, total 23834807




@q4[ksoftirqd/169]: count 17696, average 1277, total 22599905

@q5[ksoftirqd/169]: count 140740, average 435, total 61231300

@uc: count 9208, average 2632, total 24239968




@q4[ksoftirqd/169]: count 17543, average 1290, total 22643070

@q5[ksoftirqd/169]: count 139571, average 435, total 60749023

@uc: count 8136, average 2587, total 21055367




@q4[ksoftirqd/169]: count 17427, average 1282, total 22342862

@q5[ksoftirqd/169]: count 138641, average 436, total 60478708

@uc: count 9271, average 2355, total 21841405




@q4[ksoftirqd/169]: count 17586, average 1281, total 22539143

@q5[ksoftirqd/169]: count 139857, average 436, total 60985870

@uc: count 10313, average 3883, total 40051052




@q4[ksoftirqd/169]: count 17552, average 1284, total 22541975

@q5[ksoftirqd/169]: count 139594, average 437, total 61066527

@uc: count 9525, average 3194, total 30426316




@q4[ksoftirqd/169]: count 17936, average 1270, total 22795420

@q5[ksoftirqd/169]: count 142649, average 438, total 62498889

@uc: count 12816, average 1927, total 24708599




@q4[ksoftirqd/169]: count 17328, average 1277, total 22140092

@q5[ksoftirqd/169]: count 137814, average 436, total 60192339

@uc: count 8815, average 2402, total 21178810




@q4[ksoftirqd/169]: count 17712, average 1260, total 22330955

@q5[ksoftirqd/169]: count 140867, average 436, total 61547610

@uc: count 9876, average 2458, total 24279924




@q4[ksoftirqd/169]: count 17800, average 1261, total 22449746

@q5[ksoftirqd/169]: count 141567, average 435, total 61693057

@uc: count 9285, average 2708, total 25147985




@q4[ksoftirqd/169]: count 17365, average 1299, total 22570211

@q5[ksoftirqd/169]: count 138156, average 438, total 60564859

@uc: count 7993, average 2579, total 20616627




@q4[ksoftirqd/169]: count 17413, average 1286, total 22407440

@q5[ksoftirqd/169]: count 138478, average 437, total 60586300

@uc: count 8093, average 2548, total 20627628




@q4[ksoftirqd/169]: count 17515, average 1285, total 22511034

@q5[ksoftirqd/169]: count 139340, average 440, total 61334133

@uc: count 9246, average 2493, total 23057545




@q4[ksoftirqd/169]: count 17496, average 1299, total 22727793

@q5[ksoftirqd/169]: count 139142, average 439, total 61168959

@uc: count 8981, average 2639, total 23705733




@q4[ksoftirqd/169]: count 17752, average 1275, total 22649440

@q5[ksoftirqd/169]: count 141185, average 436, total 61677917

@uc: count 8277, average 2677, total 22165633




@q4[ksoftirqd/169]: count 17464, average 1307, total 22825589

@q5[ksoftirqd/169]: count 138895, average 439, total 61030577

@uc: count 9398, average 5649, total 53091509




@q4[ksoftirqd/169]: count 17383, average 1284, total 22319875

@q5[ksoftirqd/169]: count 138259, average 439, total 60778622

@uc: count 8096, average 2920, total 23642968




@q4[ksoftirqd/169]: count 17704, average 1288, total 22815559

@q5[ksoftirqd/169]: count 140795, average 438, total 61800254

@uc: count 10576, average 2228, total 23572382

@q1[swapper/169]: count 17, average 2864, total 48702
@q1[ksoftirqd/169]: count 4, average 11867, total 47468

@q2[swapper/169]: count 25, average 837, total 20929
@q2[ksoftirqd/169]: count 8, average 5541, total 44332


@q4[swapper/169]: count 958, average 1099, total 1052930
@q4[ksoftirqd/169]: count 21228, average 1219, total 25880287

@q5[ksoftirqd/169]: count 168829, average 447, total 75612393
@q5[swapper/169]: count 7545, average 483, total 3646508

@uc: count 13756, average 2849, total 39198735