Attaching 12 probes...
Tracing latency of network stack funtions. Hit Ctrl-C to end.
@q1[openssl]: count 254, average 1834, total 466010
@q1[ksoftirqd/169]: count 9, average 2502, total 22522

@q2[openssl]: count 1367, average 2921, total 3994070
@q2[ksoftirqd/169]: count 30, average 672981, total 20189448


@q4[openssl]: count 17801, average 965, total 17179255
@q4[ksoftirqd/169]: count 236, average 970, total 229081

@q5[openssl]: count 136692, average 430, total 58878052
@q5[ksoftirqd/169]: count 1692, average 471, total 797560

@uc: count 3212, average 40323, total 129518459

@q1[openssl]: count 532, average 1715, total 912738
@q1[ksoftirqd/169]: count 18, average 2194, total 39492

@q2[openssl]: count 2453, average 630, total 1547585
@q2[ksoftirqd/169]: count 42, average 766, total 32184


@q4[openssl]: count 24120, average 961, total 23193913
@q4[ksoftirqd/169]: count 213, average 1024, total 218221

@q5[openssl]: count 185505, average 429, total 79598911
@q5[ksoftirqd/169]: count 1557, average 437, total 680681

@uc: count 2914, average 5177, total 15086397

@q1[openssl]: count 603, average 1802, total 1086871
@q1[ksoftirqd/169]: count 18, average 2420, total 43561
@q1[kworker/169:0]: count 1, average 16851, total 16851

@q2[openssl]: count 2304, average 628, total 1447919
@q2[ksoftirqd/169]: count 36, average 805, total 29015
@q2[kworker/169:0]: count 1, average 11221, total 11221


@q4[ksoftirqd/169]: count 163, average 957, total 156007
@q4[openssl]: count 24199, average 963, total 23304557
@q4[kworker/169:0]: count 1, average 36329, total 36329

@q5[openssl]: count 185858, average 428, total 79638915
@q5[ksoftirqd/169]: count 1156, average 431, total 499180
@q5[kworker/169:0]: count 3, average 8445, total 25337

@uc: count 2661, average 5363, total 14273036

@q1[openssl]: count 877, average 1815, total 1592344
@q1[ksoftirqd/169]: count 18, average 2805, total 50495
@q1[kworker/169:0]: count 1, average 17843, total 17843

@q2[openssl]: count 2269, average 607, total 1379265
@q2[ksoftirqd/169]: count 28, average 825, total 23103
@q2[kworker/169:0]: count 2, average 7975, total 15951


@q4[openssl]: count 24414, average 957, total 23368501
@q4[ksoftirqd/169]: count 103, average 984, total 101354
@q4[kworker/169:0]: count 25, average 2382, total 59571

@q5[openssl]: count 186182, average 429, total 79889495
@q5[ksoftirqd/169]: count 696, average 444, total 309245
@q5[kworker/169:0]: count 192, average 575, total 110571

@uc: count 2759, average 5080, total 14017527

@q1[openssl]: count 773, average 1822, total 1408804
@q1[ksoftirqd/169]: count 28, average 2610, total 73100

@q2[openssl]: count 2185, average 612, total 1339220
@q2[ksoftirqd/169]: count 42, average 744, total 31248
@q2[kworker/169:0]: count 1, average 12112, total 12112


@q4[ksoftirqd/169]: count 150, average 954, total 143210
@q4[openssl]: count 24334, average 958, total 23321972
@q4[kworker/169:0]: count 19, average 2543, total 48318

@q5[openssl]: count 185955, average 429, total 79801318
@q5[ksoftirqd/169]: count 1022, average 435, total 444708
@q5[kworker/169:0]: count 148, average 585, total 86589

@uc: count 2972, average 5731, total 17032594

@q1[openssl]: count 844, average 1795, total 1515778
@q1[ksoftirqd/169]: count 28, average 2456, total 68769
@q1[kworker/169:0]: count 2, average 6202, total 12404

@q2[openssl]: count 2259, average 607, total 1372492
@q2[ksoftirqd/169]: count 41, average 919, total 37696
@q2[kworker/169:0]: count 3, average 2658, total 7974


@q4[openssl]: count 24359, average 957, total 23320891
@q4[ksoftirqd/169]: count 163, average 1101, total 179621
@q4[kworker/169:0]: count 34, average 1509, total 51337

@q5[openssl]: count 185712, average 429, total 79692914
@q5[ksoftirqd/169]: count 1133, average 445, total 504553
@q5[kworker/169:0]: count 260, average 485, total 126175

@uc: count 2564, average 4996, total 12811111

@q1[openssl]: count 723, average 1819, total 1315238
@q1[ksoftirqd/169]: count 28, average 2195, total 61487
@q1[kworker/169:0]: count 6, average 3630, total 21780

@q2[openssl]: count 2265, average 616, total 1395306
@q2[ksoftirqd/169]: count 46, average 831, total 38233
@q2[kworker/169:0]: count 6, average 1689, total 10139


@q4[openssl]: count 24270, average 959, total 23278679
@q4[ksoftirqd/169]: count 181, average 991, total 179471
@q4[kworker/169:0]: count 15, average 2216, total 33252

@q5[openssl]: count 185740, average 429, total 79742357
@q5[ksoftirqd/169]: count 1245, average 441, total 549519
@q5[kworker/169:0]: count 88, average 603, total 53088

@uc: count 2662, average 5058, total 13464595

@q1[openssl]: count 530, average 1701, total 901885
@q1[ksoftirqd/169]: count 20, average 2733, total 54672

@q2[openssl]: count 2445, average 636, total 1556081
@q2[ksoftirqd/169]: count 44, average 746, total 32852
@q2[kworker/169:0]: count 1, average 13695, total 13695


@q4[openssl]: count 24054, average 964, total 23188923
@q4[ksoftirqd/169]: count 261, average 973, total 254033
@q4[kworker/169:0]: count 15, average 3445, total 51676

@q5[openssl]: count 185035, average 429, total 79554992
@q5[ksoftirqd/169]: count 1923, average 436, total 838941
@q5[kworker/169:0]: count 116, average 667, total 77413

@uc: count 2979, average 4855, total 14465590

@q1[openssl]: count 533, average 1721, total 917447
@q1[ksoftirqd/169]: count 17, average 2026, total 34455

@q2[openssl]: count 2451, average 635, total 1556685
@q2[ksoftirqd/169]: count 43, average 857, total 36858


@q4[openssl]: count 24104, average 963, total 23225698
@q4[ksoftirqd/169]: count 222, average 974, total 216265

@q5[openssl]: count 185458, average 429, total 79715563
@q5[ksoftirqd/169]: count 1604, average 432, total 694469

@uc: count 3158, average 5291, total 16711101

@q1[openssl]: count 528, average 1695, total 895227
@q1[ksoftirqd/169]: count 22, average 2202, total 48462

@q2[openssl]: count 2455, average 632, total 1553771
@q2[ksoftirqd/169]: count 58, average 762, total 44231


@q4[openssl]: count 24125, average 960, total 23178614
@q4[ksoftirqd/169]: count 218, average 996, total 217158

@q5[openssl]: count 185494, average 430, total 79788190
@q5[ksoftirqd/169]: count 1550, average 434, total 673635

@uc: count 2779, average 5000, total 13897050

@q1[openssl]: count 538, average 1726, total 928661
@q1[ksoftirqd/169]: count 15, average 2043, total 30649

@q2[openssl]: count 2452, average 639, total 1567909
@q2[ksoftirqd/169]: count 36, average 752, total 27089


@q4[openssl]: count 24115, average 964, total 23265717
@q4[ksoftirqd/169]: count 210, average 966, total 202939

@q5[openssl]: count 185578, average 430, total 79817650
@q5[ksoftirqd/169]: count 1519, average 437, total 663804

@uc: count 3373, average 13148, total 44348607

@q1[openssl]: count 534, average 1739, total 928902
@q1[ksoftirqd/169]: count 17, average 2425, total 41228
@q1[kworker/169:0]: count 1, average 16210, total 16210

@q2[openssl]: count 2441, average 642, total 1567881
@q2[ksoftirqd/169]: count 42, average 753, total 31659
@q2[kworker/169:0]: count 2, average 4738, total 9477


@q4[ksoftirqd/169]: count 226, average 965, total 218108
@q4[openssl]: count 24090, average 965, total 23265652
@q4[kworker/169:0]: count 13, average 3803, total 49442

@q5[openssl]: count 185321, average 429, total 79673380
@q5[ksoftirqd/169]: count 1640, average 433, total 710451
@q5[kworker/169:0]: count 98, average 715, total 70152

@uc: count 2901, average 5000, total 14507312

@q1[openssl]: count 531, average 1710, total 908036
@q1[ksoftirqd/169]: count 18, average 1950, total 35116
@q1[kworker/169:0]: count 2, average 8476, total 16952

@q2[openssl]: count 2438, average 633, total 1544006
@q2[ksoftirqd/169]: count 46, average 839, total 38622
@q2[kworker/169:0]: count 3, average 3109, total 9328


@q4[ksoftirqd/169]: count 254, average 953, total 242303
@q4[openssl]: count 24070, average 960, total 23125686
@q4[kworker/169:0]: count 16, average 2320, total 37131

@q5[openssl]: count 185116, average 430, total 79603459
@q5[ksoftirqd/169]: count 1836, average 433, total 796407
@q5[kworker/169:0]: count 117, average 542, total 63500

@uc: count 3124, average 5718, total 17863264

@q1[openssl]: count 539, average 1720, total 927131
@q1[ksoftirqd/169]: count 19, average 2185, total 41531
@q1[kworker/169:0]: count 2, average 8405, total 16811

@q2[openssl]: count 2445, average 635, total 1554854
@q2[ksoftirqd/169]: count 42, average 731, total 30715
@q2[kworker/169:0]: count 4, average 2540, total 10161


@q4[openssl]: count 24118, average 961, total 23182738
@q4[ksoftirqd/169]: count 198, average 985, total 195163
@q4[kworker/169:0]: count 27, average 1330, total 35926

@q5[openssl]: count 185439, average 430, total 79810763
@q5[ksoftirqd/169]: count 1426, average 434, total 618911
@q5[kworker/169:0]: count 201, average 482, total 97021

@uc: count 2840, average 5517, total 15671021

@q1[openssl]: count 953, average 1804, total 1719573
@q1[ksoftirqd/169]: count 34, average 2157, total 73343
@q1[kworker/169:0]: count 3, average 3509, total 10529

@q2[openssl]: count 2348, average 608, total 1428703
@q2[ksoftirqd/169]: count 53, average 732, total 38844
@q2[kworker/169:0]: count 5, average 1761, total 8806


@q4[openssl]: count 24411, average 955, total 23335378
@q4[ksoftirqd/169]: count 192, average 957, total 183773
@q4[kworker/169:0]: count 17, average 1492, total 25377

@q5[openssl]: count 185652, average 429, total 79717877
@q5[ksoftirqd/169]: count 1321, average 435, total 574898
@q5[kworker/169:0]: count 115, average 472, total 54343

@uc: count 2734, average 5014, total 13708491

@q1[openssl]: count 725, average 1778, total 1289343
@q1[ksoftirqd/169]: count 24, average 2143, total 51445

@q2[openssl]: count 2333, average 626, total 1461218
@q2[ksoftirqd/169]: count 43, average 879, total 37830


@q4[openssl]: count 24245, average 960, total 23279760
@q4[ksoftirqd/169]: count 219, average 975, total 213614

@q5[openssl]: count 185419, average 429, total 79712015
@q5[ksoftirqd/169]: count 1581, average 435, total 688389

@uc: count 2738, average 5415, total 14827976

@q1[openssl]: count 530, average 1711, total 907230
@q1[ksoftirqd/169]: count 20, average 2043, total 40878
@q1[kworker/169:0]: count 1, average 18274, total 18274

@q2[openssl]: count 2447, average 644, total 1578071
@q2[ksoftirqd/169]: count 47, average 728, total 34229
@q2[kworker/169:0]: count 2, average 8005, total 16011


@q4[openssl]: count 24106, average 965, total 23274501
@q4[ksoftirqd/169]: count 220, average 973, total 214210
@q4[kworker/169:0]: count 16, average 3320, total 53132

@q5[openssl]: count 185433, average 430, total 79776252
@q5[ksoftirqd/169]: count 1557, average 437, total 681511
@q5[kworker/169:0]: count 122, average 671, total 81933

@uc: count 3043, average 5367, total 16333830

@q1[openssl]: count 529, average 1723, total 911569
@q1[ksoftirqd/169]: count 21, average 2200, total 46201

@q2[openssl]: count 2440, average 634, total 1549156
@q2[ksoftirqd/169]: count 47, average 1009, total 47453
@q2[kworker/169:0]: count 1, average 21491, total 21491


@q4[openssl]: count 24073, average 963, total 23190025
@q4[ksoftirqd/169]: count 231, average 972, total 224575
@q4[kworker/169:0]: count 25, average 1614, total 40361

@q5[openssl]: count 185208, average 429, total 79599238
@q5[ksoftirqd/169]: count 1671, average 432, total 722612
@q5[kworker/169:0]: count 198, average 484, total 95948

@uc: count 2769, average 5077, total 14060351

@q1[openssl]: count 531, average 1730, total 918767
@q1[ksoftirqd/169]: count 18, average 2210, total 39785
@q1[kworker/169:0]: count 1, average 18204, total 18204

@q2[openssl]: count 2442, average 634, total 1549910
@q2[ksoftirqd/169]: count 40, average 798, total 31940
@q2[kworker/169:0]: count 1, average 14828, total 14828


@q4[openssl]: count 24107, average 962, total 23206323
@q4[ksoftirqd/169]: count 224, average 987, total 221141
@q4[kworker/169:0]: count 1, average 36609, total 36609

@q5[openssl]: count 185456, average 430, total 79779480
@q5[ksoftirqd/169]: count 1640, average 442, total 726242
@q5[kworker/169:0]: count 4, average 10396, total 41587

@uc: count 2901, average 5559, total 16127527

@q1[openssl]: count 533, average 1734, total 924419
@q1[ksoftirqd/169]: count 16, average 2406, total 38502
@q1[kworker/169:0]: count 1, average 11662, total 11662

@q2[openssl]: count 2450, average 635, total 1556054
@q2[ksoftirqd/169]: count 42, average 787, total 33061
@q2[kworker/169:0]: count 2, average 3697, total 7394


@q4[openssl]: count 24093, average 961, total 23165842
@q4[ksoftirqd/169]: count 221, average 976, total 215787
@q4[kworker/169:0]: count 15, average 2429, total 36439

@q5[openssl]: count 185327, average 429, total 79603202
@q5[ksoftirqd/169]: count 1622, average 432, total 701910
@q5[kworker/169:0]: count 112, average 588, total 65911

@uc: count 2937, average 4804, total 14109507

@q1[openssl]: count 529, average 1687, total 892700
@q1[ksoftirqd/169]: count 21, average 2750, total 57760

@q2[openssl]: count 2437, average 636, total 1550219
@q2[ksoftirqd/169]: count 48, average 834, total 40078
@q2[kworker/169:0]: count 1, average 9949, total 9949


@q4[ksoftirqd/169]: count 227, average 958, total 217679
@q4[openssl]: count 24087, average 961, total 23162072
@q4[kworker/169:0]: count 14, average 3019, total 42269

@q5[openssl]: count 185260, average 429, total 79579067
@q5[ksoftirqd/169]: count 1629, average 433, total 705955
@q5[kworker/169:0]: count 109, average 626, total 68274

@uc: count 3274, average 7207, total 23595847

@q1[openssl]: count 532, average 1707, total 908260
@q1[ksoftirqd/169]: count 19, average 2490, total 47328

@q2[openssl]: count 2450, average 634, total 1554180
@q2[ksoftirqd/169]: count 45, average 807, total 36352
@q2[kworker/169:0]: count 2, average 6416, total 12833


@q4[openssl]: count 24110, average 958, total 23097806
@q4[ksoftirqd/169]: count 206, average 988, total 203622
@q4[kworker/169:0]: count 26, average 1731, total 45025

@q5[openssl]: count 185434, average 429, total 79631339
@q5[ksoftirqd/169]: count 1485, average 438, total 650646
@q5[kworker/169:0]: count 203, average 487, total 98870

@uc: count 3161, average 9272, total 29310379

@q1[openssl]: count 534, average 1711, total 914072
@q1[ksoftirqd/169]: count 16, average 2234, total 35749

@q2[openssl]: count 2455, average 637, total 1564032
@q2[ksoftirqd/169]: count 44, average 748, total 32950


@q4[openssl]: count 24094, average 960, total 23152583
@q4[ksoftirqd/169]: count 232, average 966, total 224201

@q5[openssl]: count 185317, average 430, total 79696027
@q5[ksoftirqd/169]: count 1703, average 434, total 740396

@uc: count 2813, average 5022, total 14129446

@q1[openssl]: count 533, average 1701, total 906799
@q1[ksoftirqd/169]: count 17, average 2397, total 40757

@q2[openssl]: count 2451, average 637, total 1562305
@q2[ksoftirqd/169]: count 42, average 781, total 32835
@q2[kworker/169:0]: count 1, average 12613, total 12613


@q4[openssl]: count 24117, average 960, total 23165529
@q4[ksoftirqd/169]: count 208, average 998, total 207721
@q4[kworker/169:0]: count 14, average 2513, total 35187

@q5[openssl]: count 185505, average 429, total 79690886
@q5[ksoftirqd/169]: count 1518, average 436, total 662029
@q5[kworker/169:0]: count 107, average 561, total 60054

@uc: count 2949, average 4857, total 14325153

@q1[openssl]: count 532, average 1723, total 916756
@q1[ksoftirqd/169]: count 18, average 2206, total 39714
@q1[kworker/169:0]: count 1, average 14968, total 14968

@q2[openssl]: count 2439, average 641, total 1563645
@q2[ksoftirqd/169]: count 48, average 750, total 36017
@q2[kworker/169:0]: count 1, average 7845, total 7845


@q4[openssl]: count 24085, average 963, total 23217741
@q4[ksoftirqd/169]: count 242, average 990, total 239787
@q4[kworker/169:0]: count 1, average 24325, total 24325

@q5[openssl]: count 185315, average 430, total 79853860
@q5[ksoftirqd/169]: count 1751, average 432, total 757951
@q5[kworker/169:0]: count 4, average 4135, total 16541

@uc: count 3147, average 5545, total 17450841

@q1[openssl]: count 528, average 1703, total 899451
@q1[ksoftirqd/169]: count 21, average 2475, total 51984
@q1[kworker/169:0]: count 1, average 16601, total 16601

@q2[openssl]: count 2433, average 637, total 1551061
@q2[ksoftirqd/169]: count 47, average 828, total 38961
@q2[kworker/169:0]: count 3, average 3490, total 10470


@q4[openssl]: count 24058, average 962, total 23164608
@q4[ksoftirqd/169]: count 239, average 969, total 231623
@q4[kworker/169:0]: count 27, average 1781, total 48091

@q5[openssl]: count 185141, average 430, total 79648015
@q5[ksoftirqd/169]: count 1733, average 433, total 751889
@q5[kworker/169:0]: count 203, average 502, total 101967

@uc: count 2733, average 4863, total 13291686

@q1[openssl]: count 532, average 1710, total 910102
@q1[ksoftirqd/169]: count 19, average 2280, total 43333

@q2[openssl]: count 2449, average 635, total 1555459
@q2[ksoftirqd/169]: count 41, average 814, total 33411


@q4[openssl]: count 24099, average 964, total 23242725
@q4[ksoftirqd/169]: count 220, average 967, total 212871

@q5[openssl]: count 185430, average 429, total 79706143
@q5[ksoftirqd/169]: count 1608, average 435, total 700385

@uc: count 2750, average 4894, total 13459842

@q1[openssl]: count 531, average 1717, total 911953
@q1[ksoftirqd/169]: count 18, average 2570, total 46266
@q1[kworker/169:0]: count 1, average 16090, total 16090

@q2[openssl]: count 2443, average 638, total 1560915
@q2[ksoftirqd/169]: count 45, average 745, total 33560
@q2[kworker/169:0]: count 1, average 13235, total 13235


@q4[ksoftirqd/169]: count 217, average 963, total 208975
@q4[openssl]: count 24102, average 965, total 23278241
@q4[kworker/169:0]: count 1, average 36618, total 36618

@q5[openssl]: count 185465, average 430, total 79839538
@q5[ksoftirqd/169]: count 1571, average 435, total 683921
@q5[kworker/169:0]: count 3, average 10086, total 30258

@uc: count 2915, average 4981, total 14521743

@q1[openssl]: count 531, average 1735, total 921693
@q1[ksoftirqd/169]: count 18, average 2164, total 38960
@q1[kworker/169:1]: count 1, average 18434, total 18434

@q2[openssl]: count 2430, average 650, total 1580791
@q2[ksoftirqd/169]: count 35, average 760, total 26619
@q2[kworker/169:1]: count 1, average 15289, total 15289


@q4[openssl]: count 24081, average 970, total 23368696
@q4[ksoftirqd/169]: count 230, average 980, total 225527
@q4[kworker/169:1]: count 1, average 38202, total 38202

@q5[openssl]: count 185434, average 431, total 79941756
@q5[ksoftirqd/169]: count 1683, average 436, total 735239
@q5[kworker/169:1]: count 5, average 6706, total 33533

@uc: count 3193, average 5312, total 16963981

@q1[openssl]: count 534, average 1712, total 914687
@q1[ksoftirqd/169]: count 17, average 2214, total 37642

@q2[openssl]: count 2440, average 635, total 1551277
@q2[ksoftirqd/169]: count 39, average 811, total 31661
@q2[kworker/169:1]: count 2, average 13856, total 27712


@q4[openssl]: count 24055, average 966, total 23239433
@q4[ksoftirqd/169]: count 229, average 988, total 226279
@q4[kworker/169:1]: count 27, average 2318, total 62600

@q5[openssl]: count 185142, average 430, total 79655850
@q5[ksoftirqd/169]: count 1689, average 433, total 731946
@q5[kworker/169:1]: count 210, average 565, total 118750

@uc: count 2825, average 4985, total 14083828

@q1[openssl]: count 530, average 1735, total 919787
@q1[ksoftirqd/169]: count 19, average 2382, total 45276
@q1[kworker/169:1]: count 1, average 17523, total 17523

@q2[openssl]: count 2442, average 636, total 1555133
@q2[ksoftirqd/169]: count 43, average 743, total 31972
@q2[kworker/169:1]: count 2, average 7629, total 15258


@q4[openssl]: count 24091, average 965, total 23265073
@q4[ksoftirqd/169]: count 222, average 988, total 219473
@q4[kworker/169:1]: count 13, average 3783, total 49181

@q5[openssl]: count 185361, average 430, total 79778027
@q5[ksoftirqd/169]: count 1604, average 434, total 697360
@q5[kworker/169:1]: count 97, average 742, total 72057

@uc: count 2758, average 4815, total 13280615

@q1[openssl]: count 715, average 1784, total 1275749
@q1[ksoftirqd/169]: count 25, average 2192, total 54801

@q2[openssl]: count 2363, average 620, total 1465726
@q2[ksoftirqd/169]: count 44, average 731, total 32168


@q4[openssl]: count 24275, average 960, total 23316160
@q4[ksoftirqd/169]: count 179, average 986, total 176581

@q5[openssl]: count 185794, average 429, total 79866194
@q5[ksoftirqd/169]: count 1247, average 446, total 556898

@uc: count 3291, average 13704, total 45101247

@q1[openssl]: count 530, average 1706, total 904627
@q1[ksoftirqd/169]: count 20, average 2180, total 43615

@q2[openssl]: count 2434, average 639, total 1555966
@q2[ksoftirqd/169]: count 48, average 733, total 35195


@q4[openssl]: count 24064, average 961, total 23137641
@q4[ksoftirqd/169]: count 266, average 962, total 256054

@q5[openssl]: count 185100, average 430, total 79608614
@q5[ksoftirqd/169]: count 1934, average 433, total 839225

@uc: count 3254, average 5808, total 18901686

@q1[openssl]: count 529, average 1697, total 898060
@q1[ksoftirqd/169]: count 20, average 2184, total 43681
@q1[kworker/169:1]: count 1, average 10490, total 10490

@q2[openssl]: count 2446, average 636, total 1556279
@q2[ksoftirqd/169]: count 44, average 752, total 33102
@q2[kworker/169:1]: count 2, average 6426, total 12853


@q4[openssl]: count 24105, average 962, total 23191864
@q4[ksoftirqd/169]: count 208, average 987, total 205335
@q4[kworker/169:1]: count 15, average 2305, total 34577

@q5[openssl]: count 185458, average 430, total 79817018
@q5[ksoftirqd/169]: count 1508, average 439, total 662158
@q5[kworker/169:1]: count 113, average 560, total 63292

@uc: count 2813, average 5307, total 14929594

@q1[openssl]: count 531, average 1720, total 913845
@q1[ksoftirqd/169]: count 19, average 2399, total 45595
@q1[kworker/169:1]: count 1, average 16871, total 16871

@q2[openssl]: count 2445, average 633, total 1549502
@q2[ksoftirqd/169]: count 46, average 776, total 35733
@q2[kworker/169:1]: count 2, average 6812, total 13625


@q4[openssl]: count 24087, average 961, total 23163584
@q4[ksoftirqd/169]: count 234, average 1028, total 240653
@q4[kworker/169:1]: count 16, average 3209, total 51359

@q5[openssl]: count 185243, average 429, total 79622556
@q5[ksoftirqd/169]: count 1704, average 437, total 745507
@q5[kworker/169:1]: count 120, average 665, total 79879

@uc: count 2765, average 5107, total 14121406

@q1[openssl]: count 528, average 1737, total 917615
@q1[ksoftirqd/169]: count 22, average 1954, total 42989

@q2[openssl]: count 2437, average 637, total 1554280
@q2[ksoftirqd/169]: count 52, average 829, total 43130
@q2[kworker/169:1]: count 3, average 2825, total 8476


@q4[ksoftirqd/169]: count 244, average 950, total 231969
@q4[openssl]: count 24039, average 961, total 23110928
@q4[kworker/169:1]: count 38, average 1527, total 58057

@q5[openssl]: count 184997, average 429, total 79544101
@q5[ksoftirqd/169]: count 1748, average 431, total 753791
@q5[kworker/169:1]: count 296, average 483, total 142998

@uc: count 2935, average 4799, total 14085646

@q1[openssl]: count 531, average 1733, total 920584
@q1[ksoftirqd/169]: count 19, average 2180, total 41421

@q2[openssl]: count 2450, average 633, total 1551153
@q2[ksoftirqd/169]: count 45, average 736, total 33133


@q4[openssl]: count 24097, average 961, total 23163662
@q4[ksoftirqd/169]: count 236, average 963, total 227362

@q5[openssl]: count 185393, average 429, total 79654306
@q5[ksoftirqd/169]: count 1692, average 436, total 738982

@uc: count 3039, average 4959, total 15071740

@q1[openssl]: count 536, average 1708, total 915868
@q1[ksoftirqd/169]: count 13, average 2366, total 30766
@q1[kworker/169:1]: count 1, average 17442, total 17442

@q2[openssl]: count 2457, average 635, total 1560434
@q2[ksoftirqd/169]: count 36, average 778, total 28030
@q2[kworker/169:1]: count 2, average 7814, total 15629


@q4[openssl]: count 24119, average 961, total 23181192
@q4[ksoftirqd/169]: count 211, average 975, total 205836
@q4[kworker/169:1]: count 16, average 3205, total 51284

@q5[openssl]: count 185409, average 429, total 79663544
@q5[ksoftirqd/169]: count 1557, average 431, total 672503
@q5[kworker/169:1]: count 121, average 675, total 81762

@uc: count 2830, average 5043, total 14274515

@q1[openssl]: count 530, average 1725, total 914701
@q1[ksoftirqd/169]: count 20, average 2057, total 41146

@q2[openssl]: count 2440, average 632, total 1542862
@q2[ksoftirqd/169]: count 43, average 731, total 31456


@q4[openssl]: count 24063, average 961, total 23141996
@q4[ksoftirqd/169]: count 261, average 966, total 252205

@q5[openssl]: count 185096, average 429, total 79536614
@q5[ksoftirqd/169]: count 1922, average 433, total 834140

@uc: count 2813, average 5291, total 14885072

@q1[openssl]: count 533, average 1743, total 929435
@q1[ksoftirqd/169]: count 18, average 2217, total 39914

@q2[openssl]: count 2445, average 636, total 1557115
@q2[ksoftirqd/169]: count 39, average 868, total 33875


@q4[openssl]: count 24101, average 962, total 23189162
@q4[ksoftirqd/169]: count 226, average 974, total 220218

@q5[openssl]: count 185435, average 430, total 79747268
@q5[ksoftirqd/169]: count 1647, average 433, total 714756

@uc: count 3054, average 5133, total 15677630

@q1[openssl]: count 532, average 1727, total 918922
@q1[ksoftirqd/169]: count 18, average 2217, total 39913

@q2[openssl]: count 2438, average 634, total 1546690
@q2[ksoftirqd/169]: count 41, average 812, total 33309


@q4[openssl]: count 24113, average 961, total 23179348
@q4[ksoftirqd/169]: count 217, average 975, total 211775

@q5[openssl]: count 185507, average 429, total 79737243
@q5[ksoftirqd/169]: count 1575, average 435, total 686232

@uc: count 3100, average 5170, total 16027817

@q1[openssl]: count 534, average 1718, total 917539
@q1[ksoftirqd/169]: count 17, average 2417, total 41093

@q2[openssl]: count 2450, average 634, total 1554466
@q2[ksoftirqd/169]: count 44, average 780, total 34354
@q2[kworker/169:0]: count 1, average 8897, total 8897


@q4[openssl]: count 24099, average 962, total 23193616
@q4[ksoftirqd/169]: count 224, average 978, total 219188
@q4[kworker/169:0]: count 14, average 2459, total 34434

@q5[openssl]: count 185358, average 430, total 79756644
@q5[ksoftirqd/169]: count 1615, average 436, total 705447
@q5[kworker/169:0]: count 109, average 592, total 64580

@uc: count 2786, average 4828, total 13451034

@q1[openssl]: count 531, average 1740, total 924247
@q1[ksoftirqd/169]: count 19, average 2296, total 43635

@q2[openssl]: count 2433, average 635, total 1545301
@q2[ksoftirqd/169]: count 46, average 728, total 33522


@q4[openssl]: count 24099, average 963, total 23209087
@q4[ksoftirqd/169]: count 226, average 971, total 219646

@q5[openssl]: count 185451, average 430, total 79775732
@q5[ksoftirqd/169]: count 1613, average 439, total 709002

@uc: count 3502, average 9996, total 35007410

@q1[openssl]: count 534, average 1707, total 911541
@q1[ksoftirqd/169]: count 16, average 2642, total 42281
@q1[kworker/169:0]: count 1, average 13105, total 13105

@q2[openssl]: count 2439, average 636, total 1552544
@q2[ksoftirqd/169]: count 39, average 770, total 30066
@q2[kworker/169:0]: count 3, average 4672, total 14017


@q4[openssl]: count 24089, average 964, total 23228959
@q4[ksoftirqd/169]: count 212, average 997, total 211502
@q4[kworker/169:0]: count 27, average 1899, total 51285

@q5[openssl]: count 185333, average 430, total 79737701
@q5[ksoftirqd/169]: count 1547, average 435, total 673061
@q5[kworker/169:0]: count 210, average 532, total 111873

@uc: count 3008, average 5961, total 17930732

@q1[openssl]: count 532, average 1717, total 913680
@q1[ksoftirqd/169]: count 18, average 2176, total 39181

@q2[openssl]: count 2436, average 635, total 1547580
@q2[ksoftirqd/169]: count 41, average 845, total 34685


@q4[ksoftirqd/169]: count 216, average 962, total 207884
@q4[openssl]: count 24113, average 963, total 23224924

@q5[openssl]: count 185538, average 430, total 79790060
@q5[ksoftirqd/169]: count 1556, average 433, total 674035

@uc: count 3155, average 5197, total 16398631

@q1[openssl]: count 530, average 1728, total 915879
@q1[ksoftirqd/169]: count 19, average 2092, total 39756
@q1[kworker/169:0]: count 1, average 19647, total 19647

@q2[openssl]: count 2430, average 632, total 1537948
@q2[ksoftirqd/169]: count 48, average 763, total 36670
@q2[kworker/169:0]: count 2, average 7183, total 14367


@q4[openssl]: count 24076, average 963, total 23199417
@q4[ksoftirqd/169]: count 237, average 967, total 229247
@q4[kworker/169:0]: count 16, average 3226, total 51616

@q5[openssl]: count 185220, average 430, total 79647010
@q5[ksoftirqd/169]: count 1726, average 433, total 747671
@q5[kworker/169:0]: count 121, average 690, total 83605

@uc: count 2780, average 4799, total 13341725

@q1[openssl]: count 532, average 1724, total 917471
@q1[ksoftirqd/169]: count 17, average 2485, total 42249
@q1[kworker/169:0]: count 1, average 18886, total 18886

@q2[openssl]: count 2438, average 633, total 1543712
@q2[ksoftirqd/169]: count 41, average 873, total 35809
@q2[kworker/169:0]: count 1, average 14397, total 14397


@q4[openssl]: count 24101, average 962, total 23204389
@q4[ksoftirqd/169]: count 226, average 971, total 219541
@q4[kworker/169:0]: count 1, average 37781, total 37781

@q5[openssl]: count 185405, average 429, total 79723131
@q5[ksoftirqd/169]: count 1659, average 433, total 718390
@q5[kworker/169:0]: count 4, average 8280, total 33122

@uc: count 2787, average 4871, total 13576331

@q1[openssl]: count 528, average 1706, total 901182
@q1[ksoftirqd/169]: count 20, average 2385, total 47709
@q1[kworker/169:0]: count 2, average 9543, total 19086

@q2[openssl]: count 2437, average 634, total 1545991
@q2[ksoftirqd/169]: count 42, average 739, total 31043
@q2[kworker/169:0]: count 3, average 5133, total 15399


@q4[ksoftirqd/169]: count 216, average 959, total 207243
@q4[openssl]: count 24099, average 960, total 23154234
@q4[kworker/169:0]: count 16, average 2340, total 37449

@q5[openssl]: count 185436, average 429, total 79618920
@q5[ksoftirqd/169]: count 1551, average 437, total 678673
@q5[kworker/169:0]: count 121, average 576, total 69769

@uc: count 2977, average 5521, total 16437458

@q1[openssl]: count 531, average 1694, total 900031
@q1[ksoftirqd/169]: count 18, average 2299, total 41387
@q1[kworker/169:0]: count 1, average 18856, total 18856

@q2[openssl]: count 2440, average 642, total 1567937
@q2[ksoftirqd/169]: count 38, average 740, total 28157
@q2[kworker/169:0]: count 1, average 14647, total 14647


@q4[openssl]: count 24080, average 964, total 23225886
@q4[ksoftirqd/169]: count 237, average 972, total 230554
@q4[kworker/169:0]: count 1, average 39033, total 39033

@q5[openssl]: count 185282, average 430, total 79682238
@q5[ksoftirqd/169]: count 1747, average 432, total 754726
@q5[kworker/169:0]: count 4, average 7852, total 31408

@uc: count 3272, average 5402, total 17676721

@q1[openssl]: count 532, average 1704, total 906921
@q1[ksoftirqd/169]: count 17, average 2427, total 41268
@q1[kworker/169:0]: count 1, average 15429, total 15429

@q2[openssl]: count 2440, average 636, total 1552934
@q2[ksoftirqd/169]: count 41, average 870, total 35674
@q2[kworker/169:0]: count 3, average 3944, total 11833


@q4[openssl]: count 24078, average 963, total 23196480
@q4[ksoftirqd/169]: count 214, average 967, total 207054
@q4[kworker/169:0]: count 27, average 1889, total 51013

@q5[openssl]: count 185283, average 429, total 79583773
@q5[ksoftirqd/169]: count 1571, average 431, total 677819
@q5[kworker/169:0]: count 206, average 507, total 104517

@uc: count 2863, average 4530, total 12972116

@q1[openssl]: count 528, average 1737, total 917473
@q1[ksoftirqd/169]: count 22, average 2421, total 53279

@q2[openssl]: count 2422, average 638, total 1545434
@q2[ksoftirqd/169]: count 44, average 763, total 33604
@q2[kworker/169:0]: count 2, average 5686, total 11372


@q4[openssl]: count 24036, average 964, total 23183173
@q4[ksoftirqd/169]: count 254, average 996, total 253188
@q4[kworker/169:0]: count 25, average 1502, total 37553

@q5[openssl]: count 184987, average 429, total 79497273
@q5[ksoftirqd/169]: count 1851, average 435, total 806763
@q5[kworker/169:0]: count 196, average 487, total 95456

@uc: count 2825, average 5501, total 15540340

@q1[openssl]: count 531, average 1839, total 976719
@q1[ksoftirqd/169]: count 18, average 2071, total 37289

@q2[openssl]: count 2317, average 650, total 1508134
@q2[ksoftirqd/169]: count 43, average 702, total 30195


@q4[openssl]: count 23996, average 962, total 23102779
@q4[ksoftirqd/169]: count 252, average 964, total 243166

@q5[openssl]: count 185259, average 429, total 79649795
@q5[ksoftirqd/169]: count 1803, average 437, total 788793

@uc: count 3053, average 5401, total 16492141

@q1[openssl]: count 529, average 1786, total 945126
@q1[ksoftirqd/169]: count 21, average 2095, total 43995

@q2[openssl]: count 2281, average 646, total 1473664
@q2[ksoftirqd/169]: count 54, average 695, total 37546


@q4[ksoftirqd/169]: count 256, average 952, total 243833
@q4[openssl]: count 23983, average 965, total 23147123

@q5[openssl]: count 185269, average 430, total 79741512
@q5[ksoftirqd/169]: count 1790, average 439, total 785979

@uc: count 3715, average 8322, total 30919740

@q1[openssl]: count 530, average 1784, total 945880
@q1[ksoftirqd/169]: count 19, average 1932, total 36711
@q1[kworker/169:0]: count 1, average 14678, total 14678

@q2[openssl]: count 2279, average 646, total 1473594
@q2[ksoftirqd/169]: count 54, average 693, total 37437
@q2[kworker/169:0]: count 2, average 5790, total 11581


@q4[ksoftirqd/169]: count 247, average 952, total 235295
@q4[openssl]: count 23965, average 965, total 23148652
@q4[kworker/169:0]: count 15, average 2573, total 38602

@q5[openssl]: count 185225, average 431, total 79867941
@q5[ksoftirqd/169]: count 1736, average 433, total 752056
@q5[kworker/169:0]: count 115, average 602, total 69320

@uc: count 3423, average 8221, total 28140691

@q1[openssl]: count 530, average 1816, total 962999
@q1[ksoftirqd/169]: count 22, average 2232, total 49104

@q2[openssl]: count 2282, average 648, total 1479094
@q2[ksoftirqd/169]: count 53, average 698, total 37028


@q4[ksoftirqd/169]: count 252, average 964, total 243117
@q4[openssl]: count 23984, average 968, total 23218158

@q5[openssl]: count 185319, average 430, total 79727609
@q5[ksoftirqd/169]: count 1758, average 437, total 768478

@uc: count 3024, average 5970, total 18054382

@q1[openssl]: count 526, average 1791, total 942566
@q1[ksoftirqd/169]: count 24, average 2019, total 48462

@q2[openssl]: count 2287, average 644, total 1475091
@q2[ksoftirqd/169]: count 52, average 673, total 35009
@q2[kworker/169:0]: count 1, average 14618, total 14618


@q4[ksoftirqd/169]: count 268, average 955, total 256024
@q4[openssl]: count 23961, average 967, total 23184314
@q4[kworker/169:0]: count 15, average 3433, total 51504

@q5[openssl]: count 185068, average 429, total 79519044
@q5[ksoftirqd/169]: count 1878, average 434, total 816651
@q5[kworker/169:0]: count 117, average 679, total 79485

@uc: count 3069, average 5160, total 15836090

@q1[openssl]: count 534, average 1747, total 933353
@q1[ksoftirqd/169]: count 17, average 2105, total 35797

@q2[openssl]: count 2354, average 641, total 1511239
@q2[ksoftirqd/169]: count 44, average 813, total 35783


@q4[ksoftirqd/169]: count 226, average 951, total 215075
@q4[openssl]: count 24052, average 966, total 23243412

@q5[openssl]: count 185436, average 429, total 79693319
@q5[ksoftirqd/169]: count 1614, average 432, total 697831

@uc: count 3192, average 6182, total 19734668

@q1[openssl]: count 462, average 1679, total 776014
@q1[ksoftirqd/169]: count 32, average 3045, total 97462
@q1[swapper/169]: count 57, average 3693, total 210546
@q1[kworker/169:0]: count 1, average 16200, total 16200

@q2[openssl]: count 2128, average 635, total 1351440
@q2[ksoftirqd/169]: count 82, average 893, total 73275
@q2[swapper/169]: count 166, average 1146, total 190246
@q2[kworker/169:0]: count 2, average 7118, total 14237
@q2[iperf]: count 1, average 14678, total 14678


@q4[openssl]: count 20982, average 963, total 20217963
@q4[ksoftirqd/169]: count 432, average 1315, total 568161
@q4[swapper/169]: count 2862, average 1618, total 4632612
@q4[kworker/169:0]: count 15, average 2659, total 39896
@q4[iperf]: count 6, average 6182, total 37097

@q5[openssl]: count 161357, average 429, total 69319179
@q5[ksoftirqd/169]: count 3178, average 574, total 1824689
@q5[kworker/169:0]: count 116, average 589, total 68434
@q5[swapper/169]: count 22371, average 695, total 15561073
@q5[iperf]: count 47, average 1173, total 55169

@uc: count 5538, average 4241, total 23489258