Attaching 12 probes...
Tracing latency of network stack funtions. Hit Ctrl-C to end.
@q1[openssl]: count 612, average 2676, total 1638184
@q1[ksoftirqd/169]: count 98, average 2914, total 285658
@q1[kworker/169:1]: count 2, average 15614, total 31228

@q2[openssl]: count 959, average 2384, total 2286269
@q2[kworker/169:1]: count 3, average 15619, total 46858
@q2[ksoftirqd/169]: count 173, average 47412, total 8202281


@q4[openssl]: count 27771, average 960, total 26685345
@q4[ksoftirqd/169]: count 4791, average 965, total 4626001
@q4[kworker/169:1]: count 25, average 1515, total 37879

@q5[openssl]: count 217609, average 435, total 94757034
@q5[ksoftirqd/169]: count 37361, average 436, total 16309895
@q5[kworker/169:1]: count 174, average 502, total 87426

@uc: count 4415, average 20655, total 91194122

@q1[openssl]: count 1154, average 2556, total 2950073
@q1[ksoftirqd/169]: count 237, average 2830, total 670930

@q2[openssl]: count 1618, average 645, total 1045146
@q2[ksoftirqd/169]: count 311, average 656, total 204210


@q4[openssl]: count 40104, average 956, total 38361009
@q4[ksoftirqd/169]: count 3835, average 964, total 3699902

@q5[ksoftirqd/169]: count 29606, average 433, total 12821897
@q5[openssl]: count 314110, average 433, total 136272262

@uc: count 2571, average 11821, total 30393458

@q1[openssl]: count 759, average 2613, total 1983894
@q1[ksoftirqd/169]: count 138, average 2758, total 380703

@q2[openssl]: count 1009, average 641, total 647494
@q2[ksoftirqd/169]: count 195, average 825, total 160904


@q4[openssl]: count 26603, average 956, total 25438279
@q4[ksoftirqd/169]: count 10821, average 1146, total 12403146
@q4[kworker/169:1]: count 80, average 1287, total 102993

@q5[ksoftirqd/169]: count 85502, average 433, total 37103361
@q5[openssl]: count 208468, average 433, total 90428538
@q5[kworker/169:1]: count 637, average 475, total 303008

@uc: count 5863, average 3138, total 18399879




@q4[ksoftirqd/169]: count 20439, average 1271, total 25997001

@q5[ksoftirqd/169]: count 162527, average 435, total 70763727

@uc: count 5418, average 7206, total 39043855




@q4[ksoftirqd/169]: count 20696, average 1265, total 26189060

@q5[ksoftirqd/169]: count 164576, average 434, total 71486577

@uc: count 5371, average 4602, total 24719935




@q4[ksoftirqd/169]: count 20456, average 1279, total 26167815

@q5[ksoftirqd/169]: count 162691, average 434, total 70629703

@uc: count 6196, average 5054, total 31316612




@q4[ksoftirqd/169]: count 20976, average 1284, total 26936884

@q5[ksoftirqd/169]: count 166810, average 432, total 72203833

@uc: count 3872, average 3289, total 12736619




@q4[ksoftirqd/169]: count 20925, average 1267, total 26529810

@q5[ksoftirqd/169]: count 166495, average 433, total 72172726

@uc: count 5768, average 2627, total 15158161




@q4[ksoftirqd/169]: count 20674, average 1267, total 26197283

@q5[ksoftirqd/169]: count 164410, average 433, total 71349743

@uc: count 5603, average 5159, total 28907038




@q4[ksoftirqd/169]: count 20656, average 1278, total 26406222

@q5[ksoftirqd/169]: count 164268, average 433, total 71287483

@uc: count 5806, average 2689, total 15617001




@q4[ksoftirqd/169]: count 41315, average 636, total 26286456

@q5[ksoftirqd/169]: count 164369, average 433, total 71320477

@uc: count 7393, average 2493, total 18433136




@q4[ksoftirqd/169]: count 20945, average 1262, total 26433765

@q5[ksoftirqd/169]: count 166649, average 433, total 72184861

@uc: count 5774, average 7036, total 40626974




@q4[ksoftirqd/169]: count 20800, average 1277, total 26567118

@q5[ksoftirqd/169]: count 165419, average 433, total 71742031

@uc: count 5423, average 3593, total 19487656




@q4[ksoftirqd/169]: count 20803, average 1280, total 26638900

@q5[ksoftirqd/169]: count 165467, average 433, total 71755173

@uc: count 5471, average 2667, total 14595107




@q4[ksoftirqd/169]: count 20597, average 1275, total 26263369

@q5[ksoftirqd/169]: count 163773, average 434, total 71107622

@uc: count 5341, average 2948, total 15746992




@q4[ksoftirqd/169]: count 20737, average 1267, total 26285288

@q5[ksoftirqd/169]: count 164894, average 432, total 71350089

@uc: count 5607, average 2644, total 14825095




@q4[ksoftirqd/169]: count 20524, average 1275, total 26184134

@q5[ksoftirqd/169]: count 163215, average 433, total 70735650

@uc: count 5159, average 3357, total 17318778




@q4[ksoftirqd/169]: count 20568, average 1281, total 26365903

@q5[ksoftirqd/169]: count 163646, average 433, total 71015399

@uc: count 6304, average 2435, total 15356417




@q4[ksoftirqd/169]: count 20690, average 1271, total 26309315

@q5[ksoftirqd/169]: count 164553, average 432, total 71095976

@uc: count 3431, average 3911, total 13420539




@q4[ksoftirqd/169]: count 20210, average 1268, total 25636958

@q5[ksoftirqd/169]: count 160679, average 434, total 69738281

@uc: count 6295, average 2531, total 15937709




@q4[ksoftirqd/169]: count 20944, average 1279, total 26800960

@q5[ksoftirqd/169]: count 166563, average 434, total 72378670

@uc: count 4544, average 3471, total 15774868




@q4[ksoftirqd/169]: count 20568, average 1275, total 26234682

@q5[ksoftirqd/169]: count 163590, average 433, total 70967401

@uc: count 5504, average 2548, total 14026253




@q4[ksoftirqd/169]: count 20927, average 1274, total 26674884

@q5[ksoftirqd/169]: count 166422, average 432, total 72022324

@uc: count 4552, average 8140, total 37057286




@q4[ksoftirqd/169]: count 20336, average 1276, total 25967590

@q5[ksoftirqd/169]: count 161816, average 434, total 70288375

@uc: count 4284, average 5960, total 25535590




@q4[ksoftirqd/169]: count 20953, average 1275, total 26721434

@q5[ksoftirqd/169]: count 166699, average 433, total 72319479

@uc: count 5897, average 3067, total 18086962




@q4[ksoftirqd/169]: count 20452, average 1277, total 26132035

@q5[ksoftirqd/169]: count 162651, average 433, total 70514841

@uc: count 5455, average 2604, total 14209774




@q4[ksoftirqd/169]: count 20759, average 1267, total 26308819

@q5[ksoftirqd/169]: count 165185, average 433, total 71564960

@uc: count 6421, average 2231, total 14330295




@q4[ksoftirqd/169]: count 41000, average 629, total 25797790

@q5[ksoftirqd/169]: count 326082, average 213, total 69673678

@uc: count 5303, average 2770, total 14693278




@q4[ksoftirqd/169]: count 20712, average 1271, total 26333058

@q5[ksoftirqd/169]: count 164720, average 433, total 71338317

@uc: count 6323, average 2901, total 18347737




@q4[ksoftirqd/169]: count 20909, average 1277, total 26715275

@q5[ksoftirqd/169]: count 166325, average 433, total 72035498

@uc: count 4871, average 7656, total 37292750




@q4[ksoftirqd/169]: count 20743, average 1264, total 26222878

@q5[ksoftirqd/169]: count 165045, average 432, total 71341354

@uc: count 4234, average 2968, total 12568316




@q4[ksoftirqd/169]: count 20520, average 1279, total 26261413

@q5[ksoftirqd/169]: count 163200, average 434, total 70891090

@uc: count 6366, average 4082, total 25992149




@q4[ksoftirqd/169]: count 20803, average 1279, total 26627836

@q5[ksoftirqd/169]: count 165507, average 434, total 71900082

@uc: count 5921, average 3064, total 18143118




@q4[ksoftirqd/169]: count 20719, average 1275, total 26427353

@q5[ksoftirqd/169]: count 164783, average 433, total 71481022

@uc: count 5030, average 12315, total 61945190




@q4[ksoftirqd/169]: count 20660, average 1276, total 26374436

@q5[ksoftirqd/169]: count 164270, average 434, total 71369612

@uc: count 5947, average 2487, total 14790740




@q4[ksoftirqd/169]: count 20044, average 1285, total 25772074

@q5[ksoftirqd/169]: count 159350, average 435, total 69384461

@uc: count 4888, average 2958, total 14463176




@q4[ksoftirqd/169]: count 20712, average 1272, total 26362096

@q5[ksoftirqd/169]: count 164735, average 433, total 71359106

@uc: count 5443, average 5202, total 28314867




@q4[ksoftirqd/169]: count 20751, average 1277, total 26516835

@q5[ksoftirqd/169]: count 165013, average 434, total 71716323

@uc: count 5719, average 2645, total 15127602




@q4[ksoftirqd/169]: count 20701, average 1271, total 26313601

@q5[ksoftirqd/169]: count 164720, average 433, total 71445504

@uc: count 6103, average 2496, total 15235046




@q4[ksoftirqd/169]: count 20413, average 1275, total 26031394

@q5[ksoftirqd/169]: count 162413, average 433, total 70439563

@uc: count 3770, average 3494, total 13173190




@q4[ksoftirqd/169]: count 20891, average 1282, total 26803105

@q5[ksoftirqd/169]: count 166142, average 433, total 72098636

@uc: count 5173, average 3169, total 16396935




@q4[ksoftirqd/169]: count 20488, average 1282, total 26273181

@q5[ksoftirqd/169]: count 162945, average 434, total 70817290

@uc: count 5003, average 2672, total 13370309




@q4[ksoftirqd/169]: count 20752, average 1270, total 26368181

@q5[ksoftirqd/169]: count 165045, average 432, total 71449336

@uc: count 5204, average 2766, total 14394688




@q4[ksoftirqd/169]: count 20822, average 1272, total 26502375

@q5[ksoftirqd/169]: count 165607, average 434, total 71967264

@uc: count 6839, average 4492, total 30727413




@q4[ksoftirqd/169]: count 20354, average 1276, total 25987289

@q5[ksoftirqd/169]: count 161894, average 434, total 70275375

@uc: count 5357, average 5418, total 29025855




@q4[ksoftirqd/169]: count 20935, average 1269, total 26586148

@q5[ksoftirqd/169]: count 328472, average 219, total 72166580

@uc: count 5314, average 2890, total 15360185




@q4[ksoftirqd/169]: count 20380, average 1284, total 26187278

@q5[ksoftirqd/169]: count 162070, average 434, total 70415833

@uc: count 4624, average 2956, total 13672487




@q4[ksoftirqd/169]: count 20352, average 1277, total 25998161

@q5[ksoftirqd/169]: count 161872, average 434, total 70379100

@uc: count 7011, average 2438, total 17097512




@q4[ksoftirqd/169]: count 20551, average 1271, total 26124434

@q5[ksoftirqd/169]: count 163446, average 433, total 70864096

@uc: count 6143, average 3012, total 18504122




@q4[ksoftirqd/169]: count 20863, average 1273, total 26561748

@q5[ksoftirqd/169]: count 165916, average 433, total 71996025

@uc: count 4867, average 3051, total 14852675




@q4[ksoftirqd/169]: count 20477, average 1282, total 26254273

@q5[ksoftirqd/169]: count 162876, average 434, total 70846054

@uc: count 6457, average 2325, total 15018914




@q4[ksoftirqd/169]: count 20810, average 1276, total 26558231

@q5[ksoftirqd/169]: count 165505, average 433, total 71707763

@uc: count 5051, average 2721, total 13743785




@q4[ksoftirqd/169]: count 20824, average 1269, total 26429802

@q5[ksoftirqd/169]: count 165690, average 433, total 71804378

@uc: count 5585, average 3019, total 16861243




@q4[ksoftirqd/169]: count 21036, average 1276, total 26851824

@q5[ksoftirqd/169]: count 167288, average 433, total 72514962

@uc: count 5019, average 3049, total 15304157




@q4[ksoftirqd/169]: count 20519, average 1283, total 26344285

@q5[ksoftirqd/169]: count 163271, average 434, total 70992685

@uc: count 4356, average 6099, total 26567276




@q4[ksoftirqd/169]: count 20988, average 1274, total 26756809

@q5[ksoftirqd/169]: count 166890, average 432, total 72191605

@uc: count 4994, average 5086, total 25403968




@q4[ksoftirqd/169]: count 20361, average 1281, total 26083538

@q5[ksoftirqd/169]: count 161880, average 433, total 70211578

@uc: count 5393, average 3502, total 18889235

@q1[swapper/169]: count 270, average 3280, total 885702
@q1[ksoftirqd/169]: count 32, average 4175, total 133600
@q1[kworker/169:1]: count 2, average 6202, total 12404

@q2[swapper/169]: count 369, average 690, total 254822
@q2[ksoftirqd/169]: count 52, average 1415, total 73607
@q2[kworker/169:1]: count 5, average 1960, total 9800


@q4[swapper/169]: count 6580, average 1021, total 6723630
@q4[ksoftirqd/169]: count 24306, average 1244, total 30240210
@q4[kworker/169:1]: count 12, average 1401, total 16820

@q5[swapper/169]: count 51640, average 458, total 23670357
@q5[ksoftirqd/169]: count 193220, average 477, total 92304312
@q5[kworker/169:1]: count 89, average 490, total 43637

@uc: count 13446, average 3297, total 44335069