Attaching 12 probes...
Tracing latency of network stack funtions. Hit Ctrl-C to end.
@q1[ksoftirqd/169]: count 88, average 2631, total 231595
@q1[openssl]: count 612, average 2763, total 1691277
@q1[kworker/169:0]: count 3, average 6949, total 20849

@q2[ksoftirqd/169]: count 165, average 884, total 145922
@q2[openssl]: count 952, average 1950, total 1856983
@q2[kworker/169:0]: count 4, average 3511, total 14045


@q4[ksoftirqd/169]: count 4940, average 958, total 4732606
@q4[openssl]: count 27698, average 963, total 26691681
@q4[kworker/169:0]: count 18, average 1997, total 35949

@q5[openssl]: count 217061, average 432, total 93959738
@q5[ksoftirqd/169]: count 38659, average 436, total 16869990
@q5[kworker/169:0]: count 118, average 546, total 64541

@uc: count 4865, average 18205, total 88571426

@q1[openssl]: count 1114, average 2571, total 2864673
@q1[ksoftirqd/169]: count 198, average 2651, total 524936

@q2[openssl]: count 1628, average 643, total 1048110
@q2[ksoftirqd/169]: count 278, average 659, total 183377


@q4[openssl]: count 40783, average 955, total 38954847
@q4[ksoftirqd/169]: count 2994, average 956, total 2862291

@q5[ksoftirqd/169]: count 22986, average 431, total 9929648
@q5[openssl]: count 319446, average 431, total 137775190

@uc: count 1972, average 5617, total 11077717

@q1[openssl]: count 1096, average 2589, total 2838546
@q1[ksoftirqd/169]: count 185, average 2608, total 482656

@q2[openssl]: count 1589, average 640, total 1018419
@q2[ksoftirqd/169]: count 278, average 661, total 183767
@q2[kworker/169:0]: count 2, average 5004, total 10008


@q4[openssl]: count 40924, average 953, total 39034748
@q4[ksoftirqd/169]: count 2956, average 961, total 2842919
@q4[kworker/169:0]: count 48, average 1428, total 68586

@q5[openssl]: count 320709, average 431, total 138320619
@q5[ksoftirqd/169]: count 22686, average 433, total 9829671
@q5[kworker/169:0]: count 377, average 497, total 187559

@uc: count 2613, average 6567, total 17161190

@q1[openssl]: count 1145, average 2651, total 3035630
@q1[ksoftirqd/169]: count 206, average 2745, total 565600

@q2[openssl]: count 1587, average 649, total 1031538
@q2[ksoftirqd/169]: count 297, average 663, total 196991
@q2[kworker/169:0]: count 1, average 15358, total 15358


@q4[openssl]: count 40621, average 955, total 38820902
@q4[ksoftirqd/169]: count 3431, average 968, total 3321311
@q4[kworker/169:0]: count 49, average 1590, total 77938

@q5[ksoftirqd/169]: count 26464, average 431, total 11422748
@q5[openssl]: count 318370, average 431, total 137349732
@q5[kworker/169:0]: count 389, average 499, total 194204

@uc: count 2049, average 5695, total 11670673

@q1[openssl]: count 1068, average 2589, total 2765900
@q1[ksoftirqd/169]: count 194, average 2622, total 508817

@q2[openssl]: count 1590, average 636, total 1011688
@q2[ksoftirqd/169]: count 275, average 708, total 194749


@q4[openssl]: count 41670, average 954, total 39755503
@q4[ksoftirqd/169]: count 3088, average 957, total 2957033

@q5[ksoftirqd/169]: count 23739, average 431, total 10254568
@q5[openssl]: count 326746, average 431, total 140876208

@uc: count 1937, average 6068, total 11755465

@q1[ksoftirqd/169]: count 176, average 2563, total 451202
@q1[openssl]: count 1077, average 2604, total 2804980

@q2[openssl]: count 1544, average 639, total 988111
@q2[ksoftirqd/169]: count 287, average 707, total 203161


@q4[openssl]: count 41513, average 953, total 39594711
@q4[ksoftirqd/169]: count 3296, average 965, total 3183014

@q5[ksoftirqd/169]: count 25373, average 431, total 10956957
@q5[openssl]: count 325577, average 431, total 140404319

@uc: count 1917, average 5534, total 10609842

@q1[openssl]: count 1047, average 2637, total 2761441
@q1[ksoftirqd/169]: count 192, average 2755, total 529034

@q2[openssl]: count 1532, average 636, total 974885
@q2[ksoftirqd/169]: count 297, average 1355, total 402663
@q2[kworker/169:0]: count 2, average 8461, total 16922


@q4[openssl]: count 41468, average 957, total 39703214
@q4[ksoftirqd/169]: count 3340, average 963, total 3216967
@q4[kworker/169:0]: count 57, average 1591, total 90703

@q5[openssl]: count 325359, average 431, total 140328246
@q5[ksoftirqd/169]: count 25726, average 432, total 11133618
@q5[kworker/169:0]: count 448, average 527, total 236319

@uc: count 2690, average 5504, total 14807091

@q1[openssl]: count 1025, average 2598, total 2663199
@q1[ksoftirqd/169]: count 197, average 2719, total 535711

@q2[openssl]: count 1521, average 645, total 981707
@q2[ksoftirqd/169]: count 322, average 678, total 218531


@q4[openssl]: count 41410, average 957, total 39664587
@q4[ksoftirqd/169]: count 3436, average 966, total 3319482

@q5[openssl]: count 324914, average 431, total 140045869
@q5[ksoftirqd/169]: count 26427, average 432, total 11435908

@uc: count 2106, average 5482, total 11546858

@q1[openssl]: count 1076, average 2668, total 2871546
@q1[ksoftirqd/169]: count 194, average 2730, total 529801

@q2[openssl]: count 1551, average 653, total 1013634
@q2[ksoftirqd/169]: count 309, average 672, total 207921


@q4[openssl]: count 41205, average 955, total 39351443
@q4[ksoftirqd/169]: count 3744, average 985, total 3691335

@q5[ksoftirqd/169]: count 28946, average 431, total 12495725
@q5[openssl]: count 323253, average 431, total 139324091

@uc: count 2424, average 5271, total 12777684

@q1[openssl]: count 1088, average 2627, total 2859180
@q1[ksoftirqd/169]: count 194, average 2674, total 518941

@q2[openssl]: count 1584, average 640, total 1013915
@q2[ksoftirqd/169]: count 295, average 760, total 224338


@q4[openssl]: count 41177, average 956, total 39385268
@q4[ksoftirqd/169]: count 3322, average 974, total 3238215
@q4[kworker/169:0]: count 1, average 7995, total 7995

@q5[openssl]: count 322864, average 431, total 139211302
@q5[ksoftirqd/169]: count 25622, average 432, total 11074713
@q5[kworker/169:0]: count 8, average 1735, total 13885

@uc: count 2036, average 5838, total 11887886

@q1[openssl]: count 1054, average 2611, total 2751994
@q1[ksoftirqd/169]: count 201, average 2762, total 555355

@q2[openssl]: count 1500, average 643, total 965607
@q2[ksoftirqd/169]: count 311, average 707, total 220062


@q4[openssl]: count 40915, average 957, total 39174492
@q4[ksoftirqd/169]: count 3669, average 983, total 3608615

@q5[openssl]: count 320968, average 431, total 138459285
@q5[ksoftirqd/169]: count 28316, average 432, total 12246191

@uc: count 2810, average 11554, total 32468921

@q1[openssl]: count 1071, average 2634, total 2821603
@q1[ksoftirqd/169]: count 192, average 2697, total 517872

@q2[openssl]: count 1538, average 648, total 996955
@q2[ksoftirqd/169]: count 280, average 666, total 186481
@q2[kworker/169:0]: count 1, average 22682, total 22682


@q4[openssl]: count 41167, average 956, total 39362446
@q4[ksoftirqd/169]: count 3423, average 982, total 3364072
@q4[kworker/169:0]: count 48, average 1574, total 75554

@q5[ksoftirqd/169]: count 26442, average 431, total 11416295
@q5[openssl]: count 322936, average 431, total 139215057
@q5[kworker/169:0]: count 380, average 501, total 190608

@uc: count 2215, average 7046, total 15608205

@q1[openssl]: count 1001, average 2628, total 2631362
@q1[ksoftirqd/169]: count 195, average 2685, total 523714

@q2[openssl]: count 1527, average 656, total 1002812
@q2[ksoftirqd/169]: count 310, average 667, total 206892


@q4[openssl]: count 41703, average 958, total 39952718
@q4[ksoftirqd/169]: count 3404, average 971, total 3305811

@q5[ksoftirqd/169]: count 26237, average 431, total 11330119
@q5[openssl]: count 327272, average 431, total 141189287

@uc: count 2060, average 5888, total 12130270

@q1[ksoftirqd/169]: count 179, average 2621, total 469217
@q1[openssl]: count 1123, average 2683, total 3013697
@q1[kworker/169:0]: count 4, average 4295, total 17183

@q2[openssl]: count 1614, average 645, total 1042015
@q2[ksoftirqd/169]: count 296, average 708, total 209789
@q2[kworker/169:0]: count 5, average 2216, total 11081


@q4[openssl]: count 41419, average 956, total 39635290
@q4[ksoftirqd/169]: count 3318, average 991, total 3290846
@q4[kworker/169:0]: count 54, average 1277, total 68998

@q5[openssl]: count 324753, average 431, total 140288381
@q5[ksoftirqd/169]: count 25568, average 432, total 11062414
@q5[kworker/169:0]: count 413, average 463, total 191389

@uc: count 2290, average 5689, total 13029168

@q1[ksoftirqd/169]: count 178, average 2587, total 460559
@q1[openssl]: count 1048, average 2624, total 2750511
@q1[kworker/169:0]: count 1, average 10870, total 10870

@q2[openssl]: count 1521, average 639, total 972368
@q2[ksoftirqd/169]: count 286, average 715, total 204701
@q2[kworker/169:0]: count 1, average 5921, total 5921


@q4[openssl]: count 41363, average 958, total 39632749
@q4[ksoftirqd/169]: count 3319, average 998, total 3314859
@q4[kworker/169:0]: count 1, average 22903, total 22903

@q5[openssl]: count 324498, average 431, total 140093448
@q5[ksoftirqd/169]: count 25506, average 867, total 22131818
@q5[kworker/169:0]: count 6, average 3316, total 19897

@uc: count 2474, average 8767, total 21691569

@q1[openssl]: count 1069, average 2642, total 2825170
@q1[ksoftirqd/169]: count 200, average 2706, total 541328
@q1[kworker/169:0]: count 1, average 16912, total 16912

@q2[openssl]: count 1526, average 637, total 973501
@q2[ksoftirqd/169]: count 308, average 718, total 221331
@q2[kworker/169:0]: count 1, average 13725, total 13725


@q4[openssl]: count 41390, average 957, total 39616298
@q4[ksoftirqd/169]: count 3225, average 972, total 3137217
@q4[kworker/169:0]: count 53, average 1599, total 84765

@q5[openssl]: count 324733, average 431, total 140210962
@q5[ksoftirqd/169]: count 24784, average 432, total 10717569
@q5[kworker/169:0]: count 418, average 502, total 209901

@uc: count 1959, average 6142, total 12033692

@q1[openssl]: count 996, average 2571, total 2561655
@q1[ksoftirqd/169]: count 185, average 2748, total 508558

@q2[openssl]: count 1519, average 651, total 989164
@q2[ksoftirqd/169]: count 298, average 684, total 204065


@q4[openssl]: count 41751, average 957, total 39959836
@q4[ksoftirqd/169]: count 3242, average 971, total 3150768

@q5[openssl]: count 327625, average 431, total 141405902
@q5[ksoftirqd/169]: count 24948, average 433, total 10818441

@uc: count 2010, average 5958, total 11976867

@q1[openssl]: count 1083, average 2607, total 2823860
@q1[ksoftirqd/169]: count 193, average 2709, total 522990

@q2[openssl]: count 1556, average 651, total 1013075
@q2[ksoftirqd/169]: count 283, average 669, total 189349


@q4[openssl]: count 40791, average 958, total 39117491
@q4[ksoftirqd/169]: count 3645, average 1003, total 3656167

@q5[openssl]: count 319776, average 431, total 138100885
@q5[ksoftirqd/169]: count 28222, average 432, total 12205327

@uc: count 2169, average 8150, total 17677745

@q1[openssl]: count 1015, average 2595, total 2634090
@q1[ksoftirqd/169]: count 187, average 2696, total 504311
@q1[kworker/169:0]: count 3, average 6475, total 19426

@q2[openssl]: count 1594, average 650, total 1037072
@q2[ksoftirqd/169]: count 313, average 664, total 208105
@q2[kworker/169:0]: count 4, average 3508, total 14035


@q4[openssl]: count 41498, average 960, total 39865007
@q4[ksoftirqd/169]: count 3355, average 978, total 3283081
@q4[kworker/169:0]: count 59, average 1280, total 75524

@q5[ksoftirqd/169]: count 25823, average 432, total 11170162
@q5[openssl]: count 325523, average 432, total 140885906
@q5[kworker/169:0]: count 462, average 461, total 213150

@uc: count 3383, average 5547, total 18767948

@q1[openssl]: count 1059, average 2609, total 2762981
@q1[ksoftirqd/169]: count 178, average 2650, total 471825
@q1[kworker/169:0]: count 6, average 5647, total 33882

@q2[openssl]: count 1593, average 644, total 1027297
@q2[ksoftirqd/169]: count 293, average 721, total 211479
@q2[kworker/169:0]: count 7, average 3076, total 21533


@q4[openssl]: count 40813, average 959, total 39170475
@q4[ksoftirqd/169]: count 3920, average 1018, total 3992560
@q4[kworker/169:0]: count 60, average 1523, total 91380

@q5[ksoftirqd/169]: count 30365, average 432, total 13126857
@q5[openssl]: count 320064, average 432, total 138392712
@q5[kworker/169:0]: count 461, average 498, total 229620

@uc: count 2490, average 7641, total 19027830

@q1[openssl]: count 974, average 2566, total 2499323
@q1[ksoftirqd/169]: count 209, average 2742, total 573251

@q2[openssl]: count 1503, average 648, total 974954
@q2[ksoftirqd/169]: count 316, average 680, total 215164


@q4[openssl]: count 41638, average 960, total 39980450
@q4[ksoftirqd/169]: count 3343, average 969, total 3240411

@q5[ksoftirqd/169]: count 25736, average 432, total 11123233
@q5[openssl]: count 326759, average 432, total 141189809

@uc: count 2622, average 4886, total 12812964

@q1[openssl]: count 14, average 4126, total 57768
@q1[ksoftirqd/169]: count 5, average 4182, total 20910

@q2[openssl]: count 26, average 830, total 21601
@q2[ksoftirqd/169]: count 10, average 2523, total 25230


@q4[openssl]: count 767, average 966, total 741054
@q4[ksoftirqd/169]: count 21795, average 1244, total 27122642

@q5[ksoftirqd/169]: count 173287, average 432, total 74982853
@q5[openssl]: count 6034, average 433, total 2617157

@uc: count 4566, average 22061, total 100733192




@q4[ksoftirqd/169]: count 21255, average 1247, total 26510264

@q5[ksoftirqd/169]: count 169054, average 433, total 73206475

@uc: count 8049, average 3831, total 30840637




@q4[ksoftirqd/169]: count 21006, average 1250, total 26261370

@q5[ksoftirqd/169]: count 167135, average 433, total 72465300

@uc: count 6795, average 4061, total 27595608




@q4[ksoftirqd/169]: count 21298, average 1241, total 26448385

@q5[ksoftirqd/169]: count 169443, average 433, total 73439451

@uc: count 7530, average 3855, total 29035149




@q4[ksoftirqd/169]: count 21303, average 1254, total 26719896

@q5[ksoftirqd/169]: count 169435, average 434, total 73560562

@uc: count 6412, average 2347, total 15055058




@q4[ksoftirqd/169]: count 21182, average 1259, total 26684648

@q5[ksoftirqd/169]: count 168482, average 433, total 73042207

@uc: count 5930, average 3025, total 17940542




@q4[ksoftirqd/169]: count 21885, average 1247, total 27311382

@q5[ksoftirqd/169]: count 174112, average 432, total 75280791

@uc: count 3701, average 3819, total 14136913




@q4[ksoftirqd/169]: count 21252, average 1240, total 26358455

@q5[ksoftirqd/169]: count 169022, average 431, total 73001573

@uc: count 11583, average 1626, total 18838896




@q4[ksoftirqd/169]: count 21461, average 1258, total 27006347

@q5[ksoftirqd/169]: count 170628, average 433, total 74026265

@uc: count 4807, average 3187, total 15321706




@q4[ksoftirqd/169]: count 21222, average 1258, total 26717166

@q5[ksoftirqd/169]: count 168848, average 434, total 73298750

@uc: count 7196, average 2639, total 18996572




@q4[ksoftirqd/169]: count 21385, average 1249, total 26714520

@q5[ksoftirqd/169]: count 170087, average 433, total 73713825

@uc: count 6066, average 3381, total 20513472




@q4[ksoftirqd/169]: count 21132, average 1256, total 26553221

@q5[ksoftirqd/169]: count 168089, average 434, total 73029552

@uc: count 6946, average 2918, total 20273052




@q4[ksoftirqd/169]: count 21433, average 1244, total 26667981

@q5[ksoftirqd/169]: count 170456, average 433, total 73900394

@uc: count 7144, average 3138, total 22422801




@q4[ksoftirqd/169]: count 21553, average 1258, total 27117933

@q5[ksoftirqd/169]: count 171379, average 433, total 74299856

@uc: count 5280, average 5575, total 29437159




@q4[ksoftirqd/169]: count 21314, average 1250, total 26660302

@q5[ksoftirqd/169]: count 169477, average 433, total 73514684

@uc: count 7646, average 2089, total 15978245




@q4[ksoftirqd/169]: count 21170, average 1252, total 26512826

@q5[ksoftirqd/169]: count 168354, average 433, total 72967958

@uc: count 6545, average 2428, total 15894823




@q4[ksoftirqd/169]: count 20948, average 1256, total 26324033

@q5[ksoftirqd/169]: count 166617, average 434, total 72341149

@uc: count 7239, average 2344, total 16969335




@q4[ksoftirqd/169]: count 21147, average 1254, total 26536702

@q5[ksoftirqd/169]: count 168162, average 433, total 72915424

@uc: count 6040, average 3111, total 18794292




@q4[ksoftirqd/169]: count 21384, average 1253, total 26808723

@q5[ksoftirqd/169]: count 170080, average 433, total 73663623

@uc: count 5620, average 2852, total 16032620




@q4[ksoftirqd/169]: count 21392, average 1250, total 26756035

@q5[ksoftirqd/169]: count 170102, average 432, total 73538520

@uc: count 4319, average 2916, total 12596446




@q4[ksoftirqd/169]: count 21606, average 1246, total 26939396

@q5[ksoftirqd/169]: count 171797, average 432, total 74351410

@uc: count 4387, average 3046, total 13364989




@q4[ksoftirqd/169]: count 21408, average 1256, total 26907733

@q5[ksoftirqd/169]: count 170274, average 433, total 73864891

@uc: count 6461, average 2955, total 19095146




@q4[ksoftirqd/169]: count 21066, average 1252, total 26391074

@q5[ksoftirqd/169]: count 167591, average 434, total 72766141

@uc: count 5038, average 8257, total 41599001




@q4[ksoftirqd/169]: count 21117, average 1252, total 26452129

@q5[ksoftirqd/169]: count 167945, average 433, total 72824917

@uc: count 6020, average 2700, total 16259624




@q4[ksoftirqd/169]: count 21151, average 1252, total 26496160

@q5[ksoftirqd/169]: count 168178, average 432, total 72787821

@uc: count 6775, average 3947, total 26742661




@q4[ksoftirqd/169]: count 21047, average 1254, total 26411256

@q5[ksoftirqd/169]: count 167401, average 433, total 72579365

@uc: count 6340, average 3207, total 20336358




@q4[ksoftirqd/169]: count 21542, average 1248, total 26905291

@q5[ksoftirqd/169]: count 171387, average 432, total 74140490

@uc: count 5460, average 2689, total 14682045




@q4[ksoftirqd/169]: count 21266, average 1258, total 26756473

@q5[ksoftirqd/169]: count 169117, average 433, total 73286682

@uc: count 7400, average 2596, total 19212878




@q4[ksoftirqd/169]: count 21288, average 1259, total 26806277

@q5[ksoftirqd/169]: count 169308, average 434, total 73507990

@uc: count 5503, average 5031, total 27689277




@q4[ksoftirqd/169]: count 20848, average 1257, total 26215465

@q5[ksoftirqd/169]: count 165818, average 434, total 72045299

@uc: count 6018, average 3360, total 20223246




@q4[ksoftirqd/169]: count 21287, average 1254, total 26706125

@q5[ksoftirqd/169]: count 169282, average 433, total 73413145

@uc: count 6464, average 2455, total 15870296




@q4[ksoftirqd/169]: count 42463, average 623, total 26486443

@q5[ksoftirqd/169]: count 168400, average 433, total 73046325

@uc: count 6367, average 2424, total 15438710




@q4[ksoftirqd/169]: count 21216, average 1251, total 26560449

@q5[ksoftirqd/169]: count 168735, average 432, total 72949871

@uc: count 6250, average 5954, total 37218568




@q4[ksoftirqd/169]: count 21656, average 1243, total 26935454

@q5[ksoftirqd/169]: count 172235, average 432, total 74571489

@uc: count 6497, average 5727, total 37213134




@q4[ksoftirqd/169]: count 21282, average 1256, total 26744910

@q5[ksoftirqd/169]: count 169270, average 433, total 73449253

@uc: count 6709, average 2434, total 16333233




@q4[ksoftirqd/169]: count 20581, average 1256, total 25854608

@q5[ksoftirqd/169]: count 163649, average 434, total 71125166

@uc: count 7849, average 2278, total 17886661




@q4[ksoftirqd/169]: count 22211, average 1231, total 27348179

@q5[ksoftirqd/169]: count 176658, average 433, total 76528298

@uc: count 8384, average 4780, total 40077053